[0.142s] Invoking command in '/home/jan/dev/ros2_home_auto/build/custom_interfaces': CMAKE_PREFIX_PATH=${CMAKE_PREFIX_PATH}:/home/jan/dev/ros2_home_auto/install/led_control:/opt/ros/humble /usr/bin/cmake --build /home/jan/dev/ros2_home_auto/build/custom_interfaces -- -j12 -l12
[0.168s] -- Found ament_cmake: 1.3.8 (/opt/ros/humble/share/ament_cmake/cmake)
[0.283s] -- Override CMake install command with custom implementation using symlinks instead of copying resources
[0.297s] -- Found rosidl_default_generators: 1.2.0 (/opt/ros/humble/share/rosidl_default_generators/cmake)
[0.300s] -- Using all available rosidl_typesupport_c: rosidl_typesupport_fastrtps_c;rosidl_typesupport_introspection_c
[0.306s] -- Found rosidl_adapter: 3.1.5 (/opt/ros/humble/share/rosidl_adapter/cmake)
[0.355s] -- Using all available rosidl_typesupport_cpp: rosidl_typesupport_fastrtps_cpp;rosidl_typesupport_introspection_cpp
[0.748s] -- Found ament_cmake_ros: 0.10.0 (/opt/ros/humble/share/ament_cmake_ros/cmake)
[0.938s] -- Using all available rosidl_typesupport_c: rosidl_typesupport_fastrtps_c;rosidl_typesupport_introspection_c
[1.261s] -- Using all available rosidl_typesupport_cpp: rosidl_typesupport_fastrtps_cpp;rosidl_typesupport_introspection_cpp
[1.287s] -- Found python_cmake_module: 0.10.0 (/opt/ros/humble/share/python_cmake_module/cmake)
[1.314s] -- Using PYTHON_EXECUTABLE: /usr/bin/python3
[1.314s] -- Using PYTHON_INCLUDE_DIRS: /usr/include/python3.10
[1.314s] -- Using PYTHON_LIBRARIES: /usr/lib/x86_64-linux-gnu/libpython3.10.so
[1.363s] -- Found ament_lint_auto: 0.12.10 (/opt/ros/humble/share/ament_lint_auto/cmake)
[1.380s] -- Added test 'lint_cmake' to check CMake code style
[1.381s] -- Added test 'xmllint' to check XML markup files
[1.385s] -- Configuring done
[1.425s] -- Generating done
[1.428s] -- Build files have been written to: /home/jan/dev/ros2_home_auto/build/custom_interfaces
[1.452s] [35m[1mConsolidate compiler generated dependencies of target custom_interfaces__rosidl_generator_c[0m
[1.459s] [  1%] Built target custom_interfaces__cpp
[1.459s] failed to create symbolic link '/home/jan/dev/ros2_home_auto/build/custom_interfaces/ament_cmake_python/custom_interfaces/custom_interfaces' because existing path cannot be removed: Is a directory
[1.460s] gmake[2]: *** [CMakeFiles/ament_cmake_python_symlink_custom_interfaces.dir/build.make:70: CMakeFiles/ament_cmake_python_symlink_custom_interfaces] Error 1
[1.460s] gmake[1]: *** [CMakeFiles/Makefile2:421: CMakeFiles/ament_cmake_python_symlink_custom_interfaces.dir/all] Error 2
[1.460s] gmake[1]: *** Waiting for unfinished jobs....
[1.461s] [ 12%] Built target custom_interfaces__rosidl_generator_c
[1.468s] [35m[1mConsolidate compiler generated dependencies of target custom_interfaces__rosidl_typesupport_cpp[0m
[1.468s] [35m[1mConsolidate compiler generated dependencies of target custom_interfaces__rosidl_typesupport_introspection_cpp[0m
[1.468s] [35m[1mConsolidate compiler generated dependencies of target custom_interfaces__rosidl_typesupport_fastrtps_cpp[0m
[1.480s] [ 23%] Built target custom_interfaces__rosidl_typesupport_introspection_cpp
[1.481s] [ 45%] Built target custom_interfaces__rosidl_typesupport_fastrtps_cpp
[1.481s] [ 45%] Built target custom_interfaces__rosidl_typesupport_cpp
[1.481s] gmake: *** [Makefile:146: all] Error 2
[1.483s] Invoked command in '/home/jan/dev/ros2_home_auto/build/custom_interfaces' returned '2': CMAKE_PREFIX_PATH=${CMAKE_PREFIX_PATH}:/home/jan/dev/ros2_home_auto/install/led_control:/opt/ros/humble /usr/bin/cmake --build /home/jan/dev/ros2_home_auto/build/custom_interfaces -- -j12 -l12
