[1.067s] Invoking command in '/home/jan/dev/Ros2PoCLedControl/ros2_home_auto/src/video_capture': PYTHONPATH=/home/jan/dev/Ros2PoCLedControl/ros2_home_auto/build/video_capture/prefix_override:/home/jan/dev/Ros2PoCLedControl/ros2_home_auto/install/video_capture/lib/python3.10/site-packages:${PYTHONPATH} /usr/bin/python3 setup.py egg_info --egg-base ../../build/video_capture build --build-base /home/jan/dev/Ros2PoCLedControl/ros2_home_auto/build/video_capture/build install --record /home/jan/dev/Ros2PoCLedControl/ros2_home_auto/build/video_capture/install.log --single-version-externally-managed
[1.293s] running egg_info
[1.294s] writing ../../build/video_capture/video_capture.egg-info/PKG-INFO
[1.294s] writing dependency_links to ../../build/video_capture/video_capture.egg-info/dependency_links.txt
[1.294s] writing entry points to ../../build/video_capture/video_capture.egg-info/entry_points.txt
[1.294s] writing requirements to ../../build/video_capture/video_capture.egg-info/requires.txt
[1.295s] writing top-level names to ../../build/video_capture/video_capture.egg-info/top_level.txt
[1.295s] reading manifest file '../../build/video_capture/video_capture.egg-info/SOURCES.txt'
[1.296s] adding license file 'LICENSE'
[1.296s] writing manifest file '../../build/video_capture/video_capture.egg-info/SOURCES.txt'
[1.297s] running build
[1.297s] running build_py
[1.297s] /usr/lib/python3/dist-packages/setuptools/command/install.py:34: SetuptoolsDeprecationWarning: setup.py install is deprecated. Use build and pip and other standards-based tools.
[1.297s]   warnings.warn(
[1.298s] copying video_capture/video_capture.py -> /home/jan/dev/Ros2PoCLedControl/ros2_home_auto/build/video_capture/build/lib/video_capture
[1.298s] running install
[1.298s] running install_lib
[1.298s] copying /home/jan/dev/Ros2PoCLedControl/ros2_home_auto/build/video_capture/build/lib/video_capture/video_capture.py -> /home/jan/dev/Ros2PoCLedControl/ros2_home_auto/install/video_capture/lib/python3.10/site-packages/video_capture
[1.298s] byte-compiling /home/jan/dev/Ros2PoCLedControl/ros2_home_auto/install/video_capture/lib/python3.10/site-packages/video_capture/video_capture.py to video_capture.cpython-310.pyc
[1.299s] running install_data
[1.299s] running install_egg_info
[1.300s] removing '/home/jan/dev/Ros2PoCLedControl/ros2_home_auto/install/video_capture/lib/python3.10/site-packages/video_capture-0.0.0-py3.10.egg-info' (and everything under it)
[1.301s] Copying ../../build/video_capture/video_capture.egg-info to /home/jan/dev/Ros2PoCLedControl/ros2_home_auto/install/video_capture/lib/python3.10/site-packages/video_capture-0.0.0-py3.10.egg-info
[1.301s] running install_scripts
[1.321s] Installing video_capture script to /home/jan/dev/Ros2PoCLedControl/ros2_home_auto/install/video_capture/lib/video_capture
[1.321s] writing list of installed files to '/home/jan/dev/Ros2PoCLedControl/ros2_home_auto/build/video_capture/install.log'
[1.340s] Invoked command in '/home/jan/dev/Ros2PoCLedControl/ros2_home_auto/src/video_capture' returned '0': PYTHONPATH=/home/jan/dev/Ros2PoCLedControl/ros2_home_auto/build/video_capture/prefix_override:/home/jan/dev/Ros2PoCLedControl/ros2_home_auto/install/video_capture/lib/python3.10/site-packages:${PYTHONPATH} /usr/bin/python3 setup.py egg_info --egg-base ../../build/video_capture build --build-base /home/jan/dev/Ros2PoCLedControl/ros2_home_auto/build/video_capture/build install --record /home/jan/dev/Ros2PoCLedControl/ros2_home_auto/build/video_capture/install.log --single-version-externally-managed
