[0.023s] Invoking command in '/home/jan/dev/ros2_home_auto/build/custom_interfaces': /usr/bin/cmake --build /home/jan/dev/ros2_home_auto/build/custom_interfaces -- -j12 -l12
[0.065s] [  1%] Built target custom_interfaces__cpp
[0.066s] [ 12%] Built target custom_interfaces__rosidl_generator_c
[0.067s] failed to create symbolic link '/home/jan/dev/ros2_home_auto/build/custom_interfaces/ament_cmake_python/custom_interfaces/custom_interfaces' because existing path cannot be removed: Is a directory
[0.067s] gmake[2]: *** [CMakeFiles/ament_cmake_python_symlink_custom_interfaces.dir/build.make:70: CMakeFiles/ament_cmake_python_symlink_custom_interfaces] Error 1
[0.068s] gmake[1]: *** [CMakeFiles/Makefile2:421: CMakeFiles/ament_cmake_python_symlink_custom_interfaces.dir/all] Error 2
[0.068s] gmake[1]: *** Waiting for unfinished jobs....
[0.227s] [35m[1mConsolidate compiler generated dependencies of target custom_interfaces__rosidl_typesupport_introspection_c[0m
[0.249s] [35m[1mConsolidate compiler generated dependencies of target custom_interfaces__rosidl_typesupport_fastrtps_c[0m
[0.261s] [35m[1mConsolidate compiler generated dependencies of target custom_interfaces__rosidl_typesupport_fastrtps_cpp[0m
[0.274s] [35m[1mConsolidate compiler generated dependencies of target custom_interfaces__rosidl_typesupport_introspection_cpp[0m
[0.276s] [35m[1mConsolidate compiler generated dependencies of target custom_interfaces__rosidl_typesupport_c[0m
[0.294s] [ 23%] Built target custom_interfaces__rosidl_typesupport_introspection_c
[0.382s] [ 34%] Built target custom_interfaces__rosidl_typesupport_c
[0.420s] [ 45%] Built target custom_interfaces__rosidl_typesupport_cpp
[0.432s] [ 56%] Built target custom_interfaces__rosidl_typesupport_introspection_cpp
[0.434s] [ 67%] Built target custom_interfaces__rosidl_typesupport_fastrtps_c
[0.435s] [ 78%] Built target custom_interfaces__rosidl_typesupport_fastrtps_cpp
[0.436s] gmake: *** [Makefile:146: all] Error 2
[0.438s] Invoked command in '/home/jan/dev/ros2_home_auto/build/custom_interfaces' returned '2': /usr/bin/cmake --build /home/jan/dev/ros2_home_auto/build/custom_interfaces -- -j12 -l12
