[1.139s] Invoking command in '/home/jan/dev/Ros2PoCLedControl/ros2_home_auto/src/video_capture': PYTHONPATH=/home/jan/dev/Ros2PoCLedControl/ros2_home_auto/build/video_capture/prefix_override:/home/jan/dev/Ros2PoCLedControl/ros2_home_auto/install/video_capture/lib/python3.10/site-packages:${PYTHONPATH} /usr/bin/python3 setup.py egg_info --egg-base ../../build/video_capture build --build-base /home/jan/dev/Ros2PoCLedControl/ros2_home_auto/build/video_capture/build install --record /home/jan/dev/Ros2PoCLedControl/ros2_home_auto/build/video_capture/install.log --single-version-externally-managed
[1.392s] running egg_info
[1.393s] writing ../../build/video_capture/video_capture.egg-info/PKG-INFO
[1.393s] writing dependency_links to ../../build/video_capture/video_capture.egg-info/dependency_links.txt
[1.393s] writing entry points to ../../build/video_capture/video_capture.egg-info/entry_points.txt
[1.394s] writing requirements to ../../build/video_capture/video_capture.egg-info/requires.txt
[1.394s] writing top-level names to ../../build/video_capture/video_capture.egg-info/top_level.txt
[1.395s] reading manifest file '../../build/video_capture/video_capture.egg-info/SOURCES.txt'
[1.395s] adding license file 'LICENSE'
[1.396s] writing manifest file '../../build/video_capture/video_capture.egg-info/SOURCES.txt'
[1.396s] running build
[1.396s] running build_py
[1.397s] running install
[1.397s] /usr/lib/python3/dist-packages/setuptools/command/install.py:34: SetuptoolsDeprecationWarning: setup.py install is deprecated. Use build and pip and other standards-based tools.
[1.397s]   warnings.warn(
[1.397s] running install_lib
[1.399s] running install_data
[1.400s] running install_egg_info
[1.401s] removing '/home/jan/dev/Ros2PoCLedControl/ros2_home_auto/install/video_capture/lib/python3.10/site-packages/video_capture-0.0.0-py3.10.egg-info' (and everything under it)
[1.402s] Copying ../../build/video_capture/video_capture.egg-info to /home/jan/dev/Ros2PoCLedControl/ros2_home_auto/install/video_capture/lib/python3.10/site-packages/video_capture-0.0.0-py3.10.egg-info
[1.403s] running install_scripts
[1.422s] Installing video_publisher script to /home/jan/dev/Ros2PoCLedControl/ros2_home_auto/install/video_capture/lib/video_capture
[1.422s] Installing video_subscriber script to /home/jan/dev/Ros2PoCLedControl/ros2_home_auto/install/video_capture/lib/video_capture
[1.422s] writing list of installed files to '/home/jan/dev/Ros2PoCLedControl/ros2_home_auto/build/video_capture/install.log'
[1.484s] Invoked command in '/home/jan/dev/Ros2PoCLedControl/ros2_home_auto/src/video_capture' returned '0': PYTHONPATH=/home/jan/dev/Ros2PoCLedControl/ros2_home_auto/build/video_capture/prefix_override:/home/jan/dev/Ros2PoCLedControl/ros2_home_auto/install/video_capture/lib/python3.10/site-packages:${PYTHONPATH} /usr/bin/python3 setup.py egg_info --egg-base ../../build/video_capture build --build-base /home/jan/dev/Ros2PoCLedControl/ros2_home_auto/build/video_capture/build install --record /home/jan/dev/Ros2PoCLedControl/ros2_home_auto/build/video_capture/install.log --single-version-externally-managed
