[0.987s] DEBUG:colcon:Command line arguments: ['/usr/bin/colcon', 'build']
[0.987s] DEBUG:colcon:Parsed command line arguments: Namespace(log_base=None, log_level=None, verb_name='build', build_base='build', install_base='install', merge_install=False, symlink_install=False, test_result_base=None, continue_on_error=False, executor='parallel', parallel_workers=12, event_handlers=None, ignore_user_meta=False, metas=['./colcon.meta'], base_paths=['.'], packages_ignore=None, packages_ignore_regex=None, paths=None, packages_up_to=None, packages_up_to_regex=None, packages_above=None, packages_above_and_dependencies=None, packages_above_depth=None, packages_select_by_dep=None, packages_skip_by_dep=None, packages_skip_up_to=None, packages_select_build_failed=False, packages_skip_build_finished=False, packages_select_test_failures=False, packages_skip_test_passed=False, packages_select=None, packages_skip=None, packages_select_regex=None, packages_skip_regex=None, packages_start=None, packages_end=None, allow_overriding=[], cmake_args=None, cmake_target=None, cmake_target_skip_unavailable=False, cmake_clean_cache=False, cmake_clean_first=False, cmake_force_configure=False, ament_cmake_args=None, catkin_cmake_args=None, catkin_skip_building_tests=False, verb_parser=<colcon_defaults.argument_parser.defaults.DefaultArgumentsDecorator object at 0x7784d3541db0>, verb_extension=<colcon_core.verb.build.BuildVerb object at 0x7784d39ceda0>, main=<bound method BuildVerb.main of <colcon_core.verb.build.BuildVerb object at 0x7784d39ceda0>>)
[1.033s] Level 1:colcon.colcon_core.package_discovery:discover_packages(colcon_meta) check parameters
[1.033s] Level 1:colcon.colcon_core.package_discovery:discover_packages(recursive) check parameters
[1.033s] Level 1:colcon.colcon_core.package_discovery:discover_packages(ignore) check parameters
[1.033s] Level 1:colcon.colcon_core.package_discovery:discover_packages(path) check parameters
[1.033s] Level 1:colcon.colcon_core.package_discovery:discover_packages(colcon_meta) discover
[1.033s] Level 1:colcon.colcon_core.package_discovery:discover_packages(recursive) discover
[1.033s] INFO:colcon.colcon_core.package_discovery:Crawling recursively for packages in '/home/jan/dev/Ros2PoCLedControl/ros2_home_auto'
[1.033s] Level 1:colcon.colcon_core.package_identification:_identify(.) by extensions ['ignore', 'ignore_ament_install']
[1.033s] Level 1:colcon.colcon_core.package_identification:_identify(.) by extension 'ignore'
[1.033s] Level 1:colcon.colcon_core.package_identification:_identify(.) by extension 'ignore_ament_install'
[1.033s] Level 1:colcon.colcon_core.package_identification:_identify(.) by extensions ['colcon_pkg']
[1.033s] Level 1:colcon.colcon_core.package_identification:_identify(.) by extension 'colcon_pkg'
[1.033s] Level 1:colcon.colcon_core.package_identification:_identify(.) by extensions ['colcon_meta']
[1.034s] Level 1:colcon.colcon_core.package_identification:_identify(.) by extension 'colcon_meta'
[1.034s] Level 1:colcon.colcon_core.package_identification:_identify(.) by extensions ['ros']
[1.034s] Level 1:colcon.colcon_core.package_identification:_identify(.) by extension 'ros'
[1.043s] Level 1:colcon.colcon_core.package_identification:_identify(.) by extensions ['cmake', 'python']
[1.043s] Level 1:colcon.colcon_core.package_identification:_identify(.) by extension 'cmake'
[1.043s] Level 1:colcon.colcon_core.package_identification:_identify(.) by extension 'python'
[1.044s] Level 1:colcon.colcon_core.package_identification:_identify(.) by extensions ['python_setup_py']
[1.044s] Level 1:colcon.colcon_core.package_identification:_identify(.) by extension 'python_setup_py'
[1.044s] Level 1:colcon.colcon_core.package_identification:_identify(build) by extensions ['ignore', 'ignore_ament_install']
[1.044s] Level 1:colcon.colcon_core.package_identification:_identify(build) by extension 'ignore'
[1.044s] Level 1:colcon.colcon_core.package_identification:_identify(build) ignored
[1.044s] Level 1:colcon.colcon_core.package_identification:_identify(install) by extensions ['ignore', 'ignore_ament_install']
[1.044s] Level 1:colcon.colcon_core.package_identification:_identify(install) by extension 'ignore'
[1.044s] Level 1:colcon.colcon_core.package_identification:_identify(install) ignored
[1.044s] Level 1:colcon.colcon_core.package_identification:_identify(log) by extensions ['ignore', 'ignore_ament_install']
[1.044s] Level 1:colcon.colcon_core.package_identification:_identify(log) by extension 'ignore'
[1.044s] Level 1:colcon.colcon_core.package_identification:_identify(log) ignored
[1.044s] Level 1:colcon.colcon_core.package_identification:_identify(src) by extensions ['ignore', 'ignore_ament_install']
[1.044s] Level 1:colcon.colcon_core.package_identification:_identify(src) by extension 'ignore'
[1.045s] Level 1:colcon.colcon_core.package_identification:_identify(src) by extension 'ignore_ament_install'
[1.045s] Level 1:colcon.colcon_core.package_identification:_identify(src) by extensions ['colcon_pkg']
[1.045s] Level 1:colcon.colcon_core.package_identification:_identify(src) by extension 'colcon_pkg'
[1.045s] Level 1:colcon.colcon_core.package_identification:_identify(src) by extensions ['colcon_meta']
[1.045s] Level 1:colcon.colcon_core.package_identification:_identify(src) by extension 'colcon_meta'
[1.045s] Level 1:colcon.colcon_core.package_identification:_identify(src) by extensions ['ros']
[1.045s] Level 1:colcon.colcon_core.package_identification:_identify(src) by extension 'ros'
[1.045s] Level 1:colcon.colcon_core.package_identification:_identify(src) by extensions ['cmake', 'python']
[1.045s] Level 1:colcon.colcon_core.package_identification:_identify(src) by extension 'cmake'
[1.045s] Level 1:colcon.colcon_core.package_identification:_identify(src) by extension 'python'
[1.045s] Level 1:colcon.colcon_core.package_identification:_identify(src) by extensions ['python_setup_py']
[1.045s] Level 1:colcon.colcon_core.package_identification:_identify(src) by extension 'python_setup_py'
[1.045s] Level 1:colcon.colcon_core.package_identification:_identify(src/cpp_nodes) by extensions ['ignore', 'ignore_ament_install']
[1.045s] Level 1:colcon.colcon_core.package_identification:_identify(src/cpp_nodes) by extension 'ignore'
[1.045s] Level 1:colcon.colcon_core.package_identification:_identify(src/cpp_nodes) by extension 'ignore_ament_install'
[1.045s] Level 1:colcon.colcon_core.package_identification:_identify(src/cpp_nodes) by extensions ['colcon_pkg']
[1.045s] Level 1:colcon.colcon_core.package_identification:_identify(src/cpp_nodes) by extension 'colcon_pkg'
[1.045s] Level 1:colcon.colcon_core.package_identification:_identify(src/cpp_nodes) by extensions ['colcon_meta']
[1.045s] Level 1:colcon.colcon_core.package_identification:_identify(src/cpp_nodes) by extension 'colcon_meta'
[1.045s] Level 1:colcon.colcon_core.package_identification:_identify(src/cpp_nodes) by extensions ['ros']
[1.045s] Level 1:colcon.colcon_core.package_identification:_identify(src/cpp_nodes) by extension 'ros'
[1.047s] DEBUG:colcon.colcon_core.package_identification:Package 'src/cpp_nodes' with type 'ros.ament_cmake' and name 'cpp_nodes'
[1.048s] Level 1:colcon.colcon_core.package_identification:_identify(src/custom_interfaces) by extensions ['ignore', 'ignore_ament_install']
[1.048s] Level 1:colcon.colcon_core.package_identification:_identify(src/custom_interfaces) by extension 'ignore'
[1.048s] Level 1:colcon.colcon_core.package_identification:_identify(src/custom_interfaces) by extension 'ignore_ament_install'
[1.048s] Level 1:colcon.colcon_core.package_identification:_identify(src/custom_interfaces) by extensions ['colcon_pkg']
[1.048s] Level 1:colcon.colcon_core.package_identification:_identify(src/custom_interfaces) by extension 'colcon_pkg'
[1.048s] Level 1:colcon.colcon_core.package_identification:_identify(src/custom_interfaces) by extensions ['colcon_meta']
[1.048s] Level 1:colcon.colcon_core.package_identification:_identify(src/custom_interfaces) by extension 'colcon_meta'
[1.048s] Level 1:colcon.colcon_core.package_identification:_identify(src/custom_interfaces) by extensions ['ros']
[1.048s] Level 1:colcon.colcon_core.package_identification:_identify(src/custom_interfaces) by extension 'ros'
[1.048s] DEBUG:colcon.colcon_core.package_identification:Package 'src/custom_interfaces' with type 'ros.ament_cmake' and name 'custom_interfaces'
[1.048s] Level 1:colcon.colcon_core.package_identification:_identify(src/led_control) by extensions ['ignore', 'ignore_ament_install']
[1.049s] Level 1:colcon.colcon_core.package_identification:_identify(src/led_control) by extension 'ignore'
[1.049s] Level 1:colcon.colcon_core.package_identification:_identify(src/led_control) by extension 'ignore_ament_install'
[1.049s] Level 1:colcon.colcon_core.package_identification:_identify(src/led_control) by extensions ['colcon_pkg']
[1.049s] Level 1:colcon.colcon_core.package_identification:_identify(src/led_control) by extension 'colcon_pkg'
[1.049s] Level 1:colcon.colcon_core.package_identification:_identify(src/led_control) by extensions ['colcon_meta']
[1.049s] Level 1:colcon.colcon_core.package_identification:_identify(src/led_control) by extension 'colcon_meta'
[1.049s] Level 1:colcon.colcon_core.package_identification:_identify(src/led_control) by extensions ['ros']
[1.049s] Level 1:colcon.colcon_core.package_identification:_identify(src/led_control) by extension 'ros'
[1.049s] DEBUG:colcon.colcon_core.package_identification:Package 'src/led_control' with type 'ros.ament_python' and name 'led_control'
[1.049s] Level 1:colcon.colcon_core.package_identification:_identify(src/video_capture) by extensions ['ignore', 'ignore_ament_install']
[1.049s] Level 1:colcon.colcon_core.package_identification:_identify(src/video_capture) by extension 'ignore'
[1.049s] Level 1:colcon.colcon_core.package_identification:_identify(src/video_capture) by extension 'ignore_ament_install'
[1.050s] Level 1:colcon.colcon_core.package_identification:_identify(src/video_capture) by extensions ['colcon_pkg']
[1.050s] Level 1:colcon.colcon_core.package_identification:_identify(src/video_capture) by extension 'colcon_pkg'
[1.050s] Level 1:colcon.colcon_core.package_identification:_identify(src/video_capture) by extensions ['colcon_meta']
[1.050s] Level 1:colcon.colcon_core.package_identification:_identify(src/video_capture) by extension 'colcon_meta'
[1.050s] Level 1:colcon.colcon_core.package_identification:_identify(src/video_capture) by extensions ['ros']
[1.050s] Level 1:colcon.colcon_core.package_identification:_identify(src/video_capture) by extension 'ros'
[1.050s] DEBUG:colcon.colcon_core.package_identification:Package 'src/video_capture' with type 'ros.ament_python' and name 'video_capture'
[1.050s] Level 1:colcon.colcon_core.package_discovery:discover_packages(recursive) using defaults
[1.050s] Level 1:colcon.colcon_core.package_discovery:discover_packages(ignore) discover
[1.050s] Level 1:colcon.colcon_core.package_discovery:discover_packages(ignore) using defaults
[1.050s] Level 1:colcon.colcon_core.package_discovery:discover_packages(path) discover
[1.050s] Level 1:colcon.colcon_core.package_discovery:discover_packages(path) using defaults
[1.139s] Level 1:colcon.colcon_core.package_discovery:discover_packages(prefix_path) check parameters
[1.139s] Level 1:colcon.colcon_core.package_discovery:discover_packages(prefix_path) discover
[1.169s] DEBUG:colcon.colcon_installed_package_information.package_discovery:Found 4 installed packages in /home/jan/dev/Ros2PoCLedControl/ros2_home_auto/install
[1.186s] DEBUG:colcon.colcon_installed_package_information.package_discovery:Found 270 installed packages in /opt/ros/humble
[1.187s] Level 1:colcon.colcon_core.package_discovery:discover_packages(prefix_path) using defaults
[1.276s] Level 5:colcon.colcon_core.verb:set package 'cpp_nodes' build argument 'cmake_args' from command line to 'None'
[1.277s] Level 5:colcon.colcon_core.verb:set package 'cpp_nodes' build argument 'cmake_target' from command line to 'None'
[1.277s] Level 5:colcon.colcon_core.verb:set package 'cpp_nodes' build argument 'cmake_target_skip_unavailable' from command line to 'False'
[1.277s] Level 5:colcon.colcon_core.verb:set package 'cpp_nodes' build argument 'cmake_clean_cache' from command line to 'False'
[1.277s] Level 5:colcon.colcon_core.verb:set package 'cpp_nodes' build argument 'cmake_clean_first' from command line to 'False'
[1.277s] Level 5:colcon.colcon_core.verb:set package 'cpp_nodes' build argument 'cmake_force_configure' from command line to 'False'
[1.277s] Level 5:colcon.colcon_core.verb:set package 'cpp_nodes' build argument 'ament_cmake_args' from command line to 'None'
[1.277s] Level 5:colcon.colcon_core.verb:set package 'cpp_nodes' build argument 'catkin_cmake_args' from command line to 'None'
[1.277s] Level 5:colcon.colcon_core.verb:set package 'cpp_nodes' build argument 'catkin_skip_building_tests' from command line to 'False'
[1.277s] DEBUG:colcon.colcon_core.verb:Building package 'cpp_nodes' with the following arguments: {'ament_cmake_args': None, 'build_base': '/home/jan/dev/Ros2PoCLedControl/ros2_home_auto/build/cpp_nodes', 'catkin_cmake_args': None, 'catkin_skip_building_tests': False, 'cmake_args': None, 'cmake_clean_cache': False, 'cmake_clean_first': False, 'cmake_force_configure': False, 'cmake_target': None, 'cmake_target_skip_unavailable': False, 'install_base': '/home/jan/dev/Ros2PoCLedControl/ros2_home_auto/install/cpp_nodes', 'merge_install': False, 'path': '/home/jan/dev/Ros2PoCLedControl/ros2_home_auto/src/cpp_nodes', 'symlink_install': False, 'test_result_base': None}
[1.291s] Level 5:colcon.colcon_core.verb:set package 'custom_interfaces' build argument 'cmake_args' from command line to 'None'
[1.291s] Level 5:colcon.colcon_core.verb:set package 'custom_interfaces' build argument 'cmake_target' from command line to 'None'
[1.291s] Level 5:colcon.colcon_core.verb:set package 'custom_interfaces' build argument 'cmake_target_skip_unavailable' from command line to 'False'
[1.291s] Level 5:colcon.colcon_core.verb:set package 'custom_interfaces' build argument 'cmake_clean_cache' from command line to 'False'
[1.291s] Level 5:colcon.colcon_core.verb:set package 'custom_interfaces' build argument 'cmake_clean_first' from command line to 'False'
[1.291s] Level 5:colcon.colcon_core.verb:set package 'custom_interfaces' build argument 'cmake_force_configure' from command line to 'False'
[1.291s] Level 5:colcon.colcon_core.verb:set package 'custom_interfaces' build argument 'ament_cmake_args' from command line to 'None'
[1.291s] Level 5:colcon.colcon_core.verb:set package 'custom_interfaces' build argument 'catkin_cmake_args' from command line to 'None'
[1.291s] Level 5:colcon.colcon_core.verb:set package 'custom_interfaces' build argument 'catkin_skip_building_tests' from command line to 'False'
[1.291s] DEBUG:colcon.colcon_core.verb:Building package 'custom_interfaces' with the following arguments: {'ament_cmake_args': None, 'build_base': '/home/jan/dev/Ros2PoCLedControl/ros2_home_auto/build/custom_interfaces', 'catkin_cmake_args': None, 'catkin_skip_building_tests': False, 'cmake_args': None, 'cmake_clean_cache': False, 'cmake_clean_first': False, 'cmake_force_configure': False, 'cmake_target': None, 'cmake_target_skip_unavailable': False, 'install_base': '/home/jan/dev/Ros2PoCLedControl/ros2_home_auto/install/custom_interfaces', 'merge_install': False, 'path': '/home/jan/dev/Ros2PoCLedControl/ros2_home_auto/src/custom_interfaces', 'symlink_install': False, 'test_result_base': None}
[1.306s] Level 5:colcon.colcon_core.verb:set package 'led_control' build argument 'cmake_args' from command line to 'None'
[1.306s] Level 5:colcon.colcon_core.verb:set package 'led_control' build argument 'cmake_target' from command line to 'None'
[1.306s] Level 5:colcon.colcon_core.verb:set package 'led_control' build argument 'cmake_target_skip_unavailable' from command line to 'False'
[1.306s] Level 5:colcon.colcon_core.verb:set package 'led_control' build argument 'cmake_clean_cache' from command line to 'False'
[1.306s] Level 5:colcon.colcon_core.verb:set package 'led_control' build argument 'cmake_clean_first' from command line to 'False'
[1.306s] Level 5:colcon.colcon_core.verb:set package 'led_control' build argument 'cmake_force_configure' from command line to 'False'
[1.306s] Level 5:colcon.colcon_core.verb:set package 'led_control' build argument 'ament_cmake_args' from command line to 'None'
[1.306s] Level 5:colcon.colcon_core.verb:set package 'led_control' build argument 'catkin_cmake_args' from command line to 'None'
[1.306s] Level 5:colcon.colcon_core.verb:set package 'led_control' build argument 'catkin_skip_building_tests' from command line to 'False'
[1.306s] DEBUG:colcon.colcon_core.verb:Building package 'led_control' with the following arguments: {'ament_cmake_args': None, 'build_base': '/home/jan/dev/Ros2PoCLedControl/ros2_home_auto/build/led_control', 'catkin_cmake_args': None, 'catkin_skip_building_tests': False, 'cmake_args': None, 'cmake_clean_cache': False, 'cmake_clean_first': False, 'cmake_force_configure': False, 'cmake_target': None, 'cmake_target_skip_unavailable': False, 'install_base': '/home/jan/dev/Ros2PoCLedControl/ros2_home_auto/install/led_control', 'merge_install': False, 'path': '/home/jan/dev/Ros2PoCLedControl/ros2_home_auto/src/led_control', 'symlink_install': False, 'test_result_base': None}
[1.320s] Level 5:colcon.colcon_core.verb:set package 'video_capture' build argument 'cmake_args' from command line to 'None'
[1.320s] Level 5:colcon.colcon_core.verb:set package 'video_capture' build argument 'cmake_target' from command line to 'None'
[1.320s] Level 5:colcon.colcon_core.verb:set package 'video_capture' build argument 'cmake_target_skip_unavailable' from command line to 'False'
[1.321s] Level 5:colcon.colcon_core.verb:set package 'video_capture' build argument 'cmake_clean_cache' from command line to 'False'
[1.321s] Level 5:colcon.colcon_core.verb:set package 'video_capture' build argument 'cmake_clean_first' from command line to 'False'
[1.321s] Level 5:colcon.colcon_core.verb:set package 'video_capture' build argument 'cmake_force_configure' from command line to 'False'
[1.321s] Level 5:colcon.colcon_core.verb:set package 'video_capture' build argument 'ament_cmake_args' from command line to 'None'
[1.321s] Level 5:colcon.colcon_core.verb:set package 'video_capture' build argument 'catkin_cmake_args' from command line to 'None'
[1.321s] Level 5:colcon.colcon_core.verb:set package 'video_capture' build argument 'catkin_skip_building_tests' from command line to 'False'
[1.321s] DEBUG:colcon.colcon_core.verb:Building package 'video_capture' with the following arguments: {'ament_cmake_args': None, 'build_base': '/home/jan/dev/Ros2PoCLedControl/ros2_home_auto/build/video_capture', 'catkin_cmake_args': None, 'catkin_skip_building_tests': False, 'cmake_args': None, 'cmake_clean_cache': False, 'cmake_clean_first': False, 'cmake_force_configure': False, 'cmake_target': None, 'cmake_target_skip_unavailable': False, 'install_base': '/home/jan/dev/Ros2PoCLedControl/ros2_home_auto/install/video_capture', 'merge_install': False, 'path': '/home/jan/dev/Ros2PoCLedControl/ros2_home_auto/src/video_capture', 'symlink_install': False, 'test_result_base': None}
[1.336s] INFO:colcon.colcon_core.executor:Executing jobs using 'parallel' executor
[1.351s] DEBUG:colcon.colcon_parallel_executor.executor.parallel:run_until_complete
[1.351s] INFO:colcon.colcon_ros.task.ament_cmake.build:Building ROS package in '/home/jan/dev/Ros2PoCLedControl/ros2_home_auto/src/cpp_nodes' with build type 'ament_cmake'
[1.351s] INFO:colcon.colcon_cmake.task.cmake.build:Building CMake package in '/home/jan/dev/Ros2PoCLedControl/ros2_home_auto/src/cpp_nodes'
[1.376s] INFO:colcon.colcon_core.plugin_system:Skipping extension 'colcon_core.shell.bat': Not used on non-Windows systems
[1.376s] INFO:colcon.colcon_core.shell:Skip shell extension 'powershell' for command environment: Not usable outside of PowerShell
[1.376s] DEBUG:colcon.colcon_core.shell:Skip shell extension 'dsv' for command environment
[1.424s] INFO:colcon.colcon_ros.task.ament_cmake.build:Building ROS package in '/home/jan/dev/Ros2PoCLedControl/ros2_home_auto/src/custom_interfaces' with build type 'ament_cmake'
[1.424s] INFO:colcon.colcon_cmake.task.cmake.build:Building CMake package in '/home/jan/dev/Ros2PoCLedControl/ros2_home_auto/src/custom_interfaces'
[1.439s] INFO:colcon.colcon_core.shell:Skip shell extension 'powershell' for command environment: Not usable outside of PowerShell
[1.439s] DEBUG:colcon.colcon_core.shell:Skip shell extension 'dsv' for command environment
[1.488s] INFO:colcon.colcon_ros.task.ament_python.build:Building ROS package in '/home/jan/dev/Ros2PoCLedControl/ros2_home_auto/src/led_control' with build type 'ament_python'
[1.488s] Level 1:colcon.colcon_core.shell:create_environment_hook('led_control', 'ament_prefix_path')
[1.504s] INFO:colcon.colcon_core.shell:Creating environment hook '/home/jan/dev/Ros2PoCLedControl/ros2_home_auto/install/led_control/share/led_control/hook/ament_prefix_path.ps1'
[1.504s] INFO:colcon.colcon_core.shell:Creating environment descriptor '/home/jan/dev/Ros2PoCLedControl/ros2_home_auto/install/led_control/share/led_control/hook/ament_prefix_path.dsv'
[1.505s] INFO:colcon.colcon_core.shell:Creating environment hook '/home/jan/dev/Ros2PoCLedControl/ros2_home_auto/install/led_control/share/led_control/hook/ament_prefix_path.sh'
[1.522s] INFO:colcon.colcon_core.shell:Skip shell extension 'powershell' for command environment: Not usable outside of PowerShell
[1.522s] DEBUG:colcon.colcon_core.shell:Skip shell extension 'dsv' for command environment
[1.569s] INFO:colcon.colcon_ros.task.ament_python.build:Building ROS package in '/home/jan/dev/Ros2PoCLedControl/ros2_home_auto/src/video_capture' with build type 'ament_python'
[1.569s] Level 1:colcon.colcon_core.shell:create_environment_hook('video_capture', 'ament_prefix_path')
[1.586s] INFO:colcon.colcon_core.shell:Creating environment hook '/home/jan/dev/Ros2PoCLedControl/ros2_home_auto/install/video_capture/share/video_capture/hook/ament_prefix_path.ps1'
[1.587s] INFO:colcon.colcon_core.shell:Creating environment descriptor '/home/jan/dev/Ros2PoCLedControl/ros2_home_auto/install/video_capture/share/video_capture/hook/ament_prefix_path.dsv'
[1.587s] INFO:colcon.colcon_core.shell:Creating environment hook '/home/jan/dev/Ros2PoCLedControl/ros2_home_auto/install/video_capture/share/video_capture/hook/ament_prefix_path.sh'
[1.602s] INFO:colcon.colcon_core.shell:Skip shell extension 'powershell' for command environment: Not usable outside of PowerShell
[1.603s] DEBUG:colcon.colcon_core.shell:Skip shell extension 'dsv' for command environment
[1.657s] DEBUG:colcon.colcon_core.event_handler.log_command:Invoking command in '/home/jan/dev/Ros2PoCLedControl/ros2_home_auto/build/cpp_nodes': CMAKE_PREFIX_PATH=${CMAKE_PREFIX_PATH}:/home/jan/dev/Ros2PoCLedControl/ros2_home_auto/install/video_capture:/home/jan/dev/Ros2PoCLedControl/ros2_home_auto/install/led_control:/opt/ros/humble /usr/bin/cmake --build /home/jan/dev/Ros2PoCLedControl/ros2_home_auto/build/cpp_nodes -- -j12 -l12
[1.662s] DEBUG:colcon.colcon_core.event_handler.log_command:Invoking command in '/home/jan/dev/Ros2PoCLedControl/ros2_home_auto/build/custom_interfaces': CMAKE_PREFIX_PATH=${CMAKE_PREFIX_PATH}:/home/jan/dev/Ros2PoCLedControl/ros2_home_auto/install/video_capture:/home/jan/dev/Ros2PoCLedControl/ros2_home_auto/install/led_control:/opt/ros/humble /usr/bin/cmake --build /home/jan/dev/Ros2PoCLedControl/ros2_home_auto/build/custom_interfaces -- -j12 -l12
[1.954s] INFO:colcon.colcon_core.task.python.build:Building Python package in '/home/jan/dev/Ros2PoCLedControl/ros2_home_auto/src/led_control'
[1.982s] INFO:colcon.colcon_core.shell:Skip shell extension 'powershell' for command environment: Not usable outside of PowerShell
[1.983s] DEBUG:colcon.colcon_core.shell:Skip shell extension 'dsv' for command environment
[2.068s] DEBUG:colcon.colcon_core.event_handler.log_command:Invoked command in '/home/jan/dev/Ros2PoCLedControl/ros2_home_auto/build/custom_interfaces' returned '0': CMAKE_PREFIX_PATH=${CMAKE_PREFIX_PATH}:/home/jan/dev/Ros2PoCLedControl/ros2_home_auto/install/video_capture:/home/jan/dev/Ros2PoCLedControl/ros2_home_auto/install/led_control:/opt/ros/humble /usr/bin/cmake --build /home/jan/dev/Ros2PoCLedControl/ros2_home_auto/build/custom_interfaces -- -j12 -l12
[2.336s] INFO:colcon.colcon_core.task.python.build:Building Python package in '/home/jan/dev/Ros2PoCLedControl/ros2_home_auto/src/video_capture'
[2.351s] INFO:colcon.colcon_core.shell:Skip shell extension 'powershell' for command environment: Not usable outside of PowerShell
[2.351s] DEBUG:colcon.colcon_core.shell:Skip shell extension 'dsv' for command environment
[2.417s] DEBUG:colcon.colcon_core.event_handler.log_command:Invoking command in '/home/jan/dev/Ros2PoCLedControl/ros2_home_auto/build/custom_interfaces': CMAKE_PREFIX_PATH=${CMAKE_PREFIX_PATH}:/home/jan/dev/Ros2PoCLedControl/ros2_home_auto/install/video_capture:/home/jan/dev/Ros2PoCLedControl/ros2_home_auto/install/led_control:/opt/ros/humble /usr/bin/cmake --install /home/jan/dev/Ros2PoCLedControl/ros2_home_auto/build/custom_interfaces
[2.474s] Level 1:colcon.colcon_core.environment:create_environment_scripts_only(custom_interfaces)
[2.478s] DEBUG:colcon.colcon_core.event_handler.log_command:Invoked command in '/home/jan/dev/Ros2PoCLedControl/ros2_home_auto/build/custom_interfaces' returned '0': CMAKE_PREFIX_PATH=${CMAKE_PREFIX_PATH}:/home/jan/dev/Ros2PoCLedControl/ros2_home_auto/install/video_capture:/home/jan/dev/Ros2PoCLedControl/ros2_home_auto/install/led_control:/opt/ros/humble /usr/bin/cmake --install /home/jan/dev/Ros2PoCLedControl/ros2_home_auto/build/custom_interfaces
[2.498s] Level 1:colcon.colcon_core.environment:checking '/home/jan/dev/Ros2PoCLedControl/ros2_home_auto/install/custom_interfaces' for CMake module files
[2.499s] Level 1:colcon.colcon_core.environment:checking '/home/jan/dev/Ros2PoCLedControl/ros2_home_auto/install/custom_interfaces' for CMake config files
[2.500s] Level 1:colcon.colcon_core.shell:create_environment_hook('custom_interfaces', 'cmake_prefix_path')
[2.521s] INFO:colcon.colcon_core.shell:Creating environment hook '/home/jan/dev/Ros2PoCLedControl/ros2_home_auto/install/custom_interfaces/share/custom_interfaces/hook/cmake_prefix_path.ps1'
[2.521s] INFO:colcon.colcon_core.shell:Creating environment descriptor '/home/jan/dev/Ros2PoCLedControl/ros2_home_auto/install/custom_interfaces/share/custom_interfaces/hook/cmake_prefix_path.dsv'
[2.522s] INFO:colcon.colcon_core.shell:Creating environment hook '/home/jan/dev/Ros2PoCLedControl/ros2_home_auto/install/custom_interfaces/share/custom_interfaces/hook/cmake_prefix_path.sh'
[2.522s] Level 1:colcon.colcon_core.environment:checking '/home/jan/dev/Ros2PoCLedControl/ros2_home_auto/install/custom_interfaces/lib'
[2.522s] Level 1:colcon.colcon_core.shell:create_environment_hook('custom_interfaces', 'ld_library_path_lib')
[2.537s] INFO:colcon.colcon_core.shell:Creating environment hook '/home/jan/dev/Ros2PoCLedControl/ros2_home_auto/install/custom_interfaces/share/custom_interfaces/hook/ld_library_path_lib.ps1'
[2.537s] INFO:colcon.colcon_core.shell:Creating environment descriptor '/home/jan/dev/Ros2PoCLedControl/ros2_home_auto/install/custom_interfaces/share/custom_interfaces/hook/ld_library_path_lib.dsv'
[2.538s] INFO:colcon.colcon_core.shell:Creating environment hook '/home/jan/dev/Ros2PoCLedControl/ros2_home_auto/install/custom_interfaces/share/custom_interfaces/hook/ld_library_path_lib.sh'
[2.538s] Level 1:colcon.colcon_core.environment:checking '/home/jan/dev/Ros2PoCLedControl/ros2_home_auto/install/custom_interfaces/bin'
[2.538s] Level 1:colcon.colcon_core.environment:checking '/home/jan/dev/Ros2PoCLedControl/ros2_home_auto/install/custom_interfaces/lib/pkgconfig/custom_interfaces.pc'
[2.538s] Level 1:colcon.colcon_core.environment:checking '/home/jan/dev/Ros2PoCLedControl/ros2_home_auto/install/custom_interfaces/lib/python3.10/site-packages'
[2.538s] Level 1:colcon.colcon_core.environment:checking '/home/jan/dev/Ros2PoCLedControl/ros2_home_auto/install/custom_interfaces/bin'
[2.556s] INFO:colcon.colcon_core.shell:Creating package script '/home/jan/dev/Ros2PoCLedControl/ros2_home_auto/install/custom_interfaces/share/custom_interfaces/package.ps1'
[2.556s] INFO:colcon.colcon_core.shell:Creating package descriptor '/home/jan/dev/Ros2PoCLedControl/ros2_home_auto/install/custom_interfaces/share/custom_interfaces/package.dsv'
[2.557s] INFO:colcon.colcon_core.shell:Creating package script '/home/jan/dev/Ros2PoCLedControl/ros2_home_auto/install/custom_interfaces/share/custom_interfaces/package.sh'
[2.557s] INFO:colcon.colcon_core.shell:Creating package script '/home/jan/dev/Ros2PoCLedControl/ros2_home_auto/install/custom_interfaces/share/custom_interfaces/package.bash'
[2.558s] INFO:colcon.colcon_core.shell:Creating package script '/home/jan/dev/Ros2PoCLedControl/ros2_home_auto/install/custom_interfaces/share/custom_interfaces/package.zsh'
[2.559s] Level 1:colcon.colcon_core.environment:create_file_with_runtime_dependencies(/home/jan/dev/Ros2PoCLedControl/ros2_home_auto/install/custom_interfaces/share/colcon-core/packages/custom_interfaces)
[2.663s] Level 1:colcon.colcon_core.environment:create_environment_scripts_only(custom_interfaces)
[2.679s] Level 1:colcon.colcon_core.environment:checking '/home/jan/dev/Ros2PoCLedControl/ros2_home_auto/install/custom_interfaces' for CMake module files
[2.680s] Level 1:colcon.colcon_core.environment:checking '/home/jan/dev/Ros2PoCLedControl/ros2_home_auto/install/custom_interfaces' for CMake config files
[2.680s] Level 1:colcon.colcon_core.shell:create_environment_hook('custom_interfaces', 'cmake_prefix_path')
[2.697s] INFO:colcon.colcon_core.shell:Creating environment hook '/home/jan/dev/Ros2PoCLedControl/ros2_home_auto/install/custom_interfaces/share/custom_interfaces/hook/cmake_prefix_path.ps1'
[2.697s] INFO:colcon.colcon_core.shell:Creating environment descriptor '/home/jan/dev/Ros2PoCLedControl/ros2_home_auto/install/custom_interfaces/share/custom_interfaces/hook/cmake_prefix_path.dsv'
[2.698s] INFO:colcon.colcon_core.shell:Creating environment hook '/home/jan/dev/Ros2PoCLedControl/ros2_home_auto/install/custom_interfaces/share/custom_interfaces/hook/cmake_prefix_path.sh'
[2.698s] Level 1:colcon.colcon_core.environment:checking '/home/jan/dev/Ros2PoCLedControl/ros2_home_auto/install/custom_interfaces/lib'
[2.699s] Level 1:colcon.colcon_core.shell:create_environment_hook('custom_interfaces', 'ld_library_path_lib')
[2.714s] INFO:colcon.colcon_core.shell:Creating environment hook '/home/jan/dev/Ros2PoCLedControl/ros2_home_auto/install/custom_interfaces/share/custom_interfaces/hook/ld_library_path_lib.ps1'
[2.715s] INFO:colcon.colcon_core.shell:Creating environment descriptor '/home/jan/dev/Ros2PoCLedControl/ros2_home_auto/install/custom_interfaces/share/custom_interfaces/hook/ld_library_path_lib.dsv'
[2.715s] INFO:colcon.colcon_core.shell:Creating environment hook '/home/jan/dev/Ros2PoCLedControl/ros2_home_auto/install/custom_interfaces/share/custom_interfaces/hook/ld_library_path_lib.sh'
[2.715s] Level 1:colcon.colcon_core.environment:checking '/home/jan/dev/Ros2PoCLedControl/ros2_home_auto/install/custom_interfaces/bin'
[2.715s] Level 1:colcon.colcon_core.environment:checking '/home/jan/dev/Ros2PoCLedControl/ros2_home_auto/install/custom_interfaces/lib/pkgconfig/custom_interfaces.pc'
[2.716s] Level 1:colcon.colcon_core.environment:checking '/home/jan/dev/Ros2PoCLedControl/ros2_home_auto/install/custom_interfaces/lib/python3.10/site-packages'
[2.716s] Level 1:colcon.colcon_core.environment:checking '/home/jan/dev/Ros2PoCLedControl/ros2_home_auto/install/custom_interfaces/bin'
[2.731s] INFO:colcon.colcon_core.shell:Creating package script '/home/jan/dev/Ros2PoCLedControl/ros2_home_auto/install/custom_interfaces/share/custom_interfaces/package.ps1'
[2.732s] INFO:colcon.colcon_core.shell:Creating package descriptor '/home/jan/dev/Ros2PoCLedControl/ros2_home_auto/install/custom_interfaces/share/custom_interfaces/package.dsv'
[2.732s] INFO:colcon.colcon_core.shell:Creating package script '/home/jan/dev/Ros2PoCLedControl/ros2_home_auto/install/custom_interfaces/share/custom_interfaces/package.sh'
[2.733s] INFO:colcon.colcon_core.shell:Creating package script '/home/jan/dev/Ros2PoCLedControl/ros2_home_auto/install/custom_interfaces/share/custom_interfaces/package.bash'
[2.733s] INFO:colcon.colcon_core.shell:Creating package script '/home/jan/dev/Ros2PoCLedControl/ros2_home_auto/install/custom_interfaces/share/custom_interfaces/package.zsh'
[2.733s] Level 1:colcon.colcon_core.environment:create_file_with_runtime_dependencies(/home/jan/dev/Ros2PoCLedControl/ros2_home_auto/install/custom_interfaces/share/colcon-core/packages/custom_interfaces)
[2.737s] DEBUG:colcon.colcon_core.event_handler.log_command:Invoking command in '/home/jan/dev/Ros2PoCLedControl/ros2_home_auto/src/led_control': PYTHONPATH=/home/jan/dev/Ros2PoCLedControl/ros2_home_auto/build/led_control/prefix_override:/home/jan/dev/Ros2PoCLedControl/ros2_home_auto/install/led_control/lib/python3.10/site-packages:${PYTHONPATH} /usr/bin/python3 setup.py egg_info --egg-base ../../build/led_control build --build-base /home/jan/dev/Ros2PoCLedControl/ros2_home_auto/build/led_control/build install --record /home/jan/dev/Ros2PoCLedControl/ros2_home_auto/build/led_control/install.log --single-version-externally-managed
[2.739s] DEBUG:colcon.colcon_core.event_handler.log_command:Invoking command in '/home/jan/dev/Ros2PoCLedControl/ros2_home_auto/src/video_capture': PYTHONPATH=/home/jan/dev/Ros2PoCLedControl/ros2_home_auto/build/video_capture/prefix_override:/home/jan/dev/Ros2PoCLedControl/ros2_home_auto/install/video_capture/lib/python3.10/site-packages:${PYTHONPATH} /usr/bin/python3 setup.py egg_info --egg-base ../../build/video_capture build --build-base /home/jan/dev/Ros2PoCLedControl/ros2_home_auto/build/video_capture/build install --record /home/jan/dev/Ros2PoCLedControl/ros2_home_auto/build/video_capture/install.log --single-version-externally-managed
[3.025s] DEBUG:colcon.colcon_core.event_handler.log_command:Invoked command in '/home/jan/dev/Ros2PoCLedControl/ros2_home_auto/src/video_capture' returned '0': PYTHONPATH=/home/jan/dev/Ros2PoCLedControl/ros2_home_auto/build/video_capture/prefix_override:/home/jan/dev/Ros2PoCLedControl/ros2_home_auto/install/video_capture/lib/python3.10/site-packages:${PYTHONPATH} /usr/bin/python3 setup.py egg_info --egg-base ../../build/video_capture build --build-base /home/jan/dev/Ros2PoCLedControl/ros2_home_auto/build/video_capture/build install --record /home/jan/dev/Ros2PoCLedControl/ros2_home_auto/build/video_capture/install.log --single-version-externally-managed
[3.040s] Level 1:colcon.colcon_core.environment:checking '/home/jan/dev/Ros2PoCLedControl/ros2_home_auto/install/video_capture' for CMake module files
[3.040s] Level 1:colcon.colcon_core.environment:checking '/home/jan/dev/Ros2PoCLedControl/ros2_home_auto/install/video_capture' for CMake config files
[3.041s] Level 1:colcon.colcon_core.environment:checking '/home/jan/dev/Ros2PoCLedControl/ros2_home_auto/install/video_capture/lib'
[3.041s] Level 1:colcon.colcon_core.environment:checking '/home/jan/dev/Ros2PoCLedControl/ros2_home_auto/install/video_capture/bin'
[3.041s] Level 1:colcon.colcon_core.environment:checking '/home/jan/dev/Ros2PoCLedControl/ros2_home_auto/install/video_capture/lib/pkgconfig/video_capture.pc'
[3.041s] Level 1:colcon.colcon_core.environment:checking '/home/jan/dev/Ros2PoCLedControl/ros2_home_auto/install/video_capture/lib/python3.10/site-packages'
[3.041s] Level 1:colcon.colcon_core.shell:create_environment_hook('video_capture', 'pythonpath')
[3.060s] INFO:colcon.colcon_core.shell:Creating environment hook '/home/jan/dev/Ros2PoCLedControl/ros2_home_auto/install/video_capture/share/video_capture/hook/pythonpath.ps1'
[3.060s] INFO:colcon.colcon_core.shell:Creating environment descriptor '/home/jan/dev/Ros2PoCLedControl/ros2_home_auto/install/video_capture/share/video_capture/hook/pythonpath.dsv'
[3.060s] INFO:colcon.colcon_core.shell:Creating environment hook '/home/jan/dev/Ros2PoCLedControl/ros2_home_auto/install/video_capture/share/video_capture/hook/pythonpath.sh'
[3.061s] Level 1:colcon.colcon_core.environment:checking '/home/jan/dev/Ros2PoCLedControl/ros2_home_auto/install/video_capture/bin'
[3.061s] Level 1:colcon.colcon_core.environment:create_environment_scripts_only(video_capture)
[3.076s] INFO:colcon.colcon_core.shell:Creating package script '/home/jan/dev/Ros2PoCLedControl/ros2_home_auto/install/video_capture/share/video_capture/package.ps1'
[3.077s] INFO:colcon.colcon_core.shell:Creating package descriptor '/home/jan/dev/Ros2PoCLedControl/ros2_home_auto/install/video_capture/share/video_capture/package.dsv'
[3.077s] INFO:colcon.colcon_core.shell:Creating package script '/home/jan/dev/Ros2PoCLedControl/ros2_home_auto/install/video_capture/share/video_capture/package.sh'
[3.077s] INFO:colcon.colcon_core.shell:Creating package script '/home/jan/dev/Ros2PoCLedControl/ros2_home_auto/install/video_capture/share/video_capture/package.bash'
[3.078s] INFO:colcon.colcon_core.shell:Creating package script '/home/jan/dev/Ros2PoCLedControl/ros2_home_auto/install/video_capture/share/video_capture/package.zsh'
[3.078s] Level 1:colcon.colcon_core.environment:create_file_with_runtime_dependencies(/home/jan/dev/Ros2PoCLedControl/ros2_home_auto/install/video_capture/share/colcon-core/packages/video_capture)
[3.079s] DEBUG:colcon.colcon_core.event_handler.log_command:Invoked command in '/home/jan/dev/Ros2PoCLedControl/ros2_home_auto/src/led_control' returned '0': PYTHONPATH=/home/jan/dev/Ros2PoCLedControl/ros2_home_auto/build/led_control/prefix_override:/home/jan/dev/Ros2PoCLedControl/ros2_home_auto/install/led_control/lib/python3.10/site-packages:${PYTHONPATH} /usr/bin/python3 setup.py egg_info --egg-base ../../build/led_control build --build-base /home/jan/dev/Ros2PoCLedControl/ros2_home_auto/build/led_control/build install --record /home/jan/dev/Ros2PoCLedControl/ros2_home_auto/build/led_control/install.log --single-version-externally-managed
[3.096s] Level 1:colcon.colcon_core.environment:checking '/home/jan/dev/Ros2PoCLedControl/ros2_home_auto/install/led_control' for CMake module files
[3.096s] Level 1:colcon.colcon_core.environment:checking '/home/jan/dev/Ros2PoCLedControl/ros2_home_auto/install/led_control' for CMake config files
[3.097s] Level 1:colcon.colcon_core.environment:checking '/home/jan/dev/Ros2PoCLedControl/ros2_home_auto/install/led_control/lib'
[3.097s] Level 1:colcon.colcon_core.environment:checking '/home/jan/dev/Ros2PoCLedControl/ros2_home_auto/install/led_control/bin'
[3.097s] Level 1:colcon.colcon_core.environment:checking '/home/jan/dev/Ros2PoCLedControl/ros2_home_auto/install/led_control/lib/pkgconfig/led_control.pc'
[3.097s] Level 1:colcon.colcon_core.environment:checking '/home/jan/dev/Ros2PoCLedControl/ros2_home_auto/install/led_control/lib/python3.10/site-packages'
[3.097s] Level 1:colcon.colcon_core.shell:create_environment_hook('led_control', 'pythonpath')
[3.113s] INFO:colcon.colcon_core.shell:Creating environment hook '/home/jan/dev/Ros2PoCLedControl/ros2_home_auto/install/led_control/share/led_control/hook/pythonpath.ps1'
[3.114s] INFO:colcon.colcon_core.shell:Creating environment descriptor '/home/jan/dev/Ros2PoCLedControl/ros2_home_auto/install/led_control/share/led_control/hook/pythonpath.dsv'
[3.114s] INFO:colcon.colcon_core.shell:Creating environment hook '/home/jan/dev/Ros2PoCLedControl/ros2_home_auto/install/led_control/share/led_control/hook/pythonpath.sh'
[3.114s] Level 1:colcon.colcon_core.environment:checking '/home/jan/dev/Ros2PoCLedControl/ros2_home_auto/install/led_control/bin'
[3.114s] Level 1:colcon.colcon_core.environment:create_environment_scripts_only(led_control)
[3.129s] INFO:colcon.colcon_core.shell:Creating package script '/home/jan/dev/Ros2PoCLedControl/ros2_home_auto/install/led_control/share/led_control/package.ps1'
[3.130s] INFO:colcon.colcon_core.shell:Creating package descriptor '/home/jan/dev/Ros2PoCLedControl/ros2_home_auto/install/led_control/share/led_control/package.dsv'
[3.130s] INFO:colcon.colcon_core.shell:Creating package script '/home/jan/dev/Ros2PoCLedControl/ros2_home_auto/install/led_control/share/led_control/package.sh'
[3.131s] INFO:colcon.colcon_core.shell:Creating package script '/home/jan/dev/Ros2PoCLedControl/ros2_home_auto/install/led_control/share/led_control/package.bash'
[3.131s] INFO:colcon.colcon_core.shell:Creating package script '/home/jan/dev/Ros2PoCLedControl/ros2_home_auto/install/led_control/share/led_control/package.zsh'
[3.131s] Level 1:colcon.colcon_core.environment:create_file_with_runtime_dependencies(/home/jan/dev/Ros2PoCLedControl/ros2_home_auto/install/led_control/share/colcon-core/packages/led_control)
[9.573s] DEBUG:colcon.colcon_core.event_handler.log_command:Invoked command in '/home/jan/dev/Ros2PoCLedControl/ros2_home_auto/build/cpp_nodes' returned '0': CMAKE_PREFIX_PATH=${CMAKE_PREFIX_PATH}:/home/jan/dev/Ros2PoCLedControl/ros2_home_auto/install/video_capture:/home/jan/dev/Ros2PoCLedControl/ros2_home_auto/install/led_control:/opt/ros/humble /usr/bin/cmake --build /home/jan/dev/Ros2PoCLedControl/ros2_home_auto/build/cpp_nodes -- -j12 -l12
[9.597s] DEBUG:colcon.colcon_core.event_handler.log_command:Invoking command in '/home/jan/dev/Ros2PoCLedControl/ros2_home_auto/build/cpp_nodes': CMAKE_PREFIX_PATH=${CMAKE_PREFIX_PATH}:/home/jan/dev/Ros2PoCLedControl/ros2_home_auto/install/video_capture:/home/jan/dev/Ros2PoCLedControl/ros2_home_auto/install/led_control:/opt/ros/humble /usr/bin/cmake --install /home/jan/dev/Ros2PoCLedControl/ros2_home_auto/build/cpp_nodes
[9.611s] Level 1:colcon.colcon_core.environment:create_environment_scripts_only(cpp_nodes)
[9.611s] DEBUG:colcon.colcon_core.event_handler.log_command:Invoked command in '/home/jan/dev/Ros2PoCLedControl/ros2_home_auto/build/cpp_nodes' returned '0': CMAKE_PREFIX_PATH=${CMAKE_PREFIX_PATH}:/home/jan/dev/Ros2PoCLedControl/ros2_home_auto/install/video_capture:/home/jan/dev/Ros2PoCLedControl/ros2_home_auto/install/led_control:/opt/ros/humble /usr/bin/cmake --install /home/jan/dev/Ros2PoCLedControl/ros2_home_auto/build/cpp_nodes
[9.628s] Level 1:colcon.colcon_core.environment:checking '/home/jan/dev/Ros2PoCLedControl/ros2_home_auto/install/cpp_nodes' for CMake module files
[9.628s] Level 1:colcon.colcon_core.environment:checking '/home/jan/dev/Ros2PoCLedControl/ros2_home_auto/install/cpp_nodes' for CMake config files
[9.628s] Level 1:colcon.colcon_core.shell:create_environment_hook('cpp_nodes', 'cmake_prefix_path')
[9.643s] INFO:colcon.colcon_core.shell:Creating environment hook '/home/jan/dev/Ros2PoCLedControl/ros2_home_auto/install/cpp_nodes/share/cpp_nodes/hook/cmake_prefix_path.ps1'
[9.644s] INFO:colcon.colcon_core.shell:Creating environment descriptor '/home/jan/dev/Ros2PoCLedControl/ros2_home_auto/install/cpp_nodes/share/cpp_nodes/hook/cmake_prefix_path.dsv'
[9.644s] INFO:colcon.colcon_core.shell:Creating environment hook '/home/jan/dev/Ros2PoCLedControl/ros2_home_auto/install/cpp_nodes/share/cpp_nodes/hook/cmake_prefix_path.sh'
[9.645s] Level 1:colcon.colcon_core.environment:checking '/home/jan/dev/Ros2PoCLedControl/ros2_home_auto/install/cpp_nodes/lib'
[9.645s] Level 1:colcon.colcon_core.environment:checking '/home/jan/dev/Ros2PoCLedControl/ros2_home_auto/install/cpp_nodes/bin'
[9.645s] Level 1:colcon.colcon_core.environment:checking '/home/jan/dev/Ros2PoCLedControl/ros2_home_auto/install/cpp_nodes/lib/pkgconfig/cpp_nodes.pc'
[9.645s] Level 1:colcon.colcon_core.environment:checking '/home/jan/dev/Ros2PoCLedControl/ros2_home_auto/install/cpp_nodes/lib/python3.10/site-packages'
[9.645s] Level 1:colcon.colcon_core.environment:checking '/home/jan/dev/Ros2PoCLedControl/ros2_home_auto/install/cpp_nodes/bin'
[9.660s] INFO:colcon.colcon_core.shell:Creating package script '/home/jan/dev/Ros2PoCLedControl/ros2_home_auto/install/cpp_nodes/share/cpp_nodes/package.ps1'
[9.660s] INFO:colcon.colcon_core.shell:Creating package descriptor '/home/jan/dev/Ros2PoCLedControl/ros2_home_auto/install/cpp_nodes/share/cpp_nodes/package.dsv'
[9.660s] INFO:colcon.colcon_core.shell:Creating package script '/home/jan/dev/Ros2PoCLedControl/ros2_home_auto/install/cpp_nodes/share/cpp_nodes/package.sh'
[9.661s] INFO:colcon.colcon_core.shell:Creating package script '/home/jan/dev/Ros2PoCLedControl/ros2_home_auto/install/cpp_nodes/share/cpp_nodes/package.bash'
[9.661s] INFO:colcon.colcon_core.shell:Creating package script '/home/jan/dev/Ros2PoCLedControl/ros2_home_auto/install/cpp_nodes/share/cpp_nodes/package.zsh'
[9.661s] Level 1:colcon.colcon_core.environment:create_file_with_runtime_dependencies(/home/jan/dev/Ros2PoCLedControl/ros2_home_auto/install/cpp_nodes/share/colcon-core/packages/cpp_nodes)
[9.698s] Level 1:colcon.colcon_core.environment:create_environment_scripts_only(cpp_nodes)
[9.713s] Level 1:colcon.colcon_core.environment:checking '/home/jan/dev/Ros2PoCLedControl/ros2_home_auto/install/cpp_nodes' for CMake module files
[9.714s] Level 1:colcon.colcon_core.environment:checking '/home/jan/dev/Ros2PoCLedControl/ros2_home_auto/install/cpp_nodes' for CMake config files
[9.714s] Level 1:colcon.colcon_core.shell:create_environment_hook('cpp_nodes', 'cmake_prefix_path')
[9.729s] INFO:colcon.colcon_core.shell:Creating environment hook '/home/jan/dev/Ros2PoCLedControl/ros2_home_auto/install/cpp_nodes/share/cpp_nodes/hook/cmake_prefix_path.ps1'
[9.729s] INFO:colcon.colcon_core.shell:Creating environment descriptor '/home/jan/dev/Ros2PoCLedControl/ros2_home_auto/install/cpp_nodes/share/cpp_nodes/hook/cmake_prefix_path.dsv'
[9.729s] INFO:colcon.colcon_core.shell:Creating environment hook '/home/jan/dev/Ros2PoCLedControl/ros2_home_auto/install/cpp_nodes/share/cpp_nodes/hook/cmake_prefix_path.sh'
[9.730s] Level 1:colcon.colcon_core.environment:checking '/home/jan/dev/Ros2PoCLedControl/ros2_home_auto/install/cpp_nodes/lib'
[9.730s] Level 1:colcon.colcon_core.environment:checking '/home/jan/dev/Ros2PoCLedControl/ros2_home_auto/install/cpp_nodes/bin'
[9.730s] Level 1:colcon.colcon_core.environment:checking '/home/jan/dev/Ros2PoCLedControl/ros2_home_auto/install/cpp_nodes/lib/pkgconfig/cpp_nodes.pc'
[9.730s] Level 1:colcon.colcon_core.environment:checking '/home/jan/dev/Ros2PoCLedControl/ros2_home_auto/install/cpp_nodes/lib/python3.10/site-packages'
[9.731s] Level 1:colcon.colcon_core.environment:checking '/home/jan/dev/Ros2PoCLedControl/ros2_home_auto/install/cpp_nodes/bin'
[9.745s] INFO:colcon.colcon_core.shell:Creating package script '/home/jan/dev/Ros2PoCLedControl/ros2_home_auto/install/cpp_nodes/share/cpp_nodes/package.ps1'
[9.746s] INFO:colcon.colcon_core.shell:Creating package descriptor '/home/jan/dev/Ros2PoCLedControl/ros2_home_auto/install/cpp_nodes/share/cpp_nodes/package.dsv'
[9.746s] INFO:colcon.colcon_core.shell:Creating package script '/home/jan/dev/Ros2PoCLedControl/ros2_home_auto/install/cpp_nodes/share/cpp_nodes/package.sh'
[9.747s] INFO:colcon.colcon_core.shell:Creating package script '/home/jan/dev/Ros2PoCLedControl/ros2_home_auto/install/cpp_nodes/share/cpp_nodes/package.bash'
[9.747s] INFO:colcon.colcon_core.shell:Creating package script '/home/jan/dev/Ros2PoCLedControl/ros2_home_auto/install/cpp_nodes/share/cpp_nodes/package.zsh'
[9.747s] Level 1:colcon.colcon_core.environment:create_file_with_runtime_dependencies(/home/jan/dev/Ros2PoCLedControl/ros2_home_auto/install/cpp_nodes/share/colcon-core/packages/cpp_nodes)
[9.747s] DEBUG:colcon.colcon_parallel_executor.executor.parallel:closing loop
[9.748s] DEBUG:colcon.colcon_parallel_executor.executor.parallel:loop closed
[9.748s] DEBUG:colcon.colcon_parallel_executor.executor.parallel:run_until_complete finished with '0'
[9.748s] DEBUG:colcon.colcon_core.event_reactor:joining thread
[9.788s] INFO:colcon.colcon_core.plugin_system:Skipping extension 'colcon_notification.desktop_notification.terminal_notifier': Not used on non-Darwin systems
[9.788s] INFO:colcon.colcon_core.plugin_system:Skipping extension 'colcon_notification.desktop_notification.win32': Not used on non-Windows systems
[9.788s] INFO:colcon.colcon_notification.desktop_notification:Sending desktop notification using 'notify2'
[9.801s] DEBUG:colcon.colcon_core.event_reactor:joined thread
[9.816s] INFO:colcon.colcon_core.shell:Creating prefix script '/home/jan/dev/Ros2PoCLedControl/ros2_home_auto/install/local_setup.ps1'
[9.817s] INFO:colcon.colcon_core.shell:Creating prefix util module '/home/jan/dev/Ros2PoCLedControl/ros2_home_auto/install/_local_setup_util_ps1.py'
[9.818s] INFO:colcon.colcon_core.shell:Creating prefix chain script '/home/jan/dev/Ros2PoCLedControl/ros2_home_auto/install/setup.ps1'
[9.834s] INFO:colcon.colcon_core.shell:Creating prefix script '/home/jan/dev/Ros2PoCLedControl/ros2_home_auto/install/local_setup.sh'
[9.834s] INFO:colcon.colcon_core.shell:Creating prefix util module '/home/jan/dev/Ros2PoCLedControl/ros2_home_auto/install/_local_setup_util_sh.py'
[9.835s] INFO:colcon.colcon_core.shell:Creating prefix chain script '/home/jan/dev/Ros2PoCLedControl/ros2_home_auto/install/setup.sh'
[9.850s] INFO:colcon.colcon_core.shell:Creating prefix script '/home/jan/dev/Ros2PoCLedControl/ros2_home_auto/install/local_setup.bash'
[9.851s] INFO:colcon.colcon_core.shell:Creating prefix chain script '/home/jan/dev/Ros2PoCLedControl/ros2_home_auto/install/setup.bash'
[9.866s] INFO:colcon.colcon_core.shell:Creating prefix script '/home/jan/dev/Ros2PoCLedControl/ros2_home_auto/install/local_setup.zsh'
[9.867s] INFO:colcon.colcon_core.shell:Creating prefix chain script '/home/jan/dev/Ros2PoCLedControl/ros2_home_auto/install/setup.zsh'
