[35m[1mConsolidate compiler generated dependencies of target cpp_subscriber[0m
[ 50%] [32mBuilding CXX object CMakeFiles/cpp_subscriber.dir/src/cpp_subscriber.cpp.o[0m
In file included from [01m[K/opt/ros/humble/include/rclcpp/rclcpp/logging.hpp:24[m[K,
                 from [01m[K/opt/ros/humble/include/rclcpp/rclcpp/client.hpp:40[m[K,
                 from [01m[K/opt/ros/humble/include/rclcpp/rclcpp/callback_group.hpp:24[m[K,
                 from [01m[K/opt/ros/humble/include/rclcpp/rclcpp/any_executable.hpp:20[m[K,
                 from [01m[K/opt/ros/humble/include/rclcpp/rclcpp/memory_strategy.hpp:25[m[K,
                 from [01m[K/opt/ros/humble/include/rclcpp/rclcpp/memory_strategies.hpp:18[m[K,
                 from [01m[K/opt/ros/humble/include/rclcpp/rclcpp/executor_options.hpp:20[m[K,
                 from [01m[K/opt/ros/humble/include/rclcpp/rclcpp/executor.hpp:37[m[K,
                 from [01m[K/opt/ros/humble/include/rclcpp/rclcpp/executors/multi_threaded_executor.hpp:25[m[K,
                 from [01m[K/opt/ros/humble/include/rclcpp/rclcpp/executors.hpp:21[m[K,
                 from [01m[K/opt/ros/humble/include/rclcpp/rclcpp/rclcpp.hpp:155[m[K,
                 from [01m[K/home/jan/dev/Ros2PoCLedControl/ros2_home_auto/src/cpp_nodes/src/cpp_subscriber.cpp:5[m[K:
[01m[K/home/jan/dev/Ros2PoCLedControl/ros2_home_auto/src/cpp_nodes/src/cpp_subscriber.cpp:[m[K In member function ‘[01m[Kvoid VideoSubscriber::subscriptor_callback(const Image&) const[m[K’:
[01m[K/home/jan/dev/Ros2PoCLedControl/ros2_home_auto/src/cpp_nodes/src/cpp_subscriber.cpp:18:45:[m[K [01;35m[Kwarning: [m[Kformat ‘[01m[K%s[m[K’ expects argument of type ‘[01m[Kchar*[m[K’, but argument 5 has type ‘[01m[Kconst _data_type[m[K’ {aka ‘[01m[Kconst std::vector<unsigned char, std::allocator<unsigned char> >[m[K’} [[01;35m[K]8;;https://gcc.gnu.org/onlinedocs/gcc/Warning-Options.html#index-Wformat=-Wformat=]8;;[m[K]
   18 |             RCLCPP_INFO(this->get_logger(), [01;35m[K"received message '%s'"[m[K, msg.data);
      |                                             [01;35m[K^~~~~~~~~~~~~~~~~~~~~~~[m[K
[01m[K/home/jan/dev/Ros2PoCLedControl/ros2_home_auto/src/cpp_nodes/src/cpp_subscriber.cpp:18:65:[m[K [01;36m[Knote: [m[Kformat string is defined here
   18 |             RCLCPP_INFO(this->get_logger(), "received message '[01;36m[K%s[m[K'", msg.data);
      |                                                                [01;36m[K~^[m[K
      |                                                                 [01;36m[K|[m[K
      |                                                                 [01;36m[Kchar*[m[K
[100%] [32m[1mLinking CXX executable cpp_subscriber[0m
[100%] Built target cpp_subscriber
-- Install configuration: ""
-- Installing: /home/jan/dev/Ros2PoCLedControl/ros2_home_auto/install/cpp_nodes/lib/cpp_nodes/cpp_subscriber
-- Set runtime path of "/home/jan/dev/Ros2PoCLedControl/ros2_home_auto/install/cpp_nodes/lib/cpp_nodes/cpp_subscriber" to ""
-- Up-to-date: /home/jan/dev/Ros2PoCLedControl/ros2_home_auto/install/cpp_nodes/share/ament_index/resource_index/package_run_dependencies/cpp_nodes
-- Up-to-date: /home/jan/dev/Ros2PoCLedControl/ros2_home_auto/install/cpp_nodes/share/ament_index/resource_index/parent_prefix_path/cpp_nodes
-- Up-to-date: /home/jan/dev/Ros2PoCLedControl/ros2_home_auto/install/cpp_nodes/share/cpp_nodes/environment/ament_prefix_path.sh
-- Up-to-date: /home/jan/dev/Ros2PoCLedControl/ros2_home_auto/install/cpp_nodes/share/cpp_nodes/environment/ament_prefix_path.dsv
-- Up-to-date: /home/jan/dev/Ros2PoCLedControl/ros2_home_auto/install/cpp_nodes/share/cpp_nodes/environment/path.sh
-- Up-to-date: /home/jan/dev/Ros2PoCLedControl/ros2_home_auto/install/cpp_nodes/share/cpp_nodes/environment/path.dsv
-- Up-to-date: /home/jan/dev/Ros2PoCLedControl/ros2_home_auto/install/cpp_nodes/share/cpp_nodes/local_setup.bash
-- Up-to-date: /home/jan/dev/Ros2PoCLedControl/ros2_home_auto/install/cpp_nodes/share/cpp_nodes/local_setup.sh
-- Up-to-date: /home/jan/dev/Ros2PoCLedControl/ros2_home_auto/install/cpp_nodes/share/cpp_nodes/local_setup.zsh
-- Up-to-date: /home/jan/dev/Ros2PoCLedControl/ros2_home_auto/install/cpp_nodes/share/cpp_nodes/local_setup.dsv
-- Installing: /home/jan/dev/Ros2PoCLedControl/ros2_home_auto/install/cpp_nodes/share/cpp_nodes/package.dsv
-- Up-to-date: /home/jan/dev/Ros2PoCLedControl/ros2_home_auto/install/cpp_nodes/share/ament_index/resource_index/packages/cpp_nodes
-- Up-to-date: /home/jan/dev/Ros2PoCLedControl/ros2_home_auto/install/cpp_nodes/share/cpp_nodes/cmake/cpp_nodesConfig.cmake
-- Up-to-date: /home/jan/dev/Ros2PoCLedControl/ros2_home_auto/install/cpp_nodes/share/cpp_nodes/cmake/cpp_nodesConfig-version.cmake
-- Up-to-date: /home/jan/dev/Ros2PoCLedControl/ros2_home_auto/install/cpp_nodes/share/cpp_nodes/package.xml
