[0.939s] DEBUG:colcon:Command line arguments: ['/usr/bin/colcon', 'build']
[0.939s] DEBUG:colcon:Parsed command line arguments: Namespace(log_base=None, log_level=None, verb_name='build', build_base='build', install_base='install', merge_install=False, symlink_install=False, test_result_base=None, continue_on_error=False, executor='parallel', parallel_workers=12, event_handlers=None, ignore_user_meta=False, metas=['./colcon.meta'], base_paths=['.'], packages_ignore=None, packages_ignore_regex=None, paths=None, packages_up_to=None, packages_up_to_regex=None, packages_above=None, packages_above_and_dependencies=None, packages_above_depth=None, packages_select_by_dep=None, packages_skip_by_dep=None, packages_skip_up_to=None, packages_select_build_failed=False, packages_skip_build_finished=False, packages_select_test_failures=False, packages_skip_test_passed=False, packages_select=None, packages_skip=None, packages_select_regex=None, packages_skip_regex=None, packages_start=None, packages_end=None, allow_overriding=[], cmake_args=None, cmake_target=None, cmake_target_skip_unavailable=False, cmake_clean_cache=False, cmake_clean_first=False, cmake_force_configure=False, ament_cmake_args=None, catkin_cmake_args=None, catkin_skip_building_tests=False, verb_parser=<colcon_defaults.argument_parser.defaults.DefaultArgumentsDecorator object at 0x759781213580>, verb_extension=<colcon_core.verb.build.BuildVerb object at 0x759781560c10>, main=<bound method BuildVerb.main of <colcon_core.verb.build.BuildVerb object at 0x759781560c10>>)
[0.983s] Level 1:colcon.colcon_core.package_discovery:discover_packages(colcon_meta) check parameters
[0.983s] Level 1:colcon.colcon_core.package_discovery:discover_packages(recursive) check parameters
[0.983s] Level 1:colcon.colcon_core.package_discovery:discover_packages(ignore) check parameters
[0.983s] Level 1:colcon.colcon_core.package_discovery:discover_packages(path) check parameters
[0.983s] Level 1:colcon.colcon_core.package_discovery:discover_packages(colcon_meta) discover
[0.983s] Level 1:colcon.colcon_core.package_discovery:discover_packages(recursive) discover
[0.983s] INFO:colcon.colcon_core.package_discovery:Crawling recursively for packages in '/home/jan/dev/ros2_home_auto'
[0.983s] Level 1:colcon.colcon_core.package_identification:_identify(.) by extensions ['ignore', 'ignore_ament_install']
[0.983s] Level 1:colcon.colcon_core.package_identification:_identify(.) by extension 'ignore'
[0.983s] Level 1:colcon.colcon_core.package_identification:_identify(.) by extension 'ignore_ament_install'
[0.983s] Level 1:colcon.colcon_core.package_identification:_identify(.) by extensions ['colcon_pkg']
[0.983s] Level 1:colcon.colcon_core.package_identification:_identify(.) by extension 'colcon_pkg'
[0.983s] Level 1:colcon.colcon_core.package_identification:_identify(.) by extensions ['colcon_meta']
[0.983s] Level 1:colcon.colcon_core.package_identification:_identify(.) by extension 'colcon_meta'
[0.983s] Level 1:colcon.colcon_core.package_identification:_identify(.) by extensions ['ros']
[0.983s] Level 1:colcon.colcon_core.package_identification:_identify(.) by extension 'ros'
[0.993s] Level 1:colcon.colcon_core.package_identification:_identify(.) by extensions ['cmake', 'python']
[0.993s] Level 1:colcon.colcon_core.package_identification:_identify(.) by extension 'cmake'
[0.993s] Level 1:colcon.colcon_core.package_identification:_identify(.) by extension 'python'
[0.993s] Level 1:colcon.colcon_core.package_identification:_identify(.) by extensions ['python_setup_py']
[0.993s] Level 1:colcon.colcon_core.package_identification:_identify(.) by extension 'python_setup_py'
[0.993s] Level 1:colcon.colcon_core.package_identification:_identify(build) by extensions ['ignore', 'ignore_ament_install']
[0.993s] Level 1:colcon.colcon_core.package_identification:_identify(build) by extension 'ignore'
[0.993s] Level 1:colcon.colcon_core.package_identification:_identify(build) ignored
[0.993s] Level 1:colcon.colcon_core.package_identification:_identify(install) by extensions ['ignore', 'ignore_ament_install']
[0.993s] Level 1:colcon.colcon_core.package_identification:_identify(install) by extension 'ignore'
[0.993s] Level 1:colcon.colcon_core.package_identification:_identify(install) ignored
[0.993s] Level 1:colcon.colcon_core.package_identification:_identify(log) by extensions ['ignore', 'ignore_ament_install']
[0.993s] Level 1:colcon.colcon_core.package_identification:_identify(log) by extension 'ignore'
[0.993s] Level 1:colcon.colcon_core.package_identification:_identify(log) ignored
[0.994s] Level 1:colcon.colcon_core.package_identification:_identify(src) by extensions ['ignore', 'ignore_ament_install']
[0.994s] Level 1:colcon.colcon_core.package_identification:_identify(src) by extension 'ignore'
[0.994s] Level 1:colcon.colcon_core.package_identification:_identify(src) by extension 'ignore_ament_install'
[0.994s] Level 1:colcon.colcon_core.package_identification:_identify(src) by extensions ['colcon_pkg']
[0.994s] Level 1:colcon.colcon_core.package_identification:_identify(src) by extension 'colcon_pkg'
[0.994s] Level 1:colcon.colcon_core.package_identification:_identify(src) by extensions ['colcon_meta']
[0.994s] Level 1:colcon.colcon_core.package_identification:_identify(src) by extension 'colcon_meta'
[0.994s] Level 1:colcon.colcon_core.package_identification:_identify(src) by extensions ['ros']
[0.994s] Level 1:colcon.colcon_core.package_identification:_identify(src) by extension 'ros'
[0.994s] Level 1:colcon.colcon_core.package_identification:_identify(src) by extensions ['cmake', 'python']
[0.994s] Level 1:colcon.colcon_core.package_identification:_identify(src) by extension 'cmake'
[0.994s] Level 1:colcon.colcon_core.package_identification:_identify(src) by extension 'python'
[0.994s] Level 1:colcon.colcon_core.package_identification:_identify(src) by extensions ['python_setup_py']
[0.994s] Level 1:colcon.colcon_core.package_identification:_identify(src) by extension 'python_setup_py'
[0.994s] Level 1:colcon.colcon_core.package_identification:_identify(src/custom_interfaces) by extensions ['ignore', 'ignore_ament_install']
[0.994s] Level 1:colcon.colcon_core.package_identification:_identify(src/custom_interfaces) by extension 'ignore'
[0.994s] Level 1:colcon.colcon_core.package_identification:_identify(src/custom_interfaces) by extension 'ignore_ament_install'
[0.994s] Level 1:colcon.colcon_core.package_identification:_identify(src/custom_interfaces) by extensions ['colcon_pkg']
[0.994s] Level 1:colcon.colcon_core.package_identification:_identify(src/custom_interfaces) by extension 'colcon_pkg'
[0.994s] Level 1:colcon.colcon_core.package_identification:_identify(src/custom_interfaces) by extensions ['colcon_meta']
[0.994s] Level 1:colcon.colcon_core.package_identification:_identify(src/custom_interfaces) by extension 'colcon_meta'
[0.995s] Level 1:colcon.colcon_core.package_identification:_identify(src/custom_interfaces) by extensions ['ros']
[0.995s] Level 1:colcon.colcon_core.package_identification:_identify(src/custom_interfaces) by extension 'ros'
[0.996s] DEBUG:colcon.colcon_core.package_identification:Package 'src/custom_interfaces' with type 'ros.ament_cmake' and name 'custom_interfaces'
[0.997s] Level 1:colcon.colcon_core.package_identification:_identify(src/led_control) by extensions ['ignore', 'ignore_ament_install']
[0.997s] Level 1:colcon.colcon_core.package_identification:_identify(src/led_control) by extension 'ignore'
[0.997s] Level 1:colcon.colcon_core.package_identification:_identify(src/led_control) by extension 'ignore_ament_install'
[0.997s] Level 1:colcon.colcon_core.package_identification:_identify(src/led_control) by extensions ['colcon_pkg']
[0.997s] Level 1:colcon.colcon_core.package_identification:_identify(src/led_control) by extension 'colcon_pkg'
[0.997s] Level 1:colcon.colcon_core.package_identification:_identify(src/led_control) by extensions ['colcon_meta']
[0.997s] Level 1:colcon.colcon_core.package_identification:_identify(src/led_control) by extension 'colcon_meta'
[0.997s] Level 1:colcon.colcon_core.package_identification:_identify(src/led_control) by extensions ['ros']
[0.997s] Level 1:colcon.colcon_core.package_identification:_identify(src/led_control) by extension 'ros'
[0.997s] DEBUG:colcon.colcon_core.package_identification:Package 'src/led_control' with type 'ros.ament_python' and name 'led_control'
[0.997s] Level 1:colcon.colcon_core.package_discovery:discover_packages(recursive) using defaults
[0.997s] Level 1:colcon.colcon_core.package_discovery:discover_packages(ignore) discover
[0.998s] Level 1:colcon.colcon_core.package_discovery:discover_packages(ignore) using defaults
[0.998s] Level 1:colcon.colcon_core.package_discovery:discover_packages(path) discover
[0.998s] Level 1:colcon.colcon_core.package_discovery:discover_packages(path) using defaults
[1.082s] Level 1:colcon.colcon_core.package_discovery:discover_packages(prefix_path) check parameters
[1.082s] Level 1:colcon.colcon_core.package_discovery:discover_packages(prefix_path) discover
[1.110s] DEBUG:colcon.colcon_installed_package_information.package_discovery:Found 2 installed packages in /home/jan/dev/ros2_home_auto/install
[1.124s] DEBUG:colcon.colcon_installed_package_information.package_discovery:Found 270 installed packages in /opt/ros/humble
[1.125s] Level 1:colcon.colcon_core.package_discovery:discover_packages(prefix_path) using defaults
[1.209s] Level 5:colcon.colcon_core.verb:set package 'custom_interfaces' build argument 'cmake_args' from command line to 'None'
[1.209s] Level 5:colcon.colcon_core.verb:set package 'custom_interfaces' build argument 'cmake_target' from command line to 'None'
[1.209s] Level 5:colcon.colcon_core.verb:set package 'custom_interfaces' build argument 'cmake_target_skip_unavailable' from command line to 'False'
[1.209s] Level 5:colcon.colcon_core.verb:set package 'custom_interfaces' build argument 'cmake_clean_cache' from command line to 'False'
[1.209s] Level 5:colcon.colcon_core.verb:set package 'custom_interfaces' build argument 'cmake_clean_first' from command line to 'False'
[1.209s] Level 5:colcon.colcon_core.verb:set package 'custom_interfaces' build argument 'cmake_force_configure' from command line to 'False'
[1.209s] Level 5:colcon.colcon_core.verb:set package 'custom_interfaces' build argument 'ament_cmake_args' from command line to 'None'
[1.209s] Level 5:colcon.colcon_core.verb:set package 'custom_interfaces' build argument 'catkin_cmake_args' from command line to 'None'
[1.209s] Level 5:colcon.colcon_core.verb:set package 'custom_interfaces' build argument 'catkin_skip_building_tests' from command line to 'False'
[1.209s] DEBUG:colcon.colcon_core.verb:Building package 'custom_interfaces' with the following arguments: {'ament_cmake_args': None, 'build_base': '/home/jan/dev/ros2_home_auto/build/custom_interfaces', 'catkin_cmake_args': None, 'catkin_skip_building_tests': False, 'cmake_args': None, 'cmake_clean_cache': False, 'cmake_clean_first': False, 'cmake_force_configure': False, 'cmake_target': None, 'cmake_target_skip_unavailable': False, 'install_base': '/home/jan/dev/ros2_home_auto/install/custom_interfaces', 'merge_install': False, 'path': '/home/jan/dev/ros2_home_auto/src/custom_interfaces', 'symlink_install': False, 'test_result_base': None}
[1.223s] Level 5:colcon.colcon_core.verb:set package 'led_control' build argument 'cmake_args' from command line to 'None'
[1.223s] Level 5:colcon.colcon_core.verb:set package 'led_control' build argument 'cmake_target' from command line to 'None'
[1.223s] Level 5:colcon.colcon_core.verb:set package 'led_control' build argument 'cmake_target_skip_unavailable' from command line to 'False'
[1.223s] Level 5:colcon.colcon_core.verb:set package 'led_control' build argument 'cmake_clean_cache' from command line to 'False'
[1.223s] Level 5:colcon.colcon_core.verb:set package 'led_control' build argument 'cmake_clean_first' from command line to 'False'
[1.223s] Level 5:colcon.colcon_core.verb:set package 'led_control' build argument 'cmake_force_configure' from command line to 'False'
[1.223s] Level 5:colcon.colcon_core.verb:set package 'led_control' build argument 'ament_cmake_args' from command line to 'None'
[1.223s] Level 5:colcon.colcon_core.verb:set package 'led_control' build argument 'catkin_cmake_args' from command line to 'None'
[1.223s] Level 5:colcon.colcon_core.verb:set package 'led_control' build argument 'catkin_skip_building_tests' from command line to 'False'
[1.223s] DEBUG:colcon.colcon_core.verb:Building package 'led_control' with the following arguments: {'ament_cmake_args': None, 'build_base': '/home/jan/dev/ros2_home_auto/build/led_control', 'catkin_cmake_args': None, 'catkin_skip_building_tests': False, 'cmake_args': None, 'cmake_clean_cache': False, 'cmake_clean_first': False, 'cmake_force_configure': False, 'cmake_target': None, 'cmake_target_skip_unavailable': False, 'install_base': '/home/jan/dev/ros2_home_auto/install/led_control', 'merge_install': False, 'path': '/home/jan/dev/ros2_home_auto/src/led_control', 'symlink_install': False, 'test_result_base': None}
[1.237s] INFO:colcon.colcon_core.executor:Executing jobs using 'parallel' executor
[1.251s] DEBUG:colcon.colcon_parallel_executor.executor.parallel:run_until_complete
[1.251s] INFO:colcon.colcon_ros.task.ament_cmake.build:Building ROS package in '/home/jan/dev/ros2_home_auto/src/custom_interfaces' with build type 'ament_cmake'
[1.251s] INFO:colcon.colcon_cmake.task.cmake.build:Building CMake package in '/home/jan/dev/ros2_home_auto/src/custom_interfaces'
[1.267s] INFO:colcon.colcon_core.plugin_system:Skipping extension 'colcon_core.shell.bat': Not used on non-Windows systems
[1.267s] INFO:colcon.colcon_core.shell:Skip shell extension 'powershell' for command environment: Not usable outside of PowerShell
[1.267s] DEBUG:colcon.colcon_core.shell:Skip shell extension 'dsv' for command environment
[1.309s] INFO:colcon.colcon_ros.task.ament_python.build:Building ROS package in '/home/jan/dev/ros2_home_auto/src/led_control' with build type 'ament_python'
[1.310s] Level 1:colcon.colcon_core.shell:create_environment_hook('led_control', 'ament_prefix_path')
[1.323s] INFO:colcon.colcon_core.shell:Creating environment hook '/home/jan/dev/ros2_home_auto/install/led_control/share/led_control/hook/ament_prefix_path.ps1'
[1.324s] INFO:colcon.colcon_core.shell:Creating environment descriptor '/home/jan/dev/ros2_home_auto/install/led_control/share/led_control/hook/ament_prefix_path.dsv'
[1.324s] INFO:colcon.colcon_core.shell:Creating environment hook '/home/jan/dev/ros2_home_auto/install/led_control/share/led_control/hook/ament_prefix_path.sh'
[1.338s] INFO:colcon.colcon_core.shell:Skip shell extension 'powershell' for command environment: Not usable outside of PowerShell
[1.338s] DEBUG:colcon.colcon_core.shell:Skip shell extension 'dsv' for command environment
[1.393s] DEBUG:colcon.colcon_core.event_handler.log_command:Invoking command in '/home/jan/dev/ros2_home_auto/build/custom_interfaces': CMAKE_PREFIX_PATH=${CMAKE_PREFIX_PATH}:/home/jan/dev/ros2_home_auto/install/led_control:/opt/ros/humble /usr/bin/cmake --build /home/jan/dev/ros2_home_auto/build/custom_interfaces -- -j12 -l12
[1.623s] INFO:colcon.colcon_core.task.python.build:Building Python package in '/home/jan/dev/ros2_home_auto/src/led_control'
[1.637s] INFO:colcon.colcon_core.shell:Skip shell extension 'powershell' for command environment: Not usable outside of PowerShell
[1.637s] DEBUG:colcon.colcon_core.shell:Skip shell extension 'dsv' for command environment
[1.981s] DEBUG:colcon.colcon_core.event_handler.log_command:Invoking command in '/home/jan/dev/ros2_home_auto/src/led_control': PYTHONPATH=/home/jan/dev/ros2_home_auto/build/led_control/prefix_override:/home/jan/dev/ros2_home_auto/install/led_control/lib/python3.10/site-packages:${PYTHONPATH} /usr/bin/python3 setup.py egg_info --egg-base ../../build/led_control build --build-base /home/jan/dev/ros2_home_auto/build/led_control/build install --record /home/jan/dev/ros2_home_auto/build/led_control/install.log --single-version-externally-managed
[2.242s] DEBUG:colcon.colcon_core.event_handler.log_command:Invoked command in '/home/jan/dev/ros2_home_auto/src/led_control' returned '0': PYTHONPATH=/home/jan/dev/ros2_home_auto/build/led_control/prefix_override:/home/jan/dev/ros2_home_auto/install/led_control/lib/python3.10/site-packages:${PYTHONPATH} /usr/bin/python3 setup.py egg_info --egg-base ../../build/led_control build --build-base /home/jan/dev/ros2_home_auto/build/led_control/build install --record /home/jan/dev/ros2_home_auto/build/led_control/install.log --single-version-externally-managed
[2.289s] Level 1:colcon.colcon_core.environment:checking '/home/jan/dev/ros2_home_auto/install/led_control' for CMake module files
[2.290s] Level 1:colcon.colcon_core.environment:checking '/home/jan/dev/ros2_home_auto/install/led_control' for CMake config files
[2.291s] Level 1:colcon.colcon_core.environment:checking '/home/jan/dev/ros2_home_auto/install/led_control/lib'
[2.292s] Level 1:colcon.colcon_core.environment:checking '/home/jan/dev/ros2_home_auto/install/led_control/bin'
[2.292s] Level 1:colcon.colcon_core.environment:checking '/home/jan/dev/ros2_home_auto/install/led_control/lib/pkgconfig/led_control.pc'
[2.293s] Level 1:colcon.colcon_core.environment:checking '/home/jan/dev/ros2_home_auto/install/led_control/lib/python3.10/site-packages'
[2.293s] Level 1:colcon.colcon_core.shell:create_environment_hook('led_control', 'pythonpath')
[2.321s] INFO:colcon.colcon_core.shell:Creating environment hook '/home/jan/dev/ros2_home_auto/install/led_control/share/led_control/hook/pythonpath.ps1'
[2.325s] INFO:colcon.colcon_core.shell:Creating environment descriptor '/home/jan/dev/ros2_home_auto/install/led_control/share/led_control/hook/pythonpath.dsv'
[2.334s] INFO:colcon.colcon_core.shell:Creating environment hook '/home/jan/dev/ros2_home_auto/install/led_control/share/led_control/hook/pythonpath.sh'
[2.336s] Level 1:colcon.colcon_core.environment:checking '/home/jan/dev/ros2_home_auto/install/led_control/bin'
[2.336s] Level 1:colcon.colcon_core.environment:create_environment_scripts_only(led_control)
[2.360s] INFO:colcon.colcon_core.shell:Creating package script '/home/jan/dev/ros2_home_auto/install/led_control/share/led_control/package.ps1'
[2.370s] INFO:colcon.colcon_core.shell:Creating package descriptor '/home/jan/dev/ros2_home_auto/install/led_control/share/led_control/package.dsv'
[2.376s] INFO:colcon.colcon_core.shell:Creating package script '/home/jan/dev/ros2_home_auto/install/led_control/share/led_control/package.sh'
[2.384s] INFO:colcon.colcon_core.shell:Creating package script '/home/jan/dev/ros2_home_auto/install/led_control/share/led_control/package.bash'
[2.568s] INFO:colcon.colcon_core.shell:Creating package script '/home/jan/dev/ros2_home_auto/install/led_control/share/led_control/package.zsh'
[2.593s] Level 1:colcon.colcon_core.environment:create_file_with_runtime_dependencies(/home/jan/dev/ros2_home_auto/install/led_control/share/colcon-core/packages/led_control)
[8.186s] DEBUG:colcon.colcon_core.event_handler.log_command:Invoked command in '/home/jan/dev/ros2_home_auto/build/custom_interfaces' returned '0': CMAKE_PREFIX_PATH=${CMAKE_PREFIX_PATH}:/home/jan/dev/ros2_home_auto/install/led_control:/opt/ros/humble /usr/bin/cmake --build /home/jan/dev/ros2_home_auto/build/custom_interfaces -- -j12 -l12
[8.267s] DEBUG:colcon.colcon_core.event_handler.log_command:Invoking command in '/home/jan/dev/ros2_home_auto/build/custom_interfaces': CMAKE_PREFIX_PATH=${CMAKE_PREFIX_PATH}:/home/jan/dev/ros2_home_auto/install/led_control:/opt/ros/humble /usr/bin/cmake --install /home/jan/dev/ros2_home_auto/build/custom_interfaces
[8.330s] Level 1:colcon.colcon_core.environment:create_environment_scripts_only(custom_interfaces)
[8.331s] DEBUG:colcon.colcon_core.event_handler.log_command:Invoked command in '/home/jan/dev/ros2_home_auto/build/custom_interfaces' returned '0': CMAKE_PREFIX_PATH=${CMAKE_PREFIX_PATH}:/home/jan/dev/ros2_home_auto/install/led_control:/opt/ros/humble /usr/bin/cmake --install /home/jan/dev/ros2_home_auto/build/custom_interfaces
[8.345s] Level 1:colcon.colcon_core.environment:checking '/home/jan/dev/ros2_home_auto/install/custom_interfaces' for CMake module files
[8.346s] Level 1:colcon.colcon_core.environment:checking '/home/jan/dev/ros2_home_auto/install/custom_interfaces' for CMake config files
[8.346s] Level 1:colcon.colcon_core.shell:create_environment_hook('custom_interfaces', 'cmake_prefix_path')
[8.362s] INFO:colcon.colcon_core.shell:Creating environment hook '/home/jan/dev/ros2_home_auto/install/custom_interfaces/share/custom_interfaces/hook/cmake_prefix_path.ps1'
[8.362s] INFO:colcon.colcon_core.shell:Creating environment descriptor '/home/jan/dev/ros2_home_auto/install/custom_interfaces/share/custom_interfaces/hook/cmake_prefix_path.dsv'
[8.363s] INFO:colcon.colcon_core.shell:Creating environment hook '/home/jan/dev/ros2_home_auto/install/custom_interfaces/share/custom_interfaces/hook/cmake_prefix_path.sh'
[8.363s] Level 1:colcon.colcon_core.environment:checking '/home/jan/dev/ros2_home_auto/install/custom_interfaces/lib'
[8.363s] Level 1:colcon.colcon_core.shell:create_environment_hook('custom_interfaces', 'ld_library_path_lib')
[8.378s] INFO:colcon.colcon_core.shell:Creating environment hook '/home/jan/dev/ros2_home_auto/install/custom_interfaces/share/custom_interfaces/hook/ld_library_path_lib.ps1'
[8.378s] INFO:colcon.colcon_core.shell:Creating environment descriptor '/home/jan/dev/ros2_home_auto/install/custom_interfaces/share/custom_interfaces/hook/ld_library_path_lib.dsv'
[8.378s] INFO:colcon.colcon_core.shell:Creating environment hook '/home/jan/dev/ros2_home_auto/install/custom_interfaces/share/custom_interfaces/hook/ld_library_path_lib.sh'
[8.379s] Level 1:colcon.colcon_core.environment:checking '/home/jan/dev/ros2_home_auto/install/custom_interfaces/bin'
[8.379s] Level 1:colcon.colcon_core.environment:checking '/home/jan/dev/ros2_home_auto/install/custom_interfaces/lib/pkgconfig/custom_interfaces.pc'
[8.379s] Level 1:colcon.colcon_core.environment:checking '/home/jan/dev/ros2_home_auto/install/custom_interfaces/lib/python3.10/site-packages'
[8.379s] Level 1:colcon.colcon_core.environment:checking '/home/jan/dev/ros2_home_auto/install/custom_interfaces/bin'
[8.393s] INFO:colcon.colcon_core.shell:Creating package script '/home/jan/dev/ros2_home_auto/install/custom_interfaces/share/custom_interfaces/package.ps1'
[8.394s] INFO:colcon.colcon_core.shell:Creating package descriptor '/home/jan/dev/ros2_home_auto/install/custom_interfaces/share/custom_interfaces/package.dsv'
[8.394s] INFO:colcon.colcon_core.shell:Creating package script '/home/jan/dev/ros2_home_auto/install/custom_interfaces/share/custom_interfaces/package.sh'
[8.395s] INFO:colcon.colcon_core.shell:Creating package script '/home/jan/dev/ros2_home_auto/install/custom_interfaces/share/custom_interfaces/package.bash'
[8.395s] INFO:colcon.colcon_core.shell:Creating package script '/home/jan/dev/ros2_home_auto/install/custom_interfaces/share/custom_interfaces/package.zsh'
[8.395s] Level 1:colcon.colcon_core.environment:create_file_with_runtime_dependencies(/home/jan/dev/ros2_home_auto/install/custom_interfaces/share/colcon-core/packages/custom_interfaces)
[8.497s] Level 1:colcon.colcon_core.environment:create_environment_scripts_only(custom_interfaces)
[8.514s] Level 1:colcon.colcon_core.environment:checking '/home/jan/dev/ros2_home_auto/install/custom_interfaces' for CMake module files
[8.514s] Level 1:colcon.colcon_core.environment:checking '/home/jan/dev/ros2_home_auto/install/custom_interfaces' for CMake config files
[8.514s] Level 1:colcon.colcon_core.shell:create_environment_hook('custom_interfaces', 'cmake_prefix_path')
[8.531s] INFO:colcon.colcon_core.shell:Creating environment hook '/home/jan/dev/ros2_home_auto/install/custom_interfaces/share/custom_interfaces/hook/cmake_prefix_path.ps1'
[8.531s] INFO:colcon.colcon_core.shell:Creating environment descriptor '/home/jan/dev/ros2_home_auto/install/custom_interfaces/share/custom_interfaces/hook/cmake_prefix_path.dsv'
[8.531s] INFO:colcon.colcon_core.shell:Creating environment hook '/home/jan/dev/ros2_home_auto/install/custom_interfaces/share/custom_interfaces/hook/cmake_prefix_path.sh'
[8.532s] Level 1:colcon.colcon_core.environment:checking '/home/jan/dev/ros2_home_auto/install/custom_interfaces/lib'
[8.532s] Level 1:colcon.colcon_core.shell:create_environment_hook('custom_interfaces', 'ld_library_path_lib')
[8.547s] INFO:colcon.colcon_core.shell:Creating environment hook '/home/jan/dev/ros2_home_auto/install/custom_interfaces/share/custom_interfaces/hook/ld_library_path_lib.ps1'
[8.547s] INFO:colcon.colcon_core.shell:Creating environment descriptor '/home/jan/dev/ros2_home_auto/install/custom_interfaces/share/custom_interfaces/hook/ld_library_path_lib.dsv'
[8.548s] INFO:colcon.colcon_core.shell:Creating environment hook '/home/jan/dev/ros2_home_auto/install/custom_interfaces/share/custom_interfaces/hook/ld_library_path_lib.sh'
[8.548s] Level 1:colcon.colcon_core.environment:checking '/home/jan/dev/ros2_home_auto/install/custom_interfaces/bin'
[8.548s] Level 1:colcon.colcon_core.environment:checking '/home/jan/dev/ros2_home_auto/install/custom_interfaces/lib/pkgconfig/custom_interfaces.pc'
[8.548s] Level 1:colcon.colcon_core.environment:checking '/home/jan/dev/ros2_home_auto/install/custom_interfaces/lib/python3.10/site-packages'
[8.548s] Level 1:colcon.colcon_core.environment:checking '/home/jan/dev/ros2_home_auto/install/custom_interfaces/bin'
[8.562s] INFO:colcon.colcon_core.shell:Creating package script '/home/jan/dev/ros2_home_auto/install/custom_interfaces/share/custom_interfaces/package.ps1'
[8.563s] INFO:colcon.colcon_core.shell:Creating package descriptor '/home/jan/dev/ros2_home_auto/install/custom_interfaces/share/custom_interfaces/package.dsv'
[8.563s] INFO:colcon.colcon_core.shell:Creating package script '/home/jan/dev/ros2_home_auto/install/custom_interfaces/share/custom_interfaces/package.sh'
[8.564s] INFO:colcon.colcon_core.shell:Creating package script '/home/jan/dev/ros2_home_auto/install/custom_interfaces/share/custom_interfaces/package.bash'
[8.564s] INFO:colcon.colcon_core.shell:Creating package script '/home/jan/dev/ros2_home_auto/install/custom_interfaces/share/custom_interfaces/package.zsh'
[8.564s] Level 1:colcon.colcon_core.environment:create_file_with_runtime_dependencies(/home/jan/dev/ros2_home_auto/install/custom_interfaces/share/colcon-core/packages/custom_interfaces)
[8.564s] DEBUG:colcon.colcon_parallel_executor.executor.parallel:closing loop
[8.565s] DEBUG:colcon.colcon_parallel_executor.executor.parallel:loop closed
[8.565s] DEBUG:colcon.colcon_parallel_executor.executor.parallel:run_until_complete finished with '0'
[8.565s] DEBUG:colcon.colcon_core.event_reactor:joining thread
[8.598s] INFO:colcon.colcon_core.plugin_system:Skipping extension 'colcon_notification.desktop_notification.terminal_notifier': Not used on non-Darwin systems
[8.599s] INFO:colcon.colcon_core.plugin_system:Skipping extension 'colcon_notification.desktop_notification.win32': Not used on non-Windows systems
[8.599s] INFO:colcon.colcon_notification.desktop_notification:Sending desktop notification using 'notify2'
[8.625s] DEBUG:colcon.colcon_core.event_reactor:joined thread
[8.641s] INFO:colcon.colcon_core.shell:Creating prefix script '/home/jan/dev/ros2_home_auto/install/local_setup.ps1'
[8.642s] INFO:colcon.colcon_core.shell:Creating prefix util module '/home/jan/dev/ros2_home_auto/install/_local_setup_util_ps1.py'
[8.643s] INFO:colcon.colcon_core.shell:Creating prefix chain script '/home/jan/dev/ros2_home_auto/install/setup.ps1'
[8.660s] INFO:colcon.colcon_core.shell:Creating prefix script '/home/jan/dev/ros2_home_auto/install/local_setup.sh'
[8.660s] INFO:colcon.colcon_core.shell:Creating prefix util module '/home/jan/dev/ros2_home_auto/install/_local_setup_util_sh.py'
[8.660s] INFO:colcon.colcon_core.shell:Creating prefix chain script '/home/jan/dev/ros2_home_auto/install/setup.sh'
[8.676s] INFO:colcon.colcon_core.shell:Creating prefix script '/home/jan/dev/ros2_home_auto/install/local_setup.bash'
[8.677s] INFO:colcon.colcon_core.shell:Creating prefix chain script '/home/jan/dev/ros2_home_auto/install/setup.bash'
[8.693s] INFO:colcon.colcon_core.shell:Creating prefix script '/home/jan/dev/ros2_home_auto/install/local_setup.zsh'
[8.693s] INFO:colcon.colcon_core.shell:Creating prefix chain script '/home/jan/dev/ros2_home_auto/install/setup.zsh'
