running egg_info
writing ../../build/led_control/led_control.egg-info/PKG-INFO
writing dependency_links to ../../build/led_control/led_control.egg-info/dependency_links.txt
writing entry points to ../../build/led_control/led_control.egg-info/entry_points.txt
writing requirements to ../../build/led_control/led_control.egg-info/requires.txt
writing top-level names to ../../build/led_control/led_control.egg-info/top_level.txt
reading manifest file '../../build/led_control/led_control.egg-info/SOURCES.txt'
adding license file 'LICENSE'
writing manifest file '../../build/led_control/led_control.egg-info/SOURCES.txt'
running build
running build_py
running install
running install_lib
running install_data
running install_egg_info
removing '/home/jan/dev/ros2_home_auto/install/led_control/lib/python3.10/site-packages/led_control-0.0.0-py3.10.egg-info' (and everything under it)
Copying ../../build/led_control/led_control.egg-info to /home/jan/dev/ros2_home_auto/install/led_control/lib/python3.10/site-packages/led_control-0.0.0-py3.10.egg-info
running install_scripts
Installing led_control_server script to /home/jan/dev/ros2_home_auto/install/led_control/lib/led_control
Installing other_file.py script to /home/jan/dev/ros2_home_auto/install/led_control/lib/led_control
writing list of installed files to '/home/jan/dev/ros2_home_auto/build/led_control/install.log'
