[0.140s] Invoking command in '/home/jan/dev/ros2_home_auto/build/custom_interfaces': CMAKE_PREFIX_PATH=${CMAKE_PREFIX_PATH}:/home/jan/dev/ros2_home_auto/install/led_control:/opt/ros/humble /usr/bin/cmake --build /home/jan/dev/ros2_home_auto/build/custom_interfaces -- -j12 -l12
[0.160s] -- Found ament_cmake: 1.3.8 (/opt/ros/humble/share/ament_cmake/cmake)
[0.281s] -- Found rosidl_default_generators: 1.2.0 (/opt/ros/humble/share/rosidl_default_generators/cmake)
[0.284s] -- Using all available rosidl_typesupport_c: rosidl_typesupport_fastrtps_c;rosidl_typesupport_introspection_c
[0.290s] -- Found rosidl_adapter: 3.1.5 (/opt/ros/humble/share/rosidl_adapter/cmake)
[0.342s] -- Using all available rosidl_typesupport_cpp: rosidl_typesupport_fastrtps_cpp;rosidl_typesupport_introspection_cpp
[0.615s] -- Found ament_cmake_ros: 0.10.0 (/opt/ros/humble/share/ament_cmake_ros/cmake)
[0.808s] -- Using all available rosidl_typesupport_c: rosidl_typesupport_fastrtps_c;rosidl_typesupport_introspection_c
[1.029s] -- Using all available rosidl_typesupport_cpp: rosidl_typesupport_fastrtps_cpp;rosidl_typesupport_introspection_cpp
[1.049s] -- Found python_cmake_module: 0.10.0 (/opt/ros/humble/share/python_cmake_module/cmake)
[1.073s] -- Using PYTHON_EXECUTABLE: /usr/bin/python3
[1.073s] -- Using PYTHON_INCLUDE_DIRS: /usr/include/python3.10
[1.073s] -- Using PYTHON_LIBRARIES: /usr/lib/x86_64-linux-gnu/libpython3.10.so
[1.082s] -- Found ament_lint_auto: 0.12.10 (/opt/ros/humble/share/ament_lint_auto/cmake)
[1.091s] -- Added test 'lint_cmake' to check CMake code style
[1.091s] -- Added test 'xmllint' to check XML markup files
[1.093s] -- Configuring done
[1.136s] -- Generating done
[1.138s] -- Build files have been written to: /home/jan/dev/ros2_home_auto/build/custom_interfaces
[1.162s] [  2%] [34m[1mGenerating C code for ROS interfaces[0m
[1.169s] [  4%] [34m[1mGenerating C++ code for ROS interfaces[0m
[1.179s] [  4%] Built target ament_cmake_python_copy_custom_interfaces
[1.395s] running egg_info
[1.396s] writing custom_interfaces.egg-info/PKG-INFO
[1.396s] writing dependency_links to custom_interfaces.egg-info/dependency_links.txt
[1.396s] writing top-level names to custom_interfaces.egg-info/top_level.txt
[1.398s] reading manifest file 'custom_interfaces.egg-info/SOURCES.txt'
[1.399s] writing manifest file 'custom_interfaces.egg-info/SOURCES.txt'
[1.423s] [  4%] Built target ament_cmake_python_build_custom_interfaces_egg
[1.490s] [  4%] Built target custom_interfaces__cpp
[1.500s] [  6%] [34m[1mGenerating C++ type support dispatch for ROS interfaces[0m
[1.502s] [  8%] [34m[1mGenerating C++ introspection for ROS interfaces[0m
[1.502s] [ 10%] [34m[1mGenerating C++ type support for eProsima Fast-RTPS[0m
[1.507s] [35m[1mConsolidate compiler generated dependencies of target custom_interfaces__rosidl_generator_c[0m
[1.517s] [ 14%] [32mBuilding C object CMakeFiles/custom_interfaces__rosidl_generator_c.dir/rosidl_generator_c/custom_interfaces/msg/detail/color__functions.c.o[0m
[1.517s] [ 14%] [32mBuilding C object CMakeFiles/custom_interfaces__rosidl_generator_c.dir/rosidl_generator_c/custom_interfaces/srv/detail/set_colors__functions.c.o[0m
[1.520s] [ 17%] [32mBuilding C object CMakeFiles/custom_interfaces__rosidl_generator_c.dir/rosidl_generator_c/custom_interfaces/msg/detail/color_array__functions.c.o[0m
[1.564s] [ 19%] [32m[1mLinking C shared library libcustom_interfaces__rosidl_generator_c.so[0m
[1.594s] [ 19%] Built target custom_interfaces__rosidl_generator_c
[1.602s] [ 25%] [34m[1mGenerating C type support dispatch for ROS interfaces[0m
[1.602s] [ 25%] [34m[1mGenerating C type support for eProsima Fast-RTPS[0m
[1.602s] [ 25%] [34m[1mGenerating C introspection for ROS interfaces[0m
[1.752s] [35m[1mConsolidate compiler generated dependencies of target custom_interfaces__rosidl_typesupport_cpp[0m
[1.763s] [ 27%] [32mBuilding CXX object CMakeFiles/custom_interfaces__rosidl_typesupport_cpp.dir/rosidl_typesupport_cpp/custom_interfaces/msg/color__type_support.cpp.o[0m
[1.766s] [ 31%] [32mBuilding CXX object CMakeFiles/custom_interfaces__rosidl_typesupport_cpp.dir/rosidl_typesupport_cpp/custom_interfaces/srv/set_colors__type_support.cpp.o[0m
[1.766s] [ 31%] [32mBuilding CXX object CMakeFiles/custom_interfaces__rosidl_typesupport_cpp.dir/rosidl_typesupport_cpp/custom_interfaces/msg/color_array__type_support.cpp.o[0m
[1.798s] [35m[1mConsolidate compiler generated dependencies of target custom_interfaces__rosidl_typesupport_introspection_cpp[0m
[1.810s] [ 34%] [32mBuilding CXX object CMakeFiles/custom_interfaces__rosidl_typesupport_introspection_cpp.dir/rosidl_typesupport_introspection_cpp/custom_interfaces/msg/detail/color__type_support.cpp.o[0m
[1.813s] [ 36%] [32mBuilding CXX object CMakeFiles/custom_interfaces__rosidl_typesupport_introspection_cpp.dir/rosidl_typesupport_introspection_cpp/custom_interfaces/srv/detail/set_colors__type_support.cpp.o[0m
[1.813s] [ 38%] [32mBuilding CXX object CMakeFiles/custom_interfaces__rosidl_typesupport_introspection_cpp.dir/rosidl_typesupport_introspection_cpp/custom_interfaces/msg/detail/color_array__type_support.cpp.o[0m
[1.837s] [35m[1mConsolidate compiler generated dependencies of target custom_interfaces__rosidl_typesupport_fastrtps_cpp[0m
[1.854s] [ 40%] [32mBuilding CXX object CMakeFiles/custom_interfaces__rosidl_typesupport_fastrtps_cpp.dir/rosidl_typesupport_fastrtps_cpp/custom_interfaces/msg/detail/dds_fastrtps/color__type_support.cpp.o[0m
[1.854s] [ 42%] [32mBuilding CXX object CMakeFiles/custom_interfaces__rosidl_typesupport_fastrtps_cpp.dir/rosidl_typesupport_fastrtps_cpp/custom_interfaces/msg/detail/dds_fastrtps/color_array__type_support.cpp.o[0m
[1.862s] [ 44%] [32mBuilding CXX object CMakeFiles/custom_interfaces__rosidl_typesupport_fastrtps_cpp.dir/rosidl_typesupport_fastrtps_cpp/custom_interfaces/srv/detail/dds_fastrtps/set_colors__type_support.cpp.o[0m
[1.916s] [35m[1mConsolidate compiler generated dependencies of target custom_interfaces__rosidl_typesupport_c[0m
[1.931s] [ 46%] [32mBuilding CXX object CMakeFiles/custom_interfaces__rosidl_typesupport_c.dir/rosidl_typesupport_c/custom_interfaces/msg/color__type_support.cpp.o[0m
[1.973s] [ 48%] [32mBuilding CXX object CMakeFiles/custom_interfaces__rosidl_typesupport_c.dir/rosidl_typesupport_c/custom_interfaces/msg/color_array__type_support.cpp.o[0m
[2.013s] [ 51%] [32mBuilding CXX object CMakeFiles/custom_interfaces__rosidl_typesupport_c.dir/rosidl_typesupport_c/custom_interfaces/srv/set_colors__type_support.cpp.o[0m
[2.049s] [35m[1mConsolidate compiler generated dependencies of target custom_interfaces__rosidl_typesupport_introspection_c[0m
[2.054s] [ 53%] [32m[1mLinking CXX shared library libcustom_interfaces__rosidl_typesupport_c.so[0m
[2.061s] [35m[1mConsolidate compiler generated dependencies of target custom_interfaces__rosidl_typesupport_fastrtps_c[0m
[2.065s] [ 55%] [32mBuilding C object CMakeFiles/custom_interfaces__rosidl_typesupport_introspection_c.dir/rosidl_typesupport_introspection_c/custom_interfaces/msg/detail/color__type_support.c.o[0m
[2.078s] [ 57%] [32mBuilding CXX object CMakeFiles/custom_interfaces__rosidl_typesupport_fastrtps_c.dir/rosidl_typesupport_fastrtps_c/custom_interfaces/msg/detail/color__type_support_c.cpp.o[0m
[2.110s] [ 59%] [32mBuilding C object CMakeFiles/custom_interfaces__rosidl_typesupport_introspection_c.dir/rosidl_typesupport_introspection_c/custom_interfaces/msg/detail/color_array__type_support.c.o[0m
[2.110s] [ 59%] Built target custom_interfaces__rosidl_typesupport_c
[2.122s] [ 61%] [32mBuilding C object CMakeFiles/custom_interfaces__rosidl_typesupport_introspection_c.dir/rosidl_typesupport_introspection_c/custom_interfaces/srv/detail/set_colors__type_support.c.o[0m
[2.134s] [ 63%] [32mBuilding CXX object CMakeFiles/custom_interfaces__rosidl_typesupport_fastrtps_c.dir/rosidl_typesupport_fastrtps_c/custom_interfaces/msg/detail/color_array__type_support_c.cpp.o[0m
[2.147s] [ 65%] [32mBuilding CXX object CMakeFiles/custom_interfaces__rosidl_typesupport_fastrtps_c.dir/rosidl_typesupport_fastrtps_c/custom_interfaces/srv/detail/set_colors__type_support_c.cpp.o[0m
[2.151s] [ 68%] [32m[1mLinking CXX shared library libcustom_interfaces__rosidl_typesupport_cpp.so[0m
[2.172s] [ 70%] [32m[1mLinking C shared library libcustom_interfaces__rosidl_typesupport_introspection_c.so[0m
[2.198s] [ 70%] Built target custom_interfaces__rosidl_typesupport_cpp
[2.213s] [ 70%] Built target custom_interfaces__rosidl_typesupport_introspection_c
[2.400s] [ 72%] [32m[1mLinking CXX shared library libcustom_interfaces__rosidl_typesupport_introspection_cpp.so[0m
[2.463s] [ 72%] Built target custom_interfaces__rosidl_typesupport_introspection_cpp
[2.477s] [ 74%] [32m[1mLinking CXX shared library libcustom_interfaces__rosidl_typesupport_fastrtps_cpp.so[0m
[2.537s] [ 74%] Built target custom_interfaces__rosidl_typesupport_fastrtps_cpp
[2.570s] [ 76%] [32m[1mLinking CXX shared library libcustom_interfaces__rosidl_typesupport_fastrtps_c.so[0m
[2.629s] [ 76%] Built target custom_interfaces__rosidl_typesupport_fastrtps_c
[2.644s] [ 76%] Built target custom_interfaces
[2.661s] [ 78%] [34m[1mGenerating Python code for ROS interfaces[0m
[3.140s] [ 78%] Built target custom_interfaces__py
[3.150s] [35m[1mConsolidate compiler generated dependencies of target custom_interfaces__rosidl_generator_py[0m
[3.162s] [ 80%] [32mBuilding C object CMakeFiles/custom_interfaces__rosidl_generator_py.dir/rosidl_generator_py/custom_interfaces/msg/_color_s.c.o[0m
[3.163s] [ 82%] [32mBuilding C object CMakeFiles/custom_interfaces__rosidl_generator_py.dir/rosidl_generator_py/custom_interfaces/srv/_set_colors_s.c.o[0m
[3.164s] [ 85%] [32mBuilding C object CMakeFiles/custom_interfaces__rosidl_generator_py.dir/rosidl_generator_py/custom_interfaces/msg/_color_array_s.c.o[0m
[3.256s] [ 87%] [32m[1mLinking C shared library rosidl_generator_py/custom_interfaces/libcustom_interfaces__rosidl_generator_py.so[0m
[3.295s] [ 87%] Built target custom_interfaces__rosidl_generator_py
[3.304s] [35m[1mConsolidate compiler generated dependencies of target custom_interfaces__rosidl_typesupport_introspection_c__pyext[0m
[3.304s] [35m[1mConsolidate compiler generated dependencies of target custom_interfaces__rosidl_typesupport_c__pyext[0m
[3.304s] [35m[1mConsolidate compiler generated dependencies of target custom_interfaces__rosidl_typesupport_fastrtps_c__pyext[0m
[3.315s] [ 91%] [32mBuilding C object CMakeFiles/custom_interfaces__rosidl_typesupport_c__pyext.dir/rosidl_generator_py/custom_interfaces/_custom_interfaces_s.ep.rosidl_typesupport_c.c.o[0m
[3.315s] [ 91%] [32mBuilding C object CMakeFiles/custom_interfaces__rosidl_typesupport_introspection_c__pyext.dir/rosidl_generator_py/custom_interfaces/_custom_interfaces_s.ep.rosidl_typesupport_introspection_c.c.o[0m
[3.315s] [ 93%] [32mBuilding C object CMakeFiles/custom_interfaces__rosidl_typesupport_fastrtps_c__pyext.dir/rosidl_generator_py/custom_interfaces/_custom_interfaces_s.ep.rosidl_typesupport_fastrtps_c.c.o[0m
[3.400s] [ 95%] [32m[1mLinking C shared library rosidl_generator_py/custom_interfaces/custom_interfaces_s__rosidl_typesupport_introspection_c.cpython-310-x86_64-linux-gnu.so[0m
[3.400s] [ 97%] [32m[1mLinking C shared library rosidl_generator_py/custom_interfaces/custom_interfaces_s__rosidl_typesupport_c.cpython-310-x86_64-linux-gnu.so[0m
[3.403s] [100%] [32m[1mLinking C shared library rosidl_generator_py/custom_interfaces/custom_interfaces_s__rosidl_typesupport_fastrtps_c.cpython-310-x86_64-linux-gnu.so[0m
[3.427s] [100%] Built target custom_interfaces__rosidl_typesupport_introspection_c__pyext
[3.427s] [100%] Built target custom_interfaces__rosidl_typesupport_c__pyext
[3.429s] [100%] Built target custom_interfaces__rosidl_typesupport_fastrtps_c__pyext
[3.438s] Invoked command in '/home/jan/dev/ros2_home_auto/build/custom_interfaces' returned '0': CMAKE_PREFIX_PATH=${CMAKE_PREFIX_PATH}:/home/jan/dev/ros2_home_auto/install/led_control:/opt/ros/humble /usr/bin/cmake --build /home/jan/dev/ros2_home_auto/build/custom_interfaces -- -j12 -l12
[3.516s] Invoking command in '/home/jan/dev/ros2_home_auto/build/custom_interfaces': CMAKE_PREFIX_PATH=${CMAKE_PREFIX_PATH}:/home/jan/dev/ros2_home_auto/install/led_control:/opt/ros/humble /usr/bin/cmake --install /home/jan/dev/ros2_home_auto/build/custom_interfaces
[3.522s] -- Install configuration: ""
[3.522s] -- Installing: /home/jan/dev/ros2_home_auto/install/custom_interfaces/share/ament_index/resource_index/rosidl_interfaces/custom_interfaces
[3.522s] -- Up-to-date: /home/jan/dev/ros2_home_auto/install/custom_interfaces/include/custom_interfaces/custom_interfaces
[3.522s] -- Up-to-date: /home/jan/dev/ros2_home_auto/install/custom_interfaces/include/custom_interfaces/custom_interfaces/msg
[3.522s] -- Installing: /home/jan/dev/ros2_home_auto/install/custom_interfaces/include/custom_interfaces/custom_interfaces/msg/color_array.h
[3.522s] -- Up-to-date: /home/jan/dev/ros2_home_auto/install/custom_interfaces/include/custom_interfaces/custom_interfaces/msg/detail
[3.522s] -- Installing: /home/jan/dev/ros2_home_auto/install/custom_interfaces/include/custom_interfaces/custom_interfaces/msg/detail/color_array__type_support.h
[3.523s] -- Installing: /home/jan/dev/ros2_home_auto/install/custom_interfaces/include/custom_interfaces/custom_interfaces/msg/detail/color__type_support.h
[3.523s] -- Installing: /home/jan/dev/ros2_home_auto/install/custom_interfaces/include/custom_interfaces/custom_interfaces/msg/detail/color_array__functions.h
[3.523s] -- Installing: /home/jan/dev/ros2_home_auto/install/custom_interfaces/include/custom_interfaces/custom_interfaces/msg/detail/color_array__functions.c
[3.523s] -- Installing: /home/jan/dev/ros2_home_auto/install/custom_interfaces/include/custom_interfaces/custom_interfaces/msg/detail/color__functions.c
[3.523s] -- Installing: /home/jan/dev/ros2_home_auto/install/custom_interfaces/include/custom_interfaces/custom_interfaces/msg/detail/color__struct.h
[3.523s] -- Installing: /home/jan/dev/ros2_home_auto/install/custom_interfaces/include/custom_interfaces/custom_interfaces/msg/detail/color_array__struct.h
[3.523s] -- Installing: /home/jan/dev/ros2_home_auto/install/custom_interfaces/include/custom_interfaces/custom_interfaces/msg/detail/color__functions.h
[3.523s] -- Installing: /home/jan/dev/ros2_home_auto/install/custom_interfaces/include/custom_interfaces/custom_interfaces/msg/color.h
[3.523s] -- Up-to-date: /home/jan/dev/ros2_home_auto/install/custom_interfaces/include/custom_interfaces/custom_interfaces/msg/rosidl_generator_c__visibility_control.h
[3.523s] -- Up-to-date: /home/jan/dev/ros2_home_auto/install/custom_interfaces/include/custom_interfaces/custom_interfaces/srv
[3.524s] -- Installing: /home/jan/dev/ros2_home_auto/install/custom_interfaces/include/custom_interfaces/custom_interfaces/srv/set_colors.h
[3.524s] -- Up-to-date: /home/jan/dev/ros2_home_auto/install/custom_interfaces/include/custom_interfaces/custom_interfaces/srv/set_color.h
[3.524s] -- Up-to-date: /home/jan/dev/ros2_home_auto/install/custom_interfaces/include/custom_interfaces/custom_interfaces/srv/detail
[3.524s] -- Installing: /home/jan/dev/ros2_home_auto/install/custom_interfaces/include/custom_interfaces/custom_interfaces/srv/detail/set_colors__type_support.h
[3.524s] -- Installing: /home/jan/dev/ros2_home_auto/install/custom_interfaces/include/custom_interfaces/custom_interfaces/srv/detail/set_colors__functions.h
[3.524s] -- Up-to-date: /home/jan/dev/ros2_home_auto/install/custom_interfaces/include/custom_interfaces/custom_interfaces/srv/detail/set_color__struct.h
[3.524s] -- Up-to-date: /home/jan/dev/ros2_home_auto/install/custom_interfaces/include/custom_interfaces/custom_interfaces/srv/detail/set_color__type_support.h
[3.524s] -- Up-to-date: /home/jan/dev/ros2_home_auto/install/custom_interfaces/include/custom_interfaces/custom_interfaces/srv/detail/set_color__functions.h
[3.524s] -- Installing: /home/jan/dev/ros2_home_auto/install/custom_interfaces/include/custom_interfaces/custom_interfaces/srv/detail/set_colors__struct.h
[3.524s] -- Up-to-date: /home/jan/dev/ros2_home_auto/install/custom_interfaces/include/custom_interfaces/custom_interfaces/srv/detail/set_color__functions.c
[3.524s] -- Installing: /home/jan/dev/ros2_home_auto/install/custom_interfaces/include/custom_interfaces/custom_interfaces/srv/detail/set_colors__functions.c
[3.524s] -- Up-to-date: /home/jan/dev/ros2_home_auto/install/custom_interfaces/share/custom_interfaces/environment/library_path.sh
[3.524s] -- Installing: /home/jan/dev/ros2_home_auto/install/custom_interfaces/share/custom_interfaces/environment/library_path.dsv
[3.525s] -- Installing: /home/jan/dev/ros2_home_auto/install/custom_interfaces/lib/libcustom_interfaces__rosidl_generator_c.so
[3.525s] -- Set runtime path of "/home/jan/dev/ros2_home_auto/install/custom_interfaces/lib/libcustom_interfaces__rosidl_generator_c.so" to ""
[3.525s] -- Up-to-date: /home/jan/dev/ros2_home_auto/install/custom_interfaces/include/custom_interfaces/custom_interfaces
[3.525s] -- Up-to-date: /home/jan/dev/ros2_home_auto/install/custom_interfaces/include/custom_interfaces/custom_interfaces/msg
[3.525s] -- Up-to-date: /home/jan/dev/ros2_home_auto/install/custom_interfaces/include/custom_interfaces/custom_interfaces/msg/detail
[3.525s] -- Installing: /home/jan/dev/ros2_home_auto/install/custom_interfaces/include/custom_interfaces/custom_interfaces/msg/detail/color_array__rosidl_typesupport_fastrtps_c.h
[3.526s] -- Installing: /home/jan/dev/ros2_home_auto/install/custom_interfaces/include/custom_interfaces/custom_interfaces/msg/detail/color__rosidl_typesupport_fastrtps_c.h
[3.526s] -- Up-to-date: /home/jan/dev/ros2_home_auto/install/custom_interfaces/include/custom_interfaces/custom_interfaces/msg/rosidl_typesupport_fastrtps_c__visibility_control.h
[3.526s] -- Up-to-date: /home/jan/dev/ros2_home_auto/install/custom_interfaces/include/custom_interfaces/custom_interfaces/srv
[3.526s] -- Up-to-date: /home/jan/dev/ros2_home_auto/install/custom_interfaces/include/custom_interfaces/custom_interfaces/srv/detail
[3.526s] -- Up-to-date: /home/jan/dev/ros2_home_auto/install/custom_interfaces/include/custom_interfaces/custom_interfaces/srv/detail/set_color__rosidl_typesupport_fastrtps_c.h
[3.526s] -- Installing: /home/jan/dev/ros2_home_auto/install/custom_interfaces/include/custom_interfaces/custom_interfaces/srv/detail/set_colors__rosidl_typesupport_fastrtps_c.h
[3.526s] -- Installing: /home/jan/dev/ros2_home_auto/install/custom_interfaces/lib/libcustom_interfaces__rosidl_typesupport_fastrtps_c.so
[3.526s] -- Set runtime path of "/home/jan/dev/ros2_home_auto/install/custom_interfaces/lib/libcustom_interfaces__rosidl_typesupport_fastrtps_c.so" to ""
[3.526s] -- Up-to-date: /home/jan/dev/ros2_home_auto/install/custom_interfaces/include/custom_interfaces/custom_interfaces
[3.526s] -- Up-to-date: /home/jan/dev/ros2_home_auto/install/custom_interfaces/include/custom_interfaces/custom_interfaces/msg
[3.526s] -- Up-to-date: /home/jan/dev/ros2_home_auto/install/custom_interfaces/include/custom_interfaces/custom_interfaces/msg/rosidl_typesupport_introspection_c__visibility_control.h
[3.526s] -- Up-to-date: /home/jan/dev/ros2_home_auto/install/custom_interfaces/include/custom_interfaces/custom_interfaces/msg/detail
[3.527s] -- Installing: /home/jan/dev/ros2_home_auto/install/custom_interfaces/include/custom_interfaces/custom_interfaces/msg/detail/color__rosidl_typesupport_introspection_c.h
[3.527s] -- Installing: /home/jan/dev/ros2_home_auto/install/custom_interfaces/include/custom_interfaces/custom_interfaces/msg/detail/color_array__rosidl_typesupport_introspection_c.h
[3.527s] -- Installing: /home/jan/dev/ros2_home_auto/install/custom_interfaces/include/custom_interfaces/custom_interfaces/msg/detail/color__type_support.c
[3.527s] -- Installing: /home/jan/dev/ros2_home_auto/install/custom_interfaces/include/custom_interfaces/custom_interfaces/msg/detail/color_array__type_support.c
[3.527s] -- Up-to-date: /home/jan/dev/ros2_home_auto/install/custom_interfaces/include/custom_interfaces/custom_interfaces/srv
[3.527s] -- Up-to-date: /home/jan/dev/ros2_home_auto/install/custom_interfaces/include/custom_interfaces/custom_interfaces/srv/detail
[3.527s] -- Installing: /home/jan/dev/ros2_home_auto/install/custom_interfaces/include/custom_interfaces/custom_interfaces/srv/detail/set_colors__type_support.c
[3.527s] -- Up-to-date: /home/jan/dev/ros2_home_auto/install/custom_interfaces/include/custom_interfaces/custom_interfaces/srv/detail/set_color__type_support.c
[3.527s] -- Up-to-date: /home/jan/dev/ros2_home_auto/install/custom_interfaces/include/custom_interfaces/custom_interfaces/srv/detail/set_color__rosidl_typesupport_introspection_c.h
[3.527s] -- Installing: /home/jan/dev/ros2_home_auto/install/custom_interfaces/include/custom_interfaces/custom_interfaces/srv/detail/set_colors__rosidl_typesupport_introspection_c.h
[3.527s] -- Installing: /home/jan/dev/ros2_home_auto/install/custom_interfaces/lib/libcustom_interfaces__rosidl_typesupport_introspection_c.so
[3.527s] -- Set runtime path of "/home/jan/dev/ros2_home_auto/install/custom_interfaces/lib/libcustom_interfaces__rosidl_typesupport_introspection_c.so" to ""
[3.528s] -- Installing: /home/jan/dev/ros2_home_auto/install/custom_interfaces/lib/libcustom_interfaces__rosidl_typesupport_c.so
[3.528s] -- Set runtime path of "/home/jan/dev/ros2_home_auto/install/custom_interfaces/lib/libcustom_interfaces__rosidl_typesupport_c.so" to ""
[3.528s] -- Up-to-date: /home/jan/dev/ros2_home_auto/install/custom_interfaces/include/custom_interfaces/custom_interfaces
[3.528s] -- Up-to-date: /home/jan/dev/ros2_home_auto/install/custom_interfaces/include/custom_interfaces/custom_interfaces/msg
[3.528s] -- Installing: /home/jan/dev/ros2_home_auto/install/custom_interfaces/include/custom_interfaces/custom_interfaces/msg/color.hpp
[3.528s] -- Up-to-date: /home/jan/dev/ros2_home_auto/install/custom_interfaces/include/custom_interfaces/custom_interfaces/msg/detail
[3.528s] -- Installing: /home/jan/dev/ros2_home_auto/install/custom_interfaces/include/custom_interfaces/custom_interfaces/msg/detail/color_array__traits.hpp
[3.528s] -- Installing: /home/jan/dev/ros2_home_auto/install/custom_interfaces/include/custom_interfaces/custom_interfaces/msg/detail/color_array__builder.hpp
[3.528s] -- Installing: /home/jan/dev/ros2_home_auto/install/custom_interfaces/include/custom_interfaces/custom_interfaces/msg/detail/color__traits.hpp
[3.528s] -- Installing: /home/jan/dev/ros2_home_auto/install/custom_interfaces/include/custom_interfaces/custom_interfaces/msg/detail/color__struct.hpp
[3.529s] -- Installing: /home/jan/dev/ros2_home_auto/install/custom_interfaces/include/custom_interfaces/custom_interfaces/msg/detail/color__builder.hpp
[3.529s] -- Installing: /home/jan/dev/ros2_home_auto/install/custom_interfaces/include/custom_interfaces/custom_interfaces/msg/detail/color_array__struct.hpp
[3.529s] -- Installing: /home/jan/dev/ros2_home_auto/install/custom_interfaces/include/custom_interfaces/custom_interfaces/msg/color_array.hpp
[3.529s] -- Up-to-date: /home/jan/dev/ros2_home_auto/install/custom_interfaces/include/custom_interfaces/custom_interfaces/srv
[3.529s] -- Up-to-date: /home/jan/dev/ros2_home_auto/install/custom_interfaces/include/custom_interfaces/custom_interfaces/srv/set_color.hpp
[3.529s] -- Up-to-date: /home/jan/dev/ros2_home_auto/install/custom_interfaces/include/custom_interfaces/custom_interfaces/srv/detail
[3.529s] -- Installing: /home/jan/dev/ros2_home_auto/install/custom_interfaces/include/custom_interfaces/custom_interfaces/srv/detail/set_colors__struct.hpp
[3.529s] -- Up-to-date: /home/jan/dev/ros2_home_auto/install/custom_interfaces/include/custom_interfaces/custom_interfaces/srv/detail/set_color__builder.hpp
[3.529s] -- Up-to-date: /home/jan/dev/ros2_home_auto/install/custom_interfaces/include/custom_interfaces/custom_interfaces/srv/detail/set_color__traits.hpp
[3.529s] -- Installing: /home/jan/dev/ros2_home_auto/install/custom_interfaces/include/custom_interfaces/custom_interfaces/srv/detail/set_colors__traits.hpp
[3.529s] -- Installing: /home/jan/dev/ros2_home_auto/install/custom_interfaces/include/custom_interfaces/custom_interfaces/srv/detail/set_colors__builder.hpp
[3.529s] -- Up-to-date: /home/jan/dev/ros2_home_auto/install/custom_interfaces/include/custom_interfaces/custom_interfaces/srv/detail/set_color__struct.hpp
[3.530s] -- Installing: /home/jan/dev/ros2_home_auto/install/custom_interfaces/include/custom_interfaces/custom_interfaces/srv/set_colors.hpp
[3.530s] -- Up-to-date: /home/jan/dev/ros2_home_auto/install/custom_interfaces/include/custom_interfaces/custom_interfaces
[3.530s] -- Up-to-date: /home/jan/dev/ros2_home_auto/install/custom_interfaces/include/custom_interfaces/custom_interfaces/msg
[3.530s] -- Up-to-date: /home/jan/dev/ros2_home_auto/install/custom_interfaces/include/custom_interfaces/custom_interfaces/msg/rosidl_typesupport_fastrtps_cpp__visibility_control.h
[3.530s] -- Up-to-date: /home/jan/dev/ros2_home_auto/install/custom_interfaces/include/custom_interfaces/custom_interfaces/msg/detail
[3.530s] -- Installing: /home/jan/dev/ros2_home_auto/install/custom_interfaces/include/custom_interfaces/custom_interfaces/msg/detail/color_array__rosidl_typesupport_fastrtps_cpp.hpp
[3.530s] -- Installing: /home/jan/dev/ros2_home_auto/install/custom_interfaces/include/custom_interfaces/custom_interfaces/msg/detail/color__rosidl_typesupport_fastrtps_cpp.hpp
[3.530s] -- Up-to-date: /home/jan/dev/ros2_home_auto/install/custom_interfaces/include/custom_interfaces/custom_interfaces/msg/detail/dds_fastrtps
[3.530s] -- Up-to-date: /home/jan/dev/ros2_home_auto/install/custom_interfaces/include/custom_interfaces/custom_interfaces/srv
[3.530s] -- Up-to-date: /home/jan/dev/ros2_home_auto/install/custom_interfaces/include/custom_interfaces/custom_interfaces/srv/detail
[3.530s] -- Up-to-date: /home/jan/dev/ros2_home_auto/install/custom_interfaces/include/custom_interfaces/custom_interfaces/srv/detail/set_color__rosidl_typesupport_fastrtps_cpp.hpp
[3.530s] -- Installing: /home/jan/dev/ros2_home_auto/install/custom_interfaces/include/custom_interfaces/custom_interfaces/srv/detail/set_colors__rosidl_typesupport_fastrtps_cpp.hpp
[3.530s] -- Up-to-date: /home/jan/dev/ros2_home_auto/install/custom_interfaces/include/custom_interfaces/custom_interfaces/srv/detail/dds_fastrtps
[3.530s] -- Installing: /home/jan/dev/ros2_home_auto/install/custom_interfaces/lib/libcustom_interfaces__rosidl_typesupport_fastrtps_cpp.so
[3.530s] -- Set runtime path of "/home/jan/dev/ros2_home_auto/install/custom_interfaces/lib/libcustom_interfaces__rosidl_typesupport_fastrtps_cpp.so" to ""
[3.530s] -- Up-to-date: /home/jan/dev/ros2_home_auto/install/custom_interfaces/include/custom_interfaces/custom_interfaces
[3.531s] -- Up-to-date: /home/jan/dev/ros2_home_auto/install/custom_interfaces/include/custom_interfaces/custom_interfaces/msg
[3.531s] -- Up-to-date: /home/jan/dev/ros2_home_auto/install/custom_interfaces/include/custom_interfaces/custom_interfaces/msg/detail
[3.531s] -- Installing: /home/jan/dev/ros2_home_auto/install/custom_interfaces/include/custom_interfaces/custom_interfaces/msg/detail/color_array__rosidl_typesupport_introspection_cpp.hpp
[3.531s] -- Installing: /home/jan/dev/ros2_home_auto/install/custom_interfaces/include/custom_interfaces/custom_interfaces/msg/detail/color_array__type_support.cpp
[3.531s] -- Installing: /home/jan/dev/ros2_home_auto/install/custom_interfaces/include/custom_interfaces/custom_interfaces/msg/detail/color__rosidl_typesupport_introspection_cpp.hpp
[3.531s] -- Installing: /home/jan/dev/ros2_home_auto/install/custom_interfaces/include/custom_interfaces/custom_interfaces/msg/detail/color__type_support.cpp
[3.531s] -- Up-to-date: /home/jan/dev/ros2_home_auto/install/custom_interfaces/include/custom_interfaces/custom_interfaces/srv
[3.531s] -- Up-to-date: /home/jan/dev/ros2_home_auto/install/custom_interfaces/include/custom_interfaces/custom_interfaces/srv/detail
[3.531s] -- Up-to-date: /home/jan/dev/ros2_home_auto/install/custom_interfaces/include/custom_interfaces/custom_interfaces/srv/detail/set_color__rosidl_typesupport_introspection_cpp.hpp
[3.531s] -- Installing: /home/jan/dev/ros2_home_auto/install/custom_interfaces/include/custom_interfaces/custom_interfaces/srv/detail/set_colors__rosidl_typesupport_introspection_cpp.hpp
[3.531s] -- Installing: /home/jan/dev/ros2_home_auto/install/custom_interfaces/include/custom_interfaces/custom_interfaces/srv/detail/set_colors__type_support.cpp
[3.531s] -- Up-to-date: /home/jan/dev/ros2_home_auto/install/custom_interfaces/include/custom_interfaces/custom_interfaces/srv/detail/set_color__type_support.cpp
[3.531s] -- Installing: /home/jan/dev/ros2_home_auto/install/custom_interfaces/lib/libcustom_interfaces__rosidl_typesupport_introspection_cpp.so
[3.532s] -- Set runtime path of "/home/jan/dev/ros2_home_auto/install/custom_interfaces/lib/libcustom_interfaces__rosidl_typesupport_introspection_cpp.so" to ""
[3.532s] -- Installing: /home/jan/dev/ros2_home_auto/install/custom_interfaces/lib/libcustom_interfaces__rosidl_typesupport_cpp.so
[3.532s] -- Set runtime path of "/home/jan/dev/ros2_home_auto/install/custom_interfaces/lib/libcustom_interfaces__rosidl_typesupport_cpp.so" to ""
[3.532s] -- Up-to-date: /home/jan/dev/ros2_home_auto/install/custom_interfaces/share/custom_interfaces/environment/pythonpath.sh
[3.532s] -- Installing: /home/jan/dev/ros2_home_auto/install/custom_interfaces/share/custom_interfaces/environment/pythonpath.dsv
[3.532s] -- Up-to-date: /home/jan/dev/ros2_home_auto/install/custom_interfaces/local/lib/python3.10/dist-packages/custom_interfaces-0.0.0-py3.10.egg-info
[3.532s] -- Installing: /home/jan/dev/ros2_home_auto/install/custom_interfaces/local/lib/python3.10/dist-packages/custom_interfaces-0.0.0-py3.10.egg-info/PKG-INFO
[3.532s] -- Installing: /home/jan/dev/ros2_home_auto/install/custom_interfaces/local/lib/python3.10/dist-packages/custom_interfaces-0.0.0-py3.10.egg-info/SOURCES.txt
[3.533s] -- Installing: /home/jan/dev/ros2_home_auto/install/custom_interfaces/local/lib/python3.10/dist-packages/custom_interfaces-0.0.0-py3.10.egg-info/top_level.txt
[3.533s] -- Installing: /home/jan/dev/ros2_home_auto/install/custom_interfaces/local/lib/python3.10/dist-packages/custom_interfaces-0.0.0-py3.10.egg-info/dependency_links.txt
[3.533s] -- Up-to-date: /home/jan/dev/ros2_home_auto/install/custom_interfaces/local/lib/python3.10/dist-packages/custom_interfaces
[3.533s] -- Installing: /home/jan/dev/ros2_home_auto/install/custom_interfaces/local/lib/python3.10/dist-packages/custom_interfaces/_custom_interfaces_s.ep.rosidl_typesupport_c.c
[3.533s] -- Up-to-date: /home/jan/dev/ros2_home_auto/install/custom_interfaces/local/lib/python3.10/dist-packages/custom_interfaces/msg
[3.533s] -- Installing: /home/jan/dev/ros2_home_auto/install/custom_interfaces/local/lib/python3.10/dist-packages/custom_interfaces/msg/_color.py
[3.533s] -- Installing: /home/jan/dev/ros2_home_auto/install/custom_interfaces/local/lib/python3.10/dist-packages/custom_interfaces/msg/__init__.py
[3.533s] -- Installing: /home/jan/dev/ros2_home_auto/install/custom_interfaces/local/lib/python3.10/dist-packages/custom_interfaces/msg/_color_s.c
[3.533s] -- Installing: /home/jan/dev/ros2_home_auto/install/custom_interfaces/local/lib/python3.10/dist-packages/custom_interfaces/msg/_color_array.py
[3.533s] -- Installing: /home/jan/dev/ros2_home_auto/install/custom_interfaces/local/lib/python3.10/dist-packages/custom_interfaces/msg/_color_array_s.c
[3.534s] -- Installing: /home/jan/dev/ros2_home_auto/install/custom_interfaces/local/lib/python3.10/dist-packages/custom_interfaces/_custom_interfaces_s.ep.rosidl_typesupport_fastrtps_c.c
[3.534s] -- Installing: /home/jan/dev/ros2_home_auto/install/custom_interfaces/local/lib/python3.10/dist-packages/custom_interfaces/__init__.py
[3.534s] -- Installing: /home/jan/dev/ros2_home_auto/install/custom_interfaces/local/lib/python3.10/dist-packages/custom_interfaces/libcustom_interfaces__rosidl_generator_py.so
[3.534s] -- Installing: /home/jan/dev/ros2_home_auto/install/custom_interfaces/local/lib/python3.10/dist-packages/custom_interfaces/custom_interfaces_s__rosidl_typesupport_fastrtps_c.cpython-310-x86_64-linux-gnu.so
[3.534s] -- Up-to-date: /home/jan/dev/ros2_home_auto/install/custom_interfaces/local/lib/python3.10/dist-packages/custom_interfaces/srv
[3.534s] -- Up-to-date: /home/jan/dev/ros2_home_auto/install/custom_interfaces/local/lib/python3.10/dist-packages/custom_interfaces/srv/_set_color.py
[3.534s] -- Installing: /home/jan/dev/ros2_home_auto/install/custom_interfaces/local/lib/python3.10/dist-packages/custom_interfaces/srv/__init__.py
[3.534s] -- Installing: /home/jan/dev/ros2_home_auto/install/custom_interfaces/local/lib/python3.10/dist-packages/custom_interfaces/srv/_set_colors_s.c
[3.534s] -- Installing: /home/jan/dev/ros2_home_auto/install/custom_interfaces/local/lib/python3.10/dist-packages/custom_interfaces/srv/_set_colors.py
[3.534s] -- Up-to-date: /home/jan/dev/ros2_home_auto/install/custom_interfaces/local/lib/python3.10/dist-packages/custom_interfaces/srv/_set_color_s.c
[3.535s] -- Installing: /home/jan/dev/ros2_home_auto/install/custom_interfaces/local/lib/python3.10/dist-packages/custom_interfaces/custom_interfaces_s__rosidl_typesupport_introspection_c.cpython-310-x86_64-linux-gnu.so
[3.535s] -- Installing: /home/jan/dev/ros2_home_auto/install/custom_interfaces/local/lib/python3.10/dist-packages/custom_interfaces/_custom_interfaces_s.ep.rosidl_typesupport_introspection_c.c
[3.535s] -- Installing: /home/jan/dev/ros2_home_auto/install/custom_interfaces/local/lib/python3.10/dist-packages/custom_interfaces/custom_interfaces_s__rosidl_typesupport_c.cpython-310-x86_64-linux-gnu.so
[3.565s] Listing '/home/jan/dev/ros2_home_auto/install/custom_interfaces/local/lib/python3.10/dist-packages/custom_interfaces'...
[3.565s] Compiling '/home/jan/dev/ros2_home_auto/install/custom_interfaces/local/lib/python3.10/dist-packages/custom_interfaces/__init__.py'...
[3.566s] Listing '/home/jan/dev/ros2_home_auto/install/custom_interfaces/local/lib/python3.10/dist-packages/custom_interfaces/msg'...
[3.566s] Compiling '/home/jan/dev/ros2_home_auto/install/custom_interfaces/local/lib/python3.10/dist-packages/custom_interfaces/msg/__init__.py'...
[3.566s] Compiling '/home/jan/dev/ros2_home_auto/install/custom_interfaces/local/lib/python3.10/dist-packages/custom_interfaces/msg/_color.py'...
[3.566s] Compiling '/home/jan/dev/ros2_home_auto/install/custom_interfaces/local/lib/python3.10/dist-packages/custom_interfaces/msg/_color_array.py'...
[3.566s] Listing '/home/jan/dev/ros2_home_auto/install/custom_interfaces/local/lib/python3.10/dist-packages/custom_interfaces/srv'...
[3.566s] Compiling '/home/jan/dev/ros2_home_auto/install/custom_interfaces/local/lib/python3.10/dist-packages/custom_interfaces/srv/__init__.py'...
[3.566s] Compiling '/home/jan/dev/ros2_home_auto/install/custom_interfaces/local/lib/python3.10/dist-packages/custom_interfaces/srv/_set_colors.py'...
[3.569s] -- Installing: /home/jan/dev/ros2_home_auto/install/custom_interfaces/local/lib/python3.10/dist-packages/custom_interfaces/custom_interfaces_s__rosidl_typesupport_fastrtps_c.cpython-310-x86_64-linux-gnu.so
[3.569s] -- Set runtime path of "/home/jan/dev/ros2_home_auto/install/custom_interfaces/local/lib/python3.10/dist-packages/custom_interfaces/custom_interfaces_s__rosidl_typesupport_fastrtps_c.cpython-310-x86_64-linux-gnu.so" to ""
[3.570s] -- Installing: /home/jan/dev/ros2_home_auto/install/custom_interfaces/local/lib/python3.10/dist-packages/custom_interfaces/custom_interfaces_s__rosidl_typesupport_introspection_c.cpython-310-x86_64-linux-gnu.so
[3.570s] -- Set runtime path of "/home/jan/dev/ros2_home_auto/install/custom_interfaces/local/lib/python3.10/dist-packages/custom_interfaces/custom_interfaces_s__rosidl_typesupport_introspection_c.cpython-310-x86_64-linux-gnu.so" to ""
[3.570s] -- Installing: /home/jan/dev/ros2_home_auto/install/custom_interfaces/local/lib/python3.10/dist-packages/custom_interfaces/custom_interfaces_s__rosidl_typesupport_c.cpython-310-x86_64-linux-gnu.so
[3.570s] -- Set runtime path of "/home/jan/dev/ros2_home_auto/install/custom_interfaces/local/lib/python3.10/dist-packages/custom_interfaces/custom_interfaces_s__rosidl_typesupport_c.cpython-310-x86_64-linux-gnu.so" to ""
[3.571s] -- Installing: /home/jan/dev/ros2_home_auto/install/custom_interfaces/lib/libcustom_interfaces__rosidl_generator_py.so
[3.571s] -- Set runtime path of "/home/jan/dev/ros2_home_auto/install/custom_interfaces/lib/libcustom_interfaces__rosidl_generator_py.so" to ""
[3.571s] -- Up-to-date: /home/jan/dev/ros2_home_auto/install/custom_interfaces/share/custom_interfaces/msg/Color.idl
[3.571s] -- Up-to-date: /home/jan/dev/ros2_home_auto/install/custom_interfaces/share/custom_interfaces/msg/ColorArray.idl
[3.571s] -- Installing: /home/jan/dev/ros2_home_auto/install/custom_interfaces/share/custom_interfaces/srv/SetColors.idl
[3.571s] -- Up-to-date: /home/jan/dev/ros2_home_auto/install/custom_interfaces/share/custom_interfaces/msg/Color.msg
[3.571s] -- Up-to-date: /home/jan/dev/ros2_home_auto/install/custom_interfaces/share/custom_interfaces/msg/ColorArray.msg
[3.571s] -- Installing: /home/jan/dev/ros2_home_auto/install/custom_interfaces/share/custom_interfaces/srv/SetColors.srv
[3.571s] -- Installing: /home/jan/dev/ros2_home_auto/install/custom_interfaces/share/custom_interfaces/srv/SetColors_Request.msg
[3.571s] -- Installing: /home/jan/dev/ros2_home_auto/install/custom_interfaces/share/custom_interfaces/srv/SetColors_Response.msg
[3.572s] -- Up-to-date: /home/jan/dev/ros2_home_auto/install/custom_interfaces/share/ament_index/resource_index/package_run_dependencies/custom_interfaces
[3.572s] -- Up-to-date: /home/jan/dev/ros2_home_auto/install/custom_interfaces/share/ament_index/resource_index/parent_prefix_path/custom_interfaces
[3.572s] -- Up-to-date: /home/jan/dev/ros2_home_auto/install/custom_interfaces/share/custom_interfaces/environment/ament_prefix_path.sh
[3.572s] -- Installing: /home/jan/dev/ros2_home_auto/install/custom_interfaces/share/custom_interfaces/environment/ament_prefix_path.dsv
[3.572s] -- Up-to-date: /home/jan/dev/ros2_home_auto/install/custom_interfaces/share/custom_interfaces/environment/path.sh
[3.572s] -- Installing: /home/jan/dev/ros2_home_auto/install/custom_interfaces/share/custom_interfaces/environment/path.dsv
[3.572s] -- Up-to-date: /home/jan/dev/ros2_home_auto/install/custom_interfaces/share/custom_interfaces/local_setup.bash
[3.572s] -- Up-to-date: /home/jan/dev/ros2_home_auto/install/custom_interfaces/share/custom_interfaces/local_setup.sh
[3.572s] -- Up-to-date: /home/jan/dev/ros2_home_auto/install/custom_interfaces/share/custom_interfaces/local_setup.zsh
[3.572s] -- Installing: /home/jan/dev/ros2_home_auto/install/custom_interfaces/share/custom_interfaces/local_setup.dsv
[3.572s] -- Installing: /home/jan/dev/ros2_home_auto/install/custom_interfaces/share/custom_interfaces/package.dsv
[3.572s] -- Up-to-date: /home/jan/dev/ros2_home_auto/install/custom_interfaces/share/ament_index/resource_index/packages/custom_interfaces
[3.572s] -- Up-to-date: /home/jan/dev/ros2_home_auto/install/custom_interfaces/share/custom_interfaces/cmake/export_custom_interfaces__rosidl_generator_cExport.cmake
[3.572s] -- Up-to-date: /home/jan/dev/ros2_home_auto/install/custom_interfaces/share/custom_interfaces/cmake/export_custom_interfaces__rosidl_generator_cExport-noconfig.cmake
[3.573s] -- Up-to-date: /home/jan/dev/ros2_home_auto/install/custom_interfaces/share/custom_interfaces/cmake/export_custom_interfaces__rosidl_typesupport_fastrtps_cExport.cmake
[3.573s] -- Up-to-date: /home/jan/dev/ros2_home_auto/install/custom_interfaces/share/custom_interfaces/cmake/export_custom_interfaces__rosidl_typesupport_fastrtps_cExport-noconfig.cmake
[3.573s] -- Up-to-date: /home/jan/dev/ros2_home_auto/install/custom_interfaces/share/custom_interfaces/cmake/custom_interfaces__rosidl_typesupport_introspection_cExport.cmake
[3.573s] -- Up-to-date: /home/jan/dev/ros2_home_auto/install/custom_interfaces/share/custom_interfaces/cmake/custom_interfaces__rosidl_typesupport_introspection_cExport-noconfig.cmake
[3.573s] -- Up-to-date: /home/jan/dev/ros2_home_auto/install/custom_interfaces/share/custom_interfaces/cmake/custom_interfaces__rosidl_typesupport_cExport.cmake
[3.573s] -- Up-to-date: /home/jan/dev/ros2_home_auto/install/custom_interfaces/share/custom_interfaces/cmake/custom_interfaces__rosidl_typesupport_cExport-noconfig.cmake
[3.573s] -- Up-to-date: /home/jan/dev/ros2_home_auto/install/custom_interfaces/share/custom_interfaces/cmake/export_custom_interfaces__rosidl_generator_cppExport.cmake
[3.573s] -- Up-to-date: /home/jan/dev/ros2_home_auto/install/custom_interfaces/share/custom_interfaces/cmake/export_custom_interfaces__rosidl_typesupport_fastrtps_cppExport.cmake
[3.573s] -- Up-to-date: /home/jan/dev/ros2_home_auto/install/custom_interfaces/share/custom_interfaces/cmake/export_custom_interfaces__rosidl_typesupport_fastrtps_cppExport-noconfig.cmake
[3.573s] -- Up-to-date: /home/jan/dev/ros2_home_auto/install/custom_interfaces/share/custom_interfaces/cmake/custom_interfaces__rosidl_typesupport_introspection_cppExport.cmake
[3.573s] -- Up-to-date: /home/jan/dev/ros2_home_auto/install/custom_interfaces/share/custom_interfaces/cmake/custom_interfaces__rosidl_typesupport_introspection_cppExport-noconfig.cmake
[3.573s] -- Up-to-date: /home/jan/dev/ros2_home_auto/install/custom_interfaces/share/custom_interfaces/cmake/custom_interfaces__rosidl_typesupport_cppExport.cmake
[3.573s] -- Up-to-date: /home/jan/dev/ros2_home_auto/install/custom_interfaces/share/custom_interfaces/cmake/custom_interfaces__rosidl_typesupport_cppExport-noconfig.cmake
[3.573s] -- Up-to-date: /home/jan/dev/ros2_home_auto/install/custom_interfaces/share/custom_interfaces/cmake/export_custom_interfaces__rosidl_generator_pyExport.cmake
[3.574s] -- Up-to-date: /home/jan/dev/ros2_home_auto/install/custom_interfaces/share/custom_interfaces/cmake/export_custom_interfaces__rosidl_generator_pyExport-noconfig.cmake
[3.574s] -- Installing: /home/jan/dev/ros2_home_auto/install/custom_interfaces/share/custom_interfaces/cmake/rosidl_cmake-extras.cmake
[3.574s] -- Up-to-date: /home/jan/dev/ros2_home_auto/install/custom_interfaces/share/custom_interfaces/cmake/ament_cmake_export_include_directories-extras.cmake
[3.574s] -- Up-to-date: /home/jan/dev/ros2_home_auto/install/custom_interfaces/share/custom_interfaces/cmake/ament_cmake_export_libraries-extras.cmake
[3.574s] -- Up-to-date: /home/jan/dev/ros2_home_auto/install/custom_interfaces/share/custom_interfaces/cmake/ament_cmake_export_targets-extras.cmake
[3.574s] -- Up-to-date: /home/jan/dev/ros2_home_auto/install/custom_interfaces/share/custom_interfaces/cmake/rosidl_cmake_export_typesupport_targets-extras.cmake
[3.574s] -- Up-to-date: /home/jan/dev/ros2_home_auto/install/custom_interfaces/share/custom_interfaces/cmake/ament_cmake_export_dependencies-extras.cmake
[3.574s] -- Up-to-date: /home/jan/dev/ros2_home_auto/install/custom_interfaces/share/custom_interfaces/cmake/rosidl_cmake_export_typesupport_libraries-extras.cmake
[3.574s] -- Up-to-date: /home/jan/dev/ros2_home_auto/install/custom_interfaces/share/custom_interfaces/cmake/custom_interfacesConfig.cmake
[3.574s] -- Up-to-date: /home/jan/dev/ros2_home_auto/install/custom_interfaces/share/custom_interfaces/cmake/custom_interfacesConfig-version.cmake
[3.574s] -- Up-to-date: /home/jan/dev/ros2_home_auto/install/custom_interfaces/share/custom_interfaces/package.xml
[3.576s] Invoked command in '/home/jan/dev/ros2_home_auto/build/custom_interfaces' returned '0': CMAKE_PREFIX_PATH=${CMAKE_PREFIX_PATH}:/home/jan/dev/ros2_home_auto/install/led_control:/opt/ros/humble /usr/bin/cmake --install /home/jan/dev/ros2_home_auto/build/custom_interfaces
