[2.147s] Invoking command in '/home/jan/dev/Ros2PoCLedControl/ros2_home_auto/src/led_control': PYTHONPATH=/home/jan/dev/Ros2PoCLedControl/ros2_home_auto/build/led_control/prefix_override:/home/jan/dev/Ros2PoCLedControl/ros2_home_auto/install/led_control/lib/python3.10/site-packages:${PYTHONPATH} /usr/bin/python3 setup.py egg_info --egg-base ../../build/led_control build --build-base /home/jan/dev/Ros2PoCLedControl/ros2_home_auto/build/led_control/build install --record /home/jan/dev/Ros2PoCLedControl/ros2_home_auto/build/led_control/install.log --single-version-externally-managed
[2.403s] running egg_info
[2.403s] writing ../../build/led_control/led_control.egg-info/PKG-INFO
[2.403s] writing dependency_links to ../../build/led_control/led_control.egg-info/dependency_links.txt
[2.404s] writing entry points to ../../build/led_control/led_control.egg-info/entry_points.txt
[2.404s] writing requirements to ../../build/led_control/led_control.egg-info/requires.txt
[2.404s] writing top-level names to ../../build/led_control/led_control.egg-info/top_level.txt
[2.405s] reading manifest file '../../build/led_control/led_control.egg-info/SOURCES.txt'
[2.405s] adding license file 'LICENSE'
[2.406s] writing manifest file '../../build/led_control/led_control.egg-info/SOURCES.txt'
[2.406s] running build
[2.406s] running build_py
[2.406s] running install
[2.406s] /usr/lib/python3/dist-packages/setuptools/command/install.py:34: SetuptoolsDeprecationWarning: setup.py install is deprecated. Use build and pip and other standards-based tools.
[2.406s]   warnings.warn(
[2.407s] running install_lib
[2.408s] running install_data
[2.408s] running install_egg_info
[2.409s] removing '/home/jan/dev/Ros2PoCLedControl/ros2_home_auto/install/led_control/lib/python3.10/site-packages/led_control-0.0.0-py3.10.egg-info' (and everything under it)
[2.410s] Copying ../../build/led_control/led_control.egg-info to /home/jan/dev/Ros2PoCLedControl/ros2_home_auto/install/led_control/lib/python3.10/site-packages/led_control-0.0.0-py3.10.egg-info
[2.411s] running install_scripts
[2.429s] Installing led_control_server script to /home/jan/dev/Ros2PoCLedControl/ros2_home_auto/install/led_control/lib/led_control
[2.429s] writing list of installed files to '/home/jan/dev/Ros2PoCLedControl/ros2_home_auto/build/led_control/install.log'
[2.448s] Invoked command in '/home/jan/dev/Ros2PoCLedControl/ros2_home_auto/src/led_control' returned '0': PYTHONPATH=/home/jan/dev/Ros2PoCLedControl/ros2_home_auto/build/led_control/prefix_override:/home/jan/dev/Ros2PoCLedControl/ros2_home_auto/install/led_control/lib/python3.10/site-packages:${PYTHONPATH} /usr/bin/python3 setup.py egg_info --egg-base ../../build/led_control build --build-base /home/jan/dev/Ros2PoCLedControl/ros2_home_auto/build/led_control/build install --record /home/jan/dev/Ros2PoCLedControl/ros2_home_auto/build/led_control/install.log --single-version-externally-managed
