[0.689s] Invoking command in '/home/jan/dev/ros2_home_auto/src/led_control': PYTHONPATH=/home/jan/dev/ros2_home_auto/build/led_control/prefix_override:/home/jan/dev/ros2_home_auto/install/led_control/lib/python3.10/site-packages:${PYTHONPATH} /usr/bin/python3 setup.py egg_info --egg-base ../../build/led_control build --build-base /home/jan/dev/ros2_home_auto/build/led_control/build install --record /home/jan/dev/ros2_home_auto/build/led_control/install.log --single-version-externally-managed
[0.911s] running egg_info
[0.912s] writing ../../build/led_control/led_control.egg-info/PKG-INFO
[0.912s] writing dependency_links to ../../build/led_control/led_control.egg-info/dependency_links.txt
[0.912s] writing entry points to ../../build/led_control/led_control.egg-info/entry_points.txt
[0.913s] writing requirements to ../../build/led_control/led_control.egg-info/requires.txt
[0.913s] writing top-level names to ../../build/led_control/led_control.egg-info/top_level.txt
[0.914s] reading manifest file '../../build/led_control/led_control.egg-info/SOURCES.txt'
[0.914s] adding license file 'LICENSE'
[0.915s] writing manifest file '../../build/led_control/led_control.egg-info/SOURCES.txt'
[0.915s] running build
[0.915s] running build_py
[0.916s] running install
[0.916s] running install_lib
[0.916s] /usr/lib/python3/dist-packages/setuptools/command/install.py:34: SetuptoolsDeprecationWarning: setup.py install is deprecated. Use build and pip and other standards-based tools.
[0.917s]   warnings.warn(
[0.917s] byte-compiling /home/jan/dev/ros2_home_auto/install/led_control/lib/python3.10/site-packages/led_control/led_control_server.py to led_control_server.cpython-310.pyc
[0.917s]   File "/home/jan/dev/ros2_home_auto/install/led_control/lib/python3.10/site-packages/led_control/led_control_server.py", line 36
[0.918s]     self.get_logger().info(f"Publishing: {self.get_parameter("led_count").get_parameter_value().integer_value}, {self.get_parameter("led_pin").get_parameter_value().integer_value}")
[0.918s]                                                               ^^^^^^^^^
[0.918s] SyntaxError: f-string: unmatched '('
[0.919s] 
[0.919s] running install_data
[0.919s] running install_egg_info
[0.920s] removing '/home/jan/dev/ros2_home_auto/install/led_control/lib/python3.10/site-packages/led_control-0.0.0-py3.10.egg-info' (and everything under it)
[0.920s] Copying ../../build/led_control/led_control.egg-info to /home/jan/dev/ros2_home_auto/install/led_control/lib/python3.10/site-packages/led_control-0.0.0-py3.10.egg-info
[0.920s] running install_scripts
[0.937s] Installing led_control_server script to /home/jan/dev/ros2_home_auto/install/led_control/lib/led_control
[0.937s] writing list of installed files to '/home/jan/dev/ros2_home_auto/build/led_control/install.log'
[0.955s] Invoked command in '/home/jan/dev/ros2_home_auto/src/led_control' returned '0': PYTHONPATH=/home/jan/dev/ros2_home_auto/build/led_control/prefix_override:/home/jan/dev/ros2_home_auto/install/led_control/lib/python3.10/site-packages:${PYTHONPATH} /usr/bin/python3 setup.py egg_info --egg-base ../../build/led_control build --build-base /home/jan/dev/ros2_home_auto/build/led_control/build install --record /home/jan/dev/ros2_home_auto/build/led_control/install.log --single-version-externally-managed
