[0.646s] Invoking command in '/home/jan/dev/ros2_home_auto/build/led_control': PYTHONPATH=/home/jan/dev/ros2_home_auto/build/led_control/prefix_override:/home/jan/dev/ros2_home_auto/install/led_control/lib/python3.10/site-packages:${PYTHONPATH} /usr/bin/python3 setup.py develop --uninstall --editable --build-directory /home/jan/dev/ros2_home_auto/build/led_control/build
[0.883s] running develop
[0.883s] /usr/lib/python3/dist-packages/setuptools/command/easy_install.py:158: EasyInstallDeprecationWarning: easy_install command is deprecated. Use build and pip and other standards-based tools.
[0.883s]   warnings.warn(
[0.884s] /usr/lib/python3/dist-packages/setuptools/command/install.py:34: SetuptoolsDeprecationWarning: setup.py install is deprecated. Use build and pip and other standards-based tools.
[0.884s]   warnings.warn(
[1.032s] Removing /home/jan/dev/ros2_home_auto/install/led_control/lib/python3.10/site-packages/led-control.egg-link (link to .)
[1.053s] Invoked command in '/home/jan/dev/ros2_home_auto/build/led_control' returned '0': PYTHONPATH=/home/jan/dev/ros2_home_auto/build/led_control/prefix_override:/home/jan/dev/ros2_home_auto/install/led_control/lib/python3.10/site-packages:${PYTHONPATH} /usr/bin/python3 setup.py develop --uninstall --editable --build-directory /home/jan/dev/ros2_home_auto/build/led_control/build
[1.055s] Invoking command in '/home/jan/dev/ros2_home_auto/src/led_control': PYTHONPATH=/home/jan/dev/ros2_home_auto/build/led_control/prefix_override:/home/jan/dev/ros2_home_auto/install/led_control/lib/python3.10/site-packages:${PYTHONPATH} /usr/bin/python3 setup.py egg_info --egg-base ../../build/led_control build --build-base /home/jan/dev/ros2_home_auto/build/led_control/build install --record /home/jan/dev/ros2_home_auto/build/led_control/install.log --single-version-externally-managed
[1.265s] running egg_info
[1.266s] writing ../../build/led_control/led_control.egg-info/PKG-INFO
[1.266s] writing dependency_links to ../../build/led_control/led_control.egg-info/dependency_links.txt
[1.266s] writing entry points to ../../build/led_control/led_control.egg-info/entry_points.txt
[1.266s] writing requirements to ../../build/led_control/led_control.egg-info/requires.txt
[1.266s] writing top-level names to ../../build/led_control/led_control.egg-info/top_level.txt
[1.268s] reading manifest file '../../build/led_control/led_control.egg-info/SOURCES.txt'
[1.268s] adding license file 'LICENSE'
[1.268s] writing manifest file '../../build/led_control/led_control.egg-info/SOURCES.txt'
[1.268s] running build
[1.268s] running build_py
[1.269s] copying led_control/led_control_server.py -> /home/jan/dev/ros2_home_auto/build/led_control/build/lib/led_control
[1.269s] running install
[1.269s] /usr/lib/python3/dist-packages/setuptools/command/install.py:34: SetuptoolsDeprecationWarning: setup.py install is deprecated. Use build and pip and other standards-based tools.
[1.269s]   warnings.warn(
[1.269s] running install_lib
[1.270s] copying /home/jan/dev/ros2_home_auto/build/led_control/build/lib/led_control/other_file.py -> /home/jan/dev/ros2_home_auto/install/led_control/lib/python3.10/site-packages/led_control
[1.280s] copying /home/jan/dev/ros2_home_auto/build/led_control/build/lib/led_control/led_control_server.py -> /home/jan/dev/ros2_home_auto/install/led_control/lib/python3.10/site-packages/led_control
[1.280s] copying /home/jan/dev/ros2_home_auto/build/led_control/build/lib/led_control/__init__.py -> /home/jan/dev/ros2_home_auto/install/led_control/lib/python3.10/site-packages/led_control
[1.281s] byte-compiling /home/jan/dev/ros2_home_auto/install/led_control/lib/python3.10/site-packages/led_control/other_file.py to other_file.cpython-310.pyc
[1.281s] byte-compiling /home/jan/dev/ros2_home_auto/install/led_control/lib/python3.10/site-packages/led_control/led_control_server.py to led_control_server.cpython-310.pyc
[1.282s] byte-compiling /home/jan/dev/ros2_home_auto/install/led_control/lib/python3.10/site-packages/led_control/__init__.py to __init__.cpython-310.pyc
[1.282s] running install_data
[1.283s] running install_egg_info
[1.284s] Copying ../../build/led_control/led_control.egg-info to /home/jan/dev/ros2_home_auto/install/led_control/lib/python3.10/site-packages/led_control-0.0.0-py3.10.egg-info
[1.285s] running install_scripts
[1.302s] Installing led_control_server script to /home/jan/dev/ros2_home_auto/install/led_control/lib/led_control
[1.303s] writing list of installed files to '/home/jan/dev/ros2_home_auto/build/led_control/install.log'
[1.321s] Invoked command in '/home/jan/dev/ros2_home_auto/src/led_control' returned '0': PYTHONPATH=/home/jan/dev/ros2_home_auto/build/led_control/prefix_override:/home/jan/dev/ros2_home_auto/install/led_control/lib/python3.10/site-packages:${PYTHONPATH} /usr/bin/python3 setup.py egg_info --egg-base ../../build/led_control build --build-base /home/jan/dev/ros2_home_auto/build/led_control/build install --record /home/jan/dev/ros2_home_auto/build/led_control/install.log --single-version-externally-managed
