[0.620s] Invoking command in '/home/jan/dev/ros2_home_auto/src/led_control': PYTHONPATH=/home/jan/dev/ros2_home_auto/build/led_control/prefix_override:/home/jan/dev/ros2_home_auto/install/led_control/lib/python3.10/site-packages:${PYTHONPATH} /usr/bin/python3 setup.py egg_info --egg-base ../../build/led_control build --build-base /home/jan/dev/ros2_home_auto/build/led_control/build install --record /home/jan/dev/ros2_home_auto/build/led_control/install.log --single-version-externally-managed
[0.832s] running egg_info
[0.833s] writing ../../build/led_control/led_control.egg-info/PKG-INFO
[0.835s] writing dependency_links to ../../build/led_control/led_control.egg-info/dependency_links.txt
[0.841s] writing entry points to ../../build/led_control/led_control.egg-info/entry_points.txt
[0.843s] writing requirements to ../../build/led_control/led_control.egg-info/requires.txt
[0.845s] writing top-level names to ../../build/led_control/led_control.egg-info/top_level.txt
[0.849s] reading manifest file '../../build/led_control/led_control.egg-info/SOURCES.txt'
[0.850s] adding license file 'LICENSE'
[0.850s] writing manifest file '../../build/led_control/led_control.egg-info/SOURCES.txt'
[0.851s] running build
[0.851s] running build_py
[0.851s] copying led_control/led_control_server.py -> /home/jan/dev/ros2_home_auto/build/led_control/build/lib/led_control
[0.851s] copying led_control/colour_array.py -> /home/jan/dev/ros2_home_auto/build/led_control/build/lib/led_control
[0.851s] copying led_control/colour.py -> /home/jan/dev/ros2_home_auto/build/led_control/build/lib/led_control
[0.852s] running install
[0.852s] /usr/lib/python3/dist-packages/setuptools/command/install.py:34: SetuptoolsDeprecationWarning: setup.py install is deprecated. Use build and pip and other standards-based tools.
[0.852s]   warnings.warn(
[0.852s] running install_lib
[0.852s] copying /home/jan/dev/ros2_home_auto/build/led_control/build/lib/led_control/led_control_server.py -> /home/jan/dev/ros2_home_auto/install/led_control/lib/python3.10/site-packages/led_control
[0.852s] copying /home/jan/dev/ros2_home_auto/build/led_control/build/lib/led_control/colour_array.py -> /home/jan/dev/ros2_home_auto/install/led_control/lib/python3.10/site-packages/led_control
[0.853s] copying /home/jan/dev/ros2_home_auto/build/led_control/build/lib/led_control/colour.py -> /home/jan/dev/ros2_home_auto/install/led_control/lib/python3.10/site-packages/led_control
[0.853s] byte-compiling /home/jan/dev/ros2_home_auto/install/led_control/lib/python3.10/site-packages/led_control/led_control_server.py to led_control_server.cpython-310.pyc
[0.854s] byte-compiling /home/jan/dev/ros2_home_auto/install/led_control/lib/python3.10/site-packages/led_control/colour_array.py to colour_array.cpython-310.pyc
[0.854s] byte-compiling /home/jan/dev/ros2_home_auto/install/led_control/lib/python3.10/site-packages/led_control/colour.py to colour.cpython-310.pyc
[0.855s] running install_data
[0.855s] running install_egg_info
[0.856s] removing '/home/jan/dev/ros2_home_auto/install/led_control/lib/python3.10/site-packages/led_control-0.0.0-py3.10.egg-info' (and everything under it)
[0.856s] Copying ../../build/led_control/led_control.egg-info to /home/jan/dev/ros2_home_auto/install/led_control/lib/python3.10/site-packages/led_control-0.0.0-py3.10.egg-info
[0.857s] running install_scripts
[0.874s] Installing led_control_server script to /home/jan/dev/ros2_home_auto/install/led_control/lib/led_control
[0.895s] Installing other_file.py script to /home/jan/dev/ros2_home_auto/install/led_control/lib/led_control
[0.919s] writing list of installed files to '/home/jan/dev/ros2_home_auto/build/led_control/install.log'
[0.959s] Invoked command in '/home/jan/dev/ros2_home_auto/src/led_control' returned '0': PYTHONPATH=/home/jan/dev/ros2_home_auto/build/led_control/prefix_override:/home/jan/dev/ros2_home_auto/install/led_control/lib/python3.10/site-packages:${PYTHONPATH} /usr/bin/python3 setup.py egg_info --egg-base ../../build/led_control build --build-base /home/jan/dev/ros2_home_auto/build/led_control/build install --record /home/jan/dev/ros2_home_auto/build/led_control/install.log --single-version-externally-managed
