[0.248s] Invoking command in '/home/jan/dev/Ros2PoCLedControl/ros2_home_auto/build/custom_interfaces': CMAKE_PREFIX_PATH=${CMAKE_PREFIX_PATH}:/home/jan/dev/Ros2PoCLedControl/ros2_home_auto/install/video_capture:/home/jan/dev/Ros2PoCLedControl/ros2_home_auto/install/led_control:/opt/ros/humble /usr/bin/cmake --build /home/jan/dev/Ros2PoCLedControl/ros2_home_auto/build/custom_interfaces -- -j12 -l12
[0.637s] [  5%] Built target custom_interfaces__cpp
[0.641s] [ 12%] Built target custom_interfaces__rosidl_generator_c
[0.641s] [ 12%] Built target ament_cmake_python_copy_custom_interfaces
[0.641s] [ 23%] Built target custom_interfaces__rosidl_typesupport_cpp
[0.641s] [ 36%] Built target custom_interfaces__rosidl_typesupport_introspection_cpp
[0.641s] [ 45%] Built target custom_interfaces__rosidl_typesupport_fastrtps_cpp
[0.641s] [ 67%] Built target custom_interfaces__rosidl_typesupport_c
[0.641s] [ 67%] Built target custom_interfaces__rosidl_typesupport_introspection_c
[0.641s] [ 78%] Built target custom_interfaces__rosidl_typesupport_fastrtps_c
[0.642s] [ 78%] Built target custom_interfaces
[0.642s] [ 80%] Built target custom_interfaces__py
[0.642s] [ 89%] Built target custom_interfaces__rosidl_generator_py
[0.642s] [100%] Built target custom_interfaces__rosidl_typesupport_fastrtps_c__pyext
[0.642s] [100%] Built target custom_interfaces__rosidl_typesupport_introspection_c__pyext
[0.642s] [100%] Built target custom_interfaces__rosidl_typesupport_c__pyext
[0.642s] running egg_info
[0.643s] writing custom_interfaces.egg-info/PKG-INFO
[0.643s] writing dependency_links to custom_interfaces.egg-info/dependency_links.txt
[0.643s] writing top-level names to custom_interfaces.egg-info/top_level.txt
[0.643s] reading manifest file 'custom_interfaces.egg-info/SOURCES.txt'
[0.643s] writing manifest file 'custom_interfaces.egg-info/SOURCES.txt'
[0.643s] [100%] Built target ament_cmake_python_build_custom_interfaces_egg
[1.004s] Invoked command in '/home/jan/dev/Ros2PoCLedControl/ros2_home_auto/build/custom_interfaces' returned '0': CMAKE_PREFIX_PATH=${CMAKE_PREFIX_PATH}:/home/jan/dev/Ros2PoCLedControl/ros2_home_auto/install/video_capture:/home/jan/dev/Ros2PoCLedControl/ros2_home_auto/install/led_control:/opt/ros/humble /usr/bin/cmake --build /home/jan/dev/Ros2PoCLedControl/ros2_home_auto/build/custom_interfaces -- -j12 -l12
[1.113s] Invoking command in '/home/jan/dev/Ros2PoCLedControl/ros2_home_auto/build/custom_interfaces': CMAKE_PREFIX_PATH=${CMAKE_PREFIX_PATH}:/home/jan/dev/Ros2PoCLedControl/ros2_home_auto/install/video_capture:/home/jan/dev/Ros2PoCLedControl/ros2_home_auto/install/led_control:/opt/ros/humble /usr/bin/cmake --install /home/jan/dev/Ros2PoCLedControl/ros2_home_auto/build/custom_interfaces
[1.119s] -- Install configuration: ""
[1.120s] -- Up-to-date: /home/jan/dev/Ros2PoCLedControl/ros2_home_auto/install/custom_interfaces/share/ament_index/resource_index/rosidl_interfaces/custom_interfaces
[1.120s] -- Up-to-date: /home/jan/dev/Ros2PoCLedControl/ros2_home_auto/install/custom_interfaces/include/custom_interfaces/custom_interfaces
[1.120s] -- Up-to-date: /home/jan/dev/Ros2PoCLedControl/ros2_home_auto/install/custom_interfaces/include/custom_interfaces/custom_interfaces/msg
[1.120s] -- Up-to-date: /home/jan/dev/Ros2PoCLedControl/ros2_home_auto/install/custom_interfaces/include/custom_interfaces/custom_interfaces/msg/color_array.h
[1.120s] -- Up-to-date: /home/jan/dev/Ros2PoCLedControl/ros2_home_auto/install/custom_interfaces/include/custom_interfaces/custom_interfaces/msg/detail
[1.121s] -- Up-to-date: /home/jan/dev/Ros2PoCLedControl/ros2_home_auto/install/custom_interfaces/include/custom_interfaces/custom_interfaces/msg/detail/color_array__type_support.h
[1.121s] -- Up-to-date: /home/jan/dev/Ros2PoCLedControl/ros2_home_auto/install/custom_interfaces/include/custom_interfaces/custom_interfaces/msg/detail/color__type_support.h
[1.121s] -- Up-to-date: /home/jan/dev/Ros2PoCLedControl/ros2_home_auto/install/custom_interfaces/include/custom_interfaces/custom_interfaces/msg/detail/color_array__functions.h
[1.121s] -- Up-to-date: /home/jan/dev/Ros2PoCLedControl/ros2_home_auto/install/custom_interfaces/include/custom_interfaces/custom_interfaces/msg/detail/color_array__functions.c
[1.121s] -- Up-to-date: /home/jan/dev/Ros2PoCLedControl/ros2_home_auto/install/custom_interfaces/include/custom_interfaces/custom_interfaces/msg/detail/color__functions.c
[1.121s] -- Up-to-date: /home/jan/dev/Ros2PoCLedControl/ros2_home_auto/install/custom_interfaces/include/custom_interfaces/custom_interfaces/msg/detail/color__struct.h
[1.122s] -- Up-to-date: /home/jan/dev/Ros2PoCLedControl/ros2_home_auto/install/custom_interfaces/include/custom_interfaces/custom_interfaces/msg/detail/color_array__struct.h
[1.122s] -- Up-to-date: /home/jan/dev/Ros2PoCLedControl/ros2_home_auto/install/custom_interfaces/include/custom_interfaces/custom_interfaces/msg/detail/color__functions.h
[1.122s] -- Up-to-date: /home/jan/dev/Ros2PoCLedControl/ros2_home_auto/install/custom_interfaces/include/custom_interfaces/custom_interfaces/msg/color.h
[1.122s] -- Up-to-date: /home/jan/dev/Ros2PoCLedControl/ros2_home_auto/install/custom_interfaces/include/custom_interfaces/custom_interfaces/msg/rosidl_generator_c__visibility_control.h
[1.122s] -- Up-to-date: /home/jan/dev/Ros2PoCLedControl/ros2_home_auto/install/custom_interfaces/include/custom_interfaces/custom_interfaces/action
[1.122s] -- Up-to-date: /home/jan/dev/Ros2PoCLedControl/ros2_home_auto/install/custom_interfaces/include/custom_interfaces/custom_interfaces/action/detail
[1.122s] -- Up-to-date: /home/jan/dev/Ros2PoCLedControl/ros2_home_auto/install/custom_interfaces/include/custom_interfaces/custom_interfaces/action/detail/set_color_action__type_support.h
[1.123s] -- Up-to-date: /home/jan/dev/Ros2PoCLedControl/ros2_home_auto/install/custom_interfaces/include/custom_interfaces/custom_interfaces/action/detail/set_color_action__functions.c
[1.123s] -- Up-to-date: /home/jan/dev/Ros2PoCLedControl/ros2_home_auto/install/custom_interfaces/include/custom_interfaces/custom_interfaces/action/detail/set_color_action__functions.h
[1.123s] -- Up-to-date: /home/jan/dev/Ros2PoCLedControl/ros2_home_auto/install/custom_interfaces/include/custom_interfaces/custom_interfaces/action/detail/set_color_action__struct.h
[1.123s] -- Up-to-date: /home/jan/dev/Ros2PoCLedControl/ros2_home_auto/install/custom_interfaces/include/custom_interfaces/custom_interfaces/action/set_color_action.h
[1.123s] -- Up-to-date: /home/jan/dev/Ros2PoCLedControl/ros2_home_auto/install/custom_interfaces/include/custom_interfaces/custom_interfaces/srv
[1.123s] -- Up-to-date: /home/jan/dev/Ros2PoCLedControl/ros2_home_auto/install/custom_interfaces/include/custom_interfaces/custom_interfaces/srv/set_colors.h
[1.123s] -- Up-to-date: /home/jan/dev/Ros2PoCLedControl/ros2_home_auto/install/custom_interfaces/include/custom_interfaces/custom_interfaces/srv/detail
[1.124s] -- Up-to-date: /home/jan/dev/Ros2PoCLedControl/ros2_home_auto/install/custom_interfaces/include/custom_interfaces/custom_interfaces/srv/detail/set_colors__type_support.h
[1.124s] -- Up-to-date: /home/jan/dev/Ros2PoCLedControl/ros2_home_auto/install/custom_interfaces/include/custom_interfaces/custom_interfaces/srv/detail/set_colors__functions.h
[1.124s] -- Up-to-date: /home/jan/dev/Ros2PoCLedControl/ros2_home_auto/install/custom_interfaces/include/custom_interfaces/custom_interfaces/srv/detail/set_colors__struct.h
[1.124s] -- Up-to-date: /home/jan/dev/Ros2PoCLedControl/ros2_home_auto/install/custom_interfaces/include/custom_interfaces/custom_interfaces/srv/detail/set_colors__functions.c
[1.124s] -- Up-to-date: /home/jan/dev/Ros2PoCLedControl/ros2_home_auto/install/custom_interfaces/share/custom_interfaces/environment/library_path.sh
[1.124s] -- Up-to-date: /home/jan/dev/Ros2PoCLedControl/ros2_home_auto/install/custom_interfaces/share/custom_interfaces/environment/library_path.dsv
[1.124s] -- Up-to-date: /home/jan/dev/Ros2PoCLedControl/ros2_home_auto/install/custom_interfaces/lib/libcustom_interfaces__rosidl_generator_c.so
[1.125s] -- Up-to-date: /home/jan/dev/Ros2PoCLedControl/ros2_home_auto/install/custom_interfaces/include/custom_interfaces/custom_interfaces
[1.125s] -- Up-to-date: /home/jan/dev/Ros2PoCLedControl/ros2_home_auto/install/custom_interfaces/include/custom_interfaces/custom_interfaces/msg
[1.125s] -- Up-to-date: /home/jan/dev/Ros2PoCLedControl/ros2_home_auto/install/custom_interfaces/include/custom_interfaces/custom_interfaces/msg/detail
[1.125s] -- Up-to-date: /home/jan/dev/Ros2PoCLedControl/ros2_home_auto/install/custom_interfaces/include/custom_interfaces/custom_interfaces/msg/detail/color_array__rosidl_typesupport_fastrtps_c.h
[1.125s] -- Up-to-date: /home/jan/dev/Ros2PoCLedControl/ros2_home_auto/install/custom_interfaces/include/custom_interfaces/custom_interfaces/msg/detail/color__rosidl_typesupport_fastrtps_c.h
[1.125s] -- Up-to-date: /home/jan/dev/Ros2PoCLedControl/ros2_home_auto/install/custom_interfaces/include/custom_interfaces/custom_interfaces/msg/rosidl_typesupport_fastrtps_c__visibility_control.h
[1.125s] -- Up-to-date: /home/jan/dev/Ros2PoCLedControl/ros2_home_auto/install/custom_interfaces/include/custom_interfaces/custom_interfaces/action
[1.126s] -- Up-to-date: /home/jan/dev/Ros2PoCLedControl/ros2_home_auto/install/custom_interfaces/include/custom_interfaces/custom_interfaces/action/detail
[1.126s] -- Up-to-date: /home/jan/dev/Ros2PoCLedControl/ros2_home_auto/install/custom_interfaces/include/custom_interfaces/custom_interfaces/action/detail/set_color_action__rosidl_typesupport_fastrtps_c.h
[1.126s] -- Up-to-date: /home/jan/dev/Ros2PoCLedControl/ros2_home_auto/install/custom_interfaces/include/custom_interfaces/custom_interfaces/srv
[1.126s] -- Up-to-date: /home/jan/dev/Ros2PoCLedControl/ros2_home_auto/install/custom_interfaces/include/custom_interfaces/custom_interfaces/srv/detail
[1.126s] -- Up-to-date: /home/jan/dev/Ros2PoCLedControl/ros2_home_auto/install/custom_interfaces/include/custom_interfaces/custom_interfaces/srv/detail/set_colors__rosidl_typesupport_fastrtps_c.h
[1.127s] -- Up-to-date: /home/jan/dev/Ros2PoCLedControl/ros2_home_auto/install/custom_interfaces/lib/libcustom_interfaces__rosidl_typesupport_fastrtps_c.so
[1.127s] -- Up-to-date: /home/jan/dev/Ros2PoCLedControl/ros2_home_auto/install/custom_interfaces/include/custom_interfaces/custom_interfaces
[1.127s] -- Up-to-date: /home/jan/dev/Ros2PoCLedControl/ros2_home_auto/install/custom_interfaces/include/custom_interfaces/custom_interfaces/msg
[1.127s] -- Up-to-date: /home/jan/dev/Ros2PoCLedControl/ros2_home_auto/install/custom_interfaces/include/custom_interfaces/custom_interfaces/msg/rosidl_typesupport_introspection_c__visibility_control.h
[1.127s] -- Up-to-date: /home/jan/dev/Ros2PoCLedControl/ros2_home_auto/install/custom_interfaces/include/custom_interfaces/custom_interfaces/msg/detail
[1.127s] -- Up-to-date: /home/jan/dev/Ros2PoCLedControl/ros2_home_auto/install/custom_interfaces/include/custom_interfaces/custom_interfaces/msg/detail/color__rosidl_typesupport_introspection_c.h
[1.127s] -- Up-to-date: /home/jan/dev/Ros2PoCLedControl/ros2_home_auto/install/custom_interfaces/include/custom_interfaces/custom_interfaces/msg/detail/color_array__rosidl_typesupport_introspection_c.h
[1.127s] -- Up-to-date: /home/jan/dev/Ros2PoCLedControl/ros2_home_auto/install/custom_interfaces/include/custom_interfaces/custom_interfaces/msg/detail/color__type_support.c
[1.128s] -- Up-to-date: /home/jan/dev/Ros2PoCLedControl/ros2_home_auto/install/custom_interfaces/include/custom_interfaces/custom_interfaces/msg/detail/color_array__type_support.c
[1.128s] -- Up-to-date: /home/jan/dev/Ros2PoCLedControl/ros2_home_auto/install/custom_interfaces/include/custom_interfaces/custom_interfaces/action
[1.128s] -- Up-to-date: /home/jan/dev/Ros2PoCLedControl/ros2_home_auto/install/custom_interfaces/include/custom_interfaces/custom_interfaces/action/detail
[1.128s] -- Up-to-date: /home/jan/dev/Ros2PoCLedControl/ros2_home_auto/install/custom_interfaces/include/custom_interfaces/custom_interfaces/action/detail/set_color_action__type_support.c
[1.128s] -- Up-to-date: /home/jan/dev/Ros2PoCLedControl/ros2_home_auto/install/custom_interfaces/include/custom_interfaces/custom_interfaces/action/detail/set_color_action__rosidl_typesupport_introspection_c.h
[1.128s] -- Up-to-date: /home/jan/dev/Ros2PoCLedControl/ros2_home_auto/install/custom_interfaces/include/custom_interfaces/custom_interfaces/srv
[1.128s] -- Up-to-date: /home/jan/dev/Ros2PoCLedControl/ros2_home_auto/install/custom_interfaces/include/custom_interfaces/custom_interfaces/srv/detail
[1.128s] -- Up-to-date: /home/jan/dev/Ros2PoCLedControl/ros2_home_auto/install/custom_interfaces/include/custom_interfaces/custom_interfaces/srv/detail/set_colors__type_support.c
[1.129s] -- Up-to-date: /home/jan/dev/Ros2PoCLedControl/ros2_home_auto/install/custom_interfaces/include/custom_interfaces/custom_interfaces/srv/detail/set_colors__rosidl_typesupport_introspection_c.h
[1.129s] -- Up-to-date: /home/jan/dev/Ros2PoCLedControl/ros2_home_auto/install/custom_interfaces/lib/libcustom_interfaces__rosidl_typesupport_introspection_c.so
[1.129s] -- Up-to-date: /home/jan/dev/Ros2PoCLedControl/ros2_home_auto/install/custom_interfaces/lib/libcustom_interfaces__rosidl_typesupport_c.so
[1.129s] -- Up-to-date: /home/jan/dev/Ros2PoCLedControl/ros2_home_auto/install/custom_interfaces/include/custom_interfaces/custom_interfaces
[1.129s] -- Up-to-date: /home/jan/dev/Ros2PoCLedControl/ros2_home_auto/install/custom_interfaces/include/custom_interfaces/custom_interfaces/msg
[1.129s] -- Up-to-date: /home/jan/dev/Ros2PoCLedControl/ros2_home_auto/install/custom_interfaces/include/custom_interfaces/custom_interfaces/msg/color.hpp
[1.129s] -- Up-to-date: /home/jan/dev/Ros2PoCLedControl/ros2_home_auto/install/custom_interfaces/include/custom_interfaces/custom_interfaces/msg/detail
[1.130s] -- Up-to-date: /home/jan/dev/Ros2PoCLedControl/ros2_home_auto/install/custom_interfaces/include/custom_interfaces/custom_interfaces/msg/detail/color_array__traits.hpp
[1.130s] -- Up-to-date: /home/jan/dev/Ros2PoCLedControl/ros2_home_auto/install/custom_interfaces/include/custom_interfaces/custom_interfaces/msg/detail/color_array__builder.hpp
[1.130s] -- Up-to-date: /home/jan/dev/Ros2PoCLedControl/ros2_home_auto/install/custom_interfaces/include/custom_interfaces/custom_interfaces/msg/detail/color__traits.hpp
[1.130s] -- Up-to-date: /home/jan/dev/Ros2PoCLedControl/ros2_home_auto/install/custom_interfaces/include/custom_interfaces/custom_interfaces/msg/detail/color__struct.hpp
[1.130s] -- Up-to-date: /home/jan/dev/Ros2PoCLedControl/ros2_home_auto/install/custom_interfaces/include/custom_interfaces/custom_interfaces/msg/detail/color__builder.hpp
[1.130s] -- Up-to-date: /home/jan/dev/Ros2PoCLedControl/ros2_home_auto/install/custom_interfaces/include/custom_interfaces/custom_interfaces/msg/detail/color_array__struct.hpp
[1.130s] -- Up-to-date: /home/jan/dev/Ros2PoCLedControl/ros2_home_auto/install/custom_interfaces/include/custom_interfaces/custom_interfaces/msg/color_array.hpp
[1.130s] -- Up-to-date: /home/jan/dev/Ros2PoCLedControl/ros2_home_auto/install/custom_interfaces/include/custom_interfaces/custom_interfaces/action
[1.130s] -- Up-to-date: /home/jan/dev/Ros2PoCLedControl/ros2_home_auto/install/custom_interfaces/include/custom_interfaces/custom_interfaces/action/set_color_action.hpp
[1.131s] -- Up-to-date: /home/jan/dev/Ros2PoCLedControl/ros2_home_auto/install/custom_interfaces/include/custom_interfaces/custom_interfaces/action/detail
[1.131s] -- Up-to-date: /home/jan/dev/Ros2PoCLedControl/ros2_home_auto/install/custom_interfaces/include/custom_interfaces/custom_interfaces/action/detail/set_color_action__struct.hpp
[1.131s] -- Up-to-date: /home/jan/dev/Ros2PoCLedControl/ros2_home_auto/install/custom_interfaces/include/custom_interfaces/custom_interfaces/action/detail/set_color_action__builder.hpp
[1.131s] -- Up-to-date: /home/jan/dev/Ros2PoCLedControl/ros2_home_auto/install/custom_interfaces/include/custom_interfaces/custom_interfaces/action/detail/set_color_action__traits.hpp
[1.131s] -- Up-to-date: /home/jan/dev/Ros2PoCLedControl/ros2_home_auto/install/custom_interfaces/include/custom_interfaces/custom_interfaces/srv
[1.131s] -- Up-to-date: /home/jan/dev/Ros2PoCLedControl/ros2_home_auto/install/custom_interfaces/include/custom_interfaces/custom_interfaces/srv/detail
[1.131s] -- Up-to-date: /home/jan/dev/Ros2PoCLedControl/ros2_home_auto/install/custom_interfaces/include/custom_interfaces/custom_interfaces/srv/detail/set_colors__struct.hpp
[1.131s] -- Up-to-date: /home/jan/dev/Ros2PoCLedControl/ros2_home_auto/install/custom_interfaces/include/custom_interfaces/custom_interfaces/srv/detail/set_colors__traits.hpp
[1.131s] -- Up-to-date: /home/jan/dev/Ros2PoCLedControl/ros2_home_auto/install/custom_interfaces/include/custom_interfaces/custom_interfaces/srv/detail/set_colors__builder.hpp
[1.131s] -- Up-to-date: /home/jan/dev/Ros2PoCLedControl/ros2_home_auto/install/custom_interfaces/include/custom_interfaces/custom_interfaces/srv/set_colors.hpp
[1.131s] -- Up-to-date: /home/jan/dev/Ros2PoCLedControl/ros2_home_auto/install/custom_interfaces/include/custom_interfaces/custom_interfaces
[1.131s] -- Up-to-date: /home/jan/dev/Ros2PoCLedControl/ros2_home_auto/install/custom_interfaces/include/custom_interfaces/custom_interfaces/msg
[1.131s] -- Up-to-date: /home/jan/dev/Ros2PoCLedControl/ros2_home_auto/install/custom_interfaces/include/custom_interfaces/custom_interfaces/msg/rosidl_typesupport_fastrtps_cpp__visibility_control.h
[1.132s] -- Up-to-date: /home/jan/dev/Ros2PoCLedControl/ros2_home_auto/install/custom_interfaces/include/custom_interfaces/custom_interfaces/msg/detail
[1.132s] -- Up-to-date: /home/jan/dev/Ros2PoCLedControl/ros2_home_auto/install/custom_interfaces/include/custom_interfaces/custom_interfaces/msg/detail/color_array__rosidl_typesupport_fastrtps_cpp.hpp
[1.132s] -- Up-to-date: /home/jan/dev/Ros2PoCLedControl/ros2_home_auto/install/custom_interfaces/include/custom_interfaces/custom_interfaces/msg/detail/color__rosidl_typesupport_fastrtps_cpp.hpp
[1.132s] -- Up-to-date: /home/jan/dev/Ros2PoCLedControl/ros2_home_auto/install/custom_interfaces/include/custom_interfaces/custom_interfaces/msg/detail/dds_fastrtps
[1.132s] -- Up-to-date: /home/jan/dev/Ros2PoCLedControl/ros2_home_auto/install/custom_interfaces/include/custom_interfaces/custom_interfaces/action
[1.132s] -- Up-to-date: /home/jan/dev/Ros2PoCLedControl/ros2_home_auto/install/custom_interfaces/include/custom_interfaces/custom_interfaces/action/detail
[1.132s] -- Up-to-date: /home/jan/dev/Ros2PoCLedControl/ros2_home_auto/install/custom_interfaces/include/custom_interfaces/custom_interfaces/action/detail/set_color_action__rosidl_typesupport_fastrtps_cpp.hpp
[1.132s] -- Up-to-date: /home/jan/dev/Ros2PoCLedControl/ros2_home_auto/install/custom_interfaces/include/custom_interfaces/custom_interfaces/action/detail/dds_fastrtps
[1.132s] -- Up-to-date: /home/jan/dev/Ros2PoCLedControl/ros2_home_auto/install/custom_interfaces/include/custom_interfaces/custom_interfaces/srv
[1.132s] -- Up-to-date: /home/jan/dev/Ros2PoCLedControl/ros2_home_auto/install/custom_interfaces/include/custom_interfaces/custom_interfaces/srv/detail
[1.132s] -- Up-to-date: /home/jan/dev/Ros2PoCLedControl/ros2_home_auto/install/custom_interfaces/include/custom_interfaces/custom_interfaces/srv/detail/set_colors__rosidl_typesupport_fastrtps_cpp.hpp
[1.132s] -- Up-to-date: /home/jan/dev/Ros2PoCLedControl/ros2_home_auto/install/custom_interfaces/include/custom_interfaces/custom_interfaces/srv/detail/dds_fastrtps
[1.132s] -- Up-to-date: /home/jan/dev/Ros2PoCLedControl/ros2_home_auto/install/custom_interfaces/lib/libcustom_interfaces__rosidl_typesupport_fastrtps_cpp.so
[1.132s] -- Up-to-date: /home/jan/dev/Ros2PoCLedControl/ros2_home_auto/install/custom_interfaces/include/custom_interfaces/custom_interfaces
[1.132s] -- Up-to-date: /home/jan/dev/Ros2PoCLedControl/ros2_home_auto/install/custom_interfaces/include/custom_interfaces/custom_interfaces/msg
[1.132s] -- Up-to-date: /home/jan/dev/Ros2PoCLedControl/ros2_home_auto/install/custom_interfaces/include/custom_interfaces/custom_interfaces/msg/detail
[1.132s] -- Up-to-date: /home/jan/dev/Ros2PoCLedControl/ros2_home_auto/install/custom_interfaces/include/custom_interfaces/custom_interfaces/msg/detail/color_array__rosidl_typesupport_introspection_cpp.hpp
[1.133s] -- Up-to-date: /home/jan/dev/Ros2PoCLedControl/ros2_home_auto/install/custom_interfaces/include/custom_interfaces/custom_interfaces/msg/detail/color_array__type_support.cpp
[1.133s] -- Up-to-date: /home/jan/dev/Ros2PoCLedControl/ros2_home_auto/install/custom_interfaces/include/custom_interfaces/custom_interfaces/msg/detail/color__rosidl_typesupport_introspection_cpp.hpp
[1.133s] -- Up-to-date: /home/jan/dev/Ros2PoCLedControl/ros2_home_auto/install/custom_interfaces/include/custom_interfaces/custom_interfaces/msg/detail/color__type_support.cpp
[1.133s] -- Up-to-date: /home/jan/dev/Ros2PoCLedControl/ros2_home_auto/install/custom_interfaces/include/custom_interfaces/custom_interfaces/action
[1.133s] -- Up-to-date: /home/jan/dev/Ros2PoCLedControl/ros2_home_auto/install/custom_interfaces/include/custom_interfaces/custom_interfaces/action/detail
[1.133s] -- Up-to-date: /home/jan/dev/Ros2PoCLedControl/ros2_home_auto/install/custom_interfaces/include/custom_interfaces/custom_interfaces/action/detail/set_color_action__rosidl_typesupport_introspection_cpp.hpp
[1.133s] -- Up-to-date: /home/jan/dev/Ros2PoCLedControl/ros2_home_auto/install/custom_interfaces/include/custom_interfaces/custom_interfaces/action/detail/set_color_action__type_support.cpp
[1.133s] -- Up-to-date: /home/jan/dev/Ros2PoCLedControl/ros2_home_auto/install/custom_interfaces/include/custom_interfaces/custom_interfaces/srv
[1.133s] -- Up-to-date: /home/jan/dev/Ros2PoCLedControl/ros2_home_auto/install/custom_interfaces/include/custom_interfaces/custom_interfaces/srv/detail
[1.133s] -- Up-to-date: /home/jan/dev/Ros2PoCLedControl/ros2_home_auto/install/custom_interfaces/include/custom_interfaces/custom_interfaces/srv/detail/set_colors__rosidl_typesupport_introspection_cpp.hpp
[1.133s] -- Up-to-date: /home/jan/dev/Ros2PoCLedControl/ros2_home_auto/install/custom_interfaces/include/custom_interfaces/custom_interfaces/srv/detail/set_colors__type_support.cpp
[1.133s] -- Up-to-date: /home/jan/dev/Ros2PoCLedControl/ros2_home_auto/install/custom_interfaces/lib/libcustom_interfaces__rosidl_typesupport_introspection_cpp.so
[1.133s] -- Up-to-date: /home/jan/dev/Ros2PoCLedControl/ros2_home_auto/install/custom_interfaces/lib/libcustom_interfaces__rosidl_typesupport_cpp.so
[1.133s] -- Up-to-date: /home/jan/dev/Ros2PoCLedControl/ros2_home_auto/install/custom_interfaces/share/custom_interfaces/environment/pythonpath.sh
[1.133s] -- Up-to-date: /home/jan/dev/Ros2PoCLedControl/ros2_home_auto/install/custom_interfaces/share/custom_interfaces/environment/pythonpath.dsv
[1.133s] -- Up-to-date: /home/jan/dev/Ros2PoCLedControl/ros2_home_auto/install/custom_interfaces/local/lib/python3.10/dist-packages/custom_interfaces-0.0.0-py3.10.egg-info
[1.133s] -- Installing: /home/jan/dev/Ros2PoCLedControl/ros2_home_auto/install/custom_interfaces/local/lib/python3.10/dist-packages/custom_interfaces-0.0.0-py3.10.egg-info/PKG-INFO
[1.134s] -- Installing: /home/jan/dev/Ros2PoCLedControl/ros2_home_auto/install/custom_interfaces/local/lib/python3.10/dist-packages/custom_interfaces-0.0.0-py3.10.egg-info/SOURCES.txt
[1.134s] -- Installing: /home/jan/dev/Ros2PoCLedControl/ros2_home_auto/install/custom_interfaces/local/lib/python3.10/dist-packages/custom_interfaces-0.0.0-py3.10.egg-info/top_level.txt
[1.134s] -- Installing: /home/jan/dev/Ros2PoCLedControl/ros2_home_auto/install/custom_interfaces/local/lib/python3.10/dist-packages/custom_interfaces-0.0.0-py3.10.egg-info/dependency_links.txt
[1.134s] -- Up-to-date: /home/jan/dev/Ros2PoCLedControl/ros2_home_auto/install/custom_interfaces/local/lib/python3.10/dist-packages/custom_interfaces
[1.134s] -- Up-to-date: /home/jan/dev/Ros2PoCLedControl/ros2_home_auto/install/custom_interfaces/local/lib/python3.10/dist-packages/custom_interfaces/_custom_interfaces_s.ep.rosidl_typesupport_c.c
[1.134s] -- Up-to-date: /home/jan/dev/Ros2PoCLedControl/ros2_home_auto/install/custom_interfaces/local/lib/python3.10/dist-packages/custom_interfaces/msg
[1.134s] -- Up-to-date: /home/jan/dev/Ros2PoCLedControl/ros2_home_auto/install/custom_interfaces/local/lib/python3.10/dist-packages/custom_interfaces/msg/_color.py
[1.134s] -- Up-to-date: /home/jan/dev/Ros2PoCLedControl/ros2_home_auto/install/custom_interfaces/local/lib/python3.10/dist-packages/custom_interfaces/msg/__init__.py
[1.134s] -- Up-to-date: /home/jan/dev/Ros2PoCLedControl/ros2_home_auto/install/custom_interfaces/local/lib/python3.10/dist-packages/custom_interfaces/msg/_color_s.c
[1.134s] -- Up-to-date: /home/jan/dev/Ros2PoCLedControl/ros2_home_auto/install/custom_interfaces/local/lib/python3.10/dist-packages/custom_interfaces/msg/_color_array.py
[1.134s] -- Up-to-date: /home/jan/dev/Ros2PoCLedControl/ros2_home_auto/install/custom_interfaces/local/lib/python3.10/dist-packages/custom_interfaces/msg/_color_array_s.c
[1.134s] -- Up-to-date: /home/jan/dev/Ros2PoCLedControl/ros2_home_auto/install/custom_interfaces/local/lib/python3.10/dist-packages/custom_interfaces/action
[1.134s] -- Up-to-date: /home/jan/dev/Ros2PoCLedControl/ros2_home_auto/install/custom_interfaces/local/lib/python3.10/dist-packages/custom_interfaces/action/_set_color_action.py
[1.134s] -- Up-to-date: /home/jan/dev/Ros2PoCLedControl/ros2_home_auto/install/custom_interfaces/local/lib/python3.10/dist-packages/custom_interfaces/action/__init__.py
[1.134s] -- Up-to-date: /home/jan/dev/Ros2PoCLedControl/ros2_home_auto/install/custom_interfaces/local/lib/python3.10/dist-packages/custom_interfaces/action/_set_color_action_s.c
[1.134s] -- Up-to-date: /home/jan/dev/Ros2PoCLedControl/ros2_home_auto/install/custom_interfaces/local/lib/python3.10/dist-packages/custom_interfaces/_custom_interfaces_s.ep.rosidl_typesupport_fastrtps_c.c
[1.134s] -- Up-to-date: /home/jan/dev/Ros2PoCLedControl/ros2_home_auto/install/custom_interfaces/local/lib/python3.10/dist-packages/custom_interfaces/__init__.py
[1.135s] -- Up-to-date: /home/jan/dev/Ros2PoCLedControl/ros2_home_auto/install/custom_interfaces/local/lib/python3.10/dist-packages/custom_interfaces/libcustom_interfaces__rosidl_generator_py.so
[1.135s] -- Up-to-date: /home/jan/dev/Ros2PoCLedControl/ros2_home_auto/install/custom_interfaces/local/lib/python3.10/dist-packages/custom_interfaces/custom_interfaces_s__rosidl_typesupport_fastrtps_c.cpython-310-x86_64-linux-gnu.so
[1.135s] -- Up-to-date: /home/jan/dev/Ros2PoCLedControl/ros2_home_auto/install/custom_interfaces/local/lib/python3.10/dist-packages/custom_interfaces/srv
[1.135s] -- Up-to-date: /home/jan/dev/Ros2PoCLedControl/ros2_home_auto/install/custom_interfaces/local/lib/python3.10/dist-packages/custom_interfaces/srv/__init__.py
[1.135s] -- Up-to-date: /home/jan/dev/Ros2PoCLedControl/ros2_home_auto/install/custom_interfaces/local/lib/python3.10/dist-packages/custom_interfaces/srv/_set_colors_s.c
[1.135s] -- Up-to-date: /home/jan/dev/Ros2PoCLedControl/ros2_home_auto/install/custom_interfaces/local/lib/python3.10/dist-packages/custom_interfaces/srv/_set_colors.py
[1.135s] -- Up-to-date: /home/jan/dev/Ros2PoCLedControl/ros2_home_auto/install/custom_interfaces/local/lib/python3.10/dist-packages/custom_interfaces/custom_interfaces_s__rosidl_typesupport_introspection_c.cpython-310-x86_64-linux-gnu.so
[1.135s] -- Up-to-date: /home/jan/dev/Ros2PoCLedControl/ros2_home_auto/install/custom_interfaces/local/lib/python3.10/dist-packages/custom_interfaces/_custom_interfaces_s.ep.rosidl_typesupport_introspection_c.c
[1.135s] -- Up-to-date: /home/jan/dev/Ros2PoCLedControl/ros2_home_auto/install/custom_interfaces/local/lib/python3.10/dist-packages/custom_interfaces/custom_interfaces_s__rosidl_typesupport_c.cpython-310-x86_64-linux-gnu.so
[1.165s] Listing '/home/jan/dev/Ros2PoCLedControl/ros2_home_auto/install/custom_interfaces/local/lib/python3.10/dist-packages/custom_interfaces'...
[1.165s] Listing '/home/jan/dev/Ros2PoCLedControl/ros2_home_auto/install/custom_interfaces/local/lib/python3.10/dist-packages/custom_interfaces/action'...
[1.165s] Listing '/home/jan/dev/Ros2PoCLedControl/ros2_home_auto/install/custom_interfaces/local/lib/python3.10/dist-packages/custom_interfaces/msg'...
[1.165s] Listing '/home/jan/dev/Ros2PoCLedControl/ros2_home_auto/install/custom_interfaces/local/lib/python3.10/dist-packages/custom_interfaces/srv'...
[1.169s] -- Up-to-date: /home/jan/dev/Ros2PoCLedControl/ros2_home_auto/install/custom_interfaces/local/lib/python3.10/dist-packages/custom_interfaces/custom_interfaces_s__rosidl_typesupport_fastrtps_c.cpython-310-x86_64-linux-gnu.so
[1.169s] -- Up-to-date: /home/jan/dev/Ros2PoCLedControl/ros2_home_auto/install/custom_interfaces/local/lib/python3.10/dist-packages/custom_interfaces/custom_interfaces_s__rosidl_typesupport_introspection_c.cpython-310-x86_64-linux-gnu.so
[1.170s] -- Up-to-date: /home/jan/dev/Ros2PoCLedControl/ros2_home_auto/install/custom_interfaces/local/lib/python3.10/dist-packages/custom_interfaces/custom_interfaces_s__rosidl_typesupport_c.cpython-310-x86_64-linux-gnu.so
[1.170s] -- Up-to-date: /home/jan/dev/Ros2PoCLedControl/ros2_home_auto/install/custom_interfaces/lib/libcustom_interfaces__rosidl_generator_py.so
[1.170s] -- Up-to-date: /home/jan/dev/Ros2PoCLedControl/ros2_home_auto/install/custom_interfaces/share/custom_interfaces/msg/Color.idl
[1.170s] -- Up-to-date: /home/jan/dev/Ros2PoCLedControl/ros2_home_auto/install/custom_interfaces/share/custom_interfaces/msg/ColorArray.idl
[1.171s] -- Up-to-date: /home/jan/dev/Ros2PoCLedControl/ros2_home_auto/install/custom_interfaces/share/custom_interfaces/srv/SetColors.idl
[1.171s] -- Up-to-date: /home/jan/dev/Ros2PoCLedControl/ros2_home_auto/install/custom_interfaces/share/custom_interfaces/action/SetColorAction.idl
[1.171s] -- Up-to-date: /home/jan/dev/Ros2PoCLedControl/ros2_home_auto/install/custom_interfaces/share/custom_interfaces/msg/Color.msg
[1.171s] -- Up-to-date: /home/jan/dev/Ros2PoCLedControl/ros2_home_auto/install/custom_interfaces/share/custom_interfaces/msg/ColorArray.msg
[1.171s] -- Up-to-date: /home/jan/dev/Ros2PoCLedControl/ros2_home_auto/install/custom_interfaces/share/custom_interfaces/srv/SetColors.srv
[1.171s] -- Up-to-date: /home/jan/dev/Ros2PoCLedControl/ros2_home_auto/install/custom_interfaces/share/custom_interfaces/srv/SetColors_Request.msg
[1.172s] -- Up-to-date: /home/jan/dev/Ros2PoCLedControl/ros2_home_auto/install/custom_interfaces/share/custom_interfaces/srv/SetColors_Response.msg
[1.172s] -- Up-to-date: /home/jan/dev/Ros2PoCLedControl/ros2_home_auto/install/custom_interfaces/share/custom_interfaces/action/SetColorAction.action
[1.172s] -- Up-to-date: /home/jan/dev/Ros2PoCLedControl/ros2_home_auto/install/custom_interfaces/share/ament_index/resource_index/package_run_dependencies/custom_interfaces
[1.172s] -- Up-to-date: /home/jan/dev/Ros2PoCLedControl/ros2_home_auto/install/custom_interfaces/share/ament_index/resource_index/parent_prefix_path/custom_interfaces
[1.172s] -- Up-to-date: /home/jan/dev/Ros2PoCLedControl/ros2_home_auto/install/custom_interfaces/share/custom_interfaces/environment/ament_prefix_path.sh
[1.172s] -- Up-to-date: /home/jan/dev/Ros2PoCLedControl/ros2_home_auto/install/custom_interfaces/share/custom_interfaces/environment/ament_prefix_path.dsv
[1.172s] -- Up-to-date: /home/jan/dev/Ros2PoCLedControl/ros2_home_auto/install/custom_interfaces/share/custom_interfaces/environment/path.sh
[1.173s] -- Up-to-date: /home/jan/dev/Ros2PoCLedControl/ros2_home_auto/install/custom_interfaces/share/custom_interfaces/environment/path.dsv
[1.173s] -- Up-to-date: /home/jan/dev/Ros2PoCLedControl/ros2_home_auto/install/custom_interfaces/share/custom_interfaces/local_setup.bash
[1.173s] -- Up-to-date: /home/jan/dev/Ros2PoCLedControl/ros2_home_auto/install/custom_interfaces/share/custom_interfaces/local_setup.sh
[1.173s] -- Up-to-date: /home/jan/dev/Ros2PoCLedControl/ros2_home_auto/install/custom_interfaces/share/custom_interfaces/local_setup.zsh
[1.173s] -- Up-to-date: /home/jan/dev/Ros2PoCLedControl/ros2_home_auto/install/custom_interfaces/share/custom_interfaces/local_setup.dsv
[1.173s] -- Installing: /home/jan/dev/Ros2PoCLedControl/ros2_home_auto/install/custom_interfaces/share/custom_interfaces/package.dsv
[1.173s] -- Up-to-date: /home/jan/dev/Ros2PoCLedControl/ros2_home_auto/install/custom_interfaces/share/ament_index/resource_index/packages/custom_interfaces
[1.174s] -- Up-to-date: /home/jan/dev/Ros2PoCLedControl/ros2_home_auto/install/custom_interfaces/share/custom_interfaces/cmake/export_custom_interfaces__rosidl_generator_cExport.cmake
[1.174s] -- Up-to-date: /home/jan/dev/Ros2PoCLedControl/ros2_home_auto/install/custom_interfaces/share/custom_interfaces/cmake/export_custom_interfaces__rosidl_generator_cExport-noconfig.cmake
[1.174s] -- Up-to-date: /home/jan/dev/Ros2PoCLedControl/ros2_home_auto/install/custom_interfaces/share/custom_interfaces/cmake/export_custom_interfaces__rosidl_typesupport_fastrtps_cExport.cmake
[1.174s] -- Up-to-date: /home/jan/dev/Ros2PoCLedControl/ros2_home_auto/install/custom_interfaces/share/custom_interfaces/cmake/export_custom_interfaces__rosidl_typesupport_fastrtps_cExport-noconfig.cmake
[1.174s] -- Up-to-date: /home/jan/dev/Ros2PoCLedControl/ros2_home_auto/install/custom_interfaces/share/custom_interfaces/cmake/custom_interfaces__rosidl_typesupport_introspection_cExport.cmake
[1.174s] -- Up-to-date: /home/jan/dev/Ros2PoCLedControl/ros2_home_auto/install/custom_interfaces/share/custom_interfaces/cmake/custom_interfaces__rosidl_typesupport_introspection_cExport-noconfig.cmake
[1.174s] -- Up-to-date: /home/jan/dev/Ros2PoCLedControl/ros2_home_auto/install/custom_interfaces/share/custom_interfaces/cmake/custom_interfaces__rosidl_typesupport_cExport.cmake
[1.174s] -- Up-to-date: /home/jan/dev/Ros2PoCLedControl/ros2_home_auto/install/custom_interfaces/share/custom_interfaces/cmake/custom_interfaces__rosidl_typesupport_cExport-noconfig.cmake
[1.174s] -- Up-to-date: /home/jan/dev/Ros2PoCLedControl/ros2_home_auto/install/custom_interfaces/share/custom_interfaces/cmake/export_custom_interfaces__rosidl_generator_cppExport.cmake
[1.174s] -- Up-to-date: /home/jan/dev/Ros2PoCLedControl/ros2_home_auto/install/custom_interfaces/share/custom_interfaces/cmake/export_custom_interfaces__rosidl_typesupport_fastrtps_cppExport.cmake
[1.175s] -- Up-to-date: /home/jan/dev/Ros2PoCLedControl/ros2_home_auto/install/custom_interfaces/share/custom_interfaces/cmake/export_custom_interfaces__rosidl_typesupport_fastrtps_cppExport-noconfig.cmake
[1.175s] -- Up-to-date: /home/jan/dev/Ros2PoCLedControl/ros2_home_auto/install/custom_interfaces/share/custom_interfaces/cmake/custom_interfaces__rosidl_typesupport_introspection_cppExport.cmake
[1.175s] -- Up-to-date: /home/jan/dev/Ros2PoCLedControl/ros2_home_auto/install/custom_interfaces/share/custom_interfaces/cmake/custom_interfaces__rosidl_typesupport_introspection_cppExport-noconfig.cmake
[1.175s] -- Up-to-date: /home/jan/dev/Ros2PoCLedControl/ros2_home_auto/install/custom_interfaces/share/custom_interfaces/cmake/custom_interfaces__rosidl_typesupport_cppExport.cmake
[1.176s] -- Up-to-date: /home/jan/dev/Ros2PoCLedControl/ros2_home_auto/install/custom_interfaces/share/custom_interfaces/cmake/custom_interfaces__rosidl_typesupport_cppExport-noconfig.cmake
[1.176s] -- Up-to-date: /home/jan/dev/Ros2PoCLedControl/ros2_home_auto/install/custom_interfaces/share/custom_interfaces/cmake/export_custom_interfaces__rosidl_generator_pyExport.cmake
[1.176s] -- Up-to-date: /home/jan/dev/Ros2PoCLedControl/ros2_home_auto/install/custom_interfaces/share/custom_interfaces/cmake/export_custom_interfaces__rosidl_generator_pyExport-noconfig.cmake
[1.176s] -- Up-to-date: /home/jan/dev/Ros2PoCLedControl/ros2_home_auto/install/custom_interfaces/share/custom_interfaces/cmake/rosidl_cmake-extras.cmake
[1.176s] -- Up-to-date: /home/jan/dev/Ros2PoCLedControl/ros2_home_auto/install/custom_interfaces/share/custom_interfaces/cmake/ament_cmake_export_dependencies-extras.cmake
[1.177s] -- Up-to-date: /home/jan/dev/Ros2PoCLedControl/ros2_home_auto/install/custom_interfaces/share/custom_interfaces/cmake/ament_cmake_export_include_directories-extras.cmake
[1.177s] -- Up-to-date: /home/jan/dev/Ros2PoCLedControl/ros2_home_auto/install/custom_interfaces/share/custom_interfaces/cmake/ament_cmake_export_libraries-extras.cmake
[1.177s] -- Up-to-date: /home/jan/dev/Ros2PoCLedControl/ros2_home_auto/install/custom_interfaces/share/custom_interfaces/cmake/ament_cmake_export_targets-extras.cmake
[1.177s] -- Up-to-date: /home/jan/dev/Ros2PoCLedControl/ros2_home_auto/install/custom_interfaces/share/custom_interfaces/cmake/rosidl_cmake_export_typesupport_targets-extras.cmake
[1.177s] -- Up-to-date: /home/jan/dev/Ros2PoCLedControl/ros2_home_auto/install/custom_interfaces/share/custom_interfaces/cmake/rosidl_cmake_export_typesupport_libraries-extras.cmake
[1.178s] -- Up-to-date: /home/jan/dev/Ros2PoCLedControl/ros2_home_auto/install/custom_interfaces/share/custom_interfaces/cmake/custom_interfacesConfig.cmake
[1.178s] -- Up-to-date: /home/jan/dev/Ros2PoCLedControl/ros2_home_auto/install/custom_interfaces/share/custom_interfaces/cmake/custom_interfacesConfig-version.cmake
[1.178s] -- Up-to-date: /home/jan/dev/Ros2PoCLedControl/ros2_home_auto/install/custom_interfaces/share/custom_interfaces/package.xml
[1.178s] Invoked command in '/home/jan/dev/Ros2PoCLedControl/ros2_home_auto/build/custom_interfaces' returned '0': CMAKE_PREFIX_PATH=${CMAKE_PREFIX_PATH}:/home/jan/dev/Ros2PoCLedControl/ros2_home_auto/install/video_capture:/home/jan/dev/Ros2PoCLedControl/ros2_home_auto/install/led_control:/opt/ros/humble /usr/bin/cmake --install /home/jan/dev/Ros2PoCLedControl/ros2_home_auto/build/custom_interfaces
