[0.305s] Invoking command in '/home/jan/dev/Ros2PoCLedControl/ros2_home_auto/build/cpp_nodes': CMAKE_PREFIX_PATH=${CMAKE_PREFIX_PATH}:/home/jan/dev/Ros2PoCLedControl/ros2_home_auto/install/video_capture:/home/jan/dev/Ros2PoCLedControl/ros2_home_auto/install/led_control:/opt/ros/humble /usr/bin/cmake /home/jan/dev/Ros2PoCLedControl/ros2_home_auto/src/cpp_nodes -DCMAKE_INSTALL_PREFIX=/home/jan/dev/Ros2PoCLedControl/ros2_home_auto/install/cpp_nodes
[0.660s] -- The C compiler identification is GNU 11.4.0
[0.661s] -- The CXX compiler identification is GNU 11.4.0
[0.662s] -- Detecting C compiler ABI info
[0.662s] -- Detecting C compiler ABI info - done
[0.662s] -- Check for working C compiler: /usr/bin/cc - skipped
[0.662s] -- Detecting C compile features
[0.663s] -- Detecting C compile features - done
[0.663s] -- Detecting CXX compiler ABI info
[0.663s] -- Detecting CXX compiler ABI info - done
[0.663s] -- Check for working CXX compiler: /usr/bin/c++ - skipped
[0.663s] -- Detecting CXX compile features
[0.663s] -- Detecting CXX compile features - done
[0.663s] -- Found ament_cmake: 1.3.8 (/opt/ros/humble/share/ament_cmake/cmake)
[0.726s] -- Found Python3: /usr/bin/python3 (found version "3.10.12") found components: Interpreter 
[0.820s] -- Found rclcpp: 16.0.8 (/opt/ros/humble/share/rclcpp/cmake)
[0.858s] -- Found rosidl_generator_c: 3.1.5 (/opt/ros/humble/share/rosidl_generator_c/cmake)
[0.862s] -- Found rosidl_adapter: 3.1.5 (/opt/ros/humble/share/rosidl_adapter/cmake)
[0.870s] -- Found rosidl_generator_cpp: 3.1.5 (/opt/ros/humble/share/rosidl_generator_cpp/cmake)
[0.882s] -- Using all available rosidl_typesupport_c: rosidl_typesupport_fastrtps_c;rosidl_typesupport_introspection_c
[0.901s] -- Using all available rosidl_typesupport_cpp: rosidl_typesupport_fastrtps_cpp;rosidl_typesupport_introspection_cpp
[0.969s] -- Found rmw_implementation_cmake: 6.1.1 (/opt/ros/humble/share/rmw_implementation_cmake/cmake)
[0.971s] -- Found rmw_fastrtps_cpp: 6.2.6 (/opt/ros/humble/share/rmw_fastrtps_cpp/cmake)
[1.068s] -- Found OpenSSL: /usr/lib/x86_64-linux-gnu/libcrypto.so (found version "3.0.2")  
[1.092s] -- Found FastRTPS: /opt/ros/humble/include  
[1.142s] -- Using RMW implementation 'rmw_fastrtps_cpp' as default
[1.151s] -- Looking for pthread.h
[1.213s] -- Looking for pthread.h - found
[1.213s] -- Performing Test CMAKE_HAVE_LIBC_PTHREAD
[1.279s] -- Performing Test CMAKE_HAVE_LIBC_PTHREAD - Success
[1.280s] -- Found Threads: TRUE  
[1.466s] -- Found sensor_msgs: 4.2.3 (/opt/ros/humble/share/sensor_msgs/cmake)
[1.611s] -- Found ament_lint_auto: 0.12.10 (/opt/ros/humble/share/ament_lint_auto/cmake)
[1.690s] -- Added test 'cppcheck' to perform static code analysis on C / C++ code
[1.690s] -- Configured cppcheck include dirs: $<BUILD_INTERFACE:/home/jan/dev/Ros2PoCLedControl/ros2_home_auto/src/cpp_nodes/include>
[1.690s] -- Configured cppcheck exclude dirs and/or files: 
[1.691s] -- Added test 'lint_cmake' to check CMake code style
[1.692s] -- Added test 'uncrustify' to check C / C++ code style
[1.692s] -- Configured uncrustify additional arguments: 
[1.692s] -- Added test 'xmllint' to check XML markup files
[1.693s] -- Configuring done
[1.702s] -- Generating done
[1.704s] -- Build files have been written to: /home/jan/dev/Ros2PoCLedControl/ros2_home_auto/build/cpp_nodes
