[0.628s] Invoking command in '/home/jan/dev/ros2_home_auto/build/led_control': PYTHONPATH=/home/jan/dev/ros2_home_auto/build/led_control/prefix_override:/home/jan/dev/ros2_home_auto/install/led_control/lib/python3.10/site-packages:${PYTHONPATH} /usr/bin/python3 setup.py develop --editable --build-directory /home/jan/dev/ros2_home_auto/build/led_control/build --no-deps install_data
[0.853s] running develop
[0.854s] /usr/lib/python3/dist-packages/setuptools/command/easy_install.py:158: EasyInstallDeprecationWarning: easy_install command is deprecated. Use build and pip and other standards-based tools.
[0.854s]   warnings.warn(
[0.854s] /usr/lib/python3/dist-packages/setuptools/command/install.py:34: SetuptoolsDeprecationWarning: setup.py install is deprecated. Use build and pip and other standards-based tools.
[0.854s]   warnings.warn(
[0.997s] running egg_info
[0.997s] writing led_control.egg-info/PKG-INFO
[0.997s] writing dependency_links to led_control.egg-info/dependency_links.txt
[0.997s] writing entry points to led_control.egg-info/entry_points.txt
[0.998s] writing requirements to led_control.egg-info/requires.txt
[0.998s] writing top-level names to led_control.egg-info/top_level.txt
[0.999s] reading manifest file 'led_control.egg-info/SOURCES.txt'
[0.999s] writing manifest file 'led_control.egg-info/SOURCES.txt'
[1.000s] running build_ext
[1.000s] Creating /home/jan/dev/ros2_home_auto/install/led_control/lib/python3.10/site-packages/led-control.egg-link (link to .)
[1.001s] Installing led_control_server script to /home/jan/dev/ros2_home_auto/install/led_control/lib/led_control
[1.001s] 
[1.002s] Installed /home/jan/dev/ros2_home_auto/build/led_control
[1.002s] running install_data
[1.021s] Invoked command in '/home/jan/dev/ros2_home_auto/build/led_control' returned '0': PYTHONPATH=/home/jan/dev/ros2_home_auto/build/led_control/prefix_override:/home/jan/dev/ros2_home_auto/install/led_control/lib/python3.10/site-packages:${PYTHONPATH} /usr/bin/python3 setup.py develop --editable --build-directory /home/jan/dev/ros2_home_auto/build/led_control/build --no-deps install_data
