[1.336s] Invoking command in '/home/jan/dev/Ros2PoCLedControl/ros2_home_auto/src/led_control': PYTHONPATH=/home/jan/dev/Ros2PoCLedControl/ros2_home_auto/build/led_control/prefix_override:/home/jan/dev/Ros2PoCLedControl/ros2_home_auto/install/led_control/lib/python3.10/site-packages:${PYTHONPATH} /usr/bin/python3 setup.py egg_info --egg-base ../../build/led_control build --build-base /home/jan/dev/Ros2PoCLedControl/ros2_home_auto/build/led_control/build install --record /home/jan/dev/Ros2PoCLedControl/ros2_home_auto/build/led_control/install.log --single-version-externally-managed
[1.614s] running egg_info
[1.614s] writing ../../build/led_control/led_control.egg-info/PKG-INFO
[1.615s] writing dependency_links to ../../build/led_control/led_control.egg-info/dependency_links.txt
[1.615s] writing entry points to ../../build/led_control/led_control.egg-info/entry_points.txt
[1.615s] writing requirements to ../../build/led_control/led_control.egg-info/requires.txt
[1.615s] writing top-level names to ../../build/led_control/led_control.egg-info/top_level.txt
[1.616s] reading manifest file '../../build/led_control/led_control.egg-info/SOURCES.txt'
[1.617s] adding license file 'LICENSE'
[1.617s] writing manifest file '../../build/led_control/led_control.egg-info/SOURCES.txt'
[1.617s] running build
[1.617s] running build_py
[1.618s] running install
[1.618s] /usr/lib/python3/dist-packages/setuptools/command/install.py:34: SetuptoolsDeprecationWarning: setup.py install is deprecated. Use build and pip and other standards-based tools.
[1.618s]   warnings.warn(
[1.618s] running install_lib
[1.619s] running install_data
[1.619s] running install_egg_info
[1.621s] removing '/home/jan/dev/Ros2PoCLedControl/ros2_home_auto/install/led_control/lib/python3.10/site-packages/led_control-0.0.0-py3.10.egg-info' (and everything under it)
[1.621s] Copying ../../build/led_control/led_control.egg-info to /home/jan/dev/Ros2PoCLedControl/ros2_home_auto/install/led_control/lib/python3.10/site-packages/led_control-0.0.0-py3.10.egg-info
[1.622s] running install_scripts
[1.641s] Installing led_control_server script to /home/jan/dev/Ros2PoCLedControl/ros2_home_auto/install/led_control/lib/led_control
[1.641s] writing list of installed files to '/home/jan/dev/Ros2PoCLedControl/ros2_home_auto/build/led_control/install.log'
[1.703s] Invoked command in '/home/jan/dev/Ros2PoCLedControl/ros2_home_auto/src/led_control' returned '0': PYTHONPATH=/home/jan/dev/Ros2PoCLedControl/ros2_home_auto/build/led_control/prefix_override:/home/jan/dev/Ros2PoCLedControl/ros2_home_auto/install/led_control/lib/python3.10/site-packages:${PYTHONPATH} /usr/bin/python3 setup.py egg_info --egg-base ../../build/led_control build --build-base /home/jan/dev/Ros2PoCLedControl/ros2_home_auto/build/led_control/build install --record /home/jan/dev/Ros2PoCLedControl/ros2_home_auto/build/led_control/install.log --single-version-externally-managed
