[1.041s] DEBUG:colcon:Command line arguments: ['/usr/bin/colcon', 'build', '--cmake-args', '-DCMAKE_EXPORT_COMPILE_COMMANDS=ON']
[1.041s] DEBUG:colcon:Parsed command line arguments: Namespace(log_base=None, log_level=None, verb_name='build', build_base='build', install_base='install', merge_install=False, symlink_install=False, test_result_base=None, continue_on_error=False, executor='parallel', parallel_workers=12, event_handlers=None, ignore_user_meta=False, metas=['./colcon.meta'], base_paths=['.'], packages_ignore=None, packages_ignore_regex=None, paths=None, packages_up_to=None, packages_up_to_regex=None, packages_above=None, packages_above_and_dependencies=None, packages_above_depth=None, packages_select_by_dep=None, packages_skip_by_dep=None, packages_skip_up_to=None, packages_select_build_failed=False, packages_skip_build_finished=False, packages_select_test_failures=False, packages_skip_test_passed=False, packages_select=None, packages_skip=None, packages_select_regex=None, packages_skip_regex=None, packages_start=None, packages_end=None, allow_overriding=[], cmake_args=['-DCMAKE_EXPORT_COMPILE_COMMANDS=ON'], cmake_target=None, cmake_target_skip_unavailable=False, cmake_clean_cache=False, cmake_clean_first=False, cmake_force_configure=False, ament_cmake_args=None, catkin_cmake_args=None, catkin_skip_building_tests=False, verb_parser=<colcon_defaults.argument_parser.defaults.DefaultArgumentsDecorator object at 0x7df85e748160>, verb_extension=<colcon_core.verb.build.BuildVerb object at 0x7df85ebd7880>, main=<bound method BuildVerb.main of <colcon_core.verb.build.BuildVerb object at 0x7df85ebd7880>>)
[1.088s] Level 1:colcon.colcon_core.package_discovery:discover_packages(colcon_meta) check parameters
[1.088s] Level 1:colcon.colcon_core.package_discovery:discover_packages(recursive) check parameters
[1.088s] Level 1:colcon.colcon_core.package_discovery:discover_packages(ignore) check parameters
[1.088s] Level 1:colcon.colcon_core.package_discovery:discover_packages(path) check parameters
[1.088s] Level 1:colcon.colcon_core.package_discovery:discover_packages(colcon_meta) discover
[1.088s] Level 1:colcon.colcon_core.package_discovery:discover_packages(recursive) discover
[1.088s] INFO:colcon.colcon_core.package_discovery:Crawling recursively for packages in '/home/jan/dev/Ros2PoCLedControl/ros2_home_auto'
[1.088s] Level 1:colcon.colcon_core.package_identification:_identify(.) by extensions ['ignore', 'ignore_ament_install']
[1.088s] Level 1:colcon.colcon_core.package_identification:_identify(.) by extension 'ignore'
[1.088s] Level 1:colcon.colcon_core.package_identification:_identify(.) by extension 'ignore_ament_install'
[1.088s] Level 1:colcon.colcon_core.package_identification:_identify(.) by extensions ['colcon_pkg']
[1.088s] Level 1:colcon.colcon_core.package_identification:_identify(.) by extension 'colcon_pkg'
[1.088s] Level 1:colcon.colcon_core.package_identification:_identify(.) by extensions ['colcon_meta']
[1.088s] Level 1:colcon.colcon_core.package_identification:_identify(.) by extension 'colcon_meta'
[1.088s] Level 1:colcon.colcon_core.package_identification:_identify(.) by extensions ['ros']
[1.089s] Level 1:colcon.colcon_core.package_identification:_identify(.) by extension 'ros'
[1.099s] Level 1:colcon.colcon_core.package_identification:_identify(.) by extensions ['cmake', 'python']
[1.099s] Level 1:colcon.colcon_core.package_identification:_identify(.) by extension 'cmake'
[1.099s] Level 1:colcon.colcon_core.package_identification:_identify(.) by extension 'python'
[1.099s] Level 1:colcon.colcon_core.package_identification:_identify(.) by extensions ['python_setup_py']
[1.099s] Level 1:colcon.colcon_core.package_identification:_identify(.) by extension 'python_setup_py'
[1.100s] Level 1:colcon.colcon_core.package_identification:_identify(build) by extensions ['ignore', 'ignore_ament_install']
[1.100s] Level 1:colcon.colcon_core.package_identification:_identify(build) by extension 'ignore'
[1.100s] Level 1:colcon.colcon_core.package_identification:_identify(build) ignored
[1.100s] Level 1:colcon.colcon_core.package_identification:_identify(install) by extensions ['ignore', 'ignore_ament_install']
[1.100s] Level 1:colcon.colcon_core.package_identification:_identify(install) by extension 'ignore'
[1.100s] Level 1:colcon.colcon_core.package_identification:_identify(install) ignored
[1.100s] Level 1:colcon.colcon_core.package_identification:_identify(log) by extensions ['ignore', 'ignore_ament_install']
[1.100s] Level 1:colcon.colcon_core.package_identification:_identify(log) by extension 'ignore'
[1.100s] Level 1:colcon.colcon_core.package_identification:_identify(log) ignored
[1.100s] Level 1:colcon.colcon_core.package_identification:_identify(src) by extensions ['ignore', 'ignore_ament_install']
[1.100s] Level 1:colcon.colcon_core.package_identification:_identify(src) by extension 'ignore'
[1.101s] Level 1:colcon.colcon_core.package_identification:_identify(src) by extension 'ignore_ament_install'
[1.101s] Level 1:colcon.colcon_core.package_identification:_identify(src) by extensions ['colcon_pkg']
[1.101s] Level 1:colcon.colcon_core.package_identification:_identify(src) by extension 'colcon_pkg'
[1.101s] Level 1:colcon.colcon_core.package_identification:_identify(src) by extensions ['colcon_meta']
[1.101s] Level 1:colcon.colcon_core.package_identification:_identify(src) by extension 'colcon_meta'
[1.101s] Level 1:colcon.colcon_core.package_identification:_identify(src) by extensions ['ros']
[1.101s] Level 1:colcon.colcon_core.package_identification:_identify(src) by extension 'ros'
[1.101s] Level 1:colcon.colcon_core.package_identification:_identify(src) by extensions ['cmake', 'python']
[1.101s] Level 1:colcon.colcon_core.package_identification:_identify(src) by extension 'cmake'
[1.101s] Level 1:colcon.colcon_core.package_identification:_identify(src) by extension 'python'
[1.101s] Level 1:colcon.colcon_core.package_identification:_identify(src) by extensions ['python_setup_py']
[1.101s] Level 1:colcon.colcon_core.package_identification:_identify(src) by extension 'python_setup_py'
[1.101s] Level 1:colcon.colcon_core.package_identification:_identify(src/cpp_nodes) by extensions ['ignore', 'ignore_ament_install']
[1.101s] Level 1:colcon.colcon_core.package_identification:_identify(src/cpp_nodes) by extension 'ignore'
[1.101s] Level 1:colcon.colcon_core.package_identification:_identify(src/cpp_nodes) by extension 'ignore_ament_install'
[1.101s] Level 1:colcon.colcon_core.package_identification:_identify(src/cpp_nodes) by extensions ['colcon_pkg']
[1.101s] Level 1:colcon.colcon_core.package_identification:_identify(src/cpp_nodes) by extension 'colcon_pkg'
[1.101s] Level 1:colcon.colcon_core.package_identification:_identify(src/cpp_nodes) by extensions ['colcon_meta']
[1.101s] Level 1:colcon.colcon_core.package_identification:_identify(src/cpp_nodes) by extension 'colcon_meta'
[1.101s] Level 1:colcon.colcon_core.package_identification:_identify(src/cpp_nodes) by extensions ['ros']
[1.101s] Level 1:colcon.colcon_core.package_identification:_identify(src/cpp_nodes) by extension 'ros'
[1.104s] DEBUG:colcon.colcon_core.package_identification:Package 'src/cpp_nodes' with type 'ros.ament_cmake' and name 'cpp_nodes'
[1.104s] Level 1:colcon.colcon_core.package_identification:_identify(src/custom_interfaces) by extensions ['ignore', 'ignore_ament_install']
[1.104s] Level 1:colcon.colcon_core.package_identification:_identify(src/custom_interfaces) by extension 'ignore'
[1.104s] Level 1:colcon.colcon_core.package_identification:_identify(src/custom_interfaces) by extension 'ignore_ament_install'
[1.104s] Level 1:colcon.colcon_core.package_identification:_identify(src/custom_interfaces) by extensions ['colcon_pkg']
[1.104s] Level 1:colcon.colcon_core.package_identification:_identify(src/custom_interfaces) by extension 'colcon_pkg'
[1.104s] Level 1:colcon.colcon_core.package_identification:_identify(src/custom_interfaces) by extensions ['colcon_meta']
[1.104s] Level 1:colcon.colcon_core.package_identification:_identify(src/custom_interfaces) by extension 'colcon_meta'
[1.104s] Level 1:colcon.colcon_core.package_identification:_identify(src/custom_interfaces) by extensions ['ros']
[1.104s] Level 1:colcon.colcon_core.package_identification:_identify(src/custom_interfaces) by extension 'ros'
[1.105s] DEBUG:colcon.colcon_core.package_identification:Package 'src/custom_interfaces' with type 'ros.ament_cmake' and name 'custom_interfaces'
[1.105s] Level 1:colcon.colcon_core.package_identification:_identify(src/led_control) by extensions ['ignore', 'ignore_ament_install']
[1.105s] Level 1:colcon.colcon_core.package_identification:_identify(src/led_control) by extension 'ignore'
[1.105s] Level 1:colcon.colcon_core.package_identification:_identify(src/led_control) by extension 'ignore_ament_install'
[1.105s] Level 1:colcon.colcon_core.package_identification:_identify(src/led_control) by extensions ['colcon_pkg']
[1.105s] Level 1:colcon.colcon_core.package_identification:_identify(src/led_control) by extension 'colcon_pkg'
[1.105s] Level 1:colcon.colcon_core.package_identification:_identify(src/led_control) by extensions ['colcon_meta']
[1.105s] Level 1:colcon.colcon_core.package_identification:_identify(src/led_control) by extension 'colcon_meta'
[1.105s] Level 1:colcon.colcon_core.package_identification:_identify(src/led_control) by extensions ['ros']
[1.105s] Level 1:colcon.colcon_core.package_identification:_identify(src/led_control) by extension 'ros'
[1.106s] DEBUG:colcon.colcon_core.package_identification:Package 'src/led_control' with type 'ros.ament_python' and name 'led_control'
[1.106s] Level 1:colcon.colcon_core.package_identification:_identify(src/video_capture) by extensions ['ignore', 'ignore_ament_install']
[1.106s] Level 1:colcon.colcon_core.package_identification:_identify(src/video_capture) by extension 'ignore'
[1.106s] Level 1:colcon.colcon_core.package_identification:_identify(src/video_capture) by extension 'ignore_ament_install'
[1.106s] Level 1:colcon.colcon_core.package_identification:_identify(src/video_capture) by extensions ['colcon_pkg']
[1.106s] Level 1:colcon.colcon_core.package_identification:_identify(src/video_capture) by extension 'colcon_pkg'
[1.106s] Level 1:colcon.colcon_core.package_identification:_identify(src/video_capture) by extensions ['colcon_meta']
[1.106s] Level 1:colcon.colcon_core.package_identification:_identify(src/video_capture) by extension 'colcon_meta'
[1.106s] Level 1:colcon.colcon_core.package_identification:_identify(src/video_capture) by extensions ['ros']
[1.106s] Level 1:colcon.colcon_core.package_identification:_identify(src/video_capture) by extension 'ros'
[1.106s] DEBUG:colcon.colcon_core.package_identification:Package 'src/video_capture' with type 'ros.ament_python' and name 'video_capture'
[1.106s] Level 1:colcon.colcon_core.package_discovery:discover_packages(recursive) using defaults
[1.107s] Level 1:colcon.colcon_core.package_discovery:discover_packages(ignore) discover
[1.107s] Level 1:colcon.colcon_core.package_discovery:discover_packages(ignore) using defaults
[1.107s] Level 1:colcon.colcon_core.package_discovery:discover_packages(path) discover
[1.107s] Level 1:colcon.colcon_core.package_discovery:discover_packages(path) using defaults
[1.200s] Level 1:colcon.colcon_core.package_discovery:discover_packages(prefix_path) check parameters
[1.200s] Level 1:colcon.colcon_core.package_discovery:discover_packages(prefix_path) discover
[1.232s] DEBUG:colcon.colcon_installed_package_information.package_discovery:Found 4 installed packages in /home/jan/dev/Ros2PoCLedControl/ros2_home_auto/install
[1.249s] DEBUG:colcon.colcon_installed_package_information.package_discovery:Found 270 installed packages in /opt/ros/humble
[1.250s] Level 1:colcon.colcon_core.package_discovery:discover_packages(prefix_path) using defaults
[1.402s] Level 5:colcon.colcon_core.verb:set package 'cpp_nodes' build argument 'cmake_args' from command line to '['-DCMAKE_EXPORT_COMPILE_COMMANDS=ON']'
[1.402s] Level 5:colcon.colcon_core.verb:set package 'cpp_nodes' build argument 'cmake_target' from command line to 'None'
[1.402s] Level 5:colcon.colcon_core.verb:set package 'cpp_nodes' build argument 'cmake_target_skip_unavailable' from command line to 'False'
[1.402s] Level 5:colcon.colcon_core.verb:set package 'cpp_nodes' build argument 'cmake_clean_cache' from command line to 'False'
[1.402s] Level 5:colcon.colcon_core.verb:set package 'cpp_nodes' build argument 'cmake_clean_first' from command line to 'False'
[1.402s] Level 5:colcon.colcon_core.verb:set package 'cpp_nodes' build argument 'cmake_force_configure' from command line to 'False'
[1.402s] Level 5:colcon.colcon_core.verb:set package 'cpp_nodes' build argument 'ament_cmake_args' from command line to 'None'
[1.403s] Level 5:colcon.colcon_core.verb:set package 'cpp_nodes' build argument 'catkin_cmake_args' from command line to 'None'
[1.403s] Level 5:colcon.colcon_core.verb:set package 'cpp_nodes' build argument 'catkin_skip_building_tests' from command line to 'False'
[1.403s] DEBUG:colcon.colcon_core.verb:Building package 'cpp_nodes' with the following arguments: {'ament_cmake_args': None, 'build_base': '/home/jan/dev/Ros2PoCLedControl/ros2_home_auto/build/cpp_nodes', 'catkin_cmake_args': None, 'catkin_skip_building_tests': False, 'cmake_args': ['-DCMAKE_EXPORT_COMPILE_COMMANDS=ON'], 'cmake_clean_cache': False, 'cmake_clean_first': False, 'cmake_force_configure': False, 'cmake_target': None, 'cmake_target_skip_unavailable': False, 'install_base': '/home/jan/dev/Ros2PoCLedControl/ros2_home_auto/install/cpp_nodes', 'merge_install': False, 'path': '/home/jan/dev/Ros2PoCLedControl/ros2_home_auto/src/cpp_nodes', 'symlink_install': False, 'test_result_base': None}
[1.428s] Level 5:colcon.colcon_core.verb:set package 'custom_interfaces' build argument 'cmake_args' from command line to '['-DCMAKE_EXPORT_COMPILE_COMMANDS=ON']'
[1.429s] Level 5:colcon.colcon_core.verb:set package 'custom_interfaces' build argument 'cmake_target' from command line to 'None'
[1.429s] Level 5:colcon.colcon_core.verb:set package 'custom_interfaces' build argument 'cmake_target_skip_unavailable' from command line to 'False'
[1.429s] Level 5:colcon.colcon_core.verb:set package 'custom_interfaces' build argument 'cmake_clean_cache' from command line to 'False'
[1.429s] Level 5:colcon.colcon_core.verb:set package 'custom_interfaces' build argument 'cmake_clean_first' from command line to 'False'
[1.429s] Level 5:colcon.colcon_core.verb:set package 'custom_interfaces' build argument 'cmake_force_configure' from command line to 'False'
[1.429s] Level 5:colcon.colcon_core.verb:set package 'custom_interfaces' build argument 'ament_cmake_args' from command line to 'None'
[1.429s] Level 5:colcon.colcon_core.verb:set package 'custom_interfaces' build argument 'catkin_cmake_args' from command line to 'None'
[1.429s] Level 5:colcon.colcon_core.verb:set package 'custom_interfaces' build argument 'catkin_skip_building_tests' from command line to 'False'
[1.429s] DEBUG:colcon.colcon_core.verb:Building package 'custom_interfaces' with the following arguments: {'ament_cmake_args': None, 'build_base': '/home/jan/dev/Ros2PoCLedControl/ros2_home_auto/build/custom_interfaces', 'catkin_cmake_args': None, 'catkin_skip_building_tests': False, 'cmake_args': ['-DCMAKE_EXPORT_COMPILE_COMMANDS=ON'], 'cmake_clean_cache': False, 'cmake_clean_first': False, 'cmake_force_configure': False, 'cmake_target': None, 'cmake_target_skip_unavailable': False, 'install_base': '/home/jan/dev/Ros2PoCLedControl/ros2_home_auto/install/custom_interfaces', 'merge_install': False, 'path': '/home/jan/dev/Ros2PoCLedControl/ros2_home_auto/src/custom_interfaces', 'symlink_install': False, 'test_result_base': None}
[1.455s] Level 5:colcon.colcon_core.verb:set package 'led_control' build argument 'cmake_args' from command line to '['-DCMAKE_EXPORT_COMPILE_COMMANDS=ON']'
[1.455s] Level 5:colcon.colcon_core.verb:set package 'led_control' build argument 'cmake_target' from command line to 'None'
[1.455s] Level 5:colcon.colcon_core.verb:set package 'led_control' build argument 'cmake_target_skip_unavailable' from command line to 'False'
[1.455s] Level 5:colcon.colcon_core.verb:set package 'led_control' build argument 'cmake_clean_cache' from command line to 'False'
[1.455s] Level 5:colcon.colcon_core.verb:set package 'led_control' build argument 'cmake_clean_first' from command line to 'False'
[1.455s] Level 5:colcon.colcon_core.verb:set package 'led_control' build argument 'cmake_force_configure' from command line to 'False'
[1.455s] Level 5:colcon.colcon_core.verb:set package 'led_control' build argument 'ament_cmake_args' from command line to 'None'
[1.455s] Level 5:colcon.colcon_core.verb:set package 'led_control' build argument 'catkin_cmake_args' from command line to 'None'
[1.455s] Level 5:colcon.colcon_core.verb:set package 'led_control' build argument 'catkin_skip_building_tests' from command line to 'False'
[1.455s] DEBUG:colcon.colcon_core.verb:Building package 'led_control' with the following arguments: {'ament_cmake_args': None, 'build_base': '/home/jan/dev/Ros2PoCLedControl/ros2_home_auto/build/led_control', 'catkin_cmake_args': None, 'catkin_skip_building_tests': False, 'cmake_args': ['-DCMAKE_EXPORT_COMPILE_COMMANDS=ON'], 'cmake_clean_cache': False, 'cmake_clean_first': False, 'cmake_force_configure': False, 'cmake_target': None, 'cmake_target_skip_unavailable': False, 'install_base': '/home/jan/dev/Ros2PoCLedControl/ros2_home_auto/install/led_control', 'merge_install': False, 'path': '/home/jan/dev/Ros2PoCLedControl/ros2_home_auto/src/led_control', 'symlink_install': False, 'test_result_base': None}
[1.481s] Level 5:colcon.colcon_core.verb:set package 'video_capture' build argument 'cmake_args' from command line to '['-DCMAKE_EXPORT_COMPILE_COMMANDS=ON']'
[1.481s] Level 5:colcon.colcon_core.verb:set package 'video_capture' build argument 'cmake_target' from command line to 'None'
[1.481s] Level 5:colcon.colcon_core.verb:set package 'video_capture' build argument 'cmake_target_skip_unavailable' from command line to 'False'
[1.481s] Level 5:colcon.colcon_core.verb:set package 'video_capture' build argument 'cmake_clean_cache' from command line to 'False'
[1.481s] Level 5:colcon.colcon_core.verb:set package 'video_capture' build argument 'cmake_clean_first' from command line to 'False'
[1.481s] Level 5:colcon.colcon_core.verb:set package 'video_capture' build argument 'cmake_force_configure' from command line to 'False'
[1.481s] Level 5:colcon.colcon_core.verb:set package 'video_capture' build argument 'ament_cmake_args' from command line to 'None'
[1.481s] Level 5:colcon.colcon_core.verb:set package 'video_capture' build argument 'catkin_cmake_args' from command line to 'None'
[1.481s] Level 5:colcon.colcon_core.verb:set package 'video_capture' build argument 'catkin_skip_building_tests' from command line to 'False'
[1.481s] DEBUG:colcon.colcon_core.verb:Building package 'video_capture' with the following arguments: {'ament_cmake_args': None, 'build_base': '/home/jan/dev/Ros2PoCLedControl/ros2_home_auto/build/video_capture', 'catkin_cmake_args': None, 'catkin_skip_building_tests': False, 'cmake_args': ['-DCMAKE_EXPORT_COMPILE_COMMANDS=ON'], 'cmake_clean_cache': False, 'cmake_clean_first': False, 'cmake_force_configure': False, 'cmake_target': None, 'cmake_target_skip_unavailable': False, 'install_base': '/home/jan/dev/Ros2PoCLedControl/ros2_home_auto/install/video_capture', 'merge_install': False, 'path': '/home/jan/dev/Ros2PoCLedControl/ros2_home_auto/src/video_capture', 'symlink_install': False, 'test_result_base': None}
[1.503s] INFO:colcon.colcon_core.executor:Executing jobs using 'parallel' executor
[1.520s] DEBUG:colcon.colcon_parallel_executor.executor.parallel:run_until_complete
[1.520s] INFO:colcon.colcon_ros.task.ament_cmake.build:Building ROS package in '/home/jan/dev/Ros2PoCLedControl/ros2_home_auto/src/cpp_nodes' with build type 'ament_cmake'
[1.520s] INFO:colcon.colcon_cmake.task.cmake.build:Building CMake package in '/home/jan/dev/Ros2PoCLedControl/ros2_home_auto/src/cpp_nodes'
[1.554s] INFO:colcon.colcon_core.plugin_system:Skipping extension 'colcon_core.shell.bat': Not used on non-Windows systems
[1.554s] INFO:colcon.colcon_core.shell:Skip shell extension 'powershell' for command environment: Not usable outside of PowerShell
[1.555s] DEBUG:colcon.colcon_core.shell:Skip shell extension 'dsv' for command environment
[1.625s] INFO:colcon.colcon_ros.task.ament_cmake.build:Building ROS package in '/home/jan/dev/Ros2PoCLedControl/ros2_home_auto/src/custom_interfaces' with build type 'ament_cmake'
[1.625s] INFO:colcon.colcon_cmake.task.cmake.build:Building CMake package in '/home/jan/dev/Ros2PoCLedControl/ros2_home_auto/src/custom_interfaces'
[1.652s] INFO:colcon.colcon_core.shell:Skip shell extension 'powershell' for command environment: Not usable outside of PowerShell
[1.652s] DEBUG:colcon.colcon_core.shell:Skip shell extension 'dsv' for command environment
[1.756s] INFO:colcon.colcon_ros.task.ament_python.build:Building ROS package in '/home/jan/dev/Ros2PoCLedControl/ros2_home_auto/src/led_control' with build type 'ament_python'
[1.756s] Level 1:colcon.colcon_core.shell:create_environment_hook('led_control', 'ament_prefix_path')
[1.776s] INFO:colcon.colcon_core.shell:Creating environment hook '/home/jan/dev/Ros2PoCLedControl/ros2_home_auto/install/led_control/share/led_control/hook/ament_prefix_path.ps1'
[1.820s] INFO:colcon.colcon_core.shell:Creating environment descriptor '/home/jan/dev/Ros2PoCLedControl/ros2_home_auto/install/led_control/share/led_control/hook/ament_prefix_path.dsv'
[1.821s] INFO:colcon.colcon_core.shell:Creating environment hook '/home/jan/dev/Ros2PoCLedControl/ros2_home_auto/install/led_control/share/led_control/hook/ament_prefix_path.sh'
[1.889s] INFO:colcon.colcon_core.shell:Skip shell extension 'powershell' for command environment: Not usable outside of PowerShell
[1.889s] DEBUG:colcon.colcon_core.shell:Skip shell extension 'dsv' for command environment
[1.965s] INFO:colcon.colcon_ros.task.ament_python.build:Building ROS package in '/home/jan/dev/Ros2PoCLedControl/ros2_home_auto/src/video_capture' with build type 'ament_python'
[1.965s] Level 1:colcon.colcon_core.shell:create_environment_hook('video_capture', 'ament_prefix_path')
[1.985s] INFO:colcon.colcon_core.shell:Creating environment hook '/home/jan/dev/Ros2PoCLedControl/ros2_home_auto/install/video_capture/share/video_capture/hook/ament_prefix_path.ps1'
[2.023s] INFO:colcon.colcon_core.shell:Creating environment descriptor '/home/jan/dev/Ros2PoCLedControl/ros2_home_auto/install/video_capture/share/video_capture/hook/ament_prefix_path.dsv'
[2.101s] INFO:colcon.colcon_core.shell:Creating environment hook '/home/jan/dev/Ros2PoCLedControl/ros2_home_auto/install/video_capture/share/video_capture/hook/ament_prefix_path.sh'
[2.122s] INFO:colcon.colcon_core.shell:Skip shell extension 'powershell' for command environment: Not usable outside of PowerShell
[2.122s] DEBUG:colcon.colcon_core.shell:Skip shell extension 'dsv' for command environment
[2.262s] DEBUG:colcon.colcon_core.event_handler.log_command:Invoking command in '/home/jan/dev/Ros2PoCLedControl/ros2_home_auto/build/cpp_nodes': CMAKE_PREFIX_PATH=${CMAKE_PREFIX_PATH}:/home/jan/dev/Ros2PoCLedControl/ros2_home_auto/install/video_capture:/home/jan/dev/Ros2PoCLedControl/ros2_home_auto/install/led_control:/opt/ros/humble /usr/bin/cmake /home/jan/dev/Ros2PoCLedControl/ros2_home_auto/src/cpp_nodes -DCMAKE_EXPORT_COMPILE_COMMANDS=ON -DCMAKE_INSTALL_PREFIX=/home/jan/dev/Ros2PoCLedControl/ros2_home_auto/install/cpp_nodes
[2.299s] DEBUG:colcon.colcon_core.event_handler.log_command:Invoking command in '/home/jan/dev/Ros2PoCLedControl/ros2_home_auto/build/custom_interfaces': CMAKE_PREFIX_PATH=${CMAKE_PREFIX_PATH}:/home/jan/dev/Ros2PoCLedControl/ros2_home_auto/install/video_capture:/home/jan/dev/Ros2PoCLedControl/ros2_home_auto/install/led_control:/opt/ros/humble /usr/bin/cmake /home/jan/dev/Ros2PoCLedControl/ros2_home_auto/src/custom_interfaces -DCMAKE_EXPORT_COMPILE_COMMANDS=ON -DCMAKE_INSTALL_PREFIX=/home/jan/dev/Ros2PoCLedControl/ros2_home_auto/install/custom_interfaces
[2.600s] INFO:colcon.colcon_core.task.python.build:Building Python package in '/home/jan/dev/Ros2PoCLedControl/ros2_home_auto/src/led_control'
[2.615s] INFO:colcon.colcon_core.shell:Skip shell extension 'powershell' for command environment: Not usable outside of PowerShell
[2.615s] DEBUG:colcon.colcon_core.shell:Skip shell extension 'dsv' for command environment
[2.994s] INFO:colcon.colcon_core.task.python.build:Building Python package in '/home/jan/dev/Ros2PoCLedControl/ros2_home_auto/src/video_capture'
[3.013s] INFO:colcon.colcon_core.shell:Skip shell extension 'powershell' for command environment: Not usable outside of PowerShell
[3.013s] DEBUG:colcon.colcon_core.shell:Skip shell extension 'dsv' for command environment
[3.186s] DEBUG:colcon.colcon_core.event_handler.log_command:Invoked command in '/home/jan/dev/Ros2PoCLedControl/ros2_home_auto/build/cpp_nodes' returned '0': CMAKE_PREFIX_PATH=${CMAKE_PREFIX_PATH}:/home/jan/dev/Ros2PoCLedControl/ros2_home_auto/install/video_capture:/home/jan/dev/Ros2PoCLedControl/ros2_home_auto/install/led_control:/opt/ros/humble /usr/bin/cmake /home/jan/dev/Ros2PoCLedControl/ros2_home_auto/src/cpp_nodes -DCMAKE_EXPORT_COMPILE_COMMANDS=ON -DCMAKE_INSTALL_PREFIX=/home/jan/dev/Ros2PoCLedControl/ros2_home_auto/install/cpp_nodes
[3.187s] DEBUG:colcon.colcon_core.event_handler.log_command:Invoking command in '/home/jan/dev/Ros2PoCLedControl/ros2_home_auto/build/cpp_nodes': CMAKE_PREFIX_PATH=${CMAKE_PREFIX_PATH}:/home/jan/dev/Ros2PoCLedControl/ros2_home_auto/install/video_capture:/home/jan/dev/Ros2PoCLedControl/ros2_home_auto/install/led_control:/opt/ros/humble /usr/bin/cmake --build /home/jan/dev/Ros2PoCLedControl/ros2_home_auto/build/cpp_nodes -- -j12 -l12
[3.261s] DEBUG:colcon.colcon_core.event_handler.log_command:Invoked command in '/home/jan/dev/Ros2PoCLedControl/ros2_home_auto/build/cpp_nodes' returned '0': CMAKE_PREFIX_PATH=${CMAKE_PREFIX_PATH}:/home/jan/dev/Ros2PoCLedControl/ros2_home_auto/install/video_capture:/home/jan/dev/Ros2PoCLedControl/ros2_home_auto/install/led_control:/opt/ros/humble /usr/bin/cmake --build /home/jan/dev/Ros2PoCLedControl/ros2_home_auto/build/cpp_nodes -- -j12 -l12
[3.293s] DEBUG:colcon.colcon_core.event_handler.log_command:Invoking command in '/home/jan/dev/Ros2PoCLedControl/ros2_home_auto/build/cpp_nodes': CMAKE_PREFIX_PATH=${CMAKE_PREFIX_PATH}:/home/jan/dev/Ros2PoCLedControl/ros2_home_auto/install/video_capture:/home/jan/dev/Ros2PoCLedControl/ros2_home_auto/install/led_control:/opt/ros/humble /usr/bin/cmake --install /home/jan/dev/Ros2PoCLedControl/ros2_home_auto/build/cpp_nodes
[3.302s] Level 1:colcon.colcon_core.environment:create_environment_scripts_only(cpp_nodes)
[3.303s] DEBUG:colcon.colcon_core.event_handler.log_command:Invoked command in '/home/jan/dev/Ros2PoCLedControl/ros2_home_auto/build/cpp_nodes' returned '0': CMAKE_PREFIX_PATH=${CMAKE_PREFIX_PATH}:/home/jan/dev/Ros2PoCLedControl/ros2_home_auto/install/video_capture:/home/jan/dev/Ros2PoCLedControl/ros2_home_auto/install/led_control:/opt/ros/humble /usr/bin/cmake --install /home/jan/dev/Ros2PoCLedControl/ros2_home_auto/build/cpp_nodes
[3.330s] Level 1:colcon.colcon_core.environment:checking '/home/jan/dev/Ros2PoCLedControl/ros2_home_auto/install/cpp_nodes' for CMake module files
[3.331s] Level 1:colcon.colcon_core.environment:checking '/home/jan/dev/Ros2PoCLedControl/ros2_home_auto/install/cpp_nodes' for CMake config files
[3.331s] Level 1:colcon.colcon_core.shell:create_environment_hook('cpp_nodes', 'cmake_prefix_path')
[3.348s] INFO:colcon.colcon_core.shell:Creating environment hook '/home/jan/dev/Ros2PoCLedControl/ros2_home_auto/install/cpp_nodes/share/cpp_nodes/hook/cmake_prefix_path.ps1'
[3.348s] INFO:colcon.colcon_core.shell:Creating environment descriptor '/home/jan/dev/Ros2PoCLedControl/ros2_home_auto/install/cpp_nodes/share/cpp_nodes/hook/cmake_prefix_path.dsv'
[3.349s] INFO:colcon.colcon_core.shell:Creating environment hook '/home/jan/dev/Ros2PoCLedControl/ros2_home_auto/install/cpp_nodes/share/cpp_nodes/hook/cmake_prefix_path.sh'
[3.349s] Level 1:colcon.colcon_core.environment:checking '/home/jan/dev/Ros2PoCLedControl/ros2_home_auto/install/cpp_nodes/lib'
[3.349s] Level 1:colcon.colcon_core.environment:checking '/home/jan/dev/Ros2PoCLedControl/ros2_home_auto/install/cpp_nodes/bin'
[3.350s] Level 1:colcon.colcon_core.environment:checking '/home/jan/dev/Ros2PoCLedControl/ros2_home_auto/install/cpp_nodes/lib/pkgconfig/cpp_nodes.pc'
[3.350s] Level 1:colcon.colcon_core.environment:checking '/home/jan/dev/Ros2PoCLedControl/ros2_home_auto/install/cpp_nodes/lib/python3.10/site-packages'
[3.350s] Level 1:colcon.colcon_core.environment:checking '/home/jan/dev/Ros2PoCLedControl/ros2_home_auto/install/cpp_nodes/bin'
[3.370s] INFO:colcon.colcon_core.shell:Creating package script '/home/jan/dev/Ros2PoCLedControl/ros2_home_auto/install/cpp_nodes/share/cpp_nodes/package.ps1'
[3.372s] INFO:colcon.colcon_core.shell:Creating package descriptor '/home/jan/dev/Ros2PoCLedControl/ros2_home_auto/install/cpp_nodes/share/cpp_nodes/package.dsv'
[3.372s] INFO:colcon.colcon_core.shell:Creating package script '/home/jan/dev/Ros2PoCLedControl/ros2_home_auto/install/cpp_nodes/share/cpp_nodes/package.sh'
[3.373s] INFO:colcon.colcon_core.shell:Creating package script '/home/jan/dev/Ros2PoCLedControl/ros2_home_auto/install/cpp_nodes/share/cpp_nodes/package.bash'
[3.374s] INFO:colcon.colcon_core.shell:Creating package script '/home/jan/dev/Ros2PoCLedControl/ros2_home_auto/install/cpp_nodes/share/cpp_nodes/package.zsh'
[3.375s] Level 1:colcon.colcon_core.environment:create_file_with_runtime_dependencies(/home/jan/dev/Ros2PoCLedControl/ros2_home_auto/install/cpp_nodes/share/colcon-core/packages/cpp_nodes)
[3.418s] Level 1:colcon.colcon_core.environment:create_environment_scripts_only(cpp_nodes)
[3.440s] Level 1:colcon.colcon_core.environment:checking '/home/jan/dev/Ros2PoCLedControl/ros2_home_auto/install/cpp_nodes' for CMake module files
[3.440s] Level 1:colcon.colcon_core.environment:checking '/home/jan/dev/Ros2PoCLedControl/ros2_home_auto/install/cpp_nodes' for CMake config files
[3.441s] Level 1:colcon.colcon_core.shell:create_environment_hook('cpp_nodes', 'cmake_prefix_path')
[3.457s] INFO:colcon.colcon_core.shell:Creating environment hook '/home/jan/dev/Ros2PoCLedControl/ros2_home_auto/install/cpp_nodes/share/cpp_nodes/hook/cmake_prefix_path.ps1'
[3.877s] INFO:colcon.colcon_core.shell:Creating environment descriptor '/home/jan/dev/Ros2PoCLedControl/ros2_home_auto/install/cpp_nodes/share/cpp_nodes/hook/cmake_prefix_path.dsv'
[3.877s] INFO:colcon.colcon_core.shell:Creating environment hook '/home/jan/dev/Ros2PoCLedControl/ros2_home_auto/install/cpp_nodes/share/cpp_nodes/hook/cmake_prefix_path.sh'
[3.878s] Level 1:colcon.colcon_core.environment:checking '/home/jan/dev/Ros2PoCLedControl/ros2_home_auto/install/cpp_nodes/lib'
[3.878s] Level 1:colcon.colcon_core.environment:checking '/home/jan/dev/Ros2PoCLedControl/ros2_home_auto/install/cpp_nodes/bin'
[3.878s] Level 1:colcon.colcon_core.environment:checking '/home/jan/dev/Ros2PoCLedControl/ros2_home_auto/install/cpp_nodes/lib/pkgconfig/cpp_nodes.pc'
[3.879s] Level 1:colcon.colcon_core.environment:checking '/home/jan/dev/Ros2PoCLedControl/ros2_home_auto/install/cpp_nodes/lib/python3.10/site-packages'
[3.879s] Level 1:colcon.colcon_core.environment:checking '/home/jan/dev/Ros2PoCLedControl/ros2_home_auto/install/cpp_nodes/bin'
[3.896s] INFO:colcon.colcon_core.shell:Creating package script '/home/jan/dev/Ros2PoCLedControl/ros2_home_auto/install/cpp_nodes/share/cpp_nodes/package.ps1'
[3.896s] INFO:colcon.colcon_core.shell:Creating package descriptor '/home/jan/dev/Ros2PoCLedControl/ros2_home_auto/install/cpp_nodes/share/cpp_nodes/package.dsv'
[3.897s] INFO:colcon.colcon_core.shell:Creating package script '/home/jan/dev/Ros2PoCLedControl/ros2_home_auto/install/cpp_nodes/share/cpp_nodes/package.sh'
[3.897s] INFO:colcon.colcon_core.shell:Creating package script '/home/jan/dev/Ros2PoCLedControl/ros2_home_auto/install/cpp_nodes/share/cpp_nodes/package.bash'
[3.898s] INFO:colcon.colcon_core.shell:Creating package script '/home/jan/dev/Ros2PoCLedControl/ros2_home_auto/install/cpp_nodes/share/cpp_nodes/package.zsh'
[3.898s] Level 1:colcon.colcon_core.environment:create_file_with_runtime_dependencies(/home/jan/dev/Ros2PoCLedControl/ros2_home_auto/install/cpp_nodes/share/colcon-core/packages/cpp_nodes)
[3.904s] DEBUG:colcon.colcon_core.event_handler.log_command:Invoking command in '/home/jan/dev/Ros2PoCLedControl/ros2_home_auto/src/led_control': PYTHONPATH=/home/jan/dev/Ros2PoCLedControl/ros2_home_auto/build/led_control/prefix_override:/home/jan/dev/Ros2PoCLedControl/ros2_home_auto/install/led_control/lib/python3.10/site-packages:${PYTHONPATH} /usr/bin/python3 setup.py egg_info --egg-base ../../build/led_control build --build-base /home/jan/dev/Ros2PoCLedControl/ros2_home_auto/build/led_control/build install --record /home/jan/dev/Ros2PoCLedControl/ros2_home_auto/build/led_control/install.log --single-version-externally-managed
[3.905s] DEBUG:colcon.colcon_core.event_handler.log_command:Invoking command in '/home/jan/dev/Ros2PoCLedControl/ros2_home_auto/src/video_capture': PYTHONPATH=/home/jan/dev/Ros2PoCLedControl/ros2_home_auto/build/video_capture/prefix_override:/home/jan/dev/Ros2PoCLedControl/ros2_home_auto/install/video_capture/lib/python3.10/site-packages:${PYTHONPATH} /usr/bin/python3 setup.py egg_info --egg-base ../../build/video_capture build --build-base /home/jan/dev/Ros2PoCLedControl/ros2_home_auto/build/video_capture/build install --record /home/jan/dev/Ros2PoCLedControl/ros2_home_auto/build/video_capture/install.log --single-version-externally-managed
[3.906s] DEBUG:colcon.colcon_core.event_handler.log_command:Invoked command in '/home/jan/dev/Ros2PoCLedControl/ros2_home_auto/build/custom_interfaces' returned '0': CMAKE_PREFIX_PATH=${CMAKE_PREFIX_PATH}:/home/jan/dev/Ros2PoCLedControl/ros2_home_auto/install/video_capture:/home/jan/dev/Ros2PoCLedControl/ros2_home_auto/install/led_control:/opt/ros/humble /usr/bin/cmake /home/jan/dev/Ros2PoCLedControl/ros2_home_auto/src/custom_interfaces -DCMAKE_EXPORT_COMPILE_COMMANDS=ON -DCMAKE_INSTALL_PREFIX=/home/jan/dev/Ros2PoCLedControl/ros2_home_auto/install/custom_interfaces
[3.907s] DEBUG:colcon.colcon_core.event_handler.log_command:Invoking command in '/home/jan/dev/Ros2PoCLedControl/ros2_home_auto/build/custom_interfaces': CMAKE_PREFIX_PATH=${CMAKE_PREFIX_PATH}:/home/jan/dev/Ros2PoCLedControl/ros2_home_auto/install/video_capture:/home/jan/dev/Ros2PoCLedControl/ros2_home_auto/install/led_control:/opt/ros/humble /usr/bin/cmake --build /home/jan/dev/Ros2PoCLedControl/ros2_home_auto/build/custom_interfaces -- -j12 -l12
[4.204s] DEBUG:colcon.colcon_core.event_handler.log_command:Invoked command in '/home/jan/dev/Ros2PoCLedControl/ros2_home_auto/src/led_control' returned '0': PYTHONPATH=/home/jan/dev/Ros2PoCLedControl/ros2_home_auto/build/led_control/prefix_override:/home/jan/dev/Ros2PoCLedControl/ros2_home_auto/install/led_control/lib/python3.10/site-packages:${PYTHONPATH} /usr/bin/python3 setup.py egg_info --egg-base ../../build/led_control build --build-base /home/jan/dev/Ros2PoCLedControl/ros2_home_auto/build/led_control/build install --record /home/jan/dev/Ros2PoCLedControl/ros2_home_auto/build/led_control/install.log --single-version-externally-managed
[4.222s] Level 1:colcon.colcon_core.environment:checking '/home/jan/dev/Ros2PoCLedControl/ros2_home_auto/install/led_control' for CMake module files
[4.223s] Level 1:colcon.colcon_core.environment:checking '/home/jan/dev/Ros2PoCLedControl/ros2_home_auto/install/led_control' for CMake config files
[4.223s] Level 1:colcon.colcon_core.environment:checking '/home/jan/dev/Ros2PoCLedControl/ros2_home_auto/install/led_control/lib'
[4.223s] Level 1:colcon.colcon_core.environment:checking '/home/jan/dev/Ros2PoCLedControl/ros2_home_auto/install/led_control/bin'
[4.223s] Level 1:colcon.colcon_core.environment:checking '/home/jan/dev/Ros2PoCLedControl/ros2_home_auto/install/led_control/lib/pkgconfig/led_control.pc'
[4.223s] Level 1:colcon.colcon_core.environment:checking '/home/jan/dev/Ros2PoCLedControl/ros2_home_auto/install/led_control/lib/python3.10/site-packages'
[4.223s] Level 1:colcon.colcon_core.shell:create_environment_hook('led_control', 'pythonpath')
[4.240s] INFO:colcon.colcon_core.shell:Creating environment hook '/home/jan/dev/Ros2PoCLedControl/ros2_home_auto/install/led_control/share/led_control/hook/pythonpath.ps1'
[4.240s] INFO:colcon.colcon_core.shell:Creating environment descriptor '/home/jan/dev/Ros2PoCLedControl/ros2_home_auto/install/led_control/share/led_control/hook/pythonpath.dsv'
[4.241s] INFO:colcon.colcon_core.shell:Creating environment hook '/home/jan/dev/Ros2PoCLedControl/ros2_home_auto/install/led_control/share/led_control/hook/pythonpath.sh'
[4.241s] Level 1:colcon.colcon_core.environment:checking '/home/jan/dev/Ros2PoCLedControl/ros2_home_auto/install/led_control/bin'
[4.241s] Level 1:colcon.colcon_core.environment:create_environment_scripts_only(led_control)
[4.256s] INFO:colcon.colcon_core.shell:Creating package script '/home/jan/dev/Ros2PoCLedControl/ros2_home_auto/install/led_control/share/led_control/package.ps1'
[4.256s] INFO:colcon.colcon_core.shell:Creating package descriptor '/home/jan/dev/Ros2PoCLedControl/ros2_home_auto/install/led_control/share/led_control/package.dsv'
[4.257s] INFO:colcon.colcon_core.shell:Creating package script '/home/jan/dev/Ros2PoCLedControl/ros2_home_auto/install/led_control/share/led_control/package.sh'
[4.257s] INFO:colcon.colcon_core.shell:Creating package script '/home/jan/dev/Ros2PoCLedControl/ros2_home_auto/install/led_control/share/led_control/package.bash'
[4.257s] INFO:colcon.colcon_core.shell:Creating package script '/home/jan/dev/Ros2PoCLedControl/ros2_home_auto/install/led_control/share/led_control/package.zsh'
[4.258s] Level 1:colcon.colcon_core.environment:create_file_with_runtime_dependencies(/home/jan/dev/Ros2PoCLedControl/ros2_home_auto/install/led_control/share/colcon-core/packages/led_control)
[4.259s] DEBUG:colcon.colcon_core.event_handler.log_command:Invoked command in '/home/jan/dev/Ros2PoCLedControl/ros2_home_auto/src/video_capture' returned '0': PYTHONPATH=/home/jan/dev/Ros2PoCLedControl/ros2_home_auto/build/video_capture/prefix_override:/home/jan/dev/Ros2PoCLedControl/ros2_home_auto/install/video_capture/lib/python3.10/site-packages:${PYTHONPATH} /usr/bin/python3 setup.py egg_info --egg-base ../../build/video_capture build --build-base /home/jan/dev/Ros2PoCLedControl/ros2_home_auto/build/video_capture/build install --record /home/jan/dev/Ros2PoCLedControl/ros2_home_auto/build/video_capture/install.log --single-version-externally-managed
[4.278s] Level 1:colcon.colcon_core.environment:checking '/home/jan/dev/Ros2PoCLedControl/ros2_home_auto/install/video_capture' for CMake module files
[4.279s] Level 1:colcon.colcon_core.environment:checking '/home/jan/dev/Ros2PoCLedControl/ros2_home_auto/install/video_capture' for CMake config files
[4.279s] Level 1:colcon.colcon_core.environment:checking '/home/jan/dev/Ros2PoCLedControl/ros2_home_auto/install/video_capture/lib'
[4.279s] Level 1:colcon.colcon_core.environment:checking '/home/jan/dev/Ros2PoCLedControl/ros2_home_auto/install/video_capture/bin'
[4.279s] Level 1:colcon.colcon_core.environment:checking '/home/jan/dev/Ros2PoCLedControl/ros2_home_auto/install/video_capture/lib/pkgconfig/video_capture.pc'
[4.280s] Level 1:colcon.colcon_core.environment:checking '/home/jan/dev/Ros2PoCLedControl/ros2_home_auto/install/video_capture/lib/python3.10/site-packages'
[4.280s] Level 1:colcon.colcon_core.shell:create_environment_hook('video_capture', 'pythonpath')
[4.295s] INFO:colcon.colcon_core.shell:Creating environment hook '/home/jan/dev/Ros2PoCLedControl/ros2_home_auto/install/video_capture/share/video_capture/hook/pythonpath.ps1'
[4.296s] INFO:colcon.colcon_core.shell:Creating environment descriptor '/home/jan/dev/Ros2PoCLedControl/ros2_home_auto/install/video_capture/share/video_capture/hook/pythonpath.dsv'
[4.296s] INFO:colcon.colcon_core.shell:Creating environment hook '/home/jan/dev/Ros2PoCLedControl/ros2_home_auto/install/video_capture/share/video_capture/hook/pythonpath.sh'
[4.296s] Level 1:colcon.colcon_core.environment:checking '/home/jan/dev/Ros2PoCLedControl/ros2_home_auto/install/video_capture/bin'
[4.297s] Level 1:colcon.colcon_core.environment:create_environment_scripts_only(video_capture)
[4.311s] INFO:colcon.colcon_core.shell:Creating package script '/home/jan/dev/Ros2PoCLedControl/ros2_home_auto/install/video_capture/share/video_capture/package.ps1'
[4.312s] INFO:colcon.colcon_core.shell:Creating package descriptor '/home/jan/dev/Ros2PoCLedControl/ros2_home_auto/install/video_capture/share/video_capture/package.dsv'
[4.312s] INFO:colcon.colcon_core.shell:Creating package script '/home/jan/dev/Ros2PoCLedControl/ros2_home_auto/install/video_capture/share/video_capture/package.sh'
[4.313s] INFO:colcon.colcon_core.shell:Creating package script '/home/jan/dev/Ros2PoCLedControl/ros2_home_auto/install/video_capture/share/video_capture/package.bash'
[4.313s] INFO:colcon.colcon_core.shell:Creating package script '/home/jan/dev/Ros2PoCLedControl/ros2_home_auto/install/video_capture/share/video_capture/package.zsh'
[4.313s] Level 1:colcon.colcon_core.environment:create_file_with_runtime_dependencies(/home/jan/dev/Ros2PoCLedControl/ros2_home_auto/install/video_capture/share/colcon-core/packages/video_capture)
[4.315s] DEBUG:colcon.colcon_core.event_handler.log_command:Invoked command in '/home/jan/dev/Ros2PoCLedControl/ros2_home_auto/build/custom_interfaces' returned '0': CMAKE_PREFIX_PATH=${CMAKE_PREFIX_PATH}:/home/jan/dev/Ros2PoCLedControl/ros2_home_auto/install/video_capture:/home/jan/dev/Ros2PoCLedControl/ros2_home_auto/install/led_control:/opt/ros/humble /usr/bin/cmake --build /home/jan/dev/Ros2PoCLedControl/ros2_home_auto/build/custom_interfaces -- -j12 -l12
[4.409s] DEBUG:colcon.colcon_core.event_handler.log_command:Invoking command in '/home/jan/dev/Ros2PoCLedControl/ros2_home_auto/build/custom_interfaces': CMAKE_PREFIX_PATH=${CMAKE_PREFIX_PATH}:/home/jan/dev/Ros2PoCLedControl/ros2_home_auto/install/video_capture:/home/jan/dev/Ros2PoCLedControl/ros2_home_auto/install/led_control:/opt/ros/humble /usr/bin/cmake --install /home/jan/dev/Ros2PoCLedControl/ros2_home_auto/build/custom_interfaces
[4.473s] Level 1:colcon.colcon_core.environment:create_environment_scripts_only(custom_interfaces)
[4.473s] DEBUG:colcon.colcon_core.event_handler.log_command:Invoked command in '/home/jan/dev/Ros2PoCLedControl/ros2_home_auto/build/custom_interfaces' returned '0': CMAKE_PREFIX_PATH=${CMAKE_PREFIX_PATH}:/home/jan/dev/Ros2PoCLedControl/ros2_home_auto/install/video_capture:/home/jan/dev/Ros2PoCLedControl/ros2_home_auto/install/led_control:/opt/ros/humble /usr/bin/cmake --install /home/jan/dev/Ros2PoCLedControl/ros2_home_auto/build/custom_interfaces
[4.489s] Level 1:colcon.colcon_core.environment:checking '/home/jan/dev/Ros2PoCLedControl/ros2_home_auto/install/custom_interfaces' for CMake module files
[4.490s] Level 1:colcon.colcon_core.environment:checking '/home/jan/dev/Ros2PoCLedControl/ros2_home_auto/install/custom_interfaces' for CMake config files
[4.490s] Level 1:colcon.colcon_core.shell:create_environment_hook('custom_interfaces', 'cmake_prefix_path')
[4.505s] INFO:colcon.colcon_core.shell:Creating environment hook '/home/jan/dev/Ros2PoCLedControl/ros2_home_auto/install/custom_interfaces/share/custom_interfaces/hook/cmake_prefix_path.ps1'
[4.505s] INFO:colcon.colcon_core.shell:Creating environment descriptor '/home/jan/dev/Ros2PoCLedControl/ros2_home_auto/install/custom_interfaces/share/custom_interfaces/hook/cmake_prefix_path.dsv'
[4.506s] INFO:colcon.colcon_core.shell:Creating environment hook '/home/jan/dev/Ros2PoCLedControl/ros2_home_auto/install/custom_interfaces/share/custom_interfaces/hook/cmake_prefix_path.sh'
[4.506s] Level 1:colcon.colcon_core.environment:checking '/home/jan/dev/Ros2PoCLedControl/ros2_home_auto/install/custom_interfaces/lib'
[4.506s] Level 1:colcon.colcon_core.shell:create_environment_hook('custom_interfaces', 'ld_library_path_lib')
[4.522s] INFO:colcon.colcon_core.shell:Creating environment hook '/home/jan/dev/Ros2PoCLedControl/ros2_home_auto/install/custom_interfaces/share/custom_interfaces/hook/ld_library_path_lib.ps1'
[4.523s] INFO:colcon.colcon_core.shell:Creating environment descriptor '/home/jan/dev/Ros2PoCLedControl/ros2_home_auto/install/custom_interfaces/share/custom_interfaces/hook/ld_library_path_lib.dsv'
[4.523s] INFO:colcon.colcon_core.shell:Creating environment hook '/home/jan/dev/Ros2PoCLedControl/ros2_home_auto/install/custom_interfaces/share/custom_interfaces/hook/ld_library_path_lib.sh'
[4.523s] Level 1:colcon.colcon_core.environment:checking '/home/jan/dev/Ros2PoCLedControl/ros2_home_auto/install/custom_interfaces/bin'
[4.523s] Level 1:colcon.colcon_core.environment:checking '/home/jan/dev/Ros2PoCLedControl/ros2_home_auto/install/custom_interfaces/lib/pkgconfig/custom_interfaces.pc'
[4.523s] Level 1:colcon.colcon_core.environment:checking '/home/jan/dev/Ros2PoCLedControl/ros2_home_auto/install/custom_interfaces/lib/python3.10/site-packages'
[4.524s] Level 1:colcon.colcon_core.environment:checking '/home/jan/dev/Ros2PoCLedControl/ros2_home_auto/install/custom_interfaces/bin'
[4.540s] INFO:colcon.colcon_core.shell:Creating package script '/home/jan/dev/Ros2PoCLedControl/ros2_home_auto/install/custom_interfaces/share/custom_interfaces/package.ps1'
[4.540s] INFO:colcon.colcon_core.shell:Creating package descriptor '/home/jan/dev/Ros2PoCLedControl/ros2_home_auto/install/custom_interfaces/share/custom_interfaces/package.dsv'
[4.541s] INFO:colcon.colcon_core.shell:Creating package script '/home/jan/dev/Ros2PoCLedControl/ros2_home_auto/install/custom_interfaces/share/custom_interfaces/package.sh'
[4.541s] INFO:colcon.colcon_core.shell:Creating package script '/home/jan/dev/Ros2PoCLedControl/ros2_home_auto/install/custom_interfaces/share/custom_interfaces/package.bash'
[4.541s] INFO:colcon.colcon_core.shell:Creating package script '/home/jan/dev/Ros2PoCLedControl/ros2_home_auto/install/custom_interfaces/share/custom_interfaces/package.zsh'
[4.542s] Level 1:colcon.colcon_core.environment:create_file_with_runtime_dependencies(/home/jan/dev/Ros2PoCLedControl/ros2_home_auto/install/custom_interfaces/share/colcon-core/packages/custom_interfaces)
[4.650s] Level 1:colcon.colcon_core.environment:create_environment_scripts_only(custom_interfaces)
[4.666s] Level 1:colcon.colcon_core.environment:checking '/home/jan/dev/Ros2PoCLedControl/ros2_home_auto/install/custom_interfaces' for CMake module files
[4.667s] Level 1:colcon.colcon_core.environment:checking '/home/jan/dev/Ros2PoCLedControl/ros2_home_auto/install/custom_interfaces' for CMake config files
[4.667s] Level 1:colcon.colcon_core.shell:create_environment_hook('custom_interfaces', 'cmake_prefix_path')
[4.683s] INFO:colcon.colcon_core.shell:Creating environment hook '/home/jan/dev/Ros2PoCLedControl/ros2_home_auto/install/custom_interfaces/share/custom_interfaces/hook/cmake_prefix_path.ps1'
[4.683s] INFO:colcon.colcon_core.shell:Creating environment descriptor '/home/jan/dev/Ros2PoCLedControl/ros2_home_auto/install/custom_interfaces/share/custom_interfaces/hook/cmake_prefix_path.dsv'
[4.684s] INFO:colcon.colcon_core.shell:Creating environment hook '/home/jan/dev/Ros2PoCLedControl/ros2_home_auto/install/custom_interfaces/share/custom_interfaces/hook/cmake_prefix_path.sh'
[4.684s] Level 1:colcon.colcon_core.environment:checking '/home/jan/dev/Ros2PoCLedControl/ros2_home_auto/install/custom_interfaces/lib'
[4.684s] Level 1:colcon.colcon_core.shell:create_environment_hook('custom_interfaces', 'ld_library_path_lib')
[4.700s] INFO:colcon.colcon_core.shell:Creating environment hook '/home/jan/dev/Ros2PoCLedControl/ros2_home_auto/install/custom_interfaces/share/custom_interfaces/hook/ld_library_path_lib.ps1'
[4.701s] INFO:colcon.colcon_core.shell:Creating environment descriptor '/home/jan/dev/Ros2PoCLedControl/ros2_home_auto/install/custom_interfaces/share/custom_interfaces/hook/ld_library_path_lib.dsv'
[4.701s] INFO:colcon.colcon_core.shell:Creating environment hook '/home/jan/dev/Ros2PoCLedControl/ros2_home_auto/install/custom_interfaces/share/custom_interfaces/hook/ld_library_path_lib.sh'
[4.701s] Level 1:colcon.colcon_core.environment:checking '/home/jan/dev/Ros2PoCLedControl/ros2_home_auto/install/custom_interfaces/bin'
[4.701s] Level 1:colcon.colcon_core.environment:checking '/home/jan/dev/Ros2PoCLedControl/ros2_home_auto/install/custom_interfaces/lib/pkgconfig/custom_interfaces.pc'
[4.702s] Level 1:colcon.colcon_core.environment:checking '/home/jan/dev/Ros2PoCLedControl/ros2_home_auto/install/custom_interfaces/lib/python3.10/site-packages'
[4.702s] Level 1:colcon.colcon_core.environment:checking '/home/jan/dev/Ros2PoCLedControl/ros2_home_auto/install/custom_interfaces/bin'
[4.716s] INFO:colcon.colcon_core.shell:Creating package script '/home/jan/dev/Ros2PoCLedControl/ros2_home_auto/install/custom_interfaces/share/custom_interfaces/package.ps1'
[4.717s] INFO:colcon.colcon_core.shell:Creating package descriptor '/home/jan/dev/Ros2PoCLedControl/ros2_home_auto/install/custom_interfaces/share/custom_interfaces/package.dsv'
[4.717s] INFO:colcon.colcon_core.shell:Creating package script '/home/jan/dev/Ros2PoCLedControl/ros2_home_auto/install/custom_interfaces/share/custom_interfaces/package.sh'
[4.717s] INFO:colcon.colcon_core.shell:Creating package script '/home/jan/dev/Ros2PoCLedControl/ros2_home_auto/install/custom_interfaces/share/custom_interfaces/package.bash'
[4.718s] INFO:colcon.colcon_core.shell:Creating package script '/home/jan/dev/Ros2PoCLedControl/ros2_home_auto/install/custom_interfaces/share/custom_interfaces/package.zsh'
[4.718s] Level 1:colcon.colcon_core.environment:create_file_with_runtime_dependencies(/home/jan/dev/Ros2PoCLedControl/ros2_home_auto/install/custom_interfaces/share/colcon-core/packages/custom_interfaces)
[4.718s] DEBUG:colcon.colcon_parallel_executor.executor.parallel:closing loop
[4.719s] DEBUG:colcon.colcon_parallel_executor.executor.parallel:loop closed
[4.719s] DEBUG:colcon.colcon_parallel_executor.executor.parallel:run_until_complete finished with '0'
[4.719s] DEBUG:colcon.colcon_core.event_reactor:joining thread
[4.740s] INFO:colcon.colcon_core.plugin_system:Skipping extension 'colcon_notification.desktop_notification.terminal_notifier': Not used on non-Darwin systems
[4.740s] INFO:colcon.colcon_core.plugin_system:Skipping extension 'colcon_notification.desktop_notification.win32': Not used on non-Windows systems
[4.740s] INFO:colcon.colcon_notification.desktop_notification:Sending desktop notification using 'notify2'
[4.753s] DEBUG:colcon.colcon_core.event_reactor:joined thread
[4.768s] INFO:colcon.colcon_core.shell:Creating prefix script '/home/jan/dev/Ros2PoCLedControl/ros2_home_auto/install/local_setup.ps1'
[4.769s] INFO:colcon.colcon_core.shell:Creating prefix util module '/home/jan/dev/Ros2PoCLedControl/ros2_home_auto/install/_local_setup_util_ps1.py'
[4.770s] INFO:colcon.colcon_core.shell:Creating prefix chain script '/home/jan/dev/Ros2PoCLedControl/ros2_home_auto/install/setup.ps1'
[4.786s] INFO:colcon.colcon_core.shell:Creating prefix script '/home/jan/dev/Ros2PoCLedControl/ros2_home_auto/install/local_setup.sh'
[4.786s] INFO:colcon.colcon_core.shell:Creating prefix util module '/home/jan/dev/Ros2PoCLedControl/ros2_home_auto/install/_local_setup_util_sh.py'
[4.787s] INFO:colcon.colcon_core.shell:Creating prefix chain script '/home/jan/dev/Ros2PoCLedControl/ros2_home_auto/install/setup.sh'
[4.802s] INFO:colcon.colcon_core.shell:Creating prefix script '/home/jan/dev/Ros2PoCLedControl/ros2_home_auto/install/local_setup.bash'
[4.803s] INFO:colcon.colcon_core.shell:Creating prefix chain script '/home/jan/dev/Ros2PoCLedControl/ros2_home_auto/install/setup.bash'
[4.817s] INFO:colcon.colcon_core.shell:Creating prefix script '/home/jan/dev/Ros2PoCLedControl/ros2_home_auto/install/local_setup.zsh'
[4.818s] INFO:colcon.colcon_core.shell:Creating prefix chain script '/home/jan/dev/Ros2PoCLedControl/ros2_home_auto/install/setup.zsh'
