running egg_info
writing ../../build/video_capture/video_capture.egg-info/PKG-INFO
writing dependency_links to ../../build/video_capture/video_capture.egg-info/dependency_links.txt
writing entry points to ../../build/video_capture/video_capture.egg-info/entry_points.txt
writing requirements to ../../build/video_capture/video_capture.egg-info/requires.txt
writing top-level names to ../../build/video_capture/video_capture.egg-info/top_level.txt
reading manifest file '../../build/video_capture/video_capture.egg-info/SOURCES.txt'
adding license file 'LICENSE'
writing manifest file '../../build/video_capture/video_capture.egg-info/SOURCES.txt'
running build
running build_py
copying video_capture/video_subscriber.py -> /home/jan/dev/Ros2PoCLedControl/ros2_home_auto/build/video_capture/build/lib/video_capture
copying video_capture/video_publisher.py -> /home/jan/dev/Ros2PoCLedControl/ros2_home_auto/build/video_capture/build/lib/video_capture
running install
running install_lib
copying /home/jan/dev/Ros2PoCLedControl/ros2_home_auto/build/video_capture/build/lib/video_capture/video_subscriber.py -> /home/jan/dev/Ros2PoCLedControl/ros2_home_auto/install/video_capture/lib/python3.10/site-packages/video_capture
copying /home/jan/dev/Ros2PoCLedControl/ros2_home_auto/build/video_capture/build/lib/video_capture/video_publisher.py -> /home/jan/dev/Ros2PoCLedControl/ros2_home_auto/install/video_capture/lib/python3.10/site-packages/video_capture
byte-compiling /home/jan/dev/Ros2PoCLedControl/ros2_home_auto/install/video_capture/lib/python3.10/site-packages/video_capture/video_subscriber.py to video_subscriber.cpython-310.pyc
byte-compiling /home/jan/dev/Ros2PoCLedControl/ros2_home_auto/install/video_capture/lib/python3.10/site-packages/video_capture/video_publisher.py to video_publisher.cpython-310.pyc
running install_data
running install_egg_info
removing '/home/jan/dev/Ros2PoCLedControl/ros2_home_auto/install/video_capture/lib/python3.10/site-packages/video_capture-0.0.0-py3.10.egg-info' (and everything under it)
Copying ../../build/video_capture/video_capture.egg-info to /home/jan/dev/Ros2PoCLedControl/ros2_home_auto/install/video_capture/lib/python3.10/site-packages/video_capture-0.0.0-py3.10.egg-info
running install_scripts
Installing video_publisher script to /home/jan/dev/Ros2PoCLedControl/ros2_home_auto/install/video_capture/lib/video_capture
Installing video_subscriber script to /home/jan/dev/Ros2PoCLedControl/ros2_home_auto/install/video_capture/lib/video_capture
writing list of installed files to '/home/jan/dev/Ros2PoCLedControl/ros2_home_auto/build/video_capture/install.log'
