running egg_info
creating ../../build/video_capture/video_capture.egg-info
writing ../../build/video_capture/video_capture.egg-info/PKG-INFO
writing dependency_links to ../../build/video_capture/video_capture.egg-info/dependency_links.txt
writing entry points to ../../build/video_capture/video_capture.egg-info/entry_points.txt
writing requirements to ../../build/video_capture/video_capture.egg-info/requires.txt
writing top-level names to ../../build/video_capture/video_capture.egg-info/top_level.txt
writing manifest file '../../build/video_capture/video_capture.egg-info/SOURCES.txt'
reading manifest file '../../build/video_capture/video_capture.egg-info/SOURCES.txt'
adding license file 'LICENSE'
writing manifest file '../../build/video_capture/video_capture.egg-info/SOURCES.txt'
running build
running build_py
creating /home/jan/dev/Ros2PoCLedControl/ros2_home_auto/build/video_capture/build
creating /home/jan/dev/Ros2PoCLedControl/ros2_home_auto/build/video_capture/build/lib
creating /home/jan/dev/Ros2PoCLedControl/ros2_home_auto/build/video_capture/build/lib/video_capture
copying video_capture/video_capture.py -> /home/jan/dev/Ros2PoCLedControl/ros2_home_auto/build/video_capture/build/lib/video_capture
copying video_capture/__init__.py -> /home/jan/dev/Ros2PoCLedControl/ros2_home_auto/build/video_capture/build/lib/video_capture
running install
running install_lib
creating /home/jan/dev/Ros2PoCLedControl/ros2_home_auto/install/video_capture/lib/python3.10/site-packages/video_capture
copying /home/jan/dev/Ros2PoCLedControl/ros2_home_auto/build/video_capture/build/lib/video_capture/video_capture.py -> /home/jan/dev/Ros2PoCLedControl/ros2_home_auto/install/video_capture/lib/python3.10/site-packages/video_capture
copying /home/jan/dev/Ros2PoCLedControl/ros2_home_auto/build/video_capture/build/lib/video_capture/__init__.py -> /home/jan/dev/Ros2PoCLedControl/ros2_home_auto/install/video_capture/lib/python3.10/site-packages/video_capture
byte-compiling /home/jan/dev/Ros2PoCLedControl/ros2_home_auto/install/video_capture/lib/python3.10/site-packages/video_capture/video_capture.py to video_capture.cpython-310.pyc
byte-compiling /home/jan/dev/Ros2PoCLedControl/ros2_home_auto/install/video_capture/lib/python3.10/site-packages/video_capture/__init__.py to __init__.cpython-310.pyc
running install_data
creating /home/jan/dev/Ros2PoCLedControl/ros2_home_auto/install/video_capture/share/ament_index
creating /home/jan/dev/Ros2PoCLedControl/ros2_home_auto/install/video_capture/share/ament_index/resource_index
creating /home/jan/dev/Ros2PoCLedControl/ros2_home_auto/install/video_capture/share/ament_index/resource_index/packages
copying resource/video_capture -> /home/jan/dev/Ros2PoCLedControl/ros2_home_auto/install/video_capture/share/ament_index/resource_index/packages
copying package.xml -> /home/jan/dev/Ros2PoCLedControl/ros2_home_auto/install/video_capture/share/video_capture
running install_egg_info
Copying ../../build/video_capture/video_capture.egg-info to /home/jan/dev/Ros2PoCLedControl/ros2_home_auto/install/video_capture/lib/python3.10/site-packages/video_capture-0.0.0-py3.10.egg-info
running install_scripts
Installing video_capture script to /home/jan/dev/Ros2PoCLedControl/ros2_home_auto/install/video_capture/lib/video_capture
writing list of installed files to '/home/jan/dev/Ros2PoCLedControl/ros2_home_auto/build/video_capture/install.log'
