[0.995s] DEBUG:colcon:Command line arguments: ['/usr/bin/colcon', 'build']
[0.995s] DEBUG:colcon:Parsed command line arguments: Namespace(log_base=None, log_level=None, verb_name='build', build_base='build', install_base='install', merge_install=False, symlink_install=False, test_result_base=None, continue_on_error=False, executor='parallel', parallel_workers=12, event_handlers=None, ignore_user_meta=False, metas=['./colcon.meta'], base_paths=['.'], packages_ignore=None, packages_ignore_regex=None, paths=None, packages_up_to=None, packages_up_to_regex=None, packages_above=None, packages_above_and_dependencies=None, packages_above_depth=None, packages_select_by_dep=None, packages_skip_by_dep=None, packages_skip_up_to=None, packages_select_build_failed=False, packages_skip_build_finished=False, packages_select_test_failures=False, packages_skip_test_passed=False, packages_select=None, packages_skip=None, packages_select_regex=None, packages_skip_regex=None, packages_start=None, packages_end=None, allow_overriding=[], cmake_args=None, cmake_target=None, cmake_target_skip_unavailable=False, cmake_clean_cache=False, cmake_clean_first=False, cmake_force_configure=False, ament_cmake_args=None, catkin_cmake_args=None, catkin_skip_building_tests=False, verb_parser=<colcon_defaults.argument_parser.defaults.DefaultArgumentsDecorator object at 0x7e2b2b7ea3e0>, verb_extension=<colcon_core.verb.build.BuildVerb object at 0x7e2b2bcbfc70>, main=<bound method BuildVerb.main of <colcon_core.verb.build.BuildVerb object at 0x7e2b2bcbfc70>>)
[1.040s] Level 1:colcon.colcon_core.package_discovery:discover_packages(colcon_meta) check parameters
[1.040s] Level 1:colcon.colcon_core.package_discovery:discover_packages(recursive) check parameters
[1.040s] Level 1:colcon.colcon_core.package_discovery:discover_packages(ignore) check parameters
[1.041s] Level 1:colcon.colcon_core.package_discovery:discover_packages(path) check parameters
[1.041s] Level 1:colcon.colcon_core.package_discovery:discover_packages(colcon_meta) discover
[1.041s] Level 1:colcon.colcon_core.package_discovery:discover_packages(recursive) discover
[1.041s] INFO:colcon.colcon_core.package_discovery:Crawling recursively for packages in '/home/jan/dev/Ros2PoCLedControl/ros2_home_auto'
[1.041s] Level 1:colcon.colcon_core.package_identification:_identify(.) by extensions ['ignore', 'ignore_ament_install']
[1.041s] Level 1:colcon.colcon_core.package_identification:_identify(.) by extension 'ignore'
[1.041s] Level 1:colcon.colcon_core.package_identification:_identify(.) by extension 'ignore_ament_install'
[1.041s] Level 1:colcon.colcon_core.package_identification:_identify(.) by extensions ['colcon_pkg']
[1.041s] Level 1:colcon.colcon_core.package_identification:_identify(.) by extension 'colcon_pkg'
[1.041s] Level 1:colcon.colcon_core.package_identification:_identify(.) by extensions ['colcon_meta']
[1.041s] Level 1:colcon.colcon_core.package_identification:_identify(.) by extension 'colcon_meta'
[1.041s] Level 1:colcon.colcon_core.package_identification:_identify(.) by extensions ['ros']
[1.041s] Level 1:colcon.colcon_core.package_identification:_identify(.) by extension 'ros'
[1.051s] Level 1:colcon.colcon_core.package_identification:_identify(.) by extensions ['cmake', 'python']
[1.051s] Level 1:colcon.colcon_core.package_identification:_identify(.) by extension 'cmake'
[1.051s] Level 1:colcon.colcon_core.package_identification:_identify(.) by extension 'python'
[1.051s] Level 1:colcon.colcon_core.package_identification:_identify(.) by extensions ['python_setup_py']
[1.051s] Level 1:colcon.colcon_core.package_identification:_identify(.) by extension 'python_setup_py'
[1.051s] Level 1:colcon.colcon_core.package_identification:_identify(build) by extensions ['ignore', 'ignore_ament_install']
[1.051s] Level 1:colcon.colcon_core.package_identification:_identify(build) by extension 'ignore'
[1.051s] Level 1:colcon.colcon_core.package_identification:_identify(build) ignored
[1.051s] Level 1:colcon.colcon_core.package_identification:_identify(install) by extensions ['ignore', 'ignore_ament_install']
[1.051s] Level 1:colcon.colcon_core.package_identification:_identify(install) by extension 'ignore'
[1.052s] Level 1:colcon.colcon_core.package_identification:_identify(install) ignored
[1.052s] Level 1:colcon.colcon_core.package_identification:_identify(log) by extensions ['ignore', 'ignore_ament_install']
[1.052s] Level 1:colcon.colcon_core.package_identification:_identify(log) by extension 'ignore'
[1.052s] Level 1:colcon.colcon_core.package_identification:_identify(log) ignored
[1.052s] Level 1:colcon.colcon_core.package_identification:_identify(src) by extensions ['ignore', 'ignore_ament_install']
[1.052s] Level 1:colcon.colcon_core.package_identification:_identify(src) by extension 'ignore'
[1.052s] Level 1:colcon.colcon_core.package_identification:_identify(src) by extension 'ignore_ament_install'
[1.052s] Level 1:colcon.colcon_core.package_identification:_identify(src) by extensions ['colcon_pkg']
[1.052s] Level 1:colcon.colcon_core.package_identification:_identify(src) by extension 'colcon_pkg'
[1.052s] Level 1:colcon.colcon_core.package_identification:_identify(src) by extensions ['colcon_meta']
[1.052s] Level 1:colcon.colcon_core.package_identification:_identify(src) by extension 'colcon_meta'
[1.052s] Level 1:colcon.colcon_core.package_identification:_identify(src) by extensions ['ros']
[1.052s] Level 1:colcon.colcon_core.package_identification:_identify(src) by extension 'ros'
[1.052s] Level 1:colcon.colcon_core.package_identification:_identify(src) by extensions ['cmake', 'python']
[1.052s] Level 1:colcon.colcon_core.package_identification:_identify(src) by extension 'cmake'
[1.052s] Level 1:colcon.colcon_core.package_identification:_identify(src) by extension 'python'
[1.052s] Level 1:colcon.colcon_core.package_identification:_identify(src) by extensions ['python_setup_py']
[1.052s] Level 1:colcon.colcon_core.package_identification:_identify(src) by extension 'python_setup_py'
[1.053s] Level 1:colcon.colcon_core.package_identification:_identify(src/custom_interfaces) by extensions ['ignore', 'ignore_ament_install']
[1.053s] Level 1:colcon.colcon_core.package_identification:_identify(src/custom_interfaces) by extension 'ignore'
[1.053s] Level 1:colcon.colcon_core.package_identification:_identify(src/custom_interfaces) by extension 'ignore_ament_install'
[1.053s] Level 1:colcon.colcon_core.package_identification:_identify(src/custom_interfaces) by extensions ['colcon_pkg']
[1.053s] Level 1:colcon.colcon_core.package_identification:_identify(src/custom_interfaces) by extension 'colcon_pkg'
[1.053s] Level 1:colcon.colcon_core.package_identification:_identify(src/custom_interfaces) by extensions ['colcon_meta']
[1.053s] Level 1:colcon.colcon_core.package_identification:_identify(src/custom_interfaces) by extension 'colcon_meta'
[1.053s] Level 1:colcon.colcon_core.package_identification:_identify(src/custom_interfaces) by extensions ['ros']
[1.053s] Level 1:colcon.colcon_core.package_identification:_identify(src/custom_interfaces) by extension 'ros'
[1.055s] DEBUG:colcon.colcon_core.package_identification:Package 'src/custom_interfaces' with type 'ros.ament_cmake' and name 'custom_interfaces'
[1.055s] Level 1:colcon.colcon_core.package_identification:_identify(src/led_control) by extensions ['ignore', 'ignore_ament_install']
[1.055s] Level 1:colcon.colcon_core.package_identification:_identify(src/led_control) by extension 'ignore'
[1.055s] Level 1:colcon.colcon_core.package_identification:_identify(src/led_control) by extension 'ignore_ament_install'
[1.055s] Level 1:colcon.colcon_core.package_identification:_identify(src/led_control) by extensions ['colcon_pkg']
[1.055s] Level 1:colcon.colcon_core.package_identification:_identify(src/led_control) by extension 'colcon_pkg'
[1.055s] Level 1:colcon.colcon_core.package_identification:_identify(src/led_control) by extensions ['colcon_meta']
[1.055s] Level 1:colcon.colcon_core.package_identification:_identify(src/led_control) by extension 'colcon_meta'
[1.055s] Level 1:colcon.colcon_core.package_identification:_identify(src/led_control) by extensions ['ros']
[1.055s] Level 1:colcon.colcon_core.package_identification:_identify(src/led_control) by extension 'ros'
[1.056s] DEBUG:colcon.colcon_core.package_identification:Package 'src/led_control' with type 'ros.ament_python' and name 'led_control'
[1.056s] Level 1:colcon.colcon_core.package_identification:_identify(src/video_capture) by extensions ['ignore', 'ignore_ament_install']
[1.056s] Level 1:colcon.colcon_core.package_identification:_identify(src/video_capture) by extension 'ignore'
[1.056s] Level 1:colcon.colcon_core.package_identification:_identify(src/video_capture) by extension 'ignore_ament_install'
[1.056s] Level 1:colcon.colcon_core.package_identification:_identify(src/video_capture) by extensions ['colcon_pkg']
[1.056s] Level 1:colcon.colcon_core.package_identification:_identify(src/video_capture) by extension 'colcon_pkg'
[1.056s] Level 1:colcon.colcon_core.package_identification:_identify(src/video_capture) by extensions ['colcon_meta']
[1.056s] Level 1:colcon.colcon_core.package_identification:_identify(src/video_capture) by extension 'colcon_meta'
[1.056s] Level 1:colcon.colcon_core.package_identification:_identify(src/video_capture) by extensions ['ros']
[1.056s] Level 1:colcon.colcon_core.package_identification:_identify(src/video_capture) by extension 'ros'
[1.057s] DEBUG:colcon.colcon_core.package_identification:Package 'src/video_capture' with type 'ros.ament_python' and name 'video_capture'
[1.057s] Level 1:colcon.colcon_core.package_discovery:discover_packages(recursive) using defaults
[1.057s] Level 1:colcon.colcon_core.package_discovery:discover_packages(ignore) discover
[1.057s] Level 1:colcon.colcon_core.package_discovery:discover_packages(ignore) using defaults
[1.057s] Level 1:colcon.colcon_core.package_discovery:discover_packages(path) discover
[1.057s] Level 1:colcon.colcon_core.package_discovery:discover_packages(path) using defaults
[1.146s] Level 1:colcon.colcon_core.package_discovery:discover_packages(prefix_path) check parameters
[1.146s] Level 1:colcon.colcon_core.package_discovery:discover_packages(prefix_path) discover
[1.177s] DEBUG:colcon.colcon_installed_package_information.package_discovery:Found 3 installed packages in /home/jan/dev/Ros2PoCLedControl/ros2_home_auto/install
[1.192s] DEBUG:colcon.colcon_installed_package_information.package_discovery:Found 270 installed packages in /opt/ros/humble
[1.193s] Level 1:colcon.colcon_core.package_discovery:discover_packages(prefix_path) using defaults
[1.282s] Level 5:colcon.colcon_core.verb:set package 'custom_interfaces' build argument 'cmake_args' from command line to 'None'
[1.282s] Level 5:colcon.colcon_core.verb:set package 'custom_interfaces' build argument 'cmake_target' from command line to 'None'
[1.282s] Level 5:colcon.colcon_core.verb:set package 'custom_interfaces' build argument 'cmake_target_skip_unavailable' from command line to 'False'
[1.282s] Level 5:colcon.colcon_core.verb:set package 'custom_interfaces' build argument 'cmake_clean_cache' from command line to 'False'
[1.282s] Level 5:colcon.colcon_core.verb:set package 'custom_interfaces' build argument 'cmake_clean_first' from command line to 'False'
[1.282s] Level 5:colcon.colcon_core.verb:set package 'custom_interfaces' build argument 'cmake_force_configure' from command line to 'False'
[1.282s] Level 5:colcon.colcon_core.verb:set package 'custom_interfaces' build argument 'ament_cmake_args' from command line to 'None'
[1.282s] Level 5:colcon.colcon_core.verb:set package 'custom_interfaces' build argument 'catkin_cmake_args' from command line to 'None'
[1.282s] Level 5:colcon.colcon_core.verb:set package 'custom_interfaces' build argument 'catkin_skip_building_tests' from command line to 'False'
[1.282s] DEBUG:colcon.colcon_core.verb:Building package 'custom_interfaces' with the following arguments: {'ament_cmake_args': None, 'build_base': '/home/jan/dev/Ros2PoCLedControl/ros2_home_auto/build/custom_interfaces', 'catkin_cmake_args': None, 'catkin_skip_building_tests': False, 'cmake_args': None, 'cmake_clean_cache': False, 'cmake_clean_first': False, 'cmake_force_configure': False, 'cmake_target': None, 'cmake_target_skip_unavailable': False, 'install_base': '/home/jan/dev/Ros2PoCLedControl/ros2_home_auto/install/custom_interfaces', 'merge_install': False, 'path': '/home/jan/dev/Ros2PoCLedControl/ros2_home_auto/src/custom_interfaces', 'symlink_install': False, 'test_result_base': None}
[1.297s] Level 5:colcon.colcon_core.verb:set package 'led_control' build argument 'cmake_args' from command line to 'None'
[1.297s] Level 5:colcon.colcon_core.verb:set package 'led_control' build argument 'cmake_target' from command line to 'None'
[1.297s] Level 5:colcon.colcon_core.verb:set package 'led_control' build argument 'cmake_target_skip_unavailable' from command line to 'False'
[1.297s] Level 5:colcon.colcon_core.verb:set package 'led_control' build argument 'cmake_clean_cache' from command line to 'False'
[1.297s] Level 5:colcon.colcon_core.verb:set package 'led_control' build argument 'cmake_clean_first' from command line to 'False'
[1.297s] Level 5:colcon.colcon_core.verb:set package 'led_control' build argument 'cmake_force_configure' from command line to 'False'
[1.297s] Level 5:colcon.colcon_core.verb:set package 'led_control' build argument 'ament_cmake_args' from command line to 'None'
[1.297s] Level 5:colcon.colcon_core.verb:set package 'led_control' build argument 'catkin_cmake_args' from command line to 'None'
[1.297s] Level 5:colcon.colcon_core.verb:set package 'led_control' build argument 'catkin_skip_building_tests' from command line to 'False'
[1.297s] DEBUG:colcon.colcon_core.verb:Building package 'led_control' with the following arguments: {'ament_cmake_args': None, 'build_base': '/home/jan/dev/Ros2PoCLedControl/ros2_home_auto/build/led_control', 'catkin_cmake_args': None, 'catkin_skip_building_tests': False, 'cmake_args': None, 'cmake_clean_cache': False, 'cmake_clean_first': False, 'cmake_force_configure': False, 'cmake_target': None, 'cmake_target_skip_unavailable': False, 'install_base': '/home/jan/dev/Ros2PoCLedControl/ros2_home_auto/install/led_control', 'merge_install': False, 'path': '/home/jan/dev/Ros2PoCLedControl/ros2_home_auto/src/led_control', 'symlink_install': False, 'test_result_base': None}
[1.311s] Level 5:colcon.colcon_core.verb:set package 'video_capture' build argument 'cmake_args' from command line to 'None'
[1.311s] Level 5:colcon.colcon_core.verb:set package 'video_capture' build argument 'cmake_target' from command line to 'None'
[1.311s] Level 5:colcon.colcon_core.verb:set package 'video_capture' build argument 'cmake_target_skip_unavailable' from command line to 'False'
[1.312s] Level 5:colcon.colcon_core.verb:set package 'video_capture' build argument 'cmake_clean_cache' from command line to 'False'
[1.312s] Level 5:colcon.colcon_core.verb:set package 'video_capture' build argument 'cmake_clean_first' from command line to 'False'
[1.312s] Level 5:colcon.colcon_core.verb:set package 'video_capture' build argument 'cmake_force_configure' from command line to 'False'
[1.312s] Level 5:colcon.colcon_core.verb:set package 'video_capture' build argument 'ament_cmake_args' from command line to 'None'
[1.312s] Level 5:colcon.colcon_core.verb:set package 'video_capture' build argument 'catkin_cmake_args' from command line to 'None'
[1.312s] Level 5:colcon.colcon_core.verb:set package 'video_capture' build argument 'catkin_skip_building_tests' from command line to 'False'
[1.312s] DEBUG:colcon.colcon_core.verb:Building package 'video_capture' with the following arguments: {'ament_cmake_args': None, 'build_base': '/home/jan/dev/Ros2PoCLedControl/ros2_home_auto/build/video_capture', 'catkin_cmake_args': None, 'catkin_skip_building_tests': False, 'cmake_args': None, 'cmake_clean_cache': False, 'cmake_clean_first': False, 'cmake_force_configure': False, 'cmake_target': None, 'cmake_target_skip_unavailable': False, 'install_base': '/home/jan/dev/Ros2PoCLedControl/ros2_home_auto/install/video_capture', 'merge_install': False, 'path': '/home/jan/dev/Ros2PoCLedControl/ros2_home_auto/src/video_capture', 'symlink_install': False, 'test_result_base': None}
[1.326s] INFO:colcon.colcon_core.executor:Executing jobs using 'parallel' executor
[1.341s] DEBUG:colcon.colcon_parallel_executor.executor.parallel:run_until_complete
[1.342s] INFO:colcon.colcon_ros.task.ament_cmake.build:Building ROS package in '/home/jan/dev/Ros2PoCLedControl/ros2_home_auto/src/custom_interfaces' with build type 'ament_cmake'
[1.342s] INFO:colcon.colcon_cmake.task.cmake.build:Building CMake package in '/home/jan/dev/Ros2PoCLedControl/ros2_home_auto/src/custom_interfaces'
[1.365s] INFO:colcon.colcon_core.plugin_system:Skipping extension 'colcon_core.shell.bat': Not used on non-Windows systems
[1.366s] INFO:colcon.colcon_core.shell:Skip shell extension 'powershell' for command environment: Not usable outside of PowerShell
[1.366s] DEBUG:colcon.colcon_core.shell:Skip shell extension 'dsv' for command environment
[1.427s] INFO:colcon.colcon_ros.task.ament_python.build:Building ROS package in '/home/jan/dev/Ros2PoCLedControl/ros2_home_auto/src/led_control' with build type 'ament_python'
[1.428s] Level 1:colcon.colcon_core.shell:create_environment_hook('led_control', 'ament_prefix_path')
[1.450s] INFO:colcon.colcon_core.shell:Creating environment hook '/home/jan/dev/Ros2PoCLedControl/ros2_home_auto/install/led_control/share/led_control/hook/ament_prefix_path.ps1'
[1.451s] INFO:colcon.colcon_core.shell:Creating environment descriptor '/home/jan/dev/Ros2PoCLedControl/ros2_home_auto/install/led_control/share/led_control/hook/ament_prefix_path.dsv'
[1.451s] INFO:colcon.colcon_core.shell:Creating environment hook '/home/jan/dev/Ros2PoCLedControl/ros2_home_auto/install/led_control/share/led_control/hook/ament_prefix_path.sh'
[1.475s] INFO:colcon.colcon_core.shell:Skip shell extension 'powershell' for command environment: Not usable outside of PowerShell
[1.475s] DEBUG:colcon.colcon_core.shell:Skip shell extension 'dsv' for command environment
[1.528s] INFO:colcon.colcon_ros.task.ament_python.build:Building ROS package in '/home/jan/dev/Ros2PoCLedControl/ros2_home_auto/src/video_capture' with build type 'ament_python'
[1.529s] Level 1:colcon.colcon_core.shell:create_environment_hook('video_capture', 'ament_prefix_path')
[1.544s] INFO:colcon.colcon_core.shell:Creating environment hook '/home/jan/dev/Ros2PoCLedControl/ros2_home_auto/install/video_capture/share/video_capture/hook/ament_prefix_path.ps1'
[1.544s] INFO:colcon.colcon_core.shell:Creating environment descriptor '/home/jan/dev/Ros2PoCLedControl/ros2_home_auto/install/video_capture/share/video_capture/hook/ament_prefix_path.dsv'
[1.545s] INFO:colcon.colcon_core.shell:Creating environment hook '/home/jan/dev/Ros2PoCLedControl/ros2_home_auto/install/video_capture/share/video_capture/hook/ament_prefix_path.sh'
[1.562s] INFO:colcon.colcon_core.shell:Skip shell extension 'powershell' for command environment: Not usable outside of PowerShell
[1.562s] DEBUG:colcon.colcon_core.shell:Skip shell extension 'dsv' for command environment
[1.617s] DEBUG:colcon.colcon_core.event_handler.log_command:Invoking command in '/home/jan/dev/Ros2PoCLedControl/ros2_home_auto/build/custom_interfaces': CMAKE_PREFIX_PATH=${CMAKE_PREFIX_PATH}:/home/jan/dev/Ros2PoCLedControl/ros2_home_auto/install/video_capture:/home/jan/dev/Ros2PoCLedControl/ros2_home_auto/install/led_control:/opt/ros/humble /usr/bin/cmake --build /home/jan/dev/Ros2PoCLedControl/ros2_home_auto/build/custom_interfaces -- -j12 -l12
[1.875s] INFO:colcon.colcon_core.task.python.build:Building Python package in '/home/jan/dev/Ros2PoCLedControl/ros2_home_auto/src/led_control'
[1.890s] INFO:colcon.colcon_core.shell:Skip shell extension 'powershell' for command environment: Not usable outside of PowerShell
[1.890s] DEBUG:colcon.colcon_core.shell:Skip shell extension 'dsv' for command environment
[2.184s] INFO:colcon.colcon_core.task.python.build:Building Python package in '/home/jan/dev/Ros2PoCLedControl/ros2_home_auto/src/video_capture'
[2.204s] INFO:colcon.colcon_core.shell:Skip shell extension 'powershell' for command environment: Not usable outside of PowerShell
[2.204s] DEBUG:colcon.colcon_core.shell:Skip shell extension 'dsv' for command environment
[2.263s] DEBUG:colcon.colcon_core.event_handler.log_command:Invoked command in '/home/jan/dev/Ros2PoCLedControl/ros2_home_auto/build/custom_interfaces' returned '0': CMAKE_PREFIX_PATH=${CMAKE_PREFIX_PATH}:/home/jan/dev/Ros2PoCLedControl/ros2_home_auto/install/video_capture:/home/jan/dev/Ros2PoCLedControl/ros2_home_auto/install/led_control:/opt/ros/humble /usr/bin/cmake --build /home/jan/dev/Ros2PoCLedControl/ros2_home_auto/build/custom_interfaces -- -j12 -l12
[2.372s] DEBUG:colcon.colcon_core.event_handler.log_command:Invoking command in '/home/jan/dev/Ros2PoCLedControl/ros2_home_auto/build/custom_interfaces': CMAKE_PREFIX_PATH=${CMAKE_PREFIX_PATH}:/home/jan/dev/Ros2PoCLedControl/ros2_home_auto/install/video_capture:/home/jan/dev/Ros2PoCLedControl/ros2_home_auto/install/led_control:/opt/ros/humble /usr/bin/cmake --install /home/jan/dev/Ros2PoCLedControl/ros2_home_auto/build/custom_interfaces
[2.428s] Level 1:colcon.colcon_core.environment:create_environment_scripts_only(custom_interfaces)
[2.434s] DEBUG:colcon.colcon_core.event_handler.log_command:Invoked command in '/home/jan/dev/Ros2PoCLedControl/ros2_home_auto/build/custom_interfaces' returned '0': CMAKE_PREFIX_PATH=${CMAKE_PREFIX_PATH}:/home/jan/dev/Ros2PoCLedControl/ros2_home_auto/install/video_capture:/home/jan/dev/Ros2PoCLedControl/ros2_home_auto/install/led_control:/opt/ros/humble /usr/bin/cmake --install /home/jan/dev/Ros2PoCLedControl/ros2_home_auto/build/custom_interfaces
[2.449s] Level 1:colcon.colcon_core.environment:checking '/home/jan/dev/Ros2PoCLedControl/ros2_home_auto/install/custom_interfaces' for CMake module files
[2.450s] Level 1:colcon.colcon_core.environment:checking '/home/jan/dev/Ros2PoCLedControl/ros2_home_auto/install/custom_interfaces' for CMake config files
[2.450s] Level 1:colcon.colcon_core.shell:create_environment_hook('custom_interfaces', 'cmake_prefix_path')
[2.466s] INFO:colcon.colcon_core.shell:Creating environment hook '/home/jan/dev/Ros2PoCLedControl/ros2_home_auto/install/custom_interfaces/share/custom_interfaces/hook/cmake_prefix_path.ps1'
[2.466s] INFO:colcon.colcon_core.shell:Creating environment descriptor '/home/jan/dev/Ros2PoCLedControl/ros2_home_auto/install/custom_interfaces/share/custom_interfaces/hook/cmake_prefix_path.dsv'
[2.467s] INFO:colcon.colcon_core.shell:Creating environment hook '/home/jan/dev/Ros2PoCLedControl/ros2_home_auto/install/custom_interfaces/share/custom_interfaces/hook/cmake_prefix_path.sh'
[2.467s] Level 1:colcon.colcon_core.environment:checking '/home/jan/dev/Ros2PoCLedControl/ros2_home_auto/install/custom_interfaces/lib'
[2.467s] Level 1:colcon.colcon_core.shell:create_environment_hook('custom_interfaces', 'ld_library_path_lib')
[2.483s] INFO:colcon.colcon_core.shell:Creating environment hook '/home/jan/dev/Ros2PoCLedControl/ros2_home_auto/install/custom_interfaces/share/custom_interfaces/hook/ld_library_path_lib.ps1'
[2.483s] INFO:colcon.colcon_core.shell:Creating environment descriptor '/home/jan/dev/Ros2PoCLedControl/ros2_home_auto/install/custom_interfaces/share/custom_interfaces/hook/ld_library_path_lib.dsv'
[2.483s] INFO:colcon.colcon_core.shell:Creating environment hook '/home/jan/dev/Ros2PoCLedControl/ros2_home_auto/install/custom_interfaces/share/custom_interfaces/hook/ld_library_path_lib.sh'
[2.484s] Level 1:colcon.colcon_core.environment:checking '/home/jan/dev/Ros2PoCLedControl/ros2_home_auto/install/custom_interfaces/bin'
[2.484s] Level 1:colcon.colcon_core.environment:checking '/home/jan/dev/Ros2PoCLedControl/ros2_home_auto/install/custom_interfaces/lib/pkgconfig/custom_interfaces.pc'
[2.484s] Level 1:colcon.colcon_core.environment:checking '/home/jan/dev/Ros2PoCLedControl/ros2_home_auto/install/custom_interfaces/lib/python3.10/site-packages'
[2.484s] Level 1:colcon.colcon_core.environment:checking '/home/jan/dev/Ros2PoCLedControl/ros2_home_auto/install/custom_interfaces/bin'
[2.499s] INFO:colcon.colcon_core.shell:Creating package script '/home/jan/dev/Ros2PoCLedControl/ros2_home_auto/install/custom_interfaces/share/custom_interfaces/package.ps1'
[2.500s] INFO:colcon.colcon_core.shell:Creating package descriptor '/home/jan/dev/Ros2PoCLedControl/ros2_home_auto/install/custom_interfaces/share/custom_interfaces/package.dsv'
[2.500s] INFO:colcon.colcon_core.shell:Creating package script '/home/jan/dev/Ros2PoCLedControl/ros2_home_auto/install/custom_interfaces/share/custom_interfaces/package.sh'
[2.501s] INFO:colcon.colcon_core.shell:Creating package script '/home/jan/dev/Ros2PoCLedControl/ros2_home_auto/install/custom_interfaces/share/custom_interfaces/package.bash'
[2.501s] INFO:colcon.colcon_core.shell:Creating package script '/home/jan/dev/Ros2PoCLedControl/ros2_home_auto/install/custom_interfaces/share/custom_interfaces/package.zsh'
[2.502s] Level 1:colcon.colcon_core.environment:create_file_with_runtime_dependencies(/home/jan/dev/Ros2PoCLedControl/ros2_home_auto/install/custom_interfaces/share/colcon-core/packages/custom_interfaces)
[2.583s] DEBUG:colcon.colcon_core.event_handler.log_command:Invoking command in '/home/jan/dev/Ros2PoCLedControl/ros2_home_auto/src/video_capture': PYTHONPATH=/home/jan/dev/Ros2PoCLedControl/ros2_home_auto/build/video_capture/prefix_override:/home/jan/dev/Ros2PoCLedControl/ros2_home_auto/install/video_capture/lib/python3.10/site-packages:${PYTHONPATH} /usr/bin/python3 setup.py egg_info --egg-base ../../build/video_capture build --build-base /home/jan/dev/Ros2PoCLedControl/ros2_home_auto/build/video_capture/build install --record /home/jan/dev/Ros2PoCLedControl/ros2_home_auto/build/video_capture/install.log --single-version-externally-managed
[2.585s] DEBUG:colcon.colcon_core.event_handler.log_command:Invoking command in '/home/jan/dev/Ros2PoCLedControl/ros2_home_auto/src/led_control': PYTHONPATH=/home/jan/dev/Ros2PoCLedControl/ros2_home_auto/build/led_control/prefix_override:/home/jan/dev/Ros2PoCLedControl/ros2_home_auto/install/led_control/lib/python3.10/site-packages:${PYTHONPATH} /usr/bin/python3 setup.py egg_info --egg-base ../../build/led_control build --build-base /home/jan/dev/Ros2PoCLedControl/ros2_home_auto/build/led_control/build install --record /home/jan/dev/Ros2PoCLedControl/ros2_home_auto/build/led_control/install.log --single-version-externally-managed
[2.613s] Level 1:colcon.colcon_core.environment:create_environment_scripts_only(custom_interfaces)
[2.627s] Level 1:colcon.colcon_core.environment:checking '/home/jan/dev/Ros2PoCLedControl/ros2_home_auto/install/custom_interfaces' for CMake module files
[2.628s] Level 1:colcon.colcon_core.environment:checking '/home/jan/dev/Ros2PoCLedControl/ros2_home_auto/install/custom_interfaces' for CMake config files
[2.628s] Level 1:colcon.colcon_core.shell:create_environment_hook('custom_interfaces', 'cmake_prefix_path')
[2.643s] INFO:colcon.colcon_core.shell:Creating environment hook '/home/jan/dev/Ros2PoCLedControl/ros2_home_auto/install/custom_interfaces/share/custom_interfaces/hook/cmake_prefix_path.ps1'
[2.643s] INFO:colcon.colcon_core.shell:Creating environment descriptor '/home/jan/dev/Ros2PoCLedControl/ros2_home_auto/install/custom_interfaces/share/custom_interfaces/hook/cmake_prefix_path.dsv'
[2.644s] INFO:colcon.colcon_core.shell:Creating environment hook '/home/jan/dev/Ros2PoCLedControl/ros2_home_auto/install/custom_interfaces/share/custom_interfaces/hook/cmake_prefix_path.sh'
[2.644s] Level 1:colcon.colcon_core.environment:checking '/home/jan/dev/Ros2PoCLedControl/ros2_home_auto/install/custom_interfaces/lib'
[2.644s] Level 1:colcon.colcon_core.shell:create_environment_hook('custom_interfaces', 'ld_library_path_lib')
[2.660s] INFO:colcon.colcon_core.shell:Creating environment hook '/home/jan/dev/Ros2PoCLedControl/ros2_home_auto/install/custom_interfaces/share/custom_interfaces/hook/ld_library_path_lib.ps1'
[2.660s] INFO:colcon.colcon_core.shell:Creating environment descriptor '/home/jan/dev/Ros2PoCLedControl/ros2_home_auto/install/custom_interfaces/share/custom_interfaces/hook/ld_library_path_lib.dsv'
[2.660s] INFO:colcon.colcon_core.shell:Creating environment hook '/home/jan/dev/Ros2PoCLedControl/ros2_home_auto/install/custom_interfaces/share/custom_interfaces/hook/ld_library_path_lib.sh'
[2.661s] Level 1:colcon.colcon_core.environment:checking '/home/jan/dev/Ros2PoCLedControl/ros2_home_auto/install/custom_interfaces/bin'
[2.661s] Level 1:colcon.colcon_core.environment:checking '/home/jan/dev/Ros2PoCLedControl/ros2_home_auto/install/custom_interfaces/lib/pkgconfig/custom_interfaces.pc'
[2.661s] Level 1:colcon.colcon_core.environment:checking '/home/jan/dev/Ros2PoCLedControl/ros2_home_auto/install/custom_interfaces/lib/python3.10/site-packages'
[2.661s] Level 1:colcon.colcon_core.environment:checking '/home/jan/dev/Ros2PoCLedControl/ros2_home_auto/install/custom_interfaces/bin'
[2.676s] INFO:colcon.colcon_core.shell:Creating package script '/home/jan/dev/Ros2PoCLedControl/ros2_home_auto/install/custom_interfaces/share/custom_interfaces/package.ps1'
[2.676s] INFO:colcon.colcon_core.shell:Creating package descriptor '/home/jan/dev/Ros2PoCLedControl/ros2_home_auto/install/custom_interfaces/share/custom_interfaces/package.dsv'
[2.677s] INFO:colcon.colcon_core.shell:Creating package script '/home/jan/dev/Ros2PoCLedControl/ros2_home_auto/install/custom_interfaces/share/custom_interfaces/package.sh'
[2.677s] INFO:colcon.colcon_core.shell:Creating package script '/home/jan/dev/Ros2PoCLedControl/ros2_home_auto/install/custom_interfaces/share/custom_interfaces/package.bash'
[2.677s] INFO:colcon.colcon_core.shell:Creating package script '/home/jan/dev/Ros2PoCLedControl/ros2_home_auto/install/custom_interfaces/share/custom_interfaces/package.zsh'
[2.678s] Level 1:colcon.colcon_core.environment:create_file_with_runtime_dependencies(/home/jan/dev/Ros2PoCLedControl/ros2_home_auto/install/custom_interfaces/share/colcon-core/packages/custom_interfaces)
[2.870s] DEBUG:colcon.colcon_core.event_handler.log_command:Invoked command in '/home/jan/dev/Ros2PoCLedControl/ros2_home_auto/src/led_control' returned '0': PYTHONPATH=/home/jan/dev/Ros2PoCLedControl/ros2_home_auto/build/led_control/prefix_override:/home/jan/dev/Ros2PoCLedControl/ros2_home_auto/install/led_control/lib/python3.10/site-packages:${PYTHONPATH} /usr/bin/python3 setup.py egg_info --egg-base ../../build/led_control build --build-base /home/jan/dev/Ros2PoCLedControl/ros2_home_auto/build/led_control/build install --record /home/jan/dev/Ros2PoCLedControl/ros2_home_auto/build/led_control/install.log --single-version-externally-managed
[2.885s] Level 1:colcon.colcon_core.environment:checking '/home/jan/dev/Ros2PoCLedControl/ros2_home_auto/install/led_control' for CMake module files
[2.885s] Level 1:colcon.colcon_core.environment:checking '/home/jan/dev/Ros2PoCLedControl/ros2_home_auto/install/led_control' for CMake config files
[2.886s] Level 1:colcon.colcon_core.environment:checking '/home/jan/dev/Ros2PoCLedControl/ros2_home_auto/install/led_control/lib'
[2.886s] Level 1:colcon.colcon_core.environment:checking '/home/jan/dev/Ros2PoCLedControl/ros2_home_auto/install/led_control/bin'
[2.886s] Level 1:colcon.colcon_core.environment:checking '/home/jan/dev/Ros2PoCLedControl/ros2_home_auto/install/led_control/lib/pkgconfig/led_control.pc'
[2.886s] Level 1:colcon.colcon_core.environment:checking '/home/jan/dev/Ros2PoCLedControl/ros2_home_auto/install/led_control/lib/python3.10/site-packages'
[2.886s] Level 1:colcon.colcon_core.shell:create_environment_hook('led_control', 'pythonpath')
[2.901s] INFO:colcon.colcon_core.shell:Creating environment hook '/home/jan/dev/Ros2PoCLedControl/ros2_home_auto/install/led_control/share/led_control/hook/pythonpath.ps1'
[2.901s] INFO:colcon.colcon_core.shell:Creating environment descriptor '/home/jan/dev/Ros2PoCLedControl/ros2_home_auto/install/led_control/share/led_control/hook/pythonpath.dsv'
[2.901s] INFO:colcon.colcon_core.shell:Creating environment hook '/home/jan/dev/Ros2PoCLedControl/ros2_home_auto/install/led_control/share/led_control/hook/pythonpath.sh'
[2.902s] Level 1:colcon.colcon_core.environment:checking '/home/jan/dev/Ros2PoCLedControl/ros2_home_auto/install/led_control/bin'
[2.902s] Level 1:colcon.colcon_core.environment:create_environment_scripts_only(led_control)
[2.917s] INFO:colcon.colcon_core.shell:Creating package script '/home/jan/dev/Ros2PoCLedControl/ros2_home_auto/install/led_control/share/led_control/package.ps1'
[2.917s] INFO:colcon.colcon_core.shell:Creating package descriptor '/home/jan/dev/Ros2PoCLedControl/ros2_home_auto/install/led_control/share/led_control/package.dsv'
[2.918s] INFO:colcon.colcon_core.shell:Creating package script '/home/jan/dev/Ros2PoCLedControl/ros2_home_auto/install/led_control/share/led_control/package.sh'
[2.918s] INFO:colcon.colcon_core.shell:Creating package script '/home/jan/dev/Ros2PoCLedControl/ros2_home_auto/install/led_control/share/led_control/package.bash'
[2.918s] INFO:colcon.colcon_core.shell:Creating package script '/home/jan/dev/Ros2PoCLedControl/ros2_home_auto/install/led_control/share/led_control/package.zsh'
[2.919s] Level 1:colcon.colcon_core.environment:create_file_with_runtime_dependencies(/home/jan/dev/Ros2PoCLedControl/ros2_home_auto/install/led_control/share/colcon-core/packages/led_control)
[2.922s] DEBUG:colcon.colcon_core.event_handler.log_command:Invoked command in '/home/jan/dev/Ros2PoCLedControl/ros2_home_auto/src/video_capture' returned '0': PYTHONPATH=/home/jan/dev/Ros2PoCLedControl/ros2_home_auto/build/video_capture/prefix_override:/home/jan/dev/Ros2PoCLedControl/ros2_home_auto/install/video_capture/lib/python3.10/site-packages:${PYTHONPATH} /usr/bin/python3 setup.py egg_info --egg-base ../../build/video_capture build --build-base /home/jan/dev/Ros2PoCLedControl/ros2_home_auto/build/video_capture/build install --record /home/jan/dev/Ros2PoCLedControl/ros2_home_auto/build/video_capture/install.log --single-version-externally-managed
[2.936s] Level 1:colcon.colcon_core.environment:checking '/home/jan/dev/Ros2PoCLedControl/ros2_home_auto/install/video_capture' for CMake module files
[2.937s] Level 1:colcon.colcon_core.environment:checking '/home/jan/dev/Ros2PoCLedControl/ros2_home_auto/install/video_capture' for CMake config files
[2.937s] Level 1:colcon.colcon_core.environment:checking '/home/jan/dev/Ros2PoCLedControl/ros2_home_auto/install/video_capture/lib'
[2.937s] Level 1:colcon.colcon_core.environment:checking '/home/jan/dev/Ros2PoCLedControl/ros2_home_auto/install/video_capture/bin'
[2.937s] Level 1:colcon.colcon_core.environment:checking '/home/jan/dev/Ros2PoCLedControl/ros2_home_auto/install/video_capture/lib/pkgconfig/video_capture.pc'
[2.938s] Level 1:colcon.colcon_core.environment:checking '/home/jan/dev/Ros2PoCLedControl/ros2_home_auto/install/video_capture/lib/python3.10/site-packages'
[2.938s] Level 1:colcon.colcon_core.shell:create_environment_hook('video_capture', 'pythonpath')
[2.955s] INFO:colcon.colcon_core.shell:Creating environment hook '/home/jan/dev/Ros2PoCLedControl/ros2_home_auto/install/video_capture/share/video_capture/hook/pythonpath.ps1'
[2.956s] INFO:colcon.colcon_core.shell:Creating environment descriptor '/home/jan/dev/Ros2PoCLedControl/ros2_home_auto/install/video_capture/share/video_capture/hook/pythonpath.dsv'
[2.956s] INFO:colcon.colcon_core.shell:Creating environment hook '/home/jan/dev/Ros2PoCLedControl/ros2_home_auto/install/video_capture/share/video_capture/hook/pythonpath.sh'
[2.957s] Level 1:colcon.colcon_core.environment:checking '/home/jan/dev/Ros2PoCLedControl/ros2_home_auto/install/video_capture/bin'
[2.957s] Level 1:colcon.colcon_core.environment:create_environment_scripts_only(video_capture)
[2.974s] INFO:colcon.colcon_core.shell:Creating package script '/home/jan/dev/Ros2PoCLedControl/ros2_home_auto/install/video_capture/share/video_capture/package.ps1'
[2.974s] INFO:colcon.colcon_core.shell:Creating package descriptor '/home/jan/dev/Ros2PoCLedControl/ros2_home_auto/install/video_capture/share/video_capture/package.dsv'
[2.974s] INFO:colcon.colcon_core.shell:Creating package script '/home/jan/dev/Ros2PoCLedControl/ros2_home_auto/install/video_capture/share/video_capture/package.sh'
[2.975s] INFO:colcon.colcon_core.shell:Creating package script '/home/jan/dev/Ros2PoCLedControl/ros2_home_auto/install/video_capture/share/video_capture/package.bash'
[2.975s] INFO:colcon.colcon_core.shell:Creating package script '/home/jan/dev/Ros2PoCLedControl/ros2_home_auto/install/video_capture/share/video_capture/package.zsh'
[2.975s] Level 1:colcon.colcon_core.environment:create_file_with_runtime_dependencies(/home/jan/dev/Ros2PoCLedControl/ros2_home_auto/install/video_capture/share/colcon-core/packages/video_capture)
[2.976s] DEBUG:colcon.colcon_parallel_executor.executor.parallel:closing loop
[2.976s] DEBUG:colcon.colcon_parallel_executor.executor.parallel:loop closed
[2.976s] DEBUG:colcon.colcon_parallel_executor.executor.parallel:run_until_complete finished with '0'
[2.976s] DEBUG:colcon.colcon_core.event_reactor:joining thread
[2.996s] INFO:colcon.colcon_core.plugin_system:Skipping extension 'colcon_notification.desktop_notification.terminal_notifier': Not used on non-Darwin systems
[2.996s] INFO:colcon.colcon_core.plugin_system:Skipping extension 'colcon_notification.desktop_notification.win32': Not used on non-Windows systems
[2.997s] INFO:colcon.colcon_notification.desktop_notification:Sending desktop notification using 'notify2'
[3.008s] DEBUG:colcon.colcon_core.event_reactor:joined thread
[3.032s] INFO:colcon.colcon_core.shell:Creating prefix script '/home/jan/dev/Ros2PoCLedControl/ros2_home_auto/install/local_setup.ps1'
[3.033s] INFO:colcon.colcon_core.shell:Creating prefix util module '/home/jan/dev/Ros2PoCLedControl/ros2_home_auto/install/_local_setup_util_ps1.py'
[3.035s] INFO:colcon.colcon_core.shell:Creating prefix chain script '/home/jan/dev/Ros2PoCLedControl/ros2_home_auto/install/setup.ps1'
[3.061s] INFO:colcon.colcon_core.shell:Creating prefix script '/home/jan/dev/Ros2PoCLedControl/ros2_home_auto/install/local_setup.sh'
[3.061s] INFO:colcon.colcon_core.shell:Creating prefix util module '/home/jan/dev/Ros2PoCLedControl/ros2_home_auto/install/_local_setup_util_sh.py'
[3.062s] INFO:colcon.colcon_core.shell:Creating prefix chain script '/home/jan/dev/Ros2PoCLedControl/ros2_home_auto/install/setup.sh'
[3.077s] INFO:colcon.colcon_core.shell:Creating prefix script '/home/jan/dev/Ros2PoCLedControl/ros2_home_auto/install/local_setup.bash'
[3.078s] INFO:colcon.colcon_core.shell:Creating prefix chain script '/home/jan/dev/Ros2PoCLedControl/ros2_home_auto/install/setup.bash'
[3.100s] INFO:colcon.colcon_core.shell:Creating prefix script '/home/jan/dev/Ros2PoCLedControl/ros2_home_auto/install/local_setup.zsh'
[3.101s] INFO:colcon.colcon_core.shell:Creating prefix chain script '/home/jan/dev/Ros2PoCLedControl/ros2_home_auto/install/setup.zsh'
