[35m[1mConsolidate compiler generated dependencies of target cpp_publisher[0m
[ 50%] Built target cpp_subscriber
[ 75%] [32mBuilding CXX object CMakeFiles/cpp_publisher.dir/src/cpp_publisher.cpp.o[0m
[01m[K/home/jan/dev/Ros2PoCLedControl/ros2_home_auto/src/cpp_nodes/src/cpp_publisher.cpp:[m[K In function ‘[01m[Kint main(int, char**)[m[K’:
[01m[K/home/jan/dev/Ros2PoCLedControl/ros2_home_auto/src/cpp_nodes/src/cpp_publisher.cpp:43:14:[m[K [01;35m[Kwarning: [m[Kunused parameter ‘[01m[Kargc[m[K’ [[01;35m[K]8;;https://gcc.gnu.org/onlinedocs/gcc/Warning-Options.html#index-Wunused-parameter-Wunused-parameter]8;;[m[K]
   43 | int main([01;35m[Kint argc[m[K, char ** argv)
      |          [01;35m[K~~~~^~~~[m[K
[01m[K/home/jan/dev/Ros2PoCLedControl/ros2_home_auto/src/cpp_nodes/src/cpp_publisher.cpp:43:28:[m[K [01;35m[Kwarning: [m[Kunused parameter ‘[01m[Kargv[m[K’ [[01;35m[K]8;;https://gcc.gnu.org/onlinedocs/gcc/Warning-Options.html#index-Wunused-parameter-Wunused-parameter]8;;[m[K]
   43 | int main(int argc, [01;35m[Kchar ** argv[m[K)
      |                    [01;35m[K~~~~~~~~^~~~[m[K
[100%] [32m[1mLinking CXX executable cpp_publisher[0m
[100%] Built target cpp_publisher
-- Install configuration: ""
-- Up-to-date: /home/jan/dev/Ros2PoCLedControl/ros2_home_auto/install/cpp_nodes/lib/cpp_nodes/cpp_subscriber
-- Installing: /home/jan/dev/Ros2PoCLedControl/ros2_home_auto/install/cpp_nodes/lib/cpp_nodes/cpp_publisher
-- Set runtime path of "/home/jan/dev/Ros2PoCLedControl/ros2_home_auto/install/cpp_nodes/lib/cpp_nodes/cpp_publisher" to ""
-- Up-to-date: /home/jan/dev/Ros2PoCLedControl/ros2_home_auto/install/cpp_nodes/share/ament_index/resource_index/package_run_dependencies/cpp_nodes
-- Up-to-date: /home/jan/dev/Ros2PoCLedControl/ros2_home_auto/install/cpp_nodes/share/ament_index/resource_index/parent_prefix_path/cpp_nodes
-- Up-to-date: /home/jan/dev/Ros2PoCLedControl/ros2_home_auto/install/cpp_nodes/share/cpp_nodes/environment/ament_prefix_path.sh
-- Up-to-date: /home/jan/dev/Ros2PoCLedControl/ros2_home_auto/install/cpp_nodes/share/cpp_nodes/environment/ament_prefix_path.dsv
-- Up-to-date: /home/jan/dev/Ros2PoCLedControl/ros2_home_auto/install/cpp_nodes/share/cpp_nodes/environment/path.sh
-- Up-to-date: /home/jan/dev/Ros2PoCLedControl/ros2_home_auto/install/cpp_nodes/share/cpp_nodes/environment/path.dsv
-- Up-to-date: /home/jan/dev/Ros2PoCLedControl/ros2_home_auto/install/cpp_nodes/share/cpp_nodes/local_setup.bash
-- Up-to-date: /home/jan/dev/Ros2PoCLedControl/ros2_home_auto/install/cpp_nodes/share/cpp_nodes/local_setup.sh
-- Up-to-date: /home/jan/dev/Ros2PoCLedControl/ros2_home_auto/install/cpp_nodes/share/cpp_nodes/local_setup.zsh
-- Up-to-date: /home/jan/dev/Ros2PoCLedControl/ros2_home_auto/install/cpp_nodes/share/cpp_nodes/local_setup.dsv
-- Installing: /home/jan/dev/Ros2PoCLedControl/ros2_home_auto/install/cpp_nodes/share/cpp_nodes/package.dsv
-- Up-to-date: /home/jan/dev/Ros2PoCLedControl/ros2_home_auto/install/cpp_nodes/share/ament_index/resource_index/packages/cpp_nodes
-- Up-to-date: /home/jan/dev/Ros2PoCLedControl/ros2_home_auto/install/cpp_nodes/share/cpp_nodes/cmake/cpp_nodesConfig.cmake
-- Up-to-date: /home/jan/dev/Ros2PoCLedControl/ros2_home_auto/install/cpp_nodes/share/cpp_nodes/cmake/cpp_nodesConfig-version.cmake
-- Up-to-date: /home/jan/dev/Ros2PoCLedControl/ros2_home_auto/install/cpp_nodes/share/cpp_nodes/package.xml
