[0.337s] Invoking command in '/home/jan/dev/Ros2PoCLedControl/ros2_home_auto/build/cpp_nodes': CMAKE_PREFIX_PATH=${CMAKE_PREFIX_PATH}:/home/jan/dev/Ros2PoCLedControl/ros2_home_auto/install/video_capture:/home/jan/dev/Ros2PoCLedControl/ros2_home_auto/install/led_control:/opt/ros/humble /usr/bin/cmake --build /home/jan/dev/Ros2PoCLedControl/ros2_home_auto/build/cpp_nodes -- -j12 -l12
[0.700s] [35m[1mConsolidate compiler generated dependencies of target cpp_publisher[0m
[0.701s] [ 50%] Built target cpp_subscriber
[0.701s] [ 75%] [32mBuilding CXX object CMakeFiles/cpp_publisher.dir/src/cpp_publisher.cpp.o[0m
[3.884s] [01m[K/home/jan/dev/Ros2PoCLedControl/ros2_home_auto/src/cpp_nodes/src/cpp_publisher.cpp:[m[K In function ‘[01m[Kint main(int, char**)[m[K’:
[3.884s] [01m[K/home/jan/dev/Ros2PoCLedControl/ros2_home_auto/src/cpp_nodes/src/cpp_publisher.cpp:43:14:[m[K [01;35m[Kwarning: [m[Kunused parameter ‘[01m[Kargc[m[K’ [[01;35m[K]8;;https://gcc.gnu.org/onlinedocs/gcc/Warning-Options.html#index-Wunused-parameter-Wunused-parameter]8;;[m[K]
[3.884s]    43 | int main([01;35m[Kint argc[m[K, char ** argv)
[3.884s]       |          [01;35m[K~~~~^~~~[m[K
[3.884s] [01m[K/home/jan/dev/Ros2PoCLedControl/ros2_home_auto/src/cpp_nodes/src/cpp_publisher.cpp:43:28:[m[K [01;35m[Kwarning: [m[Kunused parameter ‘[01m[Kargv[m[K’ [[01;35m[K]8;;https://gcc.gnu.org/onlinedocs/gcc/Warning-Options.html#index-Wunused-parameter-Wunused-parameter]8;;[m[K]
[3.884s]    43 | int main(int argc, [01;35m[Kchar ** argv[m[K)
[3.884s]       |                    [01;35m[K~~~~~~~~^~~~[m[K
[4.911s] [100%] [32m[1mLinking CXX executable cpp_publisher[0m
[5.402s] [100%] Built target cpp_publisher
[5.413s] Invoked command in '/home/jan/dev/Ros2PoCLedControl/ros2_home_auto/build/cpp_nodes' returned '0': CMAKE_PREFIX_PATH=${CMAKE_PREFIX_PATH}:/home/jan/dev/Ros2PoCLedControl/ros2_home_auto/install/video_capture:/home/jan/dev/Ros2PoCLedControl/ros2_home_auto/install/led_control:/opt/ros/humble /usr/bin/cmake --build /home/jan/dev/Ros2PoCLedControl/ros2_home_auto/build/cpp_nodes -- -j12 -l12
[5.442s] Invoking command in '/home/jan/dev/Ros2PoCLedControl/ros2_home_auto/build/cpp_nodes': CMAKE_PREFIX_PATH=${CMAKE_PREFIX_PATH}:/home/jan/dev/Ros2PoCLedControl/ros2_home_auto/install/video_capture:/home/jan/dev/Ros2PoCLedControl/ros2_home_auto/install/led_control:/opt/ros/humble /usr/bin/cmake --install /home/jan/dev/Ros2PoCLedControl/ros2_home_auto/build/cpp_nodes
[5.449s] -- Install configuration: ""
[5.449s] -- Up-to-date: /home/jan/dev/Ros2PoCLedControl/ros2_home_auto/install/cpp_nodes/lib/cpp_nodes/cpp_subscriber
[5.450s] -- Installing: /home/jan/dev/Ros2PoCLedControl/ros2_home_auto/install/cpp_nodes/lib/cpp_nodes/cpp_publisher
[5.450s] -- Set runtime path of "/home/jan/dev/Ros2PoCLedControl/ros2_home_auto/install/cpp_nodes/lib/cpp_nodes/cpp_publisher" to ""
[5.450s] -- Up-to-date: /home/jan/dev/Ros2PoCLedControl/ros2_home_auto/install/cpp_nodes/share/ament_index/resource_index/package_run_dependencies/cpp_nodes
[5.451s] -- Up-to-date: /home/jan/dev/Ros2PoCLedControl/ros2_home_auto/install/cpp_nodes/share/ament_index/resource_index/parent_prefix_path/cpp_nodes
[5.451s] -- Up-to-date: /home/jan/dev/Ros2PoCLedControl/ros2_home_auto/install/cpp_nodes/share/cpp_nodes/environment/ament_prefix_path.sh
[5.451s] -- Up-to-date: /home/jan/dev/Ros2PoCLedControl/ros2_home_auto/install/cpp_nodes/share/cpp_nodes/environment/ament_prefix_path.dsv
[5.451s] -- Up-to-date: /home/jan/dev/Ros2PoCLedControl/ros2_home_auto/install/cpp_nodes/share/cpp_nodes/environment/path.sh
[5.451s] -- Up-to-date: /home/jan/dev/Ros2PoCLedControl/ros2_home_auto/install/cpp_nodes/share/cpp_nodes/environment/path.dsv
[5.451s] -- Up-to-date: /home/jan/dev/Ros2PoCLedControl/ros2_home_auto/install/cpp_nodes/share/cpp_nodes/local_setup.bash
[5.451s] -- Up-to-date: /home/jan/dev/Ros2PoCLedControl/ros2_home_auto/install/cpp_nodes/share/cpp_nodes/local_setup.sh
[5.451s] -- Up-to-date: /home/jan/dev/Ros2PoCLedControl/ros2_home_auto/install/cpp_nodes/share/cpp_nodes/local_setup.zsh
[5.452s] -- Up-to-date: /home/jan/dev/Ros2PoCLedControl/ros2_home_auto/install/cpp_nodes/share/cpp_nodes/local_setup.dsv
[5.452s] -- Installing: /home/jan/dev/Ros2PoCLedControl/ros2_home_auto/install/cpp_nodes/share/cpp_nodes/package.dsv
[5.452s] -- Up-to-date: /home/jan/dev/Ros2PoCLedControl/ros2_home_auto/install/cpp_nodes/share/ament_index/resource_index/packages/cpp_nodes
[5.452s] -- Up-to-date: /home/jan/dev/Ros2PoCLedControl/ros2_home_auto/install/cpp_nodes/share/cpp_nodes/cmake/cpp_nodesConfig.cmake
[5.452s] -- Up-to-date: /home/jan/dev/Ros2PoCLedControl/ros2_home_auto/install/cpp_nodes/share/cpp_nodes/cmake/cpp_nodesConfig-version.cmake
[5.452s] -- Up-to-date: /home/jan/dev/Ros2PoCLedControl/ros2_home_auto/install/cpp_nodes/share/cpp_nodes/package.xml
[5.453s] Invoked command in '/home/jan/dev/Ros2PoCLedControl/ros2_home_auto/build/cpp_nodes' returned '0': CMAKE_PREFIX_PATH=${CMAKE_PREFIX_PATH}:/home/jan/dev/Ros2PoCLedControl/ros2_home_auto/install/video_capture:/home/jan/dev/Ros2PoCLedControl/ros2_home_auto/install/led_control:/opt/ros/humble /usr/bin/cmake --install /home/jan/dev/Ros2PoCLedControl/ros2_home_auto/build/cpp_nodes
