[1.940s] Invoking command in '/home/jan/dev/Ros2PoCLedControl/ros2_home_auto/src/video_capture': PYTHONPATH=/home/jan/dev/Ros2PoCLedControl/ros2_home_auto/build/video_capture/prefix_override:/home/jan/dev/Ros2PoCLedControl/ros2_home_auto/install/video_capture/lib/python3.10/site-packages:${PYTHONPATH} /usr/bin/python3 setup.py egg_info --egg-base ../../build/video_capture build --build-base /home/jan/dev/Ros2PoCLedControl/ros2_home_auto/build/video_capture/build install --record /home/jan/dev/Ros2PoCLedControl/ros2_home_auto/build/video_capture/install.log --single-version-externally-managed
[2.243s] running egg_info
[2.244s] writing ../../build/video_capture/video_capture.egg-info/PKG-INFO
[2.244s] writing dependency_links to ../../build/video_capture/video_capture.egg-info/dependency_links.txt
[2.244s] writing entry points to ../../build/video_capture/video_capture.egg-info/entry_points.txt
[2.244s] writing requirements to ../../build/video_capture/video_capture.egg-info/requires.txt
[2.244s] writing top-level names to ../../build/video_capture/video_capture.egg-info/top_level.txt
[2.246s] reading manifest file '../../build/video_capture/video_capture.egg-info/SOURCES.txt'
[2.246s] adding license file 'LICENSE'
[2.246s] writing manifest file '../../build/video_capture/video_capture.egg-info/SOURCES.txt'
[2.247s] running build
[2.247s] running build_py
[2.247s] copying video_capture/video_publisher.py -> /home/jan/dev/Ros2PoCLedControl/ros2_home_auto/build/video_capture/build/lib/video_capture
[2.248s] running install
[2.248s] /usr/lib/python3/dist-packages/setuptools/command/install.py:34: SetuptoolsDeprecationWarning: setup.py install is deprecated. Use build and pip and other standards-based tools.
[2.248s]   warnings.warn(
[2.248s] running install_lib
[2.248s] copying /home/jan/dev/Ros2PoCLedControl/ros2_home_auto/build/video_capture/build/lib/video_capture/video_publisher.py -> /home/jan/dev/Ros2PoCLedControl/ros2_home_auto/install/video_capture/lib/python3.10/site-packages/video_capture
[2.249s] byte-compiling /home/jan/dev/Ros2PoCLedControl/ros2_home_auto/install/video_capture/lib/python3.10/site-packages/video_capture/video_publisher.py to video_publisher.cpython-310.pyc
[2.249s] running install_data
[2.250s] running install_egg_info
[2.251s] removing '/home/jan/dev/Ros2PoCLedControl/ros2_home_auto/install/video_capture/lib/python3.10/site-packages/video_capture-0.0.0-py3.10.egg-info' (and everything under it)
[2.251s] Copying ../../build/video_capture/video_capture.egg-info to /home/jan/dev/Ros2PoCLedControl/ros2_home_auto/install/video_capture/lib/python3.10/site-packages/video_capture-0.0.0-py3.10.egg-info
[2.252s] running install_scripts
[2.270s] Installing video_publisher script to /home/jan/dev/Ros2PoCLedControl/ros2_home_auto/install/video_capture/lib/video_capture
[2.271s] Installing video_subscriber script to /home/jan/dev/Ros2PoCLedControl/ros2_home_auto/install/video_capture/lib/video_capture
[2.271s] writing list of installed files to '/home/jan/dev/Ros2PoCLedControl/ros2_home_auto/build/video_capture/install.log'
[2.294s] Invoked command in '/home/jan/dev/Ros2PoCLedControl/ros2_home_auto/src/video_capture' returned '0': PYTHONPATH=/home/jan/dev/Ros2PoCLedControl/ros2_home_auto/build/video_capture/prefix_override:/home/jan/dev/Ros2PoCLedControl/ros2_home_auto/install/video_capture/lib/python3.10/site-packages:${PYTHONPATH} /usr/bin/python3 setup.py egg_info --egg-base ../../build/video_capture build --build-base /home/jan/dev/Ros2PoCLedControl/ros2_home_auto/build/video_capture/build install --record /home/jan/dev/Ros2PoCLedControl/ros2_home_auto/build/video_capture/install.log --single-version-externally-managed
