[1.169s] Invoking command in '/home/jan/dev/Ros2PoCLedControl/ros2_home_auto/src/led_control': PYTHONPATH=/home/jan/dev/Ros2PoCLedControl/ros2_home_auto/build/led_control/prefix_override:/home/jan/dev/Ros2PoCLedControl/ros2_home_auto/install/led_control/lib/python3.10/site-packages:${PYTHONPATH} /usr/bin/python3 setup.py egg_info --egg-base ../../build/led_control build --build-base /home/jan/dev/Ros2PoCLedControl/ros2_home_auto/build/led_control/build install --record /home/jan/dev/Ros2PoCLedControl/ros2_home_auto/build/led_control/install.log --single-version-externally-managed
[1.396s] running egg_info
[1.396s] creating ../../build/led_control/led_control.egg-info
[1.397s] writing ../../build/led_control/led_control.egg-info/PKG-INFO
[1.397s] writing dependency_links to ../../build/led_control/led_control.egg-info/dependency_links.txt
[1.397s] writing entry points to ../../build/led_control/led_control.egg-info/entry_points.txt
[1.397s] writing requirements to ../../build/led_control/led_control.egg-info/requires.txt
[1.397s] writing top-level names to ../../build/led_control/led_control.egg-info/top_level.txt
[1.398s] writing manifest file '../../build/led_control/led_control.egg-info/SOURCES.txt'
[1.399s] reading manifest file '../../build/led_control/led_control.egg-info/SOURCES.txt'
[1.400s] adding license file 'LICENSE'
[1.401s] writing manifest file '../../build/led_control/led_control.egg-info/SOURCES.txt'
[1.401s] running build
[1.401s] running build_py
[1.401s] creating /home/jan/dev/Ros2PoCLedControl/ros2_home_auto/build/led_control/build
[1.401s] creating /home/jan/dev/Ros2PoCLedControl/ros2_home_auto/build/led_control/build/lib
[1.401s] creating /home/jan/dev/Ros2PoCLedControl/ros2_home_auto/build/led_control/build/lib/led_control
[1.401s] copying led_control/led_control_server.py -> /home/jan/dev/Ros2PoCLedControl/ros2_home_auto/build/led_control/build/lib/led_control
[1.402s] copying led_control/__init__.py -> /home/jan/dev/Ros2PoCLedControl/ros2_home_auto/build/led_control/build/lib/led_control
[1.402s] running install
[1.402s] /usr/lib/python3/dist-packages/setuptools/command/install.py:34: SetuptoolsDeprecationWarning: setup.py install is deprecated. Use build and pip and other standards-based tools.
[1.402s]   warnings.warn(
[1.402s] running install_lib
[1.403s] copying /home/jan/dev/Ros2PoCLedControl/ros2_home_auto/build/led_control/build/lib/led_control/led_control_server.py -> /home/jan/dev/Ros2PoCLedControl/ros2_home_auto/install/led_control/lib/python3.10/site-packages/led_control
[1.403s] copying /home/jan/dev/Ros2PoCLedControl/ros2_home_auto/build/led_control/build/lib/led_control/__init__.py -> /home/jan/dev/Ros2PoCLedControl/ros2_home_auto/install/led_control/lib/python3.10/site-packages/led_control
[1.403s] byte-compiling /home/jan/dev/Ros2PoCLedControl/ros2_home_auto/install/led_control/lib/python3.10/site-packages/led_control/led_control_server.py to led_control_server.cpython-310.pyc
[1.404s] byte-compiling /home/jan/dev/Ros2PoCLedControl/ros2_home_auto/install/led_control/lib/python3.10/site-packages/led_control/__init__.py to __init__.cpython-310.pyc
[1.404s] running install_data
[1.405s] running install_egg_info
[1.406s] Copying ../../build/led_control/led_control.egg-info to /home/jan/dev/Ros2PoCLedControl/ros2_home_auto/install/led_control/lib/python3.10/site-packages/led_control-0.0.0-py3.10.egg-info
[1.407s] running install_scripts
[1.426s] Installing led_control_server script to /home/jan/dev/Ros2PoCLedControl/ros2_home_auto/install/led_control/lib/led_control
[1.426s] writing list of installed files to '/home/jan/dev/Ros2PoCLedControl/ros2_home_auto/build/led_control/install.log'
[1.448s] Invoked command in '/home/jan/dev/Ros2PoCLedControl/ros2_home_auto/src/led_control' returned '0': PYTHONPATH=/home/jan/dev/Ros2PoCLedControl/ros2_home_auto/build/led_control/prefix_override:/home/jan/dev/Ros2PoCLedControl/ros2_home_auto/install/led_control/lib/python3.10/site-packages:${PYTHONPATH} /usr/bin/python3 setup.py egg_info --egg-base ../../build/led_control build --build-base /home/jan/dev/Ros2PoCLedControl/ros2_home_auto/build/led_control/build install --record /home/jan/dev/Ros2PoCLedControl/ros2_home_auto/build/led_control/install.log --single-version-externally-managed
