[0.231s] Invoking command in '/home/jan/dev/Ros2PoCLedControl/ros2_home_auto/build/custom_interfaces': CMAKE_PREFIX_PATH=${CMAKE_PREFIX_PATH}:/home/jan/dev/Ros2PoCLedControl/ros2_home_auto/install/video_capture:/home/jan/dev/Ros2PoCLedControl/ros2_home_auto/install/led_control:/opt/ros/humble /usr/bin/cmake /home/jan/dev/Ros2PoCLedControl/ros2_home_auto/src/custom_interfaces -DCMAKE_INSTALL_PREFIX=/home/jan/dev/Ros2PoCLedControl/ros2_home_auto/install/custom_interfaces
[0.581s] -- The C compiler identification is GNU 11.4.0
[0.581s] -- The CXX compiler identification is GNU 11.4.0
[0.581s] -- Detecting C compiler ABI info
[0.581s] -- Detecting C compiler ABI info - done
[0.581s] -- Check for working C compiler: /usr/bin/cc - skipped
[0.581s] -- Detecting C compile features
[0.581s] -- Detecting C compile features - done
[0.581s] -- Detecting CXX compiler ABI info
[0.581s] -- Detecting CXX compiler ABI info - done
[0.581s] -- Check for working CXX compiler: /usr/bin/c++ - skipped
[0.581s] -- Detecting CXX compile features
[0.581s] -- Detecting CXX compile features - done
[0.581s] -- Found ament_cmake: 1.3.8 (/opt/ros/humble/share/ament_cmake/cmake)
[0.628s] -- Found Python3: /usr/bin/python3 (found version "3.10.12") found components: Interpreter 
[0.714s] -- Found rosidl_default_generators: 1.2.0 (/opt/ros/humble/share/rosidl_default_generators/cmake)
[0.717s] -- Using all available rosidl_typesupport_c: rosidl_typesupport_fastrtps_c;rosidl_typesupport_introspection_c
[0.722s] -- Found rosidl_adapter: 3.1.5 (/opt/ros/humble/share/rosidl_adapter/cmake)
[0.761s] -- Using all available rosidl_typesupport_cpp: rosidl_typesupport_fastrtps_cpp;rosidl_typesupport_introspection_cpp
[1.148s] -- Found ament_cmake_ros: 0.10.0 (/opt/ros/humble/share/ament_cmake_ros/cmake)
[1.336s] -- Using all available rosidl_typesupport_c: rosidl_typesupport_fastrtps_c;rosidl_typesupport_introspection_c
[1.573s] -- Using all available rosidl_typesupport_cpp: rosidl_typesupport_fastrtps_cpp;rosidl_typesupport_introspection_cpp
[1.594s] -- Found PythonInterp: /usr/bin/python3 (found suitable version "3.10.12", minimum required is "3.6") 
[1.596s] -- Found python_cmake_module: 0.10.0 (/opt/ros/humble/share/python_cmake_module/cmake)
[1.630s] -- Found PythonLibs: /usr/lib/x86_64-linux-gnu/libpython3.10.so (found suitable version "3.10.12", minimum required is "3.5") 
[1.630s] -- Using PYTHON_EXECUTABLE: /usr/bin/python3
[1.630s] -- Using PYTHON_INCLUDE_DIRS: /usr/include/python3.10
[1.630s] -- Using PYTHON_LIBRARIES: /usr/lib/x86_64-linux-gnu/libpython3.10.so
[1.652s] -- Found PythonExtra: .so  
[1.694s] -- Found ament_lint_auto: 0.12.10 (/opt/ros/humble/share/ament_lint_auto/cmake)
[1.713s] -- Added test 'lint_cmake' to check CMake code style
[1.715s] -- Added test 'xmllint' to check XML markup files
[1.717s] -- Configuring done
[1.755s] -- Generating done
[1.759s] -- Build files have been written to: /home/jan/dev/Ros2PoCLedControl/ros2_home_auto/build/custom_interfaces
[1.766s] Invoked command in '/home/jan/dev/Ros2PoCLedControl/ros2_home_auto/build/custom_interfaces' returned '0': CMAKE_PREFIX_PATH=${CMAKE_PREFIX_PATH}:/home/jan/dev/Ros2PoCLedControl/ros2_home_auto/install/video_capture:/home/jan/dev/Ros2PoCLedControl/ros2_home_auto/install/led_control:/opt/ros/humble /usr/bin/cmake /home/jan/dev/Ros2PoCLedControl/ros2_home_auto/src/custom_interfaces -DCMAKE_INSTALL_PREFIX=/home/jan/dev/Ros2PoCLedControl/ros2_home_auto/install/custom_interfaces
[1.767s] Invoking command in '/home/jan/dev/Ros2PoCLedControl/ros2_home_auto/build/custom_interfaces': CMAKE_PREFIX_PATH=${CMAKE_PREFIX_PATH}:/home/jan/dev/Ros2PoCLedControl/ros2_home_auto/install/video_capture:/home/jan/dev/Ros2PoCLedControl/ros2_home_auto/install/led_control:/opt/ros/humble /usr/bin/cmake --build /home/jan/dev/Ros2PoCLedControl/ros2_home_auto/build/custom_interfaces -- -j12 -l12
[1.805s] [  1%] [34m[1mGenerating C code for ROS interfaces[0m
[1.814s] [  3%] [34m[1mGenerating C++ code for ROS interfaces[0m
[1.821s] [  3%] Built target ament_cmake_python_copy_custom_interfaces
[2.077s] running egg_info
[2.078s] creating custom_interfaces.egg-info
[2.078s] writing custom_interfaces.egg-info/PKG-INFO
[2.078s] writing dependency_links to custom_interfaces.egg-info/dependency_links.txt
[2.078s] writing top-level names to custom_interfaces.egg-info/top_level.txt
[2.079s] writing manifest file 'custom_interfaces.egg-info/SOURCES.txt'
[2.080s] reading manifest file 'custom_interfaces.egg-info/SOURCES.txt'
[2.081s] writing manifest file 'custom_interfaces.egg-info/SOURCES.txt'
[2.108s] [  3%] Built target ament_cmake_python_build_custom_interfaces_egg
[2.385s] [  3%] Built target custom_interfaces__cpp
[2.395s] [  5%] [34m[1mGenerating C++ type support dispatch for ROS interfaces[0m
[2.395s] [  7%] [34m[1mGenerating C++ type support for eProsima Fast-RTPS[0m
[2.395s] [  9%] [34m[1mGenerating C++ introspection for ROS interfaces[0m
[2.408s] [ 10%] [32mBuilding C object CMakeFiles/custom_interfaces__rosidl_generator_c.dir/rosidl_generator_c/custom_interfaces/msg/detail/color_array__functions.c.o[0m
[2.409s] [ 12%] [32mBuilding C object CMakeFiles/custom_interfaces__rosidl_generator_c.dir/rosidl_generator_c/custom_interfaces/msg/detail/color__functions.c.o[0m
[2.409s] [ 14%] [32mBuilding C object CMakeFiles/custom_interfaces__rosidl_generator_c.dir/rosidl_generator_c/custom_interfaces/srv/detail/set_colors__functions.c.o[0m
[2.410s] [ 16%] [32mBuilding C object CMakeFiles/custom_interfaces__rosidl_generator_c.dir/rosidl_generator_c/custom_interfaces/action/detail/set_color_action__functions.c.o[0m
[2.545s] [ 18%] [32m[1mLinking C shared library libcustom_interfaces__rosidl_generator_c.so[0m
[2.580s] [ 18%] Built target custom_interfaces__rosidl_generator_c
[2.590s] [ 21%] [34m[1mGenerating C type support for eProsima Fast-RTPS[0m
[2.590s] [ 21%] [34m[1mGenerating C introspection for ROS interfaces[0m
[2.590s] [ 23%] [34m[1mGenerating C type support dispatch for ROS interfaces[0m
[2.760s] [ 27%] [32mBuilding CXX object CMakeFiles/custom_interfaces__rosidl_typesupport_cpp.dir/rosidl_typesupport_cpp/custom_interfaces/msg/color_array__type_support.cpp.o[0m
[2.760s] [ 27%] [32mBuilding CXX object CMakeFiles/custom_interfaces__rosidl_typesupport_cpp.dir/rosidl_typesupport_cpp/custom_interfaces/msg/color__type_support.cpp.o[0m
[2.761s] [ 29%] [32mBuilding CXX object CMakeFiles/custom_interfaces__rosidl_typesupport_cpp.dir/rosidl_typesupport_cpp/custom_interfaces/action/set_color_action__type_support.cpp.o[0m
[2.762s] [ 30%] [32mBuilding CXX object CMakeFiles/custom_interfaces__rosidl_typesupport_cpp.dir/rosidl_typesupport_cpp/custom_interfaces/srv/set_colors__type_support.cpp.o[0m
[3.067s] [ 32%] [32mBuilding CXX object CMakeFiles/custom_interfaces__rosidl_typesupport_c.dir/rosidl_typesupport_c/custom_interfaces/srv/set_colors__type_support.cpp.o[0m
[3.067s] [ 34%] [32mBuilding CXX object CMakeFiles/custom_interfaces__rosidl_typesupport_c.dir/rosidl_typesupport_c/custom_interfaces/msg/color_array__type_support.cpp.o[0m
[3.077s] [ 38%] [32mBuilding CXX object CMakeFiles/custom_interfaces__rosidl_typesupport_c.dir/rosidl_typesupport_c/custom_interfaces/msg/color__type_support.cpp.o[0m
[3.077s] [ 38%] [32mBuilding CXX object CMakeFiles/custom_interfaces__rosidl_typesupport_c.dir/rosidl_typesupport_c/custom_interfaces/action/set_color_action__type_support.cpp.o[0m
[3.153s] [ 40%] [32mBuilding CXX object CMakeFiles/custom_interfaces__rosidl_typesupport_introspection_cpp.dir/rosidl_typesupport_introspection_cpp/custom_interfaces/msg/detail/color_array__type_support.cpp.o[0m
[3.154s] [ 41%] [32mBuilding CXX object CMakeFiles/custom_interfaces__rosidl_typesupport_introspection_cpp.dir/rosidl_typesupport_introspection_cpp/custom_interfaces/srv/detail/set_colors__type_support.cpp.o[0m
[3.155s] [ 43%] [32mBuilding CXX object CMakeFiles/custom_interfaces__rosidl_typesupport_introspection_cpp.dir/rosidl_typesupport_introspection_cpp/custom_interfaces/msg/detail/color__type_support.cpp.o[0m
[3.156s] [ 45%] [32m[1mLinking CXX shared library libcustom_interfaces__rosidl_typesupport_c.so[0m
[3.158s] [ 47%] [32mBuilding CXX object CMakeFiles/custom_interfaces__rosidl_typesupport_introspection_cpp.dir/rosidl_typesupport_introspection_cpp/custom_interfaces/action/detail/set_color_action__type_support.cpp.o[0m
[3.222s] [ 47%] Built target custom_interfaces__rosidl_typesupport_c
[3.256s] [ 49%] [32mBuilding C object CMakeFiles/custom_interfaces__rosidl_typesupport_introspection_c.dir/rosidl_typesupport_introspection_c/custom_interfaces/msg/detail/color__type_support.c.o[0m
[3.263s] [ 50%] [32mBuilding C object CMakeFiles/custom_interfaces__rosidl_typesupport_introspection_c.dir/rosidl_typesupport_introspection_c/custom_interfaces/msg/detail/color_array__type_support.c.o[0m
[3.264s] [ 52%] [32mBuilding C object CMakeFiles/custom_interfaces__rosidl_typesupport_introspection_c.dir/rosidl_typesupport_introspection_c/custom_interfaces/srv/detail/set_colors__type_support.c.o[0m
[3.274s] [ 54%] [32mBuilding C object CMakeFiles/custom_interfaces__rosidl_typesupport_introspection_c.dir/rosidl_typesupport_introspection_c/custom_interfaces/action/detail/set_color_action__type_support.c.o[0m
[3.286s] [ 56%] [32mBuilding CXX object CMakeFiles/custom_interfaces__rosidl_typesupport_fastrtps_c.dir/rosidl_typesupport_fastrtps_c/custom_interfaces/msg/detail/color__type_support_c.cpp.o[0m
[3.317s] [ 58%] [32mBuilding CXX object CMakeFiles/custom_interfaces__rosidl_typesupport_fastrtps_c.dir/rosidl_typesupport_fastrtps_c/custom_interfaces/msg/detail/color_array__type_support_c.cpp.o[0m
[3.328s] [ 60%] [32mBuilding CXX object CMakeFiles/custom_interfaces__rosidl_typesupport_fastrtps_c.dir/rosidl_typesupport_fastrtps_c/custom_interfaces/srv/detail/set_colors__type_support_c.cpp.o[0m
[3.341s] [ 61%] [32mBuilding CXX object CMakeFiles/custom_interfaces__rosidl_typesupport_fastrtps_c.dir/rosidl_typesupport_fastrtps_c/custom_interfaces/action/detail/set_color_action__type_support_c.cpp.o[0m
[3.359s] [ 63%] [32mBuilding CXX object CMakeFiles/custom_interfaces__rosidl_typesupport_fastrtps_cpp.dir/rosidl_typesupport_fastrtps_cpp/custom_interfaces/msg/detail/dds_fastrtps/color__type_support.cpp.o[0m
[3.401s] [ 65%] [32mBuilding CXX object CMakeFiles/custom_interfaces__rosidl_typesupport_fastrtps_cpp.dir/rosidl_typesupport_fastrtps_cpp/custom_interfaces/msg/detail/dds_fastrtps/color_array__type_support.cpp.o[0m
[3.426s] [ 67%] [32m[1mLinking C shared library libcustom_interfaces__rosidl_typesupport_introspection_c.so[0m
[3.437s] [ 69%] [32m[1mLinking CXX shared library libcustom_interfaces__rosidl_typesupport_cpp.so[0m
[3.577s] [ 69%] Built target custom_interfaces__rosidl_typesupport_introspection_c
[3.623s] [ 69%] Built target custom_interfaces__rosidl_typesupport_cpp
[3.625s] [ 70%] [32mBuilding CXX object CMakeFiles/custom_interfaces__rosidl_typesupport_fastrtps_cpp.dir/rosidl_typesupport_fastrtps_cpp/custom_interfaces/srv/detail/dds_fastrtps/set_colors__type_support.cpp.o[0m
[3.670s] [ 72%] [32mBuilding CXX object CMakeFiles/custom_interfaces__rosidl_typesupport_fastrtps_cpp.dir/rosidl_typesupport_fastrtps_cpp/custom_interfaces/action/detail/dds_fastrtps/set_color_action__type_support.cpp.o[0m
[4.062s] [ 74%] [32m[1mLinking CXX shared library libcustom_interfaces__rosidl_typesupport_fastrtps_c.so[0m
[4.150s] [ 74%] Built target custom_interfaces__rosidl_typesupport_fastrtps_c
[4.207s] [ 76%] [32m[1mLinking CXX shared library libcustom_interfaces__rosidl_typesupport_introspection_cpp.so[0m
[4.292s] [ 76%] Built target custom_interfaces__rosidl_typesupport_introspection_cpp
[4.589s] [ 78%] [32m[1mLinking CXX shared library libcustom_interfaces__rosidl_typesupport_fastrtps_cpp.so[0m
[4.666s] [ 78%] Built target custom_interfaces__rosidl_typesupport_fastrtps_cpp
[4.685s] [ 78%] Built target custom_interfaces
[4.706s] [ 80%] [34m[1mGenerating Python code for ROS interfaces[0m
[5.686s] [ 80%] Built target custom_interfaces__py
[5.706s] [ 83%] [32mBuilding C object CMakeFiles/custom_interfaces__rosidl_generator_py.dir/rosidl_generator_py/custom_interfaces/msg/_color_s.c.o[0m
[5.706s] [ 83%] [32mBuilding C object CMakeFiles/custom_interfaces__rosidl_generator_py.dir/rosidl_generator_py/custom_interfaces/action/_set_color_action_s.c.o[0m
[5.706s] [ 85%] [32mBuilding C object CMakeFiles/custom_interfaces__rosidl_generator_py.dir/rosidl_generator_py/custom_interfaces/srv/_set_colors_s.c.o[0m
[5.707s] [ 87%] [32mBuilding C object CMakeFiles/custom_interfaces__rosidl_generator_py.dir/rosidl_generator_py/custom_interfaces/msg/_color_array_s.c.o[0m
[5.856s] [ 89%] [32m[1mLinking C shared library rosidl_generator_py/custom_interfaces/libcustom_interfaces__rosidl_generator_py.so[0m
[5.893s] [ 89%] Built target custom_interfaces__rosidl_generator_py
[5.911s] [ 94%] [32mBuilding C object CMakeFiles/custom_interfaces__rosidl_typesupport_c__pyext.dir/rosidl_generator_py/custom_interfaces/_custom_interfaces_s.ep.rosidl_typesupport_c.c.o[0m
[5.912s] [ 94%] [32mBuilding C object CMakeFiles/custom_interfaces__rosidl_typesupport_introspection_c__pyext.dir/rosidl_generator_py/custom_interfaces/_custom_interfaces_s.ep.rosidl_typesupport_introspection_c.c.o[0m
[5.912s] [ 94%] [32mBuilding C object CMakeFiles/custom_interfaces__rosidl_typesupport_fastrtps_c__pyext.dir/rosidl_generator_py/custom_interfaces/_custom_interfaces_s.ep.rosidl_typesupport_fastrtps_c.c.o[0m
[6.033s] [ 96%] [32m[1mLinking C shared library rosidl_generator_py/custom_interfaces/custom_interfaces_s__rosidl_typesupport_c.cpython-310-x86_64-linux-gnu.so[0m
[6.034s] [ 98%] [32m[1mLinking C shared library rosidl_generator_py/custom_interfaces/custom_interfaces_s__rosidl_typesupport_introspection_c.cpython-310-x86_64-linux-gnu.so[0m
[6.046s] [100%] [32m[1mLinking C shared library rosidl_generator_py/custom_interfaces/custom_interfaces_s__rosidl_typesupport_fastrtps_c.cpython-310-x86_64-linux-gnu.so[0m
[6.074s] [100%] Built target custom_interfaces__rosidl_typesupport_c__pyext
[6.074s] [100%] Built target custom_interfaces__rosidl_typesupport_introspection_c__pyext
[6.087s] [100%] Built target custom_interfaces__rosidl_typesupport_fastrtps_c__pyext
[6.097s] Invoked command in '/home/jan/dev/Ros2PoCLedControl/ros2_home_auto/build/custom_interfaces' returned '0': CMAKE_PREFIX_PATH=${CMAKE_PREFIX_PATH}:/home/jan/dev/Ros2PoCLedControl/ros2_home_auto/install/video_capture:/home/jan/dev/Ros2PoCLedControl/ros2_home_auto/install/led_control:/opt/ros/humble /usr/bin/cmake --build /home/jan/dev/Ros2PoCLedControl/ros2_home_auto/build/custom_interfaces -- -j12 -l12
[6.197s] Invoking command in '/home/jan/dev/Ros2PoCLedControl/ros2_home_auto/build/custom_interfaces': CMAKE_PREFIX_PATH=${CMAKE_PREFIX_PATH}:/home/jan/dev/Ros2PoCLedControl/ros2_home_auto/install/video_capture:/home/jan/dev/Ros2PoCLedControl/ros2_home_auto/install/led_control:/opt/ros/humble /usr/bin/cmake --install /home/jan/dev/Ros2PoCLedControl/ros2_home_auto/build/custom_interfaces
[6.204s] -- Install configuration: ""
[6.204s] -- Installing: /home/jan/dev/Ros2PoCLedControl/ros2_home_auto/install/custom_interfaces/share/ament_index/resource_index/rosidl_interfaces/custom_interfaces
[6.204s] -- Up-to-date: /home/jan/dev/Ros2PoCLedControl/ros2_home_auto/install/custom_interfaces/include/custom_interfaces/custom_interfaces
[6.204s] -- Up-to-date: /home/jan/dev/Ros2PoCLedControl/ros2_home_auto/install/custom_interfaces/include/custom_interfaces/custom_interfaces/msg
[6.204s] -- Installing: /home/jan/dev/Ros2PoCLedControl/ros2_home_auto/install/custom_interfaces/include/custom_interfaces/custom_interfaces/msg/color_array.h
[6.205s] -- Up-to-date: /home/jan/dev/Ros2PoCLedControl/ros2_home_auto/install/custom_interfaces/include/custom_interfaces/custom_interfaces/msg/detail
[6.205s] -- Installing: /home/jan/dev/Ros2PoCLedControl/ros2_home_auto/install/custom_interfaces/include/custom_interfaces/custom_interfaces/msg/detail/color_array__type_support.h
[6.205s] -- Installing: /home/jan/dev/Ros2PoCLedControl/ros2_home_auto/install/custom_interfaces/include/custom_interfaces/custom_interfaces/msg/detail/color__type_support.h
[6.205s] -- Installing: /home/jan/dev/Ros2PoCLedControl/ros2_home_auto/install/custom_interfaces/include/custom_interfaces/custom_interfaces/msg/detail/color_array__functions.h
[6.205s] -- Installing: /home/jan/dev/Ros2PoCLedControl/ros2_home_auto/install/custom_interfaces/include/custom_interfaces/custom_interfaces/msg/detail/color_array__functions.c
[6.205s] -- Installing: /home/jan/dev/Ros2PoCLedControl/ros2_home_auto/install/custom_interfaces/include/custom_interfaces/custom_interfaces/msg/detail/color__functions.c
[6.205s] -- Installing: /home/jan/dev/Ros2PoCLedControl/ros2_home_auto/install/custom_interfaces/include/custom_interfaces/custom_interfaces/msg/detail/color__struct.h
[6.205s] -- Installing: /home/jan/dev/Ros2PoCLedControl/ros2_home_auto/install/custom_interfaces/include/custom_interfaces/custom_interfaces/msg/detail/color_array__struct.h
[6.206s] -- Installing: /home/jan/dev/Ros2PoCLedControl/ros2_home_auto/install/custom_interfaces/include/custom_interfaces/custom_interfaces/msg/detail/color__functions.h
[6.206s] -- Installing: /home/jan/dev/Ros2PoCLedControl/ros2_home_auto/install/custom_interfaces/include/custom_interfaces/custom_interfaces/msg/color.h
[6.206s] -- Installing: /home/jan/dev/Ros2PoCLedControl/ros2_home_auto/install/custom_interfaces/include/custom_interfaces/custom_interfaces/msg/rosidl_generator_c__visibility_control.h
[6.206s] -- Up-to-date: /home/jan/dev/Ros2PoCLedControl/ros2_home_auto/install/custom_interfaces/include/custom_interfaces/custom_interfaces/action
[6.206s] -- Up-to-date: /home/jan/dev/Ros2PoCLedControl/ros2_home_auto/install/custom_interfaces/include/custom_interfaces/custom_interfaces/action/detail
[6.206s] -- Installing: /home/jan/dev/Ros2PoCLedControl/ros2_home_auto/install/custom_interfaces/include/custom_interfaces/custom_interfaces/action/detail/set_color_action__type_support.h
[6.206s] -- Installing: /home/jan/dev/Ros2PoCLedControl/ros2_home_auto/install/custom_interfaces/include/custom_interfaces/custom_interfaces/action/detail/set_color_action__functions.c
[6.207s] -- Installing: /home/jan/dev/Ros2PoCLedControl/ros2_home_auto/install/custom_interfaces/include/custom_interfaces/custom_interfaces/action/detail/set_color_action__functions.h
[6.207s] -- Installing: /home/jan/dev/Ros2PoCLedControl/ros2_home_auto/install/custom_interfaces/include/custom_interfaces/custom_interfaces/action/detail/set_color_action__struct.h
[6.207s] -- Installing: /home/jan/dev/Ros2PoCLedControl/ros2_home_auto/install/custom_interfaces/include/custom_interfaces/custom_interfaces/action/set_color_action.h
[6.207s] -- Up-to-date: /home/jan/dev/Ros2PoCLedControl/ros2_home_auto/install/custom_interfaces/include/custom_interfaces/custom_interfaces/srv
[6.207s] -- Installing: /home/jan/dev/Ros2PoCLedControl/ros2_home_auto/install/custom_interfaces/include/custom_interfaces/custom_interfaces/srv/set_colors.h
[6.207s] -- Up-to-date: /home/jan/dev/Ros2PoCLedControl/ros2_home_auto/install/custom_interfaces/include/custom_interfaces/custom_interfaces/srv/detail
[6.207s] -- Installing: /home/jan/dev/Ros2PoCLedControl/ros2_home_auto/install/custom_interfaces/include/custom_interfaces/custom_interfaces/srv/detail/set_colors__type_support.h
[6.207s] -- Installing: /home/jan/dev/Ros2PoCLedControl/ros2_home_auto/install/custom_interfaces/include/custom_interfaces/custom_interfaces/srv/detail/set_colors__functions.h
[6.208s] -- Installing: /home/jan/dev/Ros2PoCLedControl/ros2_home_auto/install/custom_interfaces/include/custom_interfaces/custom_interfaces/srv/detail/set_colors__struct.h
[6.208s] -- Installing: /home/jan/dev/Ros2PoCLedControl/ros2_home_auto/install/custom_interfaces/include/custom_interfaces/custom_interfaces/srv/detail/set_colors__functions.c
[6.208s] -- Up-to-date: /home/jan/dev/Ros2PoCLedControl/ros2_home_auto/install/custom_interfaces/share/custom_interfaces/environment/library_path.sh
[6.208s] -- Installing: /home/jan/dev/Ros2PoCLedControl/ros2_home_auto/install/custom_interfaces/share/custom_interfaces/environment/library_path.dsv
[6.208s] -- Installing: /home/jan/dev/Ros2PoCLedControl/ros2_home_auto/install/custom_interfaces/lib/libcustom_interfaces__rosidl_generator_c.so
[6.209s] -- Set runtime path of "/home/jan/dev/Ros2PoCLedControl/ros2_home_auto/install/custom_interfaces/lib/libcustom_interfaces__rosidl_generator_c.so" to ""
[6.209s] -- Up-to-date: /home/jan/dev/Ros2PoCLedControl/ros2_home_auto/install/custom_interfaces/include/custom_interfaces/custom_interfaces
[6.209s] -- Up-to-date: /home/jan/dev/Ros2PoCLedControl/ros2_home_auto/install/custom_interfaces/include/custom_interfaces/custom_interfaces/msg
[6.209s] -- Up-to-date: /home/jan/dev/Ros2PoCLedControl/ros2_home_auto/install/custom_interfaces/include/custom_interfaces/custom_interfaces/msg/detail
[6.209s] -- Installing: /home/jan/dev/Ros2PoCLedControl/ros2_home_auto/install/custom_interfaces/include/custom_interfaces/custom_interfaces/msg/detail/color_array__rosidl_typesupport_fastrtps_c.h
[6.209s] -- Installing: /home/jan/dev/Ros2PoCLedControl/ros2_home_auto/install/custom_interfaces/include/custom_interfaces/custom_interfaces/msg/detail/color__rosidl_typesupport_fastrtps_c.h
[6.209s] -- Installing: /home/jan/dev/Ros2PoCLedControl/ros2_home_auto/install/custom_interfaces/include/custom_interfaces/custom_interfaces/msg/rosidl_typesupport_fastrtps_c__visibility_control.h
[6.210s] -- Up-to-date: /home/jan/dev/Ros2PoCLedControl/ros2_home_auto/install/custom_interfaces/include/custom_interfaces/custom_interfaces/action
[6.210s] -- Up-to-date: /home/jan/dev/Ros2PoCLedControl/ros2_home_auto/install/custom_interfaces/include/custom_interfaces/custom_interfaces/action/detail
[6.210s] -- Installing: /home/jan/dev/Ros2PoCLedControl/ros2_home_auto/install/custom_interfaces/include/custom_interfaces/custom_interfaces/action/detail/set_color_action__rosidl_typesupport_fastrtps_c.h
[6.210s] -- Up-to-date: /home/jan/dev/Ros2PoCLedControl/ros2_home_auto/install/custom_interfaces/include/custom_interfaces/custom_interfaces/srv
[6.210s] -- Up-to-date: /home/jan/dev/Ros2PoCLedControl/ros2_home_auto/install/custom_interfaces/include/custom_interfaces/custom_interfaces/srv/detail
[6.210s] -- Installing: /home/jan/dev/Ros2PoCLedControl/ros2_home_auto/install/custom_interfaces/include/custom_interfaces/custom_interfaces/srv/detail/set_colors__rosidl_typesupport_fastrtps_c.h
[6.210s] -- Installing: /home/jan/dev/Ros2PoCLedControl/ros2_home_auto/install/custom_interfaces/lib/libcustom_interfaces__rosidl_typesupport_fastrtps_c.so
[6.211s] -- Set runtime path of "/home/jan/dev/Ros2PoCLedControl/ros2_home_auto/install/custom_interfaces/lib/libcustom_interfaces__rosidl_typesupport_fastrtps_c.so" to ""
[6.211s] -- Up-to-date: /home/jan/dev/Ros2PoCLedControl/ros2_home_auto/install/custom_interfaces/include/custom_interfaces/custom_interfaces
[6.211s] -- Up-to-date: /home/jan/dev/Ros2PoCLedControl/ros2_home_auto/install/custom_interfaces/include/custom_interfaces/custom_interfaces/msg
[6.211s] -- Installing: /home/jan/dev/Ros2PoCLedControl/ros2_home_auto/install/custom_interfaces/include/custom_interfaces/custom_interfaces/msg/rosidl_typesupport_introspection_c__visibility_control.h
[6.211s] -- Up-to-date: /home/jan/dev/Ros2PoCLedControl/ros2_home_auto/install/custom_interfaces/include/custom_interfaces/custom_interfaces/msg/detail
[6.211s] -- Installing: /home/jan/dev/Ros2PoCLedControl/ros2_home_auto/install/custom_interfaces/include/custom_interfaces/custom_interfaces/msg/detail/color__rosidl_typesupport_introspection_c.h
[6.211s] -- Installing: /home/jan/dev/Ros2PoCLedControl/ros2_home_auto/install/custom_interfaces/include/custom_interfaces/custom_interfaces/msg/detail/color_array__rosidl_typesupport_introspection_c.h
[6.211s] -- Installing: /home/jan/dev/Ros2PoCLedControl/ros2_home_auto/install/custom_interfaces/include/custom_interfaces/custom_interfaces/msg/detail/color__type_support.c
[6.212s] -- Installing: /home/jan/dev/Ros2PoCLedControl/ros2_home_auto/install/custom_interfaces/include/custom_interfaces/custom_interfaces/msg/detail/color_array__type_support.c
[6.212s] -- Up-to-date: /home/jan/dev/Ros2PoCLedControl/ros2_home_auto/install/custom_interfaces/include/custom_interfaces/custom_interfaces/action
[6.212s] -- Up-to-date: /home/jan/dev/Ros2PoCLedControl/ros2_home_auto/install/custom_interfaces/include/custom_interfaces/custom_interfaces/action/detail
[6.212s] -- Installing: /home/jan/dev/Ros2PoCLedControl/ros2_home_auto/install/custom_interfaces/include/custom_interfaces/custom_interfaces/action/detail/set_color_action__type_support.c
[6.212s] -- Installing: /home/jan/dev/Ros2PoCLedControl/ros2_home_auto/install/custom_interfaces/include/custom_interfaces/custom_interfaces/action/detail/set_color_action__rosidl_typesupport_introspection_c.h
[6.212s] -- Up-to-date: /home/jan/dev/Ros2PoCLedControl/ros2_home_auto/install/custom_interfaces/include/custom_interfaces/custom_interfaces/srv
[6.212s] -- Up-to-date: /home/jan/dev/Ros2PoCLedControl/ros2_home_auto/install/custom_interfaces/include/custom_interfaces/custom_interfaces/srv/detail
[6.212s] -- Installing: /home/jan/dev/Ros2PoCLedControl/ros2_home_auto/install/custom_interfaces/include/custom_interfaces/custom_interfaces/srv/detail/set_colors__type_support.c
[6.212s] -- Installing: /home/jan/dev/Ros2PoCLedControl/ros2_home_auto/install/custom_interfaces/include/custom_interfaces/custom_interfaces/srv/detail/set_colors__rosidl_typesupport_introspection_c.h
[6.213s] -- Installing: /home/jan/dev/Ros2PoCLedControl/ros2_home_auto/install/custom_interfaces/lib/libcustom_interfaces__rosidl_typesupport_introspection_c.so
[6.213s] -- Set runtime path of "/home/jan/dev/Ros2PoCLedControl/ros2_home_auto/install/custom_interfaces/lib/libcustom_interfaces__rosidl_typesupport_introspection_c.so" to ""
[6.213s] -- Installing: /home/jan/dev/Ros2PoCLedControl/ros2_home_auto/install/custom_interfaces/lib/libcustom_interfaces__rosidl_typesupport_c.so
[6.214s] -- Set runtime path of "/home/jan/dev/Ros2PoCLedControl/ros2_home_auto/install/custom_interfaces/lib/libcustom_interfaces__rosidl_typesupport_c.so" to ""
[6.214s] -- Up-to-date: /home/jan/dev/Ros2PoCLedControl/ros2_home_auto/install/custom_interfaces/include/custom_interfaces/custom_interfaces
[6.214s] -- Up-to-date: /home/jan/dev/Ros2PoCLedControl/ros2_home_auto/install/custom_interfaces/include/custom_interfaces/custom_interfaces/msg
[6.214s] -- Installing: /home/jan/dev/Ros2PoCLedControl/ros2_home_auto/install/custom_interfaces/include/custom_interfaces/custom_interfaces/msg/color.hpp
[6.214s] -- Up-to-date: /home/jan/dev/Ros2PoCLedControl/ros2_home_auto/install/custom_interfaces/include/custom_interfaces/custom_interfaces/msg/detail
[6.214s] -- Installing: /home/jan/dev/Ros2PoCLedControl/ros2_home_auto/install/custom_interfaces/include/custom_interfaces/custom_interfaces/msg/detail/color_array__traits.hpp
[6.214s] -- Installing: /home/jan/dev/Ros2PoCLedControl/ros2_home_auto/install/custom_interfaces/include/custom_interfaces/custom_interfaces/msg/detail/color_array__builder.hpp
[6.214s] -- Installing: /home/jan/dev/Ros2PoCLedControl/ros2_home_auto/install/custom_interfaces/include/custom_interfaces/custom_interfaces/msg/detail/color__traits.hpp
[6.215s] -- Installing: /home/jan/dev/Ros2PoCLedControl/ros2_home_auto/install/custom_interfaces/include/custom_interfaces/custom_interfaces/msg/detail/color__struct.hpp
[6.215s] -- Installing: /home/jan/dev/Ros2PoCLedControl/ros2_home_auto/install/custom_interfaces/include/custom_interfaces/custom_interfaces/msg/detail/color__builder.hpp
[6.215s] -- Installing: /home/jan/dev/Ros2PoCLedControl/ros2_home_auto/install/custom_interfaces/include/custom_interfaces/custom_interfaces/msg/detail/color_array__struct.hpp
[6.215s] -- Installing: /home/jan/dev/Ros2PoCLedControl/ros2_home_auto/install/custom_interfaces/include/custom_interfaces/custom_interfaces/msg/color_array.hpp
[6.215s] -- Up-to-date: /home/jan/dev/Ros2PoCLedControl/ros2_home_auto/install/custom_interfaces/include/custom_interfaces/custom_interfaces/action
[6.215s] -- Installing: /home/jan/dev/Ros2PoCLedControl/ros2_home_auto/install/custom_interfaces/include/custom_interfaces/custom_interfaces/action/set_color_action.hpp
[6.216s] -- Up-to-date: /home/jan/dev/Ros2PoCLedControl/ros2_home_auto/install/custom_interfaces/include/custom_interfaces/custom_interfaces/action/detail
[6.216s] -- Installing: /home/jan/dev/Ros2PoCLedControl/ros2_home_auto/install/custom_interfaces/include/custom_interfaces/custom_interfaces/action/detail/set_color_action__struct.hpp
[6.216s] -- Installing: /home/jan/dev/Ros2PoCLedControl/ros2_home_auto/install/custom_interfaces/include/custom_interfaces/custom_interfaces/action/detail/set_color_action__builder.hpp
[6.216s] -- Installing: /home/jan/dev/Ros2PoCLedControl/ros2_home_auto/install/custom_interfaces/include/custom_interfaces/custom_interfaces/action/detail/set_color_action__traits.hpp
[6.216s] -- Up-to-date: /home/jan/dev/Ros2PoCLedControl/ros2_home_auto/install/custom_interfaces/include/custom_interfaces/custom_interfaces/srv
[6.216s] -- Up-to-date: /home/jan/dev/Ros2PoCLedControl/ros2_home_auto/install/custom_interfaces/include/custom_interfaces/custom_interfaces/srv/detail
[6.216s] -- Installing: /home/jan/dev/Ros2PoCLedControl/ros2_home_auto/install/custom_interfaces/include/custom_interfaces/custom_interfaces/srv/detail/set_colors__struct.hpp
[6.216s] -- Installing: /home/jan/dev/Ros2PoCLedControl/ros2_home_auto/install/custom_interfaces/include/custom_interfaces/custom_interfaces/srv/detail/set_colors__traits.hpp
[6.216s] -- Installing: /home/jan/dev/Ros2PoCLedControl/ros2_home_auto/install/custom_interfaces/include/custom_interfaces/custom_interfaces/srv/detail/set_colors__builder.hpp
[6.217s] -- Installing: /home/jan/dev/Ros2PoCLedControl/ros2_home_auto/install/custom_interfaces/include/custom_interfaces/custom_interfaces/srv/set_colors.hpp
[6.217s] -- Up-to-date: /home/jan/dev/Ros2PoCLedControl/ros2_home_auto/install/custom_interfaces/include/custom_interfaces/custom_interfaces
[6.217s] -- Up-to-date: /home/jan/dev/Ros2PoCLedControl/ros2_home_auto/install/custom_interfaces/include/custom_interfaces/custom_interfaces/msg
[6.217s] -- Installing: /home/jan/dev/Ros2PoCLedControl/ros2_home_auto/install/custom_interfaces/include/custom_interfaces/custom_interfaces/msg/rosidl_typesupport_fastrtps_cpp__visibility_control.h
[6.217s] -- Up-to-date: /home/jan/dev/Ros2PoCLedControl/ros2_home_auto/install/custom_interfaces/include/custom_interfaces/custom_interfaces/msg/detail
[6.217s] -- Installing: /home/jan/dev/Ros2PoCLedControl/ros2_home_auto/install/custom_interfaces/include/custom_interfaces/custom_interfaces/msg/detail/color_array__rosidl_typesupport_fastrtps_cpp.hpp
[6.217s] -- Installing: /home/jan/dev/Ros2PoCLedControl/ros2_home_auto/install/custom_interfaces/include/custom_interfaces/custom_interfaces/msg/detail/color__rosidl_typesupport_fastrtps_cpp.hpp
[6.217s] -- Up-to-date: /home/jan/dev/Ros2PoCLedControl/ros2_home_auto/install/custom_interfaces/include/custom_interfaces/custom_interfaces/msg/detail/dds_fastrtps
[6.218s] -- Up-to-date: /home/jan/dev/Ros2PoCLedControl/ros2_home_auto/install/custom_interfaces/include/custom_interfaces/custom_interfaces/action
[6.218s] -- Up-to-date: /home/jan/dev/Ros2PoCLedControl/ros2_home_auto/install/custom_interfaces/include/custom_interfaces/custom_interfaces/action/detail
[6.218s] -- Installing: /home/jan/dev/Ros2PoCLedControl/ros2_home_auto/install/custom_interfaces/include/custom_interfaces/custom_interfaces/action/detail/set_color_action__rosidl_typesupport_fastrtps_cpp.hpp
[6.218s] -- Up-to-date: /home/jan/dev/Ros2PoCLedControl/ros2_home_auto/install/custom_interfaces/include/custom_interfaces/custom_interfaces/action/detail/dds_fastrtps
[6.218s] -- Up-to-date: /home/jan/dev/Ros2PoCLedControl/ros2_home_auto/install/custom_interfaces/include/custom_interfaces/custom_interfaces/srv
[6.218s] -- Up-to-date: /home/jan/dev/Ros2PoCLedControl/ros2_home_auto/install/custom_interfaces/include/custom_interfaces/custom_interfaces/srv/detail
[6.218s] -- Installing: /home/jan/dev/Ros2PoCLedControl/ros2_home_auto/install/custom_interfaces/include/custom_interfaces/custom_interfaces/srv/detail/set_colors__rosidl_typesupport_fastrtps_cpp.hpp
[6.218s] -- Up-to-date: /home/jan/dev/Ros2PoCLedControl/ros2_home_auto/install/custom_interfaces/include/custom_interfaces/custom_interfaces/srv/detail/dds_fastrtps
[6.218s] -- Installing: /home/jan/dev/Ros2PoCLedControl/ros2_home_auto/install/custom_interfaces/lib/libcustom_interfaces__rosidl_typesupport_fastrtps_cpp.so
[6.219s] -- Set runtime path of "/home/jan/dev/Ros2PoCLedControl/ros2_home_auto/install/custom_interfaces/lib/libcustom_interfaces__rosidl_typesupport_fastrtps_cpp.so" to ""
[6.219s] -- Up-to-date: /home/jan/dev/Ros2PoCLedControl/ros2_home_auto/install/custom_interfaces/include/custom_interfaces/custom_interfaces
[6.219s] -- Up-to-date: /home/jan/dev/Ros2PoCLedControl/ros2_home_auto/install/custom_interfaces/include/custom_interfaces/custom_interfaces/msg
[6.219s] -- Up-to-date: /home/jan/dev/Ros2PoCLedControl/ros2_home_auto/install/custom_interfaces/include/custom_interfaces/custom_interfaces/msg/detail
[6.219s] -- Installing: /home/jan/dev/Ros2PoCLedControl/ros2_home_auto/install/custom_interfaces/include/custom_interfaces/custom_interfaces/msg/detail/color_array__rosidl_typesupport_introspection_cpp.hpp
[6.219s] -- Installing: /home/jan/dev/Ros2PoCLedControl/ros2_home_auto/install/custom_interfaces/include/custom_interfaces/custom_interfaces/msg/detail/color_array__type_support.cpp
[6.219s] -- Installing: /home/jan/dev/Ros2PoCLedControl/ros2_home_auto/install/custom_interfaces/include/custom_interfaces/custom_interfaces/msg/detail/color__rosidl_typesupport_introspection_cpp.hpp
[6.220s] -- Installing: /home/jan/dev/Ros2PoCLedControl/ros2_home_auto/install/custom_interfaces/include/custom_interfaces/custom_interfaces/msg/detail/color__type_support.cpp
[6.220s] -- Up-to-date: /home/jan/dev/Ros2PoCLedControl/ros2_home_auto/install/custom_interfaces/include/custom_interfaces/custom_interfaces/action
[6.220s] -- Up-to-date: /home/jan/dev/Ros2PoCLedControl/ros2_home_auto/install/custom_interfaces/include/custom_interfaces/custom_interfaces/action/detail
[6.220s] -- Installing: /home/jan/dev/Ros2PoCLedControl/ros2_home_auto/install/custom_interfaces/include/custom_interfaces/custom_interfaces/action/detail/set_color_action__rosidl_typesupport_introspection_cpp.hpp
[6.220s] -- Installing: /home/jan/dev/Ros2PoCLedControl/ros2_home_auto/install/custom_interfaces/include/custom_interfaces/custom_interfaces/action/detail/set_color_action__type_support.cpp
[6.220s] -- Up-to-date: /home/jan/dev/Ros2PoCLedControl/ros2_home_auto/install/custom_interfaces/include/custom_interfaces/custom_interfaces/srv
[6.220s] -- Up-to-date: /home/jan/dev/Ros2PoCLedControl/ros2_home_auto/install/custom_interfaces/include/custom_interfaces/custom_interfaces/srv/detail
[6.220s] -- Installing: /home/jan/dev/Ros2PoCLedControl/ros2_home_auto/install/custom_interfaces/include/custom_interfaces/custom_interfaces/srv/detail/set_colors__rosidl_typesupport_introspection_cpp.hpp
[6.220s] -- Installing: /home/jan/dev/Ros2PoCLedControl/ros2_home_auto/install/custom_interfaces/include/custom_interfaces/custom_interfaces/srv/detail/set_colors__type_support.cpp
[6.221s] -- Installing: /home/jan/dev/Ros2PoCLedControl/ros2_home_auto/install/custom_interfaces/lib/libcustom_interfaces__rosidl_typesupport_introspection_cpp.so
[6.221s] -- Set runtime path of "/home/jan/dev/Ros2PoCLedControl/ros2_home_auto/install/custom_interfaces/lib/libcustom_interfaces__rosidl_typesupport_introspection_cpp.so" to ""
[6.221s] -- Installing: /home/jan/dev/Ros2PoCLedControl/ros2_home_auto/install/custom_interfaces/lib/libcustom_interfaces__rosidl_typesupport_cpp.so
[6.222s] -- Set runtime path of "/home/jan/dev/Ros2PoCLedControl/ros2_home_auto/install/custom_interfaces/lib/libcustom_interfaces__rosidl_typesupport_cpp.so" to ""
[6.222s] -- Installing: /home/jan/dev/Ros2PoCLedControl/ros2_home_auto/install/custom_interfaces/share/custom_interfaces/environment/pythonpath.sh
[6.222s] -- Installing: /home/jan/dev/Ros2PoCLedControl/ros2_home_auto/install/custom_interfaces/share/custom_interfaces/environment/pythonpath.dsv
[6.222s] -- Up-to-date: /home/jan/dev/Ros2PoCLedControl/ros2_home_auto/install/custom_interfaces/local/lib/python3.10/dist-packages/custom_interfaces-0.0.0-py3.10.egg-info
[6.222s] -- Installing: /home/jan/dev/Ros2PoCLedControl/ros2_home_auto/install/custom_interfaces/local/lib/python3.10/dist-packages/custom_interfaces-0.0.0-py3.10.egg-info/PKG-INFO
[6.222s] -- Installing: /home/jan/dev/Ros2PoCLedControl/ros2_home_auto/install/custom_interfaces/local/lib/python3.10/dist-packages/custom_interfaces-0.0.0-py3.10.egg-info/SOURCES.txt
[6.222s] -- Installing: /home/jan/dev/Ros2PoCLedControl/ros2_home_auto/install/custom_interfaces/local/lib/python3.10/dist-packages/custom_interfaces-0.0.0-py3.10.egg-info/top_level.txt
[6.222s] -- Installing: /home/jan/dev/Ros2PoCLedControl/ros2_home_auto/install/custom_interfaces/local/lib/python3.10/dist-packages/custom_interfaces-0.0.0-py3.10.egg-info/dependency_links.txt
[6.223s] -- Up-to-date: /home/jan/dev/Ros2PoCLedControl/ros2_home_auto/install/custom_interfaces/local/lib/python3.10/dist-packages/custom_interfaces
[6.223s] -- Installing: /home/jan/dev/Ros2PoCLedControl/ros2_home_auto/install/custom_interfaces/local/lib/python3.10/dist-packages/custom_interfaces/_custom_interfaces_s.ep.rosidl_typesupport_c.c
[6.223s] -- Up-to-date: /home/jan/dev/Ros2PoCLedControl/ros2_home_auto/install/custom_interfaces/local/lib/python3.10/dist-packages/custom_interfaces/msg
[6.223s] -- Installing: /home/jan/dev/Ros2PoCLedControl/ros2_home_auto/install/custom_interfaces/local/lib/python3.10/dist-packages/custom_interfaces/msg/_color.py
[6.223s] -- Installing: /home/jan/dev/Ros2PoCLedControl/ros2_home_auto/install/custom_interfaces/local/lib/python3.10/dist-packages/custom_interfaces/msg/__init__.py
[6.223s] -- Installing: /home/jan/dev/Ros2PoCLedControl/ros2_home_auto/install/custom_interfaces/local/lib/python3.10/dist-packages/custom_interfaces/msg/_color_s.c
[6.223s] -- Installing: /home/jan/dev/Ros2PoCLedControl/ros2_home_auto/install/custom_interfaces/local/lib/python3.10/dist-packages/custom_interfaces/msg/_color_array.py
[6.223s] -- Installing: /home/jan/dev/Ros2PoCLedControl/ros2_home_auto/install/custom_interfaces/local/lib/python3.10/dist-packages/custom_interfaces/msg/_color_array_s.c
[6.224s] -- Up-to-date: /home/jan/dev/Ros2PoCLedControl/ros2_home_auto/install/custom_interfaces/local/lib/python3.10/dist-packages/custom_interfaces/action
[6.224s] -- Installing: /home/jan/dev/Ros2PoCLedControl/ros2_home_auto/install/custom_interfaces/local/lib/python3.10/dist-packages/custom_interfaces/action/_set_color_action.py
[6.224s] -- Installing: /home/jan/dev/Ros2PoCLedControl/ros2_home_auto/install/custom_interfaces/local/lib/python3.10/dist-packages/custom_interfaces/action/__init__.py
[6.224s] -- Installing: /home/jan/dev/Ros2PoCLedControl/ros2_home_auto/install/custom_interfaces/local/lib/python3.10/dist-packages/custom_interfaces/action/_set_color_action_s.c
[6.224s] -- Installing: /home/jan/dev/Ros2PoCLedControl/ros2_home_auto/install/custom_interfaces/local/lib/python3.10/dist-packages/custom_interfaces/_custom_interfaces_s.ep.rosidl_typesupport_fastrtps_c.c
[6.224s] -- Installing: /home/jan/dev/Ros2PoCLedControl/ros2_home_auto/install/custom_interfaces/local/lib/python3.10/dist-packages/custom_interfaces/__init__.py
[6.224s] -- Installing: /home/jan/dev/Ros2PoCLedControl/ros2_home_auto/install/custom_interfaces/local/lib/python3.10/dist-packages/custom_interfaces/libcustom_interfaces__rosidl_generator_py.so
[6.225s] -- Installing: /home/jan/dev/Ros2PoCLedControl/ros2_home_auto/install/custom_interfaces/local/lib/python3.10/dist-packages/custom_interfaces/custom_interfaces_s__rosidl_typesupport_fastrtps_c.cpython-310-x86_64-linux-gnu.so
[6.225s] -- Up-to-date: /home/jan/dev/Ros2PoCLedControl/ros2_home_auto/install/custom_interfaces/local/lib/python3.10/dist-packages/custom_interfaces/srv
[6.225s] -- Installing: /home/jan/dev/Ros2PoCLedControl/ros2_home_auto/install/custom_interfaces/local/lib/python3.10/dist-packages/custom_interfaces/srv/__init__.py
[6.225s] -- Installing: /home/jan/dev/Ros2PoCLedControl/ros2_home_auto/install/custom_interfaces/local/lib/python3.10/dist-packages/custom_interfaces/srv/_set_colors_s.c
[6.225s] -- Installing: /home/jan/dev/Ros2PoCLedControl/ros2_home_auto/install/custom_interfaces/local/lib/python3.10/dist-packages/custom_interfaces/srv/_set_colors.py
[6.225s] -- Installing: /home/jan/dev/Ros2PoCLedControl/ros2_home_auto/install/custom_interfaces/local/lib/python3.10/dist-packages/custom_interfaces/custom_interfaces_s__rosidl_typesupport_introspection_c.cpython-310-x86_64-linux-gnu.so
[6.225s] -- Installing: /home/jan/dev/Ros2PoCLedControl/ros2_home_auto/install/custom_interfaces/local/lib/python3.10/dist-packages/custom_interfaces/_custom_interfaces_s.ep.rosidl_typesupport_introspection_c.c
[6.226s] -- Installing: /home/jan/dev/Ros2PoCLedControl/ros2_home_auto/install/custom_interfaces/local/lib/python3.10/dist-packages/custom_interfaces/custom_interfaces_s__rosidl_typesupport_c.cpython-310-x86_64-linux-gnu.so
[6.271s] Listing '/home/jan/dev/Ros2PoCLedControl/ros2_home_auto/install/custom_interfaces/local/lib/python3.10/dist-packages/custom_interfaces'...
[6.271s] Compiling '/home/jan/dev/Ros2PoCLedControl/ros2_home_auto/install/custom_interfaces/local/lib/python3.10/dist-packages/custom_interfaces/__init__.py'...
[6.271s] Listing '/home/jan/dev/Ros2PoCLedControl/ros2_home_auto/install/custom_interfaces/local/lib/python3.10/dist-packages/custom_interfaces/action'...
[6.271s] Compiling '/home/jan/dev/Ros2PoCLedControl/ros2_home_auto/install/custom_interfaces/local/lib/python3.10/dist-packages/custom_interfaces/action/__init__.py'...
[6.271s] Compiling '/home/jan/dev/Ros2PoCLedControl/ros2_home_auto/install/custom_interfaces/local/lib/python3.10/dist-packages/custom_interfaces/action/_set_color_action.py'...
[6.272s] Listing '/home/jan/dev/Ros2PoCLedControl/ros2_home_auto/install/custom_interfaces/local/lib/python3.10/dist-packages/custom_interfaces/msg'...
[6.272s] Compiling '/home/jan/dev/Ros2PoCLedControl/ros2_home_auto/install/custom_interfaces/local/lib/python3.10/dist-packages/custom_interfaces/msg/__init__.py'...
[6.272s] Compiling '/home/jan/dev/Ros2PoCLedControl/ros2_home_auto/install/custom_interfaces/local/lib/python3.10/dist-packages/custom_interfaces/msg/_color.py'...
[6.272s] Compiling '/home/jan/dev/Ros2PoCLedControl/ros2_home_auto/install/custom_interfaces/local/lib/python3.10/dist-packages/custom_interfaces/msg/_color_array.py'...
[6.272s] Listing '/home/jan/dev/Ros2PoCLedControl/ros2_home_auto/install/custom_interfaces/local/lib/python3.10/dist-packages/custom_interfaces/srv'...
[6.272s] Compiling '/home/jan/dev/Ros2PoCLedControl/ros2_home_auto/install/custom_interfaces/local/lib/python3.10/dist-packages/custom_interfaces/srv/__init__.py'...
[6.272s] Compiling '/home/jan/dev/Ros2PoCLedControl/ros2_home_auto/install/custom_interfaces/local/lib/python3.10/dist-packages/custom_interfaces/srv/_set_colors.py'...
[6.276s] -- Installing: /home/jan/dev/Ros2PoCLedControl/ros2_home_auto/install/custom_interfaces/local/lib/python3.10/dist-packages/custom_interfaces/custom_interfaces_s__rosidl_typesupport_fastrtps_c.cpython-310-x86_64-linux-gnu.so
[6.276s] -- Set runtime path of "/home/jan/dev/Ros2PoCLedControl/ros2_home_auto/install/custom_interfaces/local/lib/python3.10/dist-packages/custom_interfaces/custom_interfaces_s__rosidl_typesupport_fastrtps_c.cpython-310-x86_64-linux-gnu.so" to ""
[6.276s] -- Installing: /home/jan/dev/Ros2PoCLedControl/ros2_home_auto/install/custom_interfaces/local/lib/python3.10/dist-packages/custom_interfaces/custom_interfaces_s__rosidl_typesupport_introspection_c.cpython-310-x86_64-linux-gnu.so
[6.276s] -- Set runtime path of "/home/jan/dev/Ros2PoCLedControl/ros2_home_auto/install/custom_interfaces/local/lib/python3.10/dist-packages/custom_interfaces/custom_interfaces_s__rosidl_typesupport_introspection_c.cpython-310-x86_64-linux-gnu.so" to ""
[6.277s] -- Installing: /home/jan/dev/Ros2PoCLedControl/ros2_home_auto/install/custom_interfaces/local/lib/python3.10/dist-packages/custom_interfaces/custom_interfaces_s__rosidl_typesupport_c.cpython-310-x86_64-linux-gnu.so
[6.277s] -- Set runtime path of "/home/jan/dev/Ros2PoCLedControl/ros2_home_auto/install/custom_interfaces/local/lib/python3.10/dist-packages/custom_interfaces/custom_interfaces_s__rosidl_typesupport_c.cpython-310-x86_64-linux-gnu.so" to ""
[6.277s] -- Installing: /home/jan/dev/Ros2PoCLedControl/ros2_home_auto/install/custom_interfaces/lib/libcustom_interfaces__rosidl_generator_py.so
[6.278s] -- Set runtime path of "/home/jan/dev/Ros2PoCLedControl/ros2_home_auto/install/custom_interfaces/lib/libcustom_interfaces__rosidl_generator_py.so" to ""
[6.278s] -- Installing: /home/jan/dev/Ros2PoCLedControl/ros2_home_auto/install/custom_interfaces/share/custom_interfaces/msg/Color.idl
[6.278s] -- Installing: /home/jan/dev/Ros2PoCLedControl/ros2_home_auto/install/custom_interfaces/share/custom_interfaces/msg/ColorArray.idl
[6.278s] -- Installing: /home/jan/dev/Ros2PoCLedControl/ros2_home_auto/install/custom_interfaces/share/custom_interfaces/srv/SetColors.idl
[6.278s] -- Installing: /home/jan/dev/Ros2PoCLedControl/ros2_home_auto/install/custom_interfaces/share/custom_interfaces/action/SetColorAction.idl
[6.278s] -- Up-to-date: /home/jan/dev/Ros2PoCLedControl/ros2_home_auto/install/custom_interfaces/share/custom_interfaces/msg/Color.msg
[6.279s] -- Up-to-date: /home/jan/dev/Ros2PoCLedControl/ros2_home_auto/install/custom_interfaces/share/custom_interfaces/msg/ColorArray.msg
[6.279s] -- Up-to-date: /home/jan/dev/Ros2PoCLedControl/ros2_home_auto/install/custom_interfaces/share/custom_interfaces/srv/SetColors.srv
[6.279s] -- Installing: /home/jan/dev/Ros2PoCLedControl/ros2_home_auto/install/custom_interfaces/share/custom_interfaces/srv/SetColors_Request.msg
[6.279s] -- Installing: /home/jan/dev/Ros2PoCLedControl/ros2_home_auto/install/custom_interfaces/share/custom_interfaces/srv/SetColors_Response.msg
[6.279s] -- Up-to-date: /home/jan/dev/Ros2PoCLedControl/ros2_home_auto/install/custom_interfaces/share/custom_interfaces/action/SetColorAction.action
[6.279s] -- Installing: /home/jan/dev/Ros2PoCLedControl/ros2_home_auto/install/custom_interfaces/share/ament_index/resource_index/package_run_dependencies/custom_interfaces
[6.279s] -- Installing: /home/jan/dev/Ros2PoCLedControl/ros2_home_auto/install/custom_interfaces/share/ament_index/resource_index/parent_prefix_path/custom_interfaces
[6.279s] -- Up-to-date: /home/jan/dev/Ros2PoCLedControl/ros2_home_auto/install/custom_interfaces/share/custom_interfaces/environment/ament_prefix_path.sh
[6.279s] -- Installing: /home/jan/dev/Ros2PoCLedControl/ros2_home_auto/install/custom_interfaces/share/custom_interfaces/environment/ament_prefix_path.dsv
[6.280s] -- Up-to-date: /home/jan/dev/Ros2PoCLedControl/ros2_home_auto/install/custom_interfaces/share/custom_interfaces/environment/path.sh
[6.280s] -- Installing: /home/jan/dev/Ros2PoCLedControl/ros2_home_auto/install/custom_interfaces/share/custom_interfaces/environment/path.dsv
[6.280s] -- Installing: /home/jan/dev/Ros2PoCLedControl/ros2_home_auto/install/custom_interfaces/share/custom_interfaces/local_setup.bash
[6.280s] -- Installing: /home/jan/dev/Ros2PoCLedControl/ros2_home_auto/install/custom_interfaces/share/custom_interfaces/local_setup.sh
[6.280s] -- Installing: /home/jan/dev/Ros2PoCLedControl/ros2_home_auto/install/custom_interfaces/share/custom_interfaces/local_setup.zsh
[6.280s] -- Installing: /home/jan/dev/Ros2PoCLedControl/ros2_home_auto/install/custom_interfaces/share/custom_interfaces/local_setup.dsv
[6.280s] -- Installing: /home/jan/dev/Ros2PoCLedControl/ros2_home_auto/install/custom_interfaces/share/custom_interfaces/package.dsv
[6.281s] -- Installing: /home/jan/dev/Ros2PoCLedControl/ros2_home_auto/install/custom_interfaces/share/ament_index/resource_index/packages/custom_interfaces
[6.281s] -- Installing: /home/jan/dev/Ros2PoCLedControl/ros2_home_auto/install/custom_interfaces/share/custom_interfaces/cmake/export_custom_interfaces__rosidl_generator_cExport.cmake
[6.281s] -- Installing: /home/jan/dev/Ros2PoCLedControl/ros2_home_auto/install/custom_interfaces/share/custom_interfaces/cmake/export_custom_interfaces__rosidl_generator_cExport-noconfig.cmake
[6.281s] -- Installing: /home/jan/dev/Ros2PoCLedControl/ros2_home_auto/install/custom_interfaces/share/custom_interfaces/cmake/export_custom_interfaces__rosidl_typesupport_fastrtps_cExport.cmake
[6.281s] -- Installing: /home/jan/dev/Ros2PoCLedControl/ros2_home_auto/install/custom_interfaces/share/custom_interfaces/cmake/export_custom_interfaces__rosidl_typesupport_fastrtps_cExport-noconfig.cmake
[6.281s] -- Installing: /home/jan/dev/Ros2PoCLedControl/ros2_home_auto/install/custom_interfaces/share/custom_interfaces/cmake/custom_interfaces__rosidl_typesupport_introspection_cExport.cmake
[6.282s] -- Installing: /home/jan/dev/Ros2PoCLedControl/ros2_home_auto/install/custom_interfaces/share/custom_interfaces/cmake/custom_interfaces__rosidl_typesupport_introspection_cExport-noconfig.cmake
[6.282s] -- Installing: /home/jan/dev/Ros2PoCLedControl/ros2_home_auto/install/custom_interfaces/share/custom_interfaces/cmake/custom_interfaces__rosidl_typesupport_cExport.cmake
[6.282s] -- Installing: /home/jan/dev/Ros2PoCLedControl/ros2_home_auto/install/custom_interfaces/share/custom_interfaces/cmake/custom_interfaces__rosidl_typesupport_cExport-noconfig.cmake
[6.282s] -- Installing: /home/jan/dev/Ros2PoCLedControl/ros2_home_auto/install/custom_interfaces/share/custom_interfaces/cmake/export_custom_interfaces__rosidl_generator_cppExport.cmake
[6.282s] -- Installing: /home/jan/dev/Ros2PoCLedControl/ros2_home_auto/install/custom_interfaces/share/custom_interfaces/cmake/export_custom_interfaces__rosidl_typesupport_fastrtps_cppExport.cmake
[6.283s] -- Installing: /home/jan/dev/Ros2PoCLedControl/ros2_home_auto/install/custom_interfaces/share/custom_interfaces/cmake/export_custom_interfaces__rosidl_typesupport_fastrtps_cppExport-noconfig.cmake
[6.283s] -- Installing: /home/jan/dev/Ros2PoCLedControl/ros2_home_auto/install/custom_interfaces/share/custom_interfaces/cmake/custom_interfaces__rosidl_typesupport_introspection_cppExport.cmake
[6.283s] -- Installing: /home/jan/dev/Ros2PoCLedControl/ros2_home_auto/install/custom_interfaces/share/custom_interfaces/cmake/custom_interfaces__rosidl_typesupport_introspection_cppExport-noconfig.cmake
[6.283s] -- Installing: /home/jan/dev/Ros2PoCLedControl/ros2_home_auto/install/custom_interfaces/share/custom_interfaces/cmake/custom_interfaces__rosidl_typesupport_cppExport.cmake
[6.283s] -- Installing: /home/jan/dev/Ros2PoCLedControl/ros2_home_auto/install/custom_interfaces/share/custom_interfaces/cmake/custom_interfaces__rosidl_typesupport_cppExport-noconfig.cmake
[6.284s] -- Installing: /home/jan/dev/Ros2PoCLedControl/ros2_home_auto/install/custom_interfaces/share/custom_interfaces/cmake/export_custom_interfaces__rosidl_generator_pyExport.cmake
[6.284s] -- Installing: /home/jan/dev/Ros2PoCLedControl/ros2_home_auto/install/custom_interfaces/share/custom_interfaces/cmake/export_custom_interfaces__rosidl_generator_pyExport-noconfig.cmake
[6.284s] -- Installing: /home/jan/dev/Ros2PoCLedControl/ros2_home_auto/install/custom_interfaces/share/custom_interfaces/cmake/rosidl_cmake-extras.cmake
[6.284s] -- Installing: /home/jan/dev/Ros2PoCLedControl/ros2_home_auto/install/custom_interfaces/share/custom_interfaces/cmake/ament_cmake_export_dependencies-extras.cmake
[6.284s] -- Installing: /home/jan/dev/Ros2PoCLedControl/ros2_home_auto/install/custom_interfaces/share/custom_interfaces/cmake/ament_cmake_export_include_directories-extras.cmake
[6.284s] -- Installing: /home/jan/dev/Ros2PoCLedControl/ros2_home_auto/install/custom_interfaces/share/custom_interfaces/cmake/ament_cmake_export_libraries-extras.cmake
[6.285s] -- Installing: /home/jan/dev/Ros2PoCLedControl/ros2_home_auto/install/custom_interfaces/share/custom_interfaces/cmake/ament_cmake_export_targets-extras.cmake
[6.285s] -- Installing: /home/jan/dev/Ros2PoCLedControl/ros2_home_auto/install/custom_interfaces/share/custom_interfaces/cmake/rosidl_cmake_export_typesupport_targets-extras.cmake
[6.285s] -- Installing: /home/jan/dev/Ros2PoCLedControl/ros2_home_auto/install/custom_interfaces/share/custom_interfaces/cmake/rosidl_cmake_export_typesupport_libraries-extras.cmake
[6.285s] -- Installing: /home/jan/dev/Ros2PoCLedControl/ros2_home_auto/install/custom_interfaces/share/custom_interfaces/cmake/custom_interfacesConfig.cmake
[6.285s] -- Installing: /home/jan/dev/Ros2PoCLedControl/ros2_home_auto/install/custom_interfaces/share/custom_interfaces/cmake/custom_interfacesConfig-version.cmake
[6.286s] -- Up-to-date: /home/jan/dev/Ros2PoCLedControl/ros2_home_auto/install/custom_interfaces/share/custom_interfaces/package.xml
[6.288s] Invoked command in '/home/jan/dev/Ros2PoCLedControl/ros2_home_auto/build/custom_interfaces' returned '0': CMAKE_PREFIX_PATH=${CMAKE_PREFIX_PATH}:/home/jan/dev/Ros2PoCLedControl/ros2_home_auto/install/video_capture:/home/jan/dev/Ros2PoCLedControl/ros2_home_auto/install/led_control:/opt/ros/humble /usr/bin/cmake --install /home/jan/dev/Ros2PoCLedControl/ros2_home_auto/build/custom_interfaces
