[0.107s] Invoking command in '/home/jan/dev/ros2_home_auto/build/custom_interfaces': CMAKE_PREFIX_PATH=/opt/ros/humble /usr/bin/cmake /home/jan/dev/ros2_home_auto/src/custom_interfaces -DCMAKE_INSTALL_PREFIX=/home/jan/dev/ros2_home_auto/install/custom_interfaces
[0.155s] -- The C compiler identification is GNU 11.4.0
[0.205s] -- The CXX compiler identification is GNU 11.4.0
[0.210s] -- Detecting C compiler ABI info
[0.267s] -- Detecting C compiler ABI info - done
[0.273s] -- Check for working C compiler: /usr/bin/cc - skipped
[0.273s] -- Detecting C compile features
[0.274s] -- Detecting C compile features - done
[0.276s] -- Detecting CXX compiler ABI info
[0.342s] -- Detecting CXX compiler ABI info - done
[0.349s] -- Check for working CXX compiler: /usr/bin/c++ - skipped
[0.350s] -- Detecting CXX compile features
[0.350s] -- Detecting CXX compile features - done
[0.352s] -- Found ament_cmake: 1.3.8 (/opt/ros/humble/share/ament_cmake/cmake)
[0.482s] -- Found Python3: /usr/bin/python3 (found version "3.10.12") found components: Interpreter 
[0.553s] -- Found rosidl_default_generators: 1.2.0 (/opt/ros/humble/share/rosidl_default_generators/cmake)
[0.555s] -- Using all available rosidl_typesupport_c: rosidl_typesupport_fastrtps_c;rosidl_typesupport_introspection_c
[0.560s] -- Found rosidl_adapter: 3.1.5 (/opt/ros/humble/share/rosidl_adapter/cmake)
[0.591s] -- Using all available rosidl_typesupport_cpp: rosidl_typesupport_fastrtps_cpp;rosidl_typesupport_introspection_cpp
[0.975s] -- Found ament_cmake_ros: 0.10.0 (/opt/ros/humble/share/ament_cmake_ros/cmake)
[1.146s] -- Using all available rosidl_typesupport_c: rosidl_typesupport_fastrtps_c;rosidl_typesupport_introspection_c
[1.439s] -- Using all available rosidl_typesupport_cpp: rosidl_typesupport_fastrtps_cpp;rosidl_typesupport_introspection_cpp
[1.467s] -- Found PythonInterp: /usr/bin/python3 (found suitable version "3.10.12", minimum required is "3.6") 
[1.470s] -- Found python_cmake_module: 0.10.0 (/opt/ros/humble/share/python_cmake_module/cmake)
[1.504s] -- Found PythonLibs: /usr/lib/x86_64-linux-gnu/libpython3.10.so (found suitable version "3.10.12", minimum required is "3.5") 
[1.504s] -- Using PYTHON_EXECUTABLE: /usr/bin/python3
[1.504s] -- Using PYTHON_INCLUDE_DIRS: /usr/include/python3.10
[1.504s] -- Using PYTHON_LIBRARIES: /usr/lib/x86_64-linux-gnu/libpython3.10.so
[1.525s] -- Found PythonExtra: .so  
[1.597s] -- Found ament_lint_auto: 0.12.10 (/opt/ros/humble/share/ament_lint_auto/cmake)
[1.625s] -- Added test 'lint_cmake' to check CMake code style
[1.627s] -- Added test 'xmllint' to check XML markup files
[1.630s] -- Configuring done
[1.674s] -- Generating done
[1.676s] -- Build files have been written to: /home/jan/dev/ros2_home_auto/build/custom_interfaces
[1.682s] Invoked command in '/home/jan/dev/ros2_home_auto/build/custom_interfaces' returned '0': CMAKE_PREFIX_PATH=/opt/ros/humble /usr/bin/cmake /home/jan/dev/ros2_home_auto/src/custom_interfaces -DCMAKE_INSTALL_PREFIX=/home/jan/dev/ros2_home_auto/install/custom_interfaces
[1.684s] Invoking command in '/home/jan/dev/ros2_home_auto/build/custom_interfaces': CMAKE_PREFIX_PATH=/opt/ros/humble /usr/bin/cmake --build /home/jan/dev/ros2_home_auto/build/custom_interfaces -- -j12 -l12
[1.728s] [  1%] [34m[1mGenerating C code for ROS interfaces[0m
[1.737s] [  3%] [34m[1mGenerating C++ code for ROS interfaces[0m
[1.744s] [  3%] Built target ament_cmake_python_copy_custom_interfaces
[1.955s] running egg_info
[1.955s] creating custom_interfaces.egg-info
[1.955s] writing custom_interfaces.egg-info/PKG-INFO
[1.955s] writing dependency_links to custom_interfaces.egg-info/dependency_links.txt
[1.956s] writing top-level names to custom_interfaces.egg-info/top_level.txt
[1.956s] writing manifest file 'custom_interfaces.egg-info/SOURCES.txt'
[1.957s] reading manifest file 'custom_interfaces.egg-info/SOURCES.txt'
[1.958s] writing manifest file 'custom_interfaces.egg-info/SOURCES.txt'
[1.981s] [  3%] Built target ament_cmake_python_build_custom_interfaces_egg
[2.267s] [  3%] Built target custom_interfaces__cpp
[2.268s] [  7%] [32mBuilding C object CMakeFiles/custom_interfaces__rosidl_generator_c.dir/rosidl_generator_c/custom_interfaces/srv/detail/set_colors__functions.c.o[0m
[2.268s] [  7%] [32mBuilding C object CMakeFiles/custom_interfaces__rosidl_generator_c.dir/rosidl_generator_c/custom_interfaces/msg/detail/color_array__functions.c.o[0m
[2.268s] [  9%] [32mBuilding C object CMakeFiles/custom_interfaces__rosidl_generator_c.dir/rosidl_generator_c/custom_interfaces/action/detail/set_color_action__functions.c.o[0m
[2.268s] [ 10%] [32mBuilding C object CMakeFiles/custom_interfaces__rosidl_generator_c.dir/rosidl_generator_c/custom_interfaces/msg/detail/color__functions.c.o[0m
[2.275s] [ 14%] [34m[1mGenerating C++ type support for eProsima Fast-RTPS[0m
[2.275s] [ 14%] [34m[1mGenerating C++ type support dispatch for ROS interfaces[0m
[2.278s] [ 16%] [34m[1mGenerating C++ introspection for ROS interfaces[0m
[2.377s] [ 18%] [32m[1mLinking C shared library libcustom_interfaces__rosidl_generator_c.so[0m
[2.408s] [ 18%] Built target custom_interfaces__rosidl_generator_c
[2.418s] [ 21%] [34m[1mGenerating C type support for eProsima Fast-RTPS[0m
[2.418s] [ 21%] [34m[1mGenerating C type support dispatch for ROS interfaces[0m
[2.419s] [ 23%] [34m[1mGenerating C introspection for ROS interfaces[0m
[2.666s] [ 29%] [32mBuilding CXX object CMakeFiles/custom_interfaces__rosidl_typesupport_cpp.dir/rosidl_typesupport_cpp/custom_interfaces/srv/set_colors__type_support.cpp.o[0m
[2.666s] [ 29%] [32mBuilding CXX object CMakeFiles/custom_interfaces__rosidl_typesupport_cpp.dir/rosidl_typesupport_cpp/custom_interfaces/msg/color__type_support.cpp.o[0m
[2.667s] [ 29%] [32mBuilding CXX object CMakeFiles/custom_interfaces__rosidl_typesupport_cpp.dir/rosidl_typesupport_cpp/custom_interfaces/msg/color_array__type_support.cpp.o[0m
[2.667s] [ 30%] [32mBuilding CXX object CMakeFiles/custom_interfaces__rosidl_typesupport_cpp.dir/rosidl_typesupport_cpp/custom_interfaces/action/set_color_action__type_support.cpp.o[0m
[2.718s] [ 34%] [32mBuilding CXX object CMakeFiles/custom_interfaces__rosidl_typesupport_introspection_cpp.dir/rosidl_typesupport_introspection_cpp/custom_interfaces/srv/detail/set_colors__type_support.cpp.o[0m
[2.718s] [ 34%] [32mBuilding CXX object CMakeFiles/custom_interfaces__rosidl_typesupport_introspection_cpp.dir/rosidl_typesupport_introspection_cpp/custom_interfaces/msg/detail/color__type_support.cpp.o[0m
[2.718s] [ 36%] [32mBuilding CXX object CMakeFiles/custom_interfaces__rosidl_typesupport_introspection_cpp.dir/rosidl_typesupport_introspection_cpp/custom_interfaces/msg/detail/color_array__type_support.cpp.o[0m
[2.719s] [ 38%] [32mBuilding CXX object CMakeFiles/custom_interfaces__rosidl_typesupport_introspection_cpp.dir/rosidl_typesupport_introspection_cpp/custom_interfaces/action/detail/set_color_action__type_support.cpp.o[0m
[2.781s] [ 40%] [32mBuilding CXX object CMakeFiles/custom_interfaces__rosidl_typesupport_c.dir/rosidl_typesupport_c/custom_interfaces/msg/color__type_support.cpp.o[0m
[2.820s] [ 41%] [32mBuilding CXX object CMakeFiles/custom_interfaces__rosidl_typesupport_c.dir/rosidl_typesupport_c/custom_interfaces/msg/color_array__type_support.cpp.o[0m
[2.860s] [ 43%] [32mBuilding CXX object CMakeFiles/custom_interfaces__rosidl_typesupport_c.dir/rosidl_typesupport_c/custom_interfaces/srv/set_colors__type_support.cpp.o[0m
[2.901s] [ 45%] [32mBuilding CXX object CMakeFiles/custom_interfaces__rosidl_typesupport_c.dir/rosidl_typesupport_c/custom_interfaces/action/set_color_action__type_support.cpp.o[0m
[2.930s] [ 47%] [32mBuilding CXX object CMakeFiles/custom_interfaces__rosidl_typesupport_fastrtps_cpp.dir/rosidl_typesupport_fastrtps_cpp/custom_interfaces/msg/detail/dds_fastrtps/color__type_support.cpp.o[0m
[2.969s] [ 49%] [32m[1mLinking CXX shared library libcustom_interfaces__rosidl_typesupport_c.so[0m
[3.025s] [ 49%] Built target custom_interfaces__rosidl_typesupport_c
[3.028s] [ 50%] [32mBuilding CXX object CMakeFiles/custom_interfaces__rosidl_typesupport_fastrtps_cpp.dir/rosidl_typesupport_fastrtps_cpp/custom_interfaces/msg/detail/dds_fastrtps/color_array__type_support.cpp.o[0m
[3.035s] [ 52%] [32mBuilding CXX object CMakeFiles/custom_interfaces__rosidl_typesupport_fastrtps_cpp.dir/rosidl_typesupport_fastrtps_cpp/custom_interfaces/srv/detail/dds_fastrtps/set_colors__type_support.cpp.o[0m
[3.044s] [ 54%] [32mBuilding CXX object CMakeFiles/custom_interfaces__rosidl_typesupport_fastrtps_cpp.dir/rosidl_typesupport_fastrtps_cpp/custom_interfaces/action/detail/dds_fastrtps/set_color_action__type_support.cpp.o[0m
[3.067s] [ 56%] [32mBuilding C object CMakeFiles/custom_interfaces__rosidl_typesupport_introspection_c.dir/rosidl_typesupport_introspection_c/custom_interfaces/msg/detail/color__type_support.c.o[0m
[3.068s] [ 58%] [32mBuilding C object CMakeFiles/custom_interfaces__rosidl_typesupport_introspection_c.dir/rosidl_typesupport_introspection_c/custom_interfaces/msg/detail/color_array__type_support.c.o[0m
[3.109s] [ 60%] [32mBuilding CXX object CMakeFiles/custom_interfaces__rosidl_typesupport_fastrtps_c.dir/rosidl_typesupport_fastrtps_c/custom_interfaces/msg/detail/color__type_support_c.cpp.o[0m
[3.111s] [ 61%] [32mBuilding CXX object CMakeFiles/custom_interfaces__rosidl_typesupport_fastrtps_c.dir/rosidl_typesupport_fastrtps_c/custom_interfaces/msg/detail/color_array__type_support_c.cpp.o[0m
[3.116s] [ 63%] [32mBuilding C object CMakeFiles/custom_interfaces__rosidl_typesupport_introspection_c.dir/rosidl_typesupport_introspection_c/custom_interfaces/srv/detail/set_colors__type_support.c.o[0m
[3.168s] [ 65%] [32mBuilding C object CMakeFiles/custom_interfaces__rosidl_typesupport_introspection_c.dir/rosidl_typesupport_introspection_c/custom_interfaces/action/detail/set_color_action__type_support.c.o[0m
[3.238s] [ 67%] [32m[1mLinking C shared library libcustom_interfaces__rosidl_typesupport_introspection_c.so[0m
[3.253s] [ 69%] [32mBuilding CXX object CMakeFiles/custom_interfaces__rosidl_typesupport_fastrtps_c.dir/rosidl_typesupport_fastrtps_c/custom_interfaces/srv/detail/set_colors__type_support_c.cpp.o[0m
[3.280s] [ 69%] Built target custom_interfaces__rosidl_typesupport_introspection_c
[3.291s] [ 70%] [32mBuilding CXX object CMakeFiles/custom_interfaces__rosidl_typesupport_fastrtps_c.dir/rosidl_typesupport_fastrtps_c/custom_interfaces/action/detail/set_color_action__type_support_c.cpp.o[0m
[3.392s] [ 72%] [32m[1mLinking CXX shared library libcustom_interfaces__rosidl_typesupport_cpp.so[0m
[3.447s] [ 72%] Built target custom_interfaces__rosidl_typesupport_cpp
[3.541s] [ 74%] [32m[1mLinking CXX shared library libcustom_interfaces__rosidl_typesupport_introspection_cpp.so[0m
[3.603s] [ 74%] Built target custom_interfaces__rosidl_typesupport_introspection_cpp
[3.713s] [ 76%] [32m[1mLinking CXX shared library libcustom_interfaces__rosidl_typesupport_fastrtps_cpp.so[0m
[3.738s] [ 78%] [32m[1mLinking CXX shared library libcustom_interfaces__rosidl_typesupport_fastrtps_c.so[0m
[3.774s] [ 78%] Built target custom_interfaces__rosidl_typesupport_fastrtps_cpp
[3.796s] [ 78%] Built target custom_interfaces__rosidl_typesupport_fastrtps_c
[3.811s] [ 78%] Built target custom_interfaces
[3.825s] [ 80%] [34m[1mGenerating Python code for ROS interfaces[0m
[4.734s] [ 80%] Built target custom_interfaces__py
[4.752s] [ 81%] [32mBuilding C object CMakeFiles/custom_interfaces__rosidl_generator_py.dir/rosidl_generator_py/custom_interfaces/msg/_color_array_s.c.o[0m
[4.752s] [ 83%] [32mBuilding C object CMakeFiles/custom_interfaces__rosidl_generator_py.dir/rosidl_generator_py/custom_interfaces/srv/_set_colors_s.c.o[0m
[4.752s] [ 87%] [32mBuilding C object CMakeFiles/custom_interfaces__rosidl_generator_py.dir/rosidl_generator_py/custom_interfaces/action/_set_color_action_s.c.o[0m
[4.752s] [ 87%] [32mBuilding C object CMakeFiles/custom_interfaces__rosidl_generator_py.dir/rosidl_generator_py/custom_interfaces/msg/_color_s.c.o[0m
[4.882s] [ 89%] [32m[1mLinking C shared library rosidl_generator_py/custom_interfaces/libcustom_interfaces__rosidl_generator_py.so[0m
[4.916s] [ 89%] Built target custom_interfaces__rosidl_generator_py
[4.931s] [ 90%] [32mBuilding C object CMakeFiles/custom_interfaces__rosidl_typesupport_c__pyext.dir/rosidl_generator_py/custom_interfaces/_custom_interfaces_s.ep.rosidl_typesupport_c.c.o[0m
[4.932s] [ 92%] [32mBuilding C object CMakeFiles/custom_interfaces__rosidl_typesupport_introspection_c__pyext.dir/rosidl_generator_py/custom_interfaces/_custom_interfaces_s.ep.rosidl_typesupport_introspection_c.c.o[0m
[4.935s] [ 94%] [32mBuilding C object CMakeFiles/custom_interfaces__rosidl_typesupport_fastrtps_c__pyext.dir/rosidl_generator_py/custom_interfaces/_custom_interfaces_s.ep.rosidl_typesupport_fastrtps_c.c.o[0m
[5.047s] [ 96%] [32m[1mLinking C shared library rosidl_generator_py/custom_interfaces/custom_interfaces_s__rosidl_typesupport_c.cpython-310-x86_64-linux-gnu.so[0m
[5.047s] [ 98%] [32m[1mLinking C shared library rosidl_generator_py/custom_interfaces/custom_interfaces_s__rosidl_typesupport_fastrtps_c.cpython-310-x86_64-linux-gnu.so[0m
[5.050s] [100%] [32m[1mLinking C shared library rosidl_generator_py/custom_interfaces/custom_interfaces_s__rosidl_typesupport_introspection_c.cpython-310-x86_64-linux-gnu.so[0m
[5.081s] [100%] Built target custom_interfaces__rosidl_typesupport_c__pyext
[5.081s] [100%] Built target custom_interfaces__rosidl_typesupport_fastrtps_c__pyext
[5.082s] [100%] Built target custom_interfaces__rosidl_typesupport_introspection_c__pyext
[5.091s] Invoked command in '/home/jan/dev/ros2_home_auto/build/custom_interfaces' returned '0': CMAKE_PREFIX_PATH=/opt/ros/humble /usr/bin/cmake --build /home/jan/dev/ros2_home_auto/build/custom_interfaces -- -j12 -l12
[5.177s] Invoking command in '/home/jan/dev/ros2_home_auto/build/custom_interfaces': CMAKE_PREFIX_PATH=/opt/ros/humble /usr/bin/cmake --install /home/jan/dev/ros2_home_auto/build/custom_interfaces
[5.183s] -- Install configuration: ""
[5.183s] -- Installing: /home/jan/dev/ros2_home_auto/install/custom_interfaces/share/ament_index/resource_index/rosidl_interfaces/custom_interfaces
[5.183s] -- Up-to-date: /home/jan/dev/ros2_home_auto/install/custom_interfaces/include/custom_interfaces/custom_interfaces
[5.183s] -- Up-to-date: /home/jan/dev/ros2_home_auto/install/custom_interfaces/include/custom_interfaces/custom_interfaces/msg
[5.183s] -- Installing: /home/jan/dev/ros2_home_auto/install/custom_interfaces/include/custom_interfaces/custom_interfaces/msg/color_array.h
[5.184s] -- Up-to-date: /home/jan/dev/ros2_home_auto/install/custom_interfaces/include/custom_interfaces/custom_interfaces/msg/detail
[5.184s] -- Installing: /home/jan/dev/ros2_home_auto/install/custom_interfaces/include/custom_interfaces/custom_interfaces/msg/detail/color_array__type_support.h
[5.184s] -- Installing: /home/jan/dev/ros2_home_auto/install/custom_interfaces/include/custom_interfaces/custom_interfaces/msg/detail/color__type_support.h
[5.184s] -- Installing: /home/jan/dev/ros2_home_auto/install/custom_interfaces/include/custom_interfaces/custom_interfaces/msg/detail/color_array__functions.h
[5.184s] -- Installing: /home/jan/dev/ros2_home_auto/install/custom_interfaces/include/custom_interfaces/custom_interfaces/msg/detail/color_array__functions.c
[5.184s] -- Installing: /home/jan/dev/ros2_home_auto/install/custom_interfaces/include/custom_interfaces/custom_interfaces/msg/detail/color__functions.c
[5.184s] -- Installing: /home/jan/dev/ros2_home_auto/install/custom_interfaces/include/custom_interfaces/custom_interfaces/msg/detail/color__struct.h
[5.184s] -- Installing: /home/jan/dev/ros2_home_auto/install/custom_interfaces/include/custom_interfaces/custom_interfaces/msg/detail/color_array__struct.h
[5.184s] -- Installing: /home/jan/dev/ros2_home_auto/install/custom_interfaces/include/custom_interfaces/custom_interfaces/msg/detail/color__functions.h
[5.184s] -- Installing: /home/jan/dev/ros2_home_auto/install/custom_interfaces/include/custom_interfaces/custom_interfaces/msg/color.h
[5.184s] -- Installing: /home/jan/dev/ros2_home_auto/install/custom_interfaces/include/custom_interfaces/custom_interfaces/msg/rosidl_generator_c__visibility_control.h
[5.184s] -- Up-to-date: /home/jan/dev/ros2_home_auto/install/custom_interfaces/include/custom_interfaces/custom_interfaces/action
[5.185s] -- Up-to-date: /home/jan/dev/ros2_home_auto/install/custom_interfaces/include/custom_interfaces/custom_interfaces/action/detail
[5.185s] -- Installing: /home/jan/dev/ros2_home_auto/install/custom_interfaces/include/custom_interfaces/custom_interfaces/action/detail/set_color_action__type_support.h
[5.185s] -- Installing: /home/jan/dev/ros2_home_auto/install/custom_interfaces/include/custom_interfaces/custom_interfaces/action/detail/set_color_action__functions.c
[5.185s] -- Installing: /home/jan/dev/ros2_home_auto/install/custom_interfaces/include/custom_interfaces/custom_interfaces/action/detail/set_color_action__functions.h
[5.185s] -- Installing: /home/jan/dev/ros2_home_auto/install/custom_interfaces/include/custom_interfaces/custom_interfaces/action/detail/set_color_action__struct.h
[5.185s] -- Installing: /home/jan/dev/ros2_home_auto/install/custom_interfaces/include/custom_interfaces/custom_interfaces/action/set_color_action.h
[5.185s] -- Up-to-date: /home/jan/dev/ros2_home_auto/install/custom_interfaces/include/custom_interfaces/custom_interfaces/srv
[5.185s] -- Installing: /home/jan/dev/ros2_home_auto/install/custom_interfaces/include/custom_interfaces/custom_interfaces/srv/set_colors.h
[5.186s] -- Up-to-date: /home/jan/dev/ros2_home_auto/install/custom_interfaces/include/custom_interfaces/custom_interfaces/srv/detail
[5.186s] -- Installing: /home/jan/dev/ros2_home_auto/install/custom_interfaces/include/custom_interfaces/custom_interfaces/srv/detail/set_colors__type_support.h
[5.186s] -- Installing: /home/jan/dev/ros2_home_auto/install/custom_interfaces/include/custom_interfaces/custom_interfaces/srv/detail/set_colors__functions.h
[5.186s] -- Installing: /home/jan/dev/ros2_home_auto/install/custom_interfaces/include/custom_interfaces/custom_interfaces/srv/detail/set_colors__struct.h
[5.186s] -- Installing: /home/jan/dev/ros2_home_auto/install/custom_interfaces/include/custom_interfaces/custom_interfaces/srv/detail/set_colors__functions.c
[5.186s] -- Up-to-date: /home/jan/dev/ros2_home_auto/install/custom_interfaces/share/custom_interfaces/environment/library_path.sh
[5.186s] -- Installing: /home/jan/dev/ros2_home_auto/install/custom_interfaces/share/custom_interfaces/environment/library_path.dsv
[5.186s] -- Installing: /home/jan/dev/ros2_home_auto/install/custom_interfaces/lib/libcustom_interfaces__rosidl_generator_c.so
[5.187s] -- Set runtime path of "/home/jan/dev/ros2_home_auto/install/custom_interfaces/lib/libcustom_interfaces__rosidl_generator_c.so" to ""
[5.187s] -- Up-to-date: /home/jan/dev/ros2_home_auto/install/custom_interfaces/include/custom_interfaces/custom_interfaces
[5.187s] -- Up-to-date: /home/jan/dev/ros2_home_auto/install/custom_interfaces/include/custom_interfaces/custom_interfaces/msg
[5.187s] -- Up-to-date: /home/jan/dev/ros2_home_auto/install/custom_interfaces/include/custom_interfaces/custom_interfaces/msg/detail
[5.187s] -- Installing: /home/jan/dev/ros2_home_auto/install/custom_interfaces/include/custom_interfaces/custom_interfaces/msg/detail/color_array__rosidl_typesupport_fastrtps_c.h
[5.187s] -- Installing: /home/jan/dev/ros2_home_auto/install/custom_interfaces/include/custom_interfaces/custom_interfaces/msg/detail/color__rosidl_typesupport_fastrtps_c.h
[5.187s] -- Installing: /home/jan/dev/ros2_home_auto/install/custom_interfaces/include/custom_interfaces/custom_interfaces/msg/rosidl_typesupport_fastrtps_c__visibility_control.h
[5.187s] -- Up-to-date: /home/jan/dev/ros2_home_auto/install/custom_interfaces/include/custom_interfaces/custom_interfaces/action
[5.187s] -- Up-to-date: /home/jan/dev/ros2_home_auto/install/custom_interfaces/include/custom_interfaces/custom_interfaces/action/detail
[5.187s] -- Installing: /home/jan/dev/ros2_home_auto/install/custom_interfaces/include/custom_interfaces/custom_interfaces/action/detail/set_color_action__rosidl_typesupport_fastrtps_c.h
[5.187s] -- Up-to-date: /home/jan/dev/ros2_home_auto/install/custom_interfaces/include/custom_interfaces/custom_interfaces/srv
[5.187s] -- Up-to-date: /home/jan/dev/ros2_home_auto/install/custom_interfaces/include/custom_interfaces/custom_interfaces/srv/detail
[5.188s] -- Installing: /home/jan/dev/ros2_home_auto/install/custom_interfaces/include/custom_interfaces/custom_interfaces/srv/detail/set_colors__rosidl_typesupport_fastrtps_c.h
[5.188s] -- Installing: /home/jan/dev/ros2_home_auto/install/custom_interfaces/lib/libcustom_interfaces__rosidl_typesupport_fastrtps_c.so
[5.188s] -- Set runtime path of "/home/jan/dev/ros2_home_auto/install/custom_interfaces/lib/libcustom_interfaces__rosidl_typesupport_fastrtps_c.so" to ""
[5.188s] -- Up-to-date: /home/jan/dev/ros2_home_auto/install/custom_interfaces/include/custom_interfaces/custom_interfaces
[5.188s] -- Up-to-date: /home/jan/dev/ros2_home_auto/install/custom_interfaces/include/custom_interfaces/custom_interfaces/msg
[5.188s] -- Installing: /home/jan/dev/ros2_home_auto/install/custom_interfaces/include/custom_interfaces/custom_interfaces/msg/rosidl_typesupport_introspection_c__visibility_control.h
[5.188s] -- Up-to-date: /home/jan/dev/ros2_home_auto/install/custom_interfaces/include/custom_interfaces/custom_interfaces/msg/detail
[5.188s] -- Installing: /home/jan/dev/ros2_home_auto/install/custom_interfaces/include/custom_interfaces/custom_interfaces/msg/detail/color__rosidl_typesupport_introspection_c.h
[5.188s] -- Installing: /home/jan/dev/ros2_home_auto/install/custom_interfaces/include/custom_interfaces/custom_interfaces/msg/detail/color_array__rosidl_typesupport_introspection_c.h
[5.188s] -- Installing: /home/jan/dev/ros2_home_auto/install/custom_interfaces/include/custom_interfaces/custom_interfaces/msg/detail/color__type_support.c
[5.188s] -- Installing: /home/jan/dev/ros2_home_auto/install/custom_interfaces/include/custom_interfaces/custom_interfaces/msg/detail/color_array__type_support.c
[5.189s] -- Up-to-date: /home/jan/dev/ros2_home_auto/install/custom_interfaces/include/custom_interfaces/custom_interfaces/action
[5.189s] -- Up-to-date: /home/jan/dev/ros2_home_auto/install/custom_interfaces/include/custom_interfaces/custom_interfaces/action/detail
[5.189s] -- Installing: /home/jan/dev/ros2_home_auto/install/custom_interfaces/include/custom_interfaces/custom_interfaces/action/detail/set_color_action__type_support.c
[5.189s] -- Installing: /home/jan/dev/ros2_home_auto/install/custom_interfaces/include/custom_interfaces/custom_interfaces/action/detail/set_color_action__rosidl_typesupport_introspection_c.h
[5.189s] -- Up-to-date: /home/jan/dev/ros2_home_auto/install/custom_interfaces/include/custom_interfaces/custom_interfaces/srv
[5.189s] -- Up-to-date: /home/jan/dev/ros2_home_auto/install/custom_interfaces/include/custom_interfaces/custom_interfaces/srv/detail
[5.189s] -- Installing: /home/jan/dev/ros2_home_auto/install/custom_interfaces/include/custom_interfaces/custom_interfaces/srv/detail/set_colors__type_support.c
[5.189s] -- Installing: /home/jan/dev/ros2_home_auto/install/custom_interfaces/include/custom_interfaces/custom_interfaces/srv/detail/set_colors__rosidl_typesupport_introspection_c.h
[5.189s] -- Installing: /home/jan/dev/ros2_home_auto/install/custom_interfaces/lib/libcustom_interfaces__rosidl_typesupport_introspection_c.so
[5.190s] -- Set runtime path of "/home/jan/dev/ros2_home_auto/install/custom_interfaces/lib/libcustom_interfaces__rosidl_typesupport_introspection_c.so" to ""
[5.190s] -- Installing: /home/jan/dev/ros2_home_auto/install/custom_interfaces/lib/libcustom_interfaces__rosidl_typesupport_c.so
[5.190s] -- Set runtime path of "/home/jan/dev/ros2_home_auto/install/custom_interfaces/lib/libcustom_interfaces__rosidl_typesupport_c.so" to ""
[5.190s] -- Up-to-date: /home/jan/dev/ros2_home_auto/install/custom_interfaces/include/custom_interfaces/custom_interfaces
[5.190s] -- Up-to-date: /home/jan/dev/ros2_home_auto/install/custom_interfaces/include/custom_interfaces/custom_interfaces/msg
[5.190s] -- Installing: /home/jan/dev/ros2_home_auto/install/custom_interfaces/include/custom_interfaces/custom_interfaces/msg/color.hpp
[5.190s] -- Up-to-date: /home/jan/dev/ros2_home_auto/install/custom_interfaces/include/custom_interfaces/custom_interfaces/msg/detail
[5.190s] -- Installing: /home/jan/dev/ros2_home_auto/install/custom_interfaces/include/custom_interfaces/custom_interfaces/msg/detail/color_array__traits.hpp
[5.191s] -- Installing: /home/jan/dev/ros2_home_auto/install/custom_interfaces/include/custom_interfaces/custom_interfaces/msg/detail/color_array__builder.hpp
[5.191s] -- Installing: /home/jan/dev/ros2_home_auto/install/custom_interfaces/include/custom_interfaces/custom_interfaces/msg/detail/color__traits.hpp
[5.191s] -- Installing: /home/jan/dev/ros2_home_auto/install/custom_interfaces/include/custom_interfaces/custom_interfaces/msg/detail/color__struct.hpp
[5.191s] -- Installing: /home/jan/dev/ros2_home_auto/install/custom_interfaces/include/custom_interfaces/custom_interfaces/msg/detail/color__builder.hpp
[5.191s] -- Installing: /home/jan/dev/ros2_home_auto/install/custom_interfaces/include/custom_interfaces/custom_interfaces/msg/detail/color_array__struct.hpp
[5.191s] -- Installing: /home/jan/dev/ros2_home_auto/install/custom_interfaces/include/custom_interfaces/custom_interfaces/msg/color_array.hpp
[5.191s] -- Up-to-date: /home/jan/dev/ros2_home_auto/install/custom_interfaces/include/custom_interfaces/custom_interfaces/action
[5.191s] -- Installing: /home/jan/dev/ros2_home_auto/install/custom_interfaces/include/custom_interfaces/custom_interfaces/action/set_color_action.hpp
[5.191s] -- Up-to-date: /home/jan/dev/ros2_home_auto/install/custom_interfaces/include/custom_interfaces/custom_interfaces/action/detail
[5.191s] -- Installing: /home/jan/dev/ros2_home_auto/install/custom_interfaces/include/custom_interfaces/custom_interfaces/action/detail/set_color_action__struct.hpp
[5.191s] -- Installing: /home/jan/dev/ros2_home_auto/install/custom_interfaces/include/custom_interfaces/custom_interfaces/action/detail/set_color_action__builder.hpp
[5.191s] -- Installing: /home/jan/dev/ros2_home_auto/install/custom_interfaces/include/custom_interfaces/custom_interfaces/action/detail/set_color_action__traits.hpp
[5.192s] -- Up-to-date: /home/jan/dev/ros2_home_auto/install/custom_interfaces/include/custom_interfaces/custom_interfaces/srv
[5.192s] -- Up-to-date: /home/jan/dev/ros2_home_auto/install/custom_interfaces/include/custom_interfaces/custom_interfaces/srv/detail
[5.192s] -- Installing: /home/jan/dev/ros2_home_auto/install/custom_interfaces/include/custom_interfaces/custom_interfaces/srv/detail/set_colors__struct.hpp
[5.192s] -- Installing: /home/jan/dev/ros2_home_auto/install/custom_interfaces/include/custom_interfaces/custom_interfaces/srv/detail/set_colors__traits.hpp
[5.192s] -- Installing: /home/jan/dev/ros2_home_auto/install/custom_interfaces/include/custom_interfaces/custom_interfaces/srv/detail/set_colors__builder.hpp
[5.192s] -- Installing: /home/jan/dev/ros2_home_auto/install/custom_interfaces/include/custom_interfaces/custom_interfaces/srv/set_colors.hpp
[5.192s] -- Up-to-date: /home/jan/dev/ros2_home_auto/install/custom_interfaces/include/custom_interfaces/custom_interfaces
[5.192s] -- Up-to-date: /home/jan/dev/ros2_home_auto/install/custom_interfaces/include/custom_interfaces/custom_interfaces/msg
[5.192s] -- Installing: /home/jan/dev/ros2_home_auto/install/custom_interfaces/include/custom_interfaces/custom_interfaces/msg/rosidl_typesupport_fastrtps_cpp__visibility_control.h
[5.192s] -- Up-to-date: /home/jan/dev/ros2_home_auto/install/custom_interfaces/include/custom_interfaces/custom_interfaces/msg/detail
[5.192s] -- Installing: /home/jan/dev/ros2_home_auto/install/custom_interfaces/include/custom_interfaces/custom_interfaces/msg/detail/color_array__rosidl_typesupport_fastrtps_cpp.hpp
[5.192s] -- Installing: /home/jan/dev/ros2_home_auto/install/custom_interfaces/include/custom_interfaces/custom_interfaces/msg/detail/color__rosidl_typesupport_fastrtps_cpp.hpp
[5.192s] -- Up-to-date: /home/jan/dev/ros2_home_auto/install/custom_interfaces/include/custom_interfaces/custom_interfaces/msg/detail/dds_fastrtps
[5.193s] -- Up-to-date: /home/jan/dev/ros2_home_auto/install/custom_interfaces/include/custom_interfaces/custom_interfaces/action
[5.193s] -- Up-to-date: /home/jan/dev/ros2_home_auto/install/custom_interfaces/include/custom_interfaces/custom_interfaces/action/detail
[5.193s] -- Installing: /home/jan/dev/ros2_home_auto/install/custom_interfaces/include/custom_interfaces/custom_interfaces/action/detail/set_color_action__rosidl_typesupport_fastrtps_cpp.hpp
[5.193s] -- Up-to-date: /home/jan/dev/ros2_home_auto/install/custom_interfaces/include/custom_interfaces/custom_interfaces/action/detail/dds_fastrtps
[5.193s] -- Up-to-date: /home/jan/dev/ros2_home_auto/install/custom_interfaces/include/custom_interfaces/custom_interfaces/srv
[5.193s] -- Up-to-date: /home/jan/dev/ros2_home_auto/install/custom_interfaces/include/custom_interfaces/custom_interfaces/srv/detail
[5.193s] -- Installing: /home/jan/dev/ros2_home_auto/install/custom_interfaces/include/custom_interfaces/custom_interfaces/srv/detail/set_colors__rosidl_typesupport_fastrtps_cpp.hpp
[5.193s] -- Up-to-date: /home/jan/dev/ros2_home_auto/install/custom_interfaces/include/custom_interfaces/custom_interfaces/srv/detail/dds_fastrtps
[5.193s] -- Installing: /home/jan/dev/ros2_home_auto/install/custom_interfaces/lib/libcustom_interfaces__rosidl_typesupport_fastrtps_cpp.so
[5.193s] -- Set runtime path of "/home/jan/dev/ros2_home_auto/install/custom_interfaces/lib/libcustom_interfaces__rosidl_typesupport_fastrtps_cpp.so" to ""
[5.193s] -- Up-to-date: /home/jan/dev/ros2_home_auto/install/custom_interfaces/include/custom_interfaces/custom_interfaces
[5.194s] -- Up-to-date: /home/jan/dev/ros2_home_auto/install/custom_interfaces/include/custom_interfaces/custom_interfaces/msg
[5.194s] -- Up-to-date: /home/jan/dev/ros2_home_auto/install/custom_interfaces/include/custom_interfaces/custom_interfaces/msg/detail
[5.194s] -- Installing: /home/jan/dev/ros2_home_auto/install/custom_interfaces/include/custom_interfaces/custom_interfaces/msg/detail/color_array__rosidl_typesupport_introspection_cpp.hpp
[5.194s] -- Installing: /home/jan/dev/ros2_home_auto/install/custom_interfaces/include/custom_interfaces/custom_interfaces/msg/detail/color_array__type_support.cpp
[5.194s] -- Installing: /home/jan/dev/ros2_home_auto/install/custom_interfaces/include/custom_interfaces/custom_interfaces/msg/detail/color__rosidl_typesupport_introspection_cpp.hpp
[5.194s] -- Installing: /home/jan/dev/ros2_home_auto/install/custom_interfaces/include/custom_interfaces/custom_interfaces/msg/detail/color__type_support.cpp
[5.194s] -- Up-to-date: /home/jan/dev/ros2_home_auto/install/custom_interfaces/include/custom_interfaces/custom_interfaces/action
[5.194s] -- Up-to-date: /home/jan/dev/ros2_home_auto/install/custom_interfaces/include/custom_interfaces/custom_interfaces/action/detail
[5.194s] -- Installing: /home/jan/dev/ros2_home_auto/install/custom_interfaces/include/custom_interfaces/custom_interfaces/action/detail/set_color_action__rosidl_typesupport_introspection_cpp.hpp
[5.194s] -- Installing: /home/jan/dev/ros2_home_auto/install/custom_interfaces/include/custom_interfaces/custom_interfaces/action/detail/set_color_action__type_support.cpp
[5.194s] -- Up-to-date: /home/jan/dev/ros2_home_auto/install/custom_interfaces/include/custom_interfaces/custom_interfaces/srv
[5.194s] -- Up-to-date: /home/jan/dev/ros2_home_auto/install/custom_interfaces/include/custom_interfaces/custom_interfaces/srv/detail
[5.194s] -- Installing: /home/jan/dev/ros2_home_auto/install/custom_interfaces/include/custom_interfaces/custom_interfaces/srv/detail/set_colors__rosidl_typesupport_introspection_cpp.hpp
[5.194s] -- Installing: /home/jan/dev/ros2_home_auto/install/custom_interfaces/include/custom_interfaces/custom_interfaces/srv/detail/set_colors__type_support.cpp
[5.195s] -- Installing: /home/jan/dev/ros2_home_auto/install/custom_interfaces/lib/libcustom_interfaces__rosidl_typesupport_introspection_cpp.so
[5.195s] -- Set runtime path of "/home/jan/dev/ros2_home_auto/install/custom_interfaces/lib/libcustom_interfaces__rosidl_typesupport_introspection_cpp.so" to ""
[5.195s] -- Installing: /home/jan/dev/ros2_home_auto/install/custom_interfaces/lib/libcustom_interfaces__rosidl_typesupport_cpp.so
[5.195s] -- Set runtime path of "/home/jan/dev/ros2_home_auto/install/custom_interfaces/lib/libcustom_interfaces__rosidl_typesupport_cpp.so" to ""
[5.196s] -- Installing: /home/jan/dev/ros2_home_auto/install/custom_interfaces/share/custom_interfaces/environment/pythonpath.sh
[5.196s] -- Installing: /home/jan/dev/ros2_home_auto/install/custom_interfaces/share/custom_interfaces/environment/pythonpath.dsv
[5.196s] -- Up-to-date: /home/jan/dev/ros2_home_auto/install/custom_interfaces/local/lib/python3.10/dist-packages/custom_interfaces-0.0.0-py3.10.egg-info
[5.196s] -- Installing: /home/jan/dev/ros2_home_auto/install/custom_interfaces/local/lib/python3.10/dist-packages/custom_interfaces-0.0.0-py3.10.egg-info/PKG-INFO
[5.196s] -- Installing: /home/jan/dev/ros2_home_auto/install/custom_interfaces/local/lib/python3.10/dist-packages/custom_interfaces-0.0.0-py3.10.egg-info/SOURCES.txt
[5.196s] -- Installing: /home/jan/dev/ros2_home_auto/install/custom_interfaces/local/lib/python3.10/dist-packages/custom_interfaces-0.0.0-py3.10.egg-info/top_level.txt
[5.196s] -- Installing: /home/jan/dev/ros2_home_auto/install/custom_interfaces/local/lib/python3.10/dist-packages/custom_interfaces-0.0.0-py3.10.egg-info/dependency_links.txt
[5.196s] -- Up-to-date: /home/jan/dev/ros2_home_auto/install/custom_interfaces/local/lib/python3.10/dist-packages/custom_interfaces
[5.196s] -- Installing: /home/jan/dev/ros2_home_auto/install/custom_interfaces/local/lib/python3.10/dist-packages/custom_interfaces/_custom_interfaces_s.ep.rosidl_typesupport_c.c
[5.196s] -- Up-to-date: /home/jan/dev/ros2_home_auto/install/custom_interfaces/local/lib/python3.10/dist-packages/custom_interfaces/msg
[5.197s] -- Installing: /home/jan/dev/ros2_home_auto/install/custom_interfaces/local/lib/python3.10/dist-packages/custom_interfaces/msg/_color.py
[5.197s] -- Installing: /home/jan/dev/ros2_home_auto/install/custom_interfaces/local/lib/python3.10/dist-packages/custom_interfaces/msg/__init__.py
[5.197s] -- Installing: /home/jan/dev/ros2_home_auto/install/custom_interfaces/local/lib/python3.10/dist-packages/custom_interfaces/msg/_color_s.c
[5.197s] -- Installing: /home/jan/dev/ros2_home_auto/install/custom_interfaces/local/lib/python3.10/dist-packages/custom_interfaces/msg/_color_array.py
[5.197s] -- Installing: /home/jan/dev/ros2_home_auto/install/custom_interfaces/local/lib/python3.10/dist-packages/custom_interfaces/msg/_color_array_s.c
[5.197s] -- Up-to-date: /home/jan/dev/ros2_home_auto/install/custom_interfaces/local/lib/python3.10/dist-packages/custom_interfaces/action
[5.197s] -- Installing: /home/jan/dev/ros2_home_auto/install/custom_interfaces/local/lib/python3.10/dist-packages/custom_interfaces/action/_set_color_action.py
[5.197s] -- Installing: /home/jan/dev/ros2_home_auto/install/custom_interfaces/local/lib/python3.10/dist-packages/custom_interfaces/action/__init__.py
[5.197s] -- Installing: /home/jan/dev/ros2_home_auto/install/custom_interfaces/local/lib/python3.10/dist-packages/custom_interfaces/action/_set_color_action_s.c
[5.197s] -- Installing: /home/jan/dev/ros2_home_auto/install/custom_interfaces/local/lib/python3.10/dist-packages/custom_interfaces/_custom_interfaces_s.ep.rosidl_typesupport_fastrtps_c.c
[5.198s] -- Installing: /home/jan/dev/ros2_home_auto/install/custom_interfaces/local/lib/python3.10/dist-packages/custom_interfaces/__init__.py
[5.198s] -- Installing: /home/jan/dev/ros2_home_auto/install/custom_interfaces/local/lib/python3.10/dist-packages/custom_interfaces/libcustom_interfaces__rosidl_generator_py.so
[5.198s] -- Installing: /home/jan/dev/ros2_home_auto/install/custom_interfaces/local/lib/python3.10/dist-packages/custom_interfaces/custom_interfaces_s__rosidl_typesupport_fastrtps_c.cpython-310-x86_64-linux-gnu.so
[5.198s] -- Up-to-date: /home/jan/dev/ros2_home_auto/install/custom_interfaces/local/lib/python3.10/dist-packages/custom_interfaces/srv
[5.198s] -- Installing: /home/jan/dev/ros2_home_auto/install/custom_interfaces/local/lib/python3.10/dist-packages/custom_interfaces/srv/__init__.py
[5.198s] -- Installing: /home/jan/dev/ros2_home_auto/install/custom_interfaces/local/lib/python3.10/dist-packages/custom_interfaces/srv/_set_colors_s.c
[5.198s] -- Installing: /home/jan/dev/ros2_home_auto/install/custom_interfaces/local/lib/python3.10/dist-packages/custom_interfaces/srv/_set_colors.py
[5.198s] -- Installing: /home/jan/dev/ros2_home_auto/install/custom_interfaces/local/lib/python3.10/dist-packages/custom_interfaces/custom_interfaces_s__rosidl_typesupport_introspection_c.cpython-310-x86_64-linux-gnu.so
[5.198s] -- Installing: /home/jan/dev/ros2_home_auto/install/custom_interfaces/local/lib/python3.10/dist-packages/custom_interfaces/_custom_interfaces_s.ep.rosidl_typesupport_introspection_c.c
[5.199s] -- Installing: /home/jan/dev/ros2_home_auto/install/custom_interfaces/local/lib/python3.10/dist-packages/custom_interfaces/custom_interfaces_s__rosidl_typesupport_c.cpython-310-x86_64-linux-gnu.so
[5.234s] Listing '/home/jan/dev/ros2_home_auto/install/custom_interfaces/local/lib/python3.10/dist-packages/custom_interfaces'...
[5.234s] Compiling '/home/jan/dev/ros2_home_auto/install/custom_interfaces/local/lib/python3.10/dist-packages/custom_interfaces/__init__.py'...
[5.234s] Listing '/home/jan/dev/ros2_home_auto/install/custom_interfaces/local/lib/python3.10/dist-packages/custom_interfaces/action'...
[5.234s] Compiling '/home/jan/dev/ros2_home_auto/install/custom_interfaces/local/lib/python3.10/dist-packages/custom_interfaces/action/__init__.py'...
[5.234s] Compiling '/home/jan/dev/ros2_home_auto/install/custom_interfaces/local/lib/python3.10/dist-packages/custom_interfaces/action/_set_color_action.py'...
[5.234s] Listing '/home/jan/dev/ros2_home_auto/install/custom_interfaces/local/lib/python3.10/dist-packages/custom_interfaces/msg'...
[5.234s] Compiling '/home/jan/dev/ros2_home_auto/install/custom_interfaces/local/lib/python3.10/dist-packages/custom_interfaces/msg/__init__.py'...
[5.234s] Compiling '/home/jan/dev/ros2_home_auto/install/custom_interfaces/local/lib/python3.10/dist-packages/custom_interfaces/msg/_color.py'...
[5.234s] Compiling '/home/jan/dev/ros2_home_auto/install/custom_interfaces/local/lib/python3.10/dist-packages/custom_interfaces/msg/_color_array.py'...
[5.234s] Listing '/home/jan/dev/ros2_home_auto/install/custom_interfaces/local/lib/python3.10/dist-packages/custom_interfaces/srv'...
[5.234s] Compiling '/home/jan/dev/ros2_home_auto/install/custom_interfaces/local/lib/python3.10/dist-packages/custom_interfaces/srv/__init__.py'...
[5.234s] Compiling '/home/jan/dev/ros2_home_auto/install/custom_interfaces/local/lib/python3.10/dist-packages/custom_interfaces/srv/_set_colors.py'...
[5.237s] -- Installing: /home/jan/dev/ros2_home_auto/install/custom_interfaces/local/lib/python3.10/dist-packages/custom_interfaces/custom_interfaces_s__rosidl_typesupport_fastrtps_c.cpython-310-x86_64-linux-gnu.so
[5.238s] -- Set runtime path of "/home/jan/dev/ros2_home_auto/install/custom_interfaces/local/lib/python3.10/dist-packages/custom_interfaces/custom_interfaces_s__rosidl_typesupport_fastrtps_c.cpython-310-x86_64-linux-gnu.so" to ""
[5.238s] -- Installing: /home/jan/dev/ros2_home_auto/install/custom_interfaces/local/lib/python3.10/dist-packages/custom_interfaces/custom_interfaces_s__rosidl_typesupport_introspection_c.cpython-310-x86_64-linux-gnu.so
[5.238s] -- Set runtime path of "/home/jan/dev/ros2_home_auto/install/custom_interfaces/local/lib/python3.10/dist-packages/custom_interfaces/custom_interfaces_s__rosidl_typesupport_introspection_c.cpython-310-x86_64-linux-gnu.so" to ""
[5.238s] -- Installing: /home/jan/dev/ros2_home_auto/install/custom_interfaces/local/lib/python3.10/dist-packages/custom_interfaces/custom_interfaces_s__rosidl_typesupport_c.cpython-310-x86_64-linux-gnu.so
[5.239s] -- Set runtime path of "/home/jan/dev/ros2_home_auto/install/custom_interfaces/local/lib/python3.10/dist-packages/custom_interfaces/custom_interfaces_s__rosidl_typesupport_c.cpython-310-x86_64-linux-gnu.so" to ""
[5.239s] -- Installing: /home/jan/dev/ros2_home_auto/install/custom_interfaces/lib/libcustom_interfaces__rosidl_generator_py.so
[5.239s] -- Set runtime path of "/home/jan/dev/ros2_home_auto/install/custom_interfaces/lib/libcustom_interfaces__rosidl_generator_py.so" to ""
[5.239s] -- Installing: /home/jan/dev/ros2_home_auto/install/custom_interfaces/share/custom_interfaces/msg/Color.idl
[5.239s] -- Installing: /home/jan/dev/ros2_home_auto/install/custom_interfaces/share/custom_interfaces/msg/ColorArray.idl
[5.239s] -- Installing: /home/jan/dev/ros2_home_auto/install/custom_interfaces/share/custom_interfaces/srv/SetColors.idl
[5.240s] -- Installing: /home/jan/dev/ros2_home_auto/install/custom_interfaces/share/custom_interfaces/action/SetColorAction.idl
[5.240s] -- Up-to-date: /home/jan/dev/ros2_home_auto/install/custom_interfaces/share/custom_interfaces/msg/Color.msg
[5.240s] -- Up-to-date: /home/jan/dev/ros2_home_auto/install/custom_interfaces/share/custom_interfaces/msg/ColorArray.msg
[5.240s] -- Up-to-date: /home/jan/dev/ros2_home_auto/install/custom_interfaces/share/custom_interfaces/srv/SetColors.srv
[5.240s] -- Installing: /home/jan/dev/ros2_home_auto/install/custom_interfaces/share/custom_interfaces/srv/SetColors_Request.msg
[5.240s] -- Installing: /home/jan/dev/ros2_home_auto/install/custom_interfaces/share/custom_interfaces/srv/SetColors_Response.msg
[5.240s] -- Up-to-date: /home/jan/dev/ros2_home_auto/install/custom_interfaces/share/custom_interfaces/action/SetColorAction.action
[5.240s] -- Installing: /home/jan/dev/ros2_home_auto/install/custom_interfaces/share/ament_index/resource_index/package_run_dependencies/custom_interfaces
[5.240s] -- Installing: /home/jan/dev/ros2_home_auto/install/custom_interfaces/share/ament_index/resource_index/parent_prefix_path/custom_interfaces
[5.240s] -- Up-to-date: /home/jan/dev/ros2_home_auto/install/custom_interfaces/share/custom_interfaces/environment/ament_prefix_path.sh
[5.240s] -- Installing: /home/jan/dev/ros2_home_auto/install/custom_interfaces/share/custom_interfaces/environment/ament_prefix_path.dsv
[5.241s] -- Up-to-date: /home/jan/dev/ros2_home_auto/install/custom_interfaces/share/custom_interfaces/environment/path.sh
[5.241s] -- Installing: /home/jan/dev/ros2_home_auto/install/custom_interfaces/share/custom_interfaces/environment/path.dsv
[5.241s] -- Installing: /home/jan/dev/ros2_home_auto/install/custom_interfaces/share/custom_interfaces/local_setup.bash
[5.241s] -- Installing: /home/jan/dev/ros2_home_auto/install/custom_interfaces/share/custom_interfaces/local_setup.sh
[5.241s] -- Installing: /home/jan/dev/ros2_home_auto/install/custom_interfaces/share/custom_interfaces/local_setup.zsh
[5.241s] -- Installing: /home/jan/dev/ros2_home_auto/install/custom_interfaces/share/custom_interfaces/local_setup.dsv
[5.241s] -- Installing: /home/jan/dev/ros2_home_auto/install/custom_interfaces/share/custom_interfaces/package.dsv
[5.241s] -- Installing: /home/jan/dev/ros2_home_auto/install/custom_interfaces/share/ament_index/resource_index/packages/custom_interfaces
[5.242s] -- Installing: /home/jan/dev/ros2_home_auto/install/custom_interfaces/share/custom_interfaces/cmake/export_custom_interfaces__rosidl_generator_cExport.cmake
[5.242s] -- Installing: /home/jan/dev/ros2_home_auto/install/custom_interfaces/share/custom_interfaces/cmake/export_custom_interfaces__rosidl_generator_cExport-noconfig.cmake
[5.242s] -- Installing: /home/jan/dev/ros2_home_auto/install/custom_interfaces/share/custom_interfaces/cmake/export_custom_interfaces__rosidl_typesupport_fastrtps_cExport.cmake
[5.242s] -- Installing: /home/jan/dev/ros2_home_auto/install/custom_interfaces/share/custom_interfaces/cmake/export_custom_interfaces__rosidl_typesupport_fastrtps_cExport-noconfig.cmake
[5.242s] -- Installing: /home/jan/dev/ros2_home_auto/install/custom_interfaces/share/custom_interfaces/cmake/custom_interfaces__rosidl_typesupport_introspection_cExport.cmake
[5.242s] -- Installing: /home/jan/dev/ros2_home_auto/install/custom_interfaces/share/custom_interfaces/cmake/custom_interfaces__rosidl_typesupport_introspection_cExport-noconfig.cmake
[5.242s] -- Installing: /home/jan/dev/ros2_home_auto/install/custom_interfaces/share/custom_interfaces/cmake/custom_interfaces__rosidl_typesupport_cExport.cmake
[5.243s] -- Installing: /home/jan/dev/ros2_home_auto/install/custom_interfaces/share/custom_interfaces/cmake/custom_interfaces__rosidl_typesupport_cExport-noconfig.cmake
[5.243s] -- Installing: /home/jan/dev/ros2_home_auto/install/custom_interfaces/share/custom_interfaces/cmake/export_custom_interfaces__rosidl_generator_cppExport.cmake
[5.243s] -- Installing: /home/jan/dev/ros2_home_auto/install/custom_interfaces/share/custom_interfaces/cmake/export_custom_interfaces__rosidl_typesupport_fastrtps_cppExport.cmake
[5.243s] -- Installing: /home/jan/dev/ros2_home_auto/install/custom_interfaces/share/custom_interfaces/cmake/export_custom_interfaces__rosidl_typesupport_fastrtps_cppExport-noconfig.cmake
[5.243s] -- Installing: /home/jan/dev/ros2_home_auto/install/custom_interfaces/share/custom_interfaces/cmake/custom_interfaces__rosidl_typesupport_introspection_cppExport.cmake
[5.243s] -- Installing: /home/jan/dev/ros2_home_auto/install/custom_interfaces/share/custom_interfaces/cmake/custom_interfaces__rosidl_typesupport_introspection_cppExport-noconfig.cmake
[5.244s] -- Installing: /home/jan/dev/ros2_home_auto/install/custom_interfaces/share/custom_interfaces/cmake/custom_interfaces__rosidl_typesupport_cppExport.cmake
[5.244s] -- Installing: /home/jan/dev/ros2_home_auto/install/custom_interfaces/share/custom_interfaces/cmake/custom_interfaces__rosidl_typesupport_cppExport-noconfig.cmake
[5.244s] -- Installing: /home/jan/dev/ros2_home_auto/install/custom_interfaces/share/custom_interfaces/cmake/export_custom_interfaces__rosidl_generator_pyExport.cmake
[5.244s] -- Installing: /home/jan/dev/ros2_home_auto/install/custom_interfaces/share/custom_interfaces/cmake/export_custom_interfaces__rosidl_generator_pyExport-noconfig.cmake
[5.244s] -- Installing: /home/jan/dev/ros2_home_auto/install/custom_interfaces/share/custom_interfaces/cmake/rosidl_cmake-extras.cmake
[5.244s] -- Installing: /home/jan/dev/ros2_home_auto/install/custom_interfaces/share/custom_interfaces/cmake/ament_cmake_export_dependencies-extras.cmake
[5.244s] -- Installing: /home/jan/dev/ros2_home_auto/install/custom_interfaces/share/custom_interfaces/cmake/ament_cmake_export_include_directories-extras.cmake
[5.244s] -- Installing: /home/jan/dev/ros2_home_auto/install/custom_interfaces/share/custom_interfaces/cmake/ament_cmake_export_libraries-extras.cmake
[5.245s] -- Installing: /home/jan/dev/ros2_home_auto/install/custom_interfaces/share/custom_interfaces/cmake/ament_cmake_export_targets-extras.cmake
[5.245s] -- Installing: /home/jan/dev/ros2_home_auto/install/custom_interfaces/share/custom_interfaces/cmake/rosidl_cmake_export_typesupport_targets-extras.cmake
[5.245s] -- Installing: /home/jan/dev/ros2_home_auto/install/custom_interfaces/share/custom_interfaces/cmake/rosidl_cmake_export_typesupport_libraries-extras.cmake
[5.245s] -- Installing: /home/jan/dev/ros2_home_auto/install/custom_interfaces/share/custom_interfaces/cmake/custom_interfacesConfig.cmake
[5.245s] -- Installing: /home/jan/dev/ros2_home_auto/install/custom_interfaces/share/custom_interfaces/cmake/custom_interfacesConfig-version.cmake
[5.245s] -- Up-to-date: /home/jan/dev/ros2_home_auto/install/custom_interfaces/share/custom_interfaces/package.xml
[5.247s] Invoked command in '/home/jan/dev/ros2_home_auto/build/custom_interfaces' returned '0': CMAKE_PREFIX_PATH=/opt/ros/humble /usr/bin/cmake --install /home/jan/dev/ros2_home_auto/build/custom_interfaces
