[0.214s] Invoking command in '/home/jan/dev/ros2_home_auto/build/custom_interfaces': CMAKE_PREFIX_PATH=${CMAKE_PREFIX_PATH}:/home/jan/dev/ros2_home_auto/install/led_control:/opt/ros/humble /usr/bin/cmake --build /home/jan/dev/ros2_home_auto/build/custom_interfaces -- -j12 -l12
[0.251s] [35m[1mConsolidate compiler generated dependencies of target custom_interfaces__rosidl_generator_c[0m
[0.260s] [ 10%] Built target custom_interfaces__rosidl_generator_c
[0.260s] [ 12%] Built target custom_interfaces__cpp
[0.268s] [ 12%] Built target ament_cmake_python_copy_custom_interfaces
[0.268s] [35m[1mConsolidate compiler generated dependencies of target custom_interfaces__rosidl_typesupport_c[0m
[0.269s] [35m[1mConsolidate compiler generated dependencies of target custom_interfaces__rosidl_typesupport_fastrtps_c[0m
[0.269s] [35m[1mConsolidate compiler generated dependencies of target custom_interfaces__rosidl_typesupport_fastrtps_cpp[0m
[0.269s] [35m[1mConsolidate compiler generated dependencies of target custom_interfaces__rosidl_typesupport_introspection_cpp[0m
[0.271s] [35m[1mConsolidate compiler generated dependencies of target custom_interfaces__rosidl_typesupport_introspection_c[0m
[0.278s] [35m[1mConsolidate compiler generated dependencies of target custom_interfaces__rosidl_typesupport_cpp[0m
[0.278s] [ 23%] Built target custom_interfaces__rosidl_typesupport_c
[0.281s] [ 33%] Built target custom_interfaces__rosidl_typesupport_introspection_cpp
[0.283s] [ 43%] Built target custom_interfaces__rosidl_typesupport_fastrtps_cpp
[0.283s] [ 53%] Built target custom_interfaces__rosidl_typesupport_introspection_c
[0.284s] [ 64%] Built target custom_interfaces__rosidl_typesupport_fastrtps_c
[0.288s] [ 74%] Built target custom_interfaces__rosidl_typesupport_cpp
[0.304s] [ 74%] Built target custom_interfaces
[0.320s] [ 76%] Built target custom_interfaces__py
[0.328s] [35m[1mConsolidate compiler generated dependencies of target custom_interfaces__rosidl_generator_py[0m
[0.340s] [ 84%] Built target custom_interfaces__rosidl_generator_py
[0.348s] [35m[1mConsolidate compiler generated dependencies of target custom_interfaces__rosidl_typesupport_fastrtps_c__pyext[0m
[0.349s] [35m[1mConsolidate compiler generated dependencies of target custom_interfaces__rosidl_typesupport_introspection_c__pyext[0m
[0.351s] [35m[1mConsolidate compiler generated dependencies of target custom_interfaces__rosidl_typesupport_c__pyext[0m
[0.359s] [ 94%] Built target custom_interfaces__rosidl_typesupport_introspection_c__pyext
[0.359s] [ 94%] Built target custom_interfaces__rosidl_typesupport_fastrtps_c__pyext
[0.360s] [100%] Built target custom_interfaces__rosidl_typesupport_c__pyext
[0.491s] running egg_info
[0.491s] writing custom_interfaces.egg-info/PKG-INFO
[0.492s] writing dependency_links to custom_interfaces.egg-info/dependency_links.txt
[0.492s] writing top-level names to custom_interfaces.egg-info/top_level.txt
[0.494s] reading manifest file 'custom_interfaces.egg-info/SOURCES.txt'
[0.494s] writing manifest file 'custom_interfaces.egg-info/SOURCES.txt'
[0.518s] [100%] Built target ament_cmake_python_build_custom_interfaces_egg
[0.527s] Invoked command in '/home/jan/dev/ros2_home_auto/build/custom_interfaces' returned '0': CMAKE_PREFIX_PATH=${CMAKE_PREFIX_PATH}:/home/jan/dev/ros2_home_auto/install/led_control:/opt/ros/humble /usr/bin/cmake --build /home/jan/dev/ros2_home_auto/build/custom_interfaces -- -j12 -l12
[0.599s] Invoking command in '/home/jan/dev/ros2_home_auto/build/custom_interfaces': CMAKE_PREFIX_PATH=${CMAKE_PREFIX_PATH}:/home/jan/dev/ros2_home_auto/install/led_control:/opt/ros/humble /usr/bin/cmake --install /home/jan/dev/ros2_home_auto/build/custom_interfaces
[0.605s] -- Install configuration: ""
[0.605s] -- Up-to-date: /home/jan/dev/ros2_home_auto/install/custom_interfaces/share/ament_index/resource_index/rosidl_interfaces/custom_interfaces
[0.605s] -- Up-to-date: /home/jan/dev/ros2_home_auto/install/custom_interfaces/include/custom_interfaces/custom_interfaces
[0.605s] -- Up-to-date: /home/jan/dev/ros2_home_auto/install/custom_interfaces/include/custom_interfaces/custom_interfaces/msg
[0.605s] -- Up-to-date: /home/jan/dev/ros2_home_auto/install/custom_interfaces/include/custom_interfaces/custom_interfaces/msg/color_array.h
[0.605s] -- Up-to-date: /home/jan/dev/ros2_home_auto/install/custom_interfaces/include/custom_interfaces/custom_interfaces/msg/detail
[0.605s] -- Up-to-date: /home/jan/dev/ros2_home_auto/install/custom_interfaces/include/custom_interfaces/custom_interfaces/msg/detail/color_array__type_support.h
[0.605s] -- Up-to-date: /home/jan/dev/ros2_home_auto/install/custom_interfaces/include/custom_interfaces/custom_interfaces/msg/detail/color__type_support.h
[0.606s] -- Up-to-date: /home/jan/dev/ros2_home_auto/install/custom_interfaces/include/custom_interfaces/custom_interfaces/msg/detail/color_array__functions.h
[0.606s] -- Up-to-date: /home/jan/dev/ros2_home_auto/install/custom_interfaces/include/custom_interfaces/custom_interfaces/msg/detail/color_array__functions.c
[0.606s] -- Up-to-date: /home/jan/dev/ros2_home_auto/install/custom_interfaces/include/custom_interfaces/custom_interfaces/msg/detail/color__functions.c
[0.606s] -- Up-to-date: /home/jan/dev/ros2_home_auto/install/custom_interfaces/include/custom_interfaces/custom_interfaces/msg/detail/color__struct.h
[0.606s] -- Up-to-date: /home/jan/dev/ros2_home_auto/install/custom_interfaces/include/custom_interfaces/custom_interfaces/msg/detail/color_array__struct.h
[0.606s] -- Up-to-date: /home/jan/dev/ros2_home_auto/install/custom_interfaces/include/custom_interfaces/custom_interfaces/msg/detail/color__functions.h
[0.606s] -- Up-to-date: /home/jan/dev/ros2_home_auto/install/custom_interfaces/include/custom_interfaces/custom_interfaces/msg/color.h
[0.606s] -- Up-to-date: /home/jan/dev/ros2_home_auto/install/custom_interfaces/include/custom_interfaces/custom_interfaces/msg/rosidl_generator_c__visibility_control.h
[0.606s] -- Up-to-date: /home/jan/dev/ros2_home_auto/install/custom_interfaces/share/custom_interfaces/environment/library_path.sh
[0.606s] -- Up-to-date: /home/jan/dev/ros2_home_auto/install/custom_interfaces/share/custom_interfaces/environment/library_path.dsv
[0.606s] -- Up-to-date: /home/jan/dev/ros2_home_auto/install/custom_interfaces/lib/libcustom_interfaces__rosidl_generator_c.so
[0.606s] -- Up-to-date: /home/jan/dev/ros2_home_auto/install/custom_interfaces/include/custom_interfaces/custom_interfaces
[0.607s] -- Up-to-date: /home/jan/dev/ros2_home_auto/install/custom_interfaces/include/custom_interfaces/custom_interfaces/msg
[0.607s] -- Up-to-date: /home/jan/dev/ros2_home_auto/install/custom_interfaces/include/custom_interfaces/custom_interfaces/msg/detail
[0.607s] -- Up-to-date: /home/jan/dev/ros2_home_auto/install/custom_interfaces/include/custom_interfaces/custom_interfaces/msg/detail/color_array__rosidl_typesupport_fastrtps_c.h
[0.607s] -- Up-to-date: /home/jan/dev/ros2_home_auto/install/custom_interfaces/include/custom_interfaces/custom_interfaces/msg/detail/color__rosidl_typesupport_fastrtps_c.h
[0.607s] -- Up-to-date: /home/jan/dev/ros2_home_auto/install/custom_interfaces/include/custom_interfaces/custom_interfaces/msg/rosidl_typesupport_fastrtps_c__visibility_control.h
[0.607s] -- Up-to-date: /home/jan/dev/ros2_home_auto/install/custom_interfaces/lib/libcustom_interfaces__rosidl_typesupport_fastrtps_c.so
[0.607s] -- Up-to-date: /home/jan/dev/ros2_home_auto/install/custom_interfaces/include/custom_interfaces/custom_interfaces
[0.607s] -- Up-to-date: /home/jan/dev/ros2_home_auto/install/custom_interfaces/include/custom_interfaces/custom_interfaces/msg
[0.608s] -- Up-to-date: /home/jan/dev/ros2_home_auto/install/custom_interfaces/include/custom_interfaces/custom_interfaces/msg/rosidl_typesupport_introspection_c__visibility_control.h
[0.608s] -- Up-to-date: /home/jan/dev/ros2_home_auto/install/custom_interfaces/include/custom_interfaces/custom_interfaces/msg/detail
[0.608s] -- Up-to-date: /home/jan/dev/ros2_home_auto/install/custom_interfaces/include/custom_interfaces/custom_interfaces/msg/detail/color__rosidl_typesupport_introspection_c.h
[0.608s] -- Up-to-date: /home/jan/dev/ros2_home_auto/install/custom_interfaces/include/custom_interfaces/custom_interfaces/msg/detail/color_array__rosidl_typesupport_introspection_c.h
[0.608s] -- Up-to-date: /home/jan/dev/ros2_home_auto/install/custom_interfaces/include/custom_interfaces/custom_interfaces/msg/detail/color__type_support.c
[0.608s] -- Up-to-date: /home/jan/dev/ros2_home_auto/install/custom_interfaces/include/custom_interfaces/custom_interfaces/msg/detail/color_array__type_support.c
[0.608s] -- Up-to-date: /home/jan/dev/ros2_home_auto/install/custom_interfaces/lib/libcustom_interfaces__rosidl_typesupport_introspection_c.so
[0.608s] -- Up-to-date: /home/jan/dev/ros2_home_auto/install/custom_interfaces/lib/libcustom_interfaces__rosidl_typesupport_c.so
[0.608s] -- Up-to-date: /home/jan/dev/ros2_home_auto/install/custom_interfaces/include/custom_interfaces/custom_interfaces
[0.609s] -- Up-to-date: /home/jan/dev/ros2_home_auto/install/custom_interfaces/include/custom_interfaces/custom_interfaces/msg
[0.609s] -- Up-to-date: /home/jan/dev/ros2_home_auto/install/custom_interfaces/include/custom_interfaces/custom_interfaces/msg/color.hpp
[0.609s] -- Up-to-date: /home/jan/dev/ros2_home_auto/install/custom_interfaces/include/custom_interfaces/custom_interfaces/msg/detail
[0.609s] -- Up-to-date: /home/jan/dev/ros2_home_auto/install/custom_interfaces/include/custom_interfaces/custom_interfaces/msg/detail/color_array__traits.hpp
[0.609s] -- Up-to-date: /home/jan/dev/ros2_home_auto/install/custom_interfaces/include/custom_interfaces/custom_interfaces/msg/detail/color_array__builder.hpp
[0.609s] -- Up-to-date: /home/jan/dev/ros2_home_auto/install/custom_interfaces/include/custom_interfaces/custom_interfaces/msg/detail/color__traits.hpp
[0.609s] -- Up-to-date: /home/jan/dev/ros2_home_auto/install/custom_interfaces/include/custom_interfaces/custom_interfaces/msg/detail/color__struct.hpp
[0.609s] -- Up-to-date: /home/jan/dev/ros2_home_auto/install/custom_interfaces/include/custom_interfaces/custom_interfaces/msg/detail/color__builder.hpp
[0.609s] -- Up-to-date: /home/jan/dev/ros2_home_auto/install/custom_interfaces/include/custom_interfaces/custom_interfaces/msg/detail/color_array__struct.hpp
[0.609s] -- Up-to-date: /home/jan/dev/ros2_home_auto/install/custom_interfaces/include/custom_interfaces/custom_interfaces/msg/color_array.hpp
[0.609s] -- Up-to-date: /home/jan/dev/ros2_home_auto/install/custom_interfaces/include/custom_interfaces/custom_interfaces
[0.609s] -- Up-to-date: /home/jan/dev/ros2_home_auto/install/custom_interfaces/include/custom_interfaces/custom_interfaces/msg
[0.609s] -- Up-to-date: /home/jan/dev/ros2_home_auto/install/custom_interfaces/include/custom_interfaces/custom_interfaces/msg/rosidl_typesupport_fastrtps_cpp__visibility_control.h
[0.609s] -- Up-to-date: /home/jan/dev/ros2_home_auto/install/custom_interfaces/include/custom_interfaces/custom_interfaces/msg/detail
[0.610s] -- Up-to-date: /home/jan/dev/ros2_home_auto/install/custom_interfaces/include/custom_interfaces/custom_interfaces/msg/detail/color_array__rosidl_typesupport_fastrtps_cpp.hpp
[0.610s] -- Up-to-date: /home/jan/dev/ros2_home_auto/install/custom_interfaces/include/custom_interfaces/custom_interfaces/msg/detail/color__rosidl_typesupport_fastrtps_cpp.hpp
[0.610s] -- Up-to-date: /home/jan/dev/ros2_home_auto/install/custom_interfaces/include/custom_interfaces/custom_interfaces/msg/detail/dds_fastrtps
[0.610s] -- Up-to-date: /home/jan/dev/ros2_home_auto/install/custom_interfaces/lib/libcustom_interfaces__rosidl_typesupport_fastrtps_cpp.so
[0.610s] -- Up-to-date: /home/jan/dev/ros2_home_auto/install/custom_interfaces/include/custom_interfaces/custom_interfaces
[0.610s] -- Up-to-date: /home/jan/dev/ros2_home_auto/install/custom_interfaces/include/custom_interfaces/custom_interfaces/msg
[0.610s] -- Up-to-date: /home/jan/dev/ros2_home_auto/install/custom_interfaces/include/custom_interfaces/custom_interfaces/msg/detail
[0.610s] -- Up-to-date: /home/jan/dev/ros2_home_auto/install/custom_interfaces/include/custom_interfaces/custom_interfaces/msg/detail/color_array__rosidl_typesupport_introspection_cpp.hpp
[0.610s] -- Up-to-date: /home/jan/dev/ros2_home_auto/install/custom_interfaces/include/custom_interfaces/custom_interfaces/msg/detail/color_array__type_support.cpp
[0.610s] -- Up-to-date: /home/jan/dev/ros2_home_auto/install/custom_interfaces/include/custom_interfaces/custom_interfaces/msg/detail/color__rosidl_typesupport_introspection_cpp.hpp
[0.610s] -- Up-to-date: /home/jan/dev/ros2_home_auto/install/custom_interfaces/include/custom_interfaces/custom_interfaces/msg/detail/color__type_support.cpp
[0.610s] -- Up-to-date: /home/jan/dev/ros2_home_auto/install/custom_interfaces/lib/libcustom_interfaces__rosidl_typesupport_introspection_cpp.so
[0.610s] -- Up-to-date: /home/jan/dev/ros2_home_auto/install/custom_interfaces/lib/libcustom_interfaces__rosidl_typesupport_cpp.so
[0.610s] -- Up-to-date: /home/jan/dev/ros2_home_auto/install/custom_interfaces/share/custom_interfaces/environment/pythonpath.sh
[0.610s] -- Up-to-date: /home/jan/dev/ros2_home_auto/install/custom_interfaces/share/custom_interfaces/environment/pythonpath.dsv
[0.610s] -- Up-to-date: /home/jan/dev/ros2_home_auto/install/custom_interfaces/local/lib/python3.10/dist-packages/custom_interfaces-0.0.0-py3.10.egg-info
[0.611s] -- Installing: /home/jan/dev/ros2_home_auto/install/custom_interfaces/local/lib/python3.10/dist-packages/custom_interfaces-0.0.0-py3.10.egg-info/PKG-INFO
[0.611s] -- Installing: /home/jan/dev/ros2_home_auto/install/custom_interfaces/local/lib/python3.10/dist-packages/custom_interfaces-0.0.0-py3.10.egg-info/SOURCES.txt
[0.611s] -- Installing: /home/jan/dev/ros2_home_auto/install/custom_interfaces/local/lib/python3.10/dist-packages/custom_interfaces-0.0.0-py3.10.egg-info/top_level.txt
[0.611s] -- Installing: /home/jan/dev/ros2_home_auto/install/custom_interfaces/local/lib/python3.10/dist-packages/custom_interfaces-0.0.0-py3.10.egg-info/dependency_links.txt
[0.611s] -- Up-to-date: /home/jan/dev/ros2_home_auto/install/custom_interfaces/local/lib/python3.10/dist-packages/custom_interfaces
[0.611s] -- Up-to-date: /home/jan/dev/ros2_home_auto/install/custom_interfaces/local/lib/python3.10/dist-packages/custom_interfaces/_custom_interfaces_s.ep.rosidl_typesupport_c.c
[0.611s] -- Up-to-date: /home/jan/dev/ros2_home_auto/install/custom_interfaces/local/lib/python3.10/dist-packages/custom_interfaces/msg
[0.611s] -- Up-to-date: /home/jan/dev/ros2_home_auto/install/custom_interfaces/local/lib/python3.10/dist-packages/custom_interfaces/msg/_color.py
[0.611s] -- Up-to-date: /home/jan/dev/ros2_home_auto/install/custom_interfaces/local/lib/python3.10/dist-packages/custom_interfaces/msg/__init__.py
[0.611s] -- Up-to-date: /home/jan/dev/ros2_home_auto/install/custom_interfaces/local/lib/python3.10/dist-packages/custom_interfaces/msg/_color_s.c
[0.611s] -- Up-to-date: /home/jan/dev/ros2_home_auto/install/custom_interfaces/local/lib/python3.10/dist-packages/custom_interfaces/msg/_color_array.py
[0.611s] -- Up-to-date: /home/jan/dev/ros2_home_auto/install/custom_interfaces/local/lib/python3.10/dist-packages/custom_interfaces/msg/_color_array_s.c
[0.611s] -- Up-to-date: /home/jan/dev/ros2_home_auto/install/custom_interfaces/local/lib/python3.10/dist-packages/custom_interfaces/_custom_interfaces_s.ep.rosidl_typesupport_fastrtps_c.c
[0.611s] -- Up-to-date: /home/jan/dev/ros2_home_auto/install/custom_interfaces/local/lib/python3.10/dist-packages/custom_interfaces/__init__.py
[0.611s] -- Up-to-date: /home/jan/dev/ros2_home_auto/install/custom_interfaces/local/lib/python3.10/dist-packages/custom_interfaces/libcustom_interfaces__rosidl_generator_py.so
[0.612s] -- Up-to-date: /home/jan/dev/ros2_home_auto/install/custom_interfaces/local/lib/python3.10/dist-packages/custom_interfaces/custom_interfaces_s__rosidl_typesupport_fastrtps_c.cpython-310-x86_64-linux-gnu.so
[0.612s] -- Up-to-date: /home/jan/dev/ros2_home_auto/install/custom_interfaces/local/lib/python3.10/dist-packages/custom_interfaces/custom_interfaces_s__rosidl_typesupport_introspection_c.cpython-310-x86_64-linux-gnu.so
[0.612s] -- Up-to-date: /home/jan/dev/ros2_home_auto/install/custom_interfaces/local/lib/python3.10/dist-packages/custom_interfaces/_custom_interfaces_s.ep.rosidl_typesupport_introspection_c.c
[0.612s] -- Up-to-date: /home/jan/dev/ros2_home_auto/install/custom_interfaces/local/lib/python3.10/dist-packages/custom_interfaces/custom_interfaces_s__rosidl_typesupport_c.cpython-310-x86_64-linux-gnu.so
[0.638s] Listing '/home/jan/dev/ros2_home_auto/install/custom_interfaces/local/lib/python3.10/dist-packages/custom_interfaces'...
[0.638s] Listing '/home/jan/dev/ros2_home_auto/install/custom_interfaces/local/lib/python3.10/dist-packages/custom_interfaces/msg'...
[0.643s] -- Up-to-date: /home/jan/dev/ros2_home_auto/install/custom_interfaces/local/lib/python3.10/dist-packages/custom_interfaces/custom_interfaces_s__rosidl_typesupport_fastrtps_c.cpython-310-x86_64-linux-gnu.so
[0.643s] -- Up-to-date: /home/jan/dev/ros2_home_auto/install/custom_interfaces/local/lib/python3.10/dist-packages/custom_interfaces/custom_interfaces_s__rosidl_typesupport_introspection_c.cpython-310-x86_64-linux-gnu.so
[0.643s] -- Up-to-date: /home/jan/dev/ros2_home_auto/install/custom_interfaces/local/lib/python3.10/dist-packages/custom_interfaces/custom_interfaces_s__rosidl_typesupport_c.cpython-310-x86_64-linux-gnu.so
[0.644s] -- Up-to-date: /home/jan/dev/ros2_home_auto/install/custom_interfaces/lib/libcustom_interfaces__rosidl_generator_py.so
[0.644s] -- Up-to-date: /home/jan/dev/ros2_home_auto/install/custom_interfaces/share/custom_interfaces/msg/Color.idl
[0.644s] -- Up-to-date: /home/jan/dev/ros2_home_auto/install/custom_interfaces/share/custom_interfaces/msg/ColorArray.idl
[0.644s] -- Up-to-date: /home/jan/dev/ros2_home_auto/install/custom_interfaces/share/custom_interfaces/msg/Color.msg
[0.644s] -- Up-to-date: /home/jan/dev/ros2_home_auto/install/custom_interfaces/share/custom_interfaces/msg/ColorArray.msg
[0.644s] -- Up-to-date: /home/jan/dev/ros2_home_auto/install/custom_interfaces/share/ament_index/resource_index/package_run_dependencies/custom_interfaces
[0.645s] -- Up-to-date: /home/jan/dev/ros2_home_auto/install/custom_interfaces/share/ament_index/resource_index/parent_prefix_path/custom_interfaces
[0.645s] -- Up-to-date: /home/jan/dev/ros2_home_auto/install/custom_interfaces/share/custom_interfaces/environment/ament_prefix_path.sh
[0.645s] -- Up-to-date: /home/jan/dev/ros2_home_auto/install/custom_interfaces/share/custom_interfaces/environment/ament_prefix_path.dsv
[0.645s] -- Up-to-date: /home/jan/dev/ros2_home_auto/install/custom_interfaces/share/custom_interfaces/environment/path.sh
[0.645s] -- Up-to-date: /home/jan/dev/ros2_home_auto/install/custom_interfaces/share/custom_interfaces/environment/path.dsv
[0.645s] -- Up-to-date: /home/jan/dev/ros2_home_auto/install/custom_interfaces/share/custom_interfaces/local_setup.bash
[0.645s] -- Up-to-date: /home/jan/dev/ros2_home_auto/install/custom_interfaces/share/custom_interfaces/local_setup.sh
[0.645s] -- Up-to-date: /home/jan/dev/ros2_home_auto/install/custom_interfaces/share/custom_interfaces/local_setup.zsh
[0.645s] -- Up-to-date: /home/jan/dev/ros2_home_auto/install/custom_interfaces/share/custom_interfaces/local_setup.dsv
[0.645s] -- Installing: /home/jan/dev/ros2_home_auto/install/custom_interfaces/share/custom_interfaces/package.dsv
[0.645s] -- Up-to-date: /home/jan/dev/ros2_home_auto/install/custom_interfaces/share/ament_index/resource_index/packages/custom_interfaces
[0.645s] -- Up-to-date: /home/jan/dev/ros2_home_auto/install/custom_interfaces/share/custom_interfaces/cmake/export_custom_interfaces__rosidl_generator_cExport.cmake
[0.646s] -- Up-to-date: /home/jan/dev/ros2_home_auto/install/custom_interfaces/share/custom_interfaces/cmake/export_custom_interfaces__rosidl_generator_cExport-noconfig.cmake
[0.646s] -- Up-to-date: /home/jan/dev/ros2_home_auto/install/custom_interfaces/share/custom_interfaces/cmake/export_custom_interfaces__rosidl_typesupport_fastrtps_cExport.cmake
[0.646s] -- Up-to-date: /home/jan/dev/ros2_home_auto/install/custom_interfaces/share/custom_interfaces/cmake/export_custom_interfaces__rosidl_typesupport_fastrtps_cExport-noconfig.cmake
[0.646s] -- Up-to-date: /home/jan/dev/ros2_home_auto/install/custom_interfaces/share/custom_interfaces/cmake/custom_interfaces__rosidl_typesupport_introspection_cExport.cmake
[0.646s] -- Up-to-date: /home/jan/dev/ros2_home_auto/install/custom_interfaces/share/custom_interfaces/cmake/custom_interfaces__rosidl_typesupport_introspection_cExport-noconfig.cmake
[0.646s] -- Up-to-date: /home/jan/dev/ros2_home_auto/install/custom_interfaces/share/custom_interfaces/cmake/custom_interfaces__rosidl_typesupport_cExport.cmake
[0.646s] -- Up-to-date: /home/jan/dev/ros2_home_auto/install/custom_interfaces/share/custom_interfaces/cmake/custom_interfaces__rosidl_typesupport_cExport-noconfig.cmake
[0.646s] -- Up-to-date: /home/jan/dev/ros2_home_auto/install/custom_interfaces/share/custom_interfaces/cmake/export_custom_interfaces__rosidl_generator_cppExport.cmake
[0.646s] -- Up-to-date: /home/jan/dev/ros2_home_auto/install/custom_interfaces/share/custom_interfaces/cmake/export_custom_interfaces__rosidl_typesupport_fastrtps_cppExport.cmake
[0.646s] -- Up-to-date: /home/jan/dev/ros2_home_auto/install/custom_interfaces/share/custom_interfaces/cmake/export_custom_interfaces__rosidl_typesupport_fastrtps_cppExport-noconfig.cmake
[0.646s] -- Up-to-date: /home/jan/dev/ros2_home_auto/install/custom_interfaces/share/custom_interfaces/cmake/custom_interfaces__rosidl_typesupport_introspection_cppExport.cmake
[0.646s] -- Up-to-date: /home/jan/dev/ros2_home_auto/install/custom_interfaces/share/custom_interfaces/cmake/custom_interfaces__rosidl_typesupport_introspection_cppExport-noconfig.cmake
[0.646s] -- Up-to-date: /home/jan/dev/ros2_home_auto/install/custom_interfaces/share/custom_interfaces/cmake/custom_interfaces__rosidl_typesupport_cppExport.cmake
[0.647s] -- Up-to-date: /home/jan/dev/ros2_home_auto/install/custom_interfaces/share/custom_interfaces/cmake/custom_interfaces__rosidl_typesupport_cppExport-noconfig.cmake
[0.647s] -- Up-to-date: /home/jan/dev/ros2_home_auto/install/custom_interfaces/share/custom_interfaces/cmake/export_custom_interfaces__rosidl_generator_pyExport.cmake
[0.647s] -- Up-to-date: /home/jan/dev/ros2_home_auto/install/custom_interfaces/share/custom_interfaces/cmake/export_custom_interfaces__rosidl_generator_pyExport-noconfig.cmake
[0.647s] -- Up-to-date: /home/jan/dev/ros2_home_auto/install/custom_interfaces/share/custom_interfaces/cmake/rosidl_cmake-extras.cmake
[0.647s] -- Up-to-date: /home/jan/dev/ros2_home_auto/install/custom_interfaces/share/custom_interfaces/cmake/ament_cmake_export_include_directories-extras.cmake
[0.647s] -- Up-to-date: /home/jan/dev/ros2_home_auto/install/custom_interfaces/share/custom_interfaces/cmake/ament_cmake_export_libraries-extras.cmake
[0.647s] -- Up-to-date: /home/jan/dev/ros2_home_auto/install/custom_interfaces/share/custom_interfaces/cmake/ament_cmake_export_targets-extras.cmake
[0.647s] -- Up-to-date: /home/jan/dev/ros2_home_auto/install/custom_interfaces/share/custom_interfaces/cmake/rosidl_cmake_export_typesupport_targets-extras.cmake
[0.647s] -- Up-to-date: /home/jan/dev/ros2_home_auto/install/custom_interfaces/share/custom_interfaces/cmake/ament_cmake_export_dependencies-extras.cmake
[0.648s] -- Up-to-date: /home/jan/dev/ros2_home_auto/install/custom_interfaces/share/custom_interfaces/cmake/rosidl_cmake_export_typesupport_libraries-extras.cmake
[0.648s] -- Up-to-date: /home/jan/dev/ros2_home_auto/install/custom_interfaces/share/custom_interfaces/cmake/custom_interfacesConfig.cmake
[0.648s] -- Up-to-date: /home/jan/dev/ros2_home_auto/install/custom_interfaces/share/custom_interfaces/cmake/custom_interfacesConfig-version.cmake
[0.648s] -- Up-to-date: /home/jan/dev/ros2_home_auto/install/custom_interfaces/share/custom_interfaces/package.xml
[0.649s] Invoked command in '/home/jan/dev/ros2_home_auto/build/custom_interfaces' returned '0': CMAKE_PREFIX_PATH=${CMAKE_PREFIX_PATH}:/home/jan/dev/ros2_home_auto/install/led_control:/opt/ros/humble /usr/bin/cmake --install /home/jan/dev/ros2_home_auto/build/custom_interfaces
