[0.942s] DEBUG:colcon:Command line arguments: ['/usr/bin/colcon', 'build']
[0.942s] DEBUG:colcon:Parsed command line arguments: Namespace(log_base=None, log_level=None, verb_name='build', build_base='build', install_base='install', merge_install=False, symlink_install=False, test_result_base=None, continue_on_error=False, executor='parallel', parallel_workers=12, event_handlers=None, ignore_user_meta=False, metas=['./colcon.meta'], base_paths=['.'], packages_ignore=None, packages_ignore_regex=None, paths=None, packages_up_to=None, packages_up_to_regex=None, packages_above=None, packages_above_and_dependencies=None, packages_above_depth=None, packages_select_by_dep=None, packages_skip_by_dep=None, packages_skip_up_to=None, packages_select_build_failed=False, packages_skip_build_finished=False, packages_select_test_failures=False, packages_skip_test_passed=False, packages_select=None, packages_skip=None, packages_select_regex=None, packages_skip_regex=None, packages_start=None, packages_end=None, allow_overriding=[], cmake_args=None, cmake_target=None, cmake_target_skip_unavailable=False, cmake_clean_cache=False, cmake_clean_first=False, cmake_force_configure=False, ament_cmake_args=None, catkin_cmake_args=None, catkin_skip_building_tests=False, verb_parser=<colcon_defaults.argument_parser.defaults.DefaultArgumentsDecorator object at 0x7ebe85530610>, verb_extension=<colcon_core.verb.build.BuildVerb object at 0x7ebe8585ceb0>, main=<bound method BuildVerb.main of <colcon_core.verb.build.BuildVerb object at 0x7ebe8585ceb0>>)
[0.986s] Level 1:colcon.colcon_core.package_discovery:discover_packages(colcon_meta) check parameters
[0.986s] Level 1:colcon.colcon_core.package_discovery:discover_packages(recursive) check parameters
[0.986s] Level 1:colcon.colcon_core.package_discovery:discover_packages(ignore) check parameters
[0.986s] Level 1:colcon.colcon_core.package_discovery:discover_packages(path) check parameters
[0.986s] Level 1:colcon.colcon_core.package_discovery:discover_packages(colcon_meta) discover
[0.986s] Level 1:colcon.colcon_core.package_discovery:discover_packages(recursive) discover
[0.986s] INFO:colcon.colcon_core.package_discovery:Crawling recursively for packages in '/home/jan/dev/ros2_home_auto'
[0.987s] Level 1:colcon.colcon_core.package_identification:_identify(.) by extensions ['ignore', 'ignore_ament_install']
[0.987s] Level 1:colcon.colcon_core.package_identification:_identify(.) by extension 'ignore'
[0.987s] Level 1:colcon.colcon_core.package_identification:_identify(.) by extension 'ignore_ament_install'
[0.987s] Level 1:colcon.colcon_core.package_identification:_identify(.) by extensions ['colcon_pkg']
[0.987s] Level 1:colcon.colcon_core.package_identification:_identify(.) by extension 'colcon_pkg'
[0.987s] Level 1:colcon.colcon_core.package_identification:_identify(.) by extensions ['colcon_meta']
[0.987s] Level 1:colcon.colcon_core.package_identification:_identify(.) by extension 'colcon_meta'
[0.987s] Level 1:colcon.colcon_core.package_identification:_identify(.) by extensions ['ros']
[0.987s] Level 1:colcon.colcon_core.package_identification:_identify(.) by extension 'ros'
[0.996s] Level 1:colcon.colcon_core.package_identification:_identify(.) by extensions ['cmake', 'python']
[0.996s] Level 1:colcon.colcon_core.package_identification:_identify(.) by extension 'cmake'
[0.996s] Level 1:colcon.colcon_core.package_identification:_identify(.) by extension 'python'
[0.996s] Level 1:colcon.colcon_core.package_identification:_identify(.) by extensions ['python_setup_py']
[0.996s] Level 1:colcon.colcon_core.package_identification:_identify(.) by extension 'python_setup_py'
[0.996s] Level 1:colcon.colcon_core.package_identification:_identify(build) by extensions ['ignore', 'ignore_ament_install']
[0.996s] Level 1:colcon.colcon_core.package_identification:_identify(build) by extension 'ignore'
[0.997s] Level 1:colcon.colcon_core.package_identification:_identify(build) ignored
[0.997s] Level 1:colcon.colcon_core.package_identification:_identify(install) by extensions ['ignore', 'ignore_ament_install']
[0.997s] Level 1:colcon.colcon_core.package_identification:_identify(install) by extension 'ignore'
[0.997s] Level 1:colcon.colcon_core.package_identification:_identify(install) ignored
[0.997s] Level 1:colcon.colcon_core.package_identification:_identify(log) by extensions ['ignore', 'ignore_ament_install']
[0.997s] Level 1:colcon.colcon_core.package_identification:_identify(log) by extension 'ignore'
[0.997s] Level 1:colcon.colcon_core.package_identification:_identify(log) ignored
[0.997s] Level 1:colcon.colcon_core.package_identification:_identify(src) by extensions ['ignore', 'ignore_ament_install']
[0.997s] Level 1:colcon.colcon_core.package_identification:_identify(src) by extension 'ignore'
[0.997s] Level 1:colcon.colcon_core.package_identification:_identify(src) by extension 'ignore_ament_install'
[0.997s] Level 1:colcon.colcon_core.package_identification:_identify(src) by extensions ['colcon_pkg']
[0.997s] Level 1:colcon.colcon_core.package_identification:_identify(src) by extension 'colcon_pkg'
[0.997s] Level 1:colcon.colcon_core.package_identification:_identify(src) by extensions ['colcon_meta']
[0.997s] Level 1:colcon.colcon_core.package_identification:_identify(src) by extension 'colcon_meta'
[0.997s] Level 1:colcon.colcon_core.package_identification:_identify(src) by extensions ['ros']
[0.997s] Level 1:colcon.colcon_core.package_identification:_identify(src) by extension 'ros'
[0.997s] Level 1:colcon.colcon_core.package_identification:_identify(src) by extensions ['cmake', 'python']
[0.997s] Level 1:colcon.colcon_core.package_identification:_identify(src) by extension 'cmake'
[0.998s] Level 1:colcon.colcon_core.package_identification:_identify(src) by extension 'python'
[0.998s] Level 1:colcon.colcon_core.package_identification:_identify(src) by extensions ['python_setup_py']
[0.998s] Level 1:colcon.colcon_core.package_identification:_identify(src) by extension 'python_setup_py'
[0.998s] Level 1:colcon.colcon_core.package_identification:_identify(src/custom_interfaces) by extensions ['ignore', 'ignore_ament_install']
[0.998s] Level 1:colcon.colcon_core.package_identification:_identify(src/custom_interfaces) by extension 'ignore'
[0.998s] Level 1:colcon.colcon_core.package_identification:_identify(src/custom_interfaces) by extension 'ignore_ament_install'
[0.998s] Level 1:colcon.colcon_core.package_identification:_identify(src/custom_interfaces) by extensions ['colcon_pkg']
[0.998s] Level 1:colcon.colcon_core.package_identification:_identify(src/custom_interfaces) by extension 'colcon_pkg'
[0.998s] Level 1:colcon.colcon_core.package_identification:_identify(src/custom_interfaces) by extensions ['colcon_meta']
[0.998s] Level 1:colcon.colcon_core.package_identification:_identify(src/custom_interfaces) by extension 'colcon_meta'
[0.998s] Level 1:colcon.colcon_core.package_identification:_identify(src/custom_interfaces) by extensions ['ros']
[0.998s] Level 1:colcon.colcon_core.package_identification:_identify(src/custom_interfaces) by extension 'ros'
[1.000s] DEBUG:colcon.colcon_core.package_identification:Package 'src/custom_interfaces' with type 'ros.ament_cmake' and name 'custom_interfaces'
[1.000s] Level 1:colcon.colcon_core.package_identification:_identify(src/led_control) by extensions ['ignore', 'ignore_ament_install']
[1.000s] Level 1:colcon.colcon_core.package_identification:_identify(src/led_control) by extension 'ignore'
[1.000s] Level 1:colcon.colcon_core.package_identification:_identify(src/led_control) by extension 'ignore_ament_install'
[1.000s] Level 1:colcon.colcon_core.package_identification:_identify(src/led_control) by extensions ['colcon_pkg']
[1.000s] Level 1:colcon.colcon_core.package_identification:_identify(src/led_control) by extension 'colcon_pkg'
[1.000s] Level 1:colcon.colcon_core.package_identification:_identify(src/led_control) by extensions ['colcon_meta']
[1.000s] Level 1:colcon.colcon_core.package_identification:_identify(src/led_control) by extension 'colcon_meta'
[1.000s] Level 1:colcon.colcon_core.package_identification:_identify(src/led_control) by extensions ['ros']
[1.000s] Level 1:colcon.colcon_core.package_identification:_identify(src/led_control) by extension 'ros'
[1.001s] DEBUG:colcon.colcon_core.package_identification:Package 'src/led_control' with type 'ros.ament_python' and name 'led_control'
[1.001s] Level 1:colcon.colcon_core.package_discovery:discover_packages(recursive) using defaults
[1.001s] Level 1:colcon.colcon_core.package_discovery:discover_packages(ignore) discover
[1.001s] Level 1:colcon.colcon_core.package_discovery:discover_packages(ignore) using defaults
[1.001s] Level 1:colcon.colcon_core.package_discovery:discover_packages(path) discover
[1.001s] Level 1:colcon.colcon_core.package_discovery:discover_packages(path) using defaults
[1.086s] Level 1:colcon.colcon_core.package_discovery:discover_packages(prefix_path) check parameters
[1.087s] Level 1:colcon.colcon_core.package_discovery:discover_packages(prefix_path) discover
[1.115s] DEBUG:colcon.colcon_installed_package_information.package_discovery:Found 2 installed packages in /home/jan/dev/ros2_home_auto/install
[1.130s] DEBUG:colcon.colcon_installed_package_information.package_discovery:Found 270 installed packages in /opt/ros/humble
[1.131s] Level 1:colcon.colcon_core.package_discovery:discover_packages(prefix_path) using defaults
[1.216s] Level 5:colcon.colcon_core.verb:set package 'custom_interfaces' build argument 'cmake_args' from command line to 'None'
[1.216s] Level 5:colcon.colcon_core.verb:set package 'custom_interfaces' build argument 'cmake_target' from command line to 'None'
[1.216s] Level 5:colcon.colcon_core.verb:set package 'custom_interfaces' build argument 'cmake_target_skip_unavailable' from command line to 'False'
[1.216s] Level 5:colcon.colcon_core.verb:set package 'custom_interfaces' build argument 'cmake_clean_cache' from command line to 'False'
[1.216s] Level 5:colcon.colcon_core.verb:set package 'custom_interfaces' build argument 'cmake_clean_first' from command line to 'False'
[1.216s] Level 5:colcon.colcon_core.verb:set package 'custom_interfaces' build argument 'cmake_force_configure' from command line to 'False'
[1.216s] Level 5:colcon.colcon_core.verb:set package 'custom_interfaces' build argument 'ament_cmake_args' from command line to 'None'
[1.216s] Level 5:colcon.colcon_core.verb:set package 'custom_interfaces' build argument 'catkin_cmake_args' from command line to 'None'
[1.216s] Level 5:colcon.colcon_core.verb:set package 'custom_interfaces' build argument 'catkin_skip_building_tests' from command line to 'False'
[1.216s] DEBUG:colcon.colcon_core.verb:Building package 'custom_interfaces' with the following arguments: {'ament_cmake_args': None, 'build_base': '/home/jan/dev/ros2_home_auto/build/custom_interfaces', 'catkin_cmake_args': None, 'catkin_skip_building_tests': False, 'cmake_args': None, 'cmake_clean_cache': False, 'cmake_clean_first': False, 'cmake_force_configure': False, 'cmake_target': None, 'cmake_target_skip_unavailable': False, 'install_base': '/home/jan/dev/ros2_home_auto/install/custom_interfaces', 'merge_install': False, 'path': '/home/jan/dev/ros2_home_auto/src/custom_interfaces', 'symlink_install': False, 'test_result_base': None}
[1.230s] Level 5:colcon.colcon_core.verb:set package 'led_control' build argument 'cmake_args' from command line to 'None'
[1.230s] Level 5:colcon.colcon_core.verb:set package 'led_control' build argument 'cmake_target' from command line to 'None'
[1.230s] Level 5:colcon.colcon_core.verb:set package 'led_control' build argument 'cmake_target_skip_unavailable' from command line to 'False'
[1.230s] Level 5:colcon.colcon_core.verb:set package 'led_control' build argument 'cmake_clean_cache' from command line to 'False'
[1.230s] Level 5:colcon.colcon_core.verb:set package 'led_control' build argument 'cmake_clean_first' from command line to 'False'
[1.230s] Level 5:colcon.colcon_core.verb:set package 'led_control' build argument 'cmake_force_configure' from command line to 'False'
[1.230s] Level 5:colcon.colcon_core.verb:set package 'led_control' build argument 'ament_cmake_args' from command line to 'None'
[1.230s] Level 5:colcon.colcon_core.verb:set package 'led_control' build argument 'catkin_cmake_args' from command line to 'None'
[1.230s] Level 5:colcon.colcon_core.verb:set package 'led_control' build argument 'catkin_skip_building_tests' from command line to 'False'
[1.230s] DEBUG:colcon.colcon_core.verb:Building package 'led_control' with the following arguments: {'ament_cmake_args': None, 'build_base': '/home/jan/dev/ros2_home_auto/build/led_control', 'catkin_cmake_args': None, 'catkin_skip_building_tests': False, 'cmake_args': None, 'cmake_clean_cache': False, 'cmake_clean_first': False, 'cmake_force_configure': False, 'cmake_target': None, 'cmake_target_skip_unavailable': False, 'install_base': '/home/jan/dev/ros2_home_auto/install/led_control', 'merge_install': False, 'path': '/home/jan/dev/ros2_home_auto/src/led_control', 'symlink_install': False, 'test_result_base': None}
[1.244s] INFO:colcon.colcon_core.executor:Executing jobs using 'parallel' executor
[1.259s] DEBUG:colcon.colcon_parallel_executor.executor.parallel:run_until_complete
[1.259s] INFO:colcon.colcon_ros.task.ament_cmake.build:Building ROS package in '/home/jan/dev/ros2_home_auto/src/custom_interfaces' with build type 'ament_cmake'
[1.259s] INFO:colcon.colcon_cmake.task.cmake.build:Building CMake package in '/home/jan/dev/ros2_home_auto/src/custom_interfaces'
[1.275s] INFO:colcon.colcon_core.plugin_system:Skipping extension 'colcon_core.shell.bat': Not used on non-Windows systems
[1.275s] INFO:colcon.colcon_core.shell:Skip shell extension 'powershell' for command environment: Not usable outside of PowerShell
[1.275s] DEBUG:colcon.colcon_core.shell:Skip shell extension 'dsv' for command environment
[1.320s] INFO:colcon.colcon_ros.task.ament_python.build:Building ROS package in '/home/jan/dev/ros2_home_auto/src/led_control' with build type 'ament_python'
[1.320s] Level 1:colcon.colcon_core.shell:create_environment_hook('led_control', 'ament_prefix_path')
[1.335s] INFO:colcon.colcon_core.shell:Creating environment hook '/home/jan/dev/ros2_home_auto/install/led_control/share/led_control/hook/ament_prefix_path.ps1'
[1.336s] INFO:colcon.colcon_core.shell:Creating environment descriptor '/home/jan/dev/ros2_home_auto/install/led_control/share/led_control/hook/ament_prefix_path.dsv'
[1.336s] INFO:colcon.colcon_core.shell:Creating environment hook '/home/jan/dev/ros2_home_auto/install/led_control/share/led_control/hook/ament_prefix_path.sh'
[1.353s] INFO:colcon.colcon_core.shell:Skip shell extension 'powershell' for command environment: Not usable outside of PowerShell
[1.353s] DEBUG:colcon.colcon_core.shell:Skip shell extension 'dsv' for command environment
[1.415s] DEBUG:colcon.colcon_core.event_handler.log_command:Invoking command in '/home/jan/dev/ros2_home_auto/build/custom_interfaces': CMAKE_PREFIX_PATH=${CMAKE_PREFIX_PATH}:/home/jan/dev/ros2_home_auto/install/led_control:/opt/ros/humble /usr/bin/cmake --build /home/jan/dev/ros2_home_auto/build/custom_interfaces -- -j12 -l12
[1.644s] INFO:colcon.colcon_core.task.python.build:Building Python package in '/home/jan/dev/ros2_home_auto/src/led_control'
[1.662s] INFO:colcon.colcon_core.shell:Skip shell extension 'powershell' for command environment: Not usable outside of PowerShell
[1.662s] DEBUG:colcon.colcon_core.shell:Skip shell extension 'dsv' for command environment
[1.991s] DEBUG:colcon.colcon_core.event_handler.log_command:Invoking command in '/home/jan/dev/ros2_home_auto/src/led_control': PYTHONPATH=/home/jan/dev/ros2_home_auto/build/led_control/prefix_override:/home/jan/dev/ros2_home_auto/install/led_control/lib/python3.10/site-packages:${PYTHONPATH} /usr/bin/python3 setup.py egg_info --egg-base ../../build/led_control build --build-base /home/jan/dev/ros2_home_auto/build/led_control/build install --record /home/jan/dev/ros2_home_auto/build/led_control/install.log --single-version-externally-managed
[2.268s] DEBUG:colcon.colcon_core.event_handler.log_command:Invoked command in '/home/jan/dev/ros2_home_auto/src/led_control' returned '0': PYTHONPATH=/home/jan/dev/ros2_home_auto/build/led_control/prefix_override:/home/jan/dev/ros2_home_auto/install/led_control/lib/python3.10/site-packages:${PYTHONPATH} /usr/bin/python3 setup.py egg_info --egg-base ../../build/led_control build --build-base /home/jan/dev/ros2_home_auto/build/led_control/build install --record /home/jan/dev/ros2_home_auto/build/led_control/install.log --single-version-externally-managed
[2.294s] Level 1:colcon.colcon_core.environment:checking '/home/jan/dev/ros2_home_auto/install/led_control' for CMake module files
[2.295s] Level 1:colcon.colcon_core.environment:checking '/home/jan/dev/ros2_home_auto/install/led_control' for CMake config files
[2.295s] Level 1:colcon.colcon_core.environment:checking '/home/jan/dev/ros2_home_auto/install/led_control/lib'
[2.296s] Level 1:colcon.colcon_core.environment:checking '/home/jan/dev/ros2_home_auto/install/led_control/bin'
[2.296s] Level 1:colcon.colcon_core.environment:checking '/home/jan/dev/ros2_home_auto/install/led_control/lib/pkgconfig/led_control.pc'
[2.296s] Level 1:colcon.colcon_core.environment:checking '/home/jan/dev/ros2_home_auto/install/led_control/lib/python3.10/site-packages'
[2.296s] Level 1:colcon.colcon_core.shell:create_environment_hook('led_control', 'pythonpath')
[2.320s] INFO:colcon.colcon_core.shell:Creating environment hook '/home/jan/dev/ros2_home_auto/install/led_control/share/led_control/hook/pythonpath.ps1'
[2.320s] INFO:colcon.colcon_core.shell:Creating environment descriptor '/home/jan/dev/ros2_home_auto/install/led_control/share/led_control/hook/pythonpath.dsv'
[2.320s] INFO:colcon.colcon_core.shell:Creating environment hook '/home/jan/dev/ros2_home_auto/install/led_control/share/led_control/hook/pythonpath.sh'
[2.321s] Level 1:colcon.colcon_core.environment:checking '/home/jan/dev/ros2_home_auto/install/led_control/bin'
[2.321s] Level 1:colcon.colcon_core.environment:create_environment_scripts_only(led_control)
[2.347s] INFO:colcon.colcon_core.shell:Creating package script '/home/jan/dev/ros2_home_auto/install/led_control/share/led_control/package.ps1'
[2.355s] INFO:colcon.colcon_core.shell:Creating package descriptor '/home/jan/dev/ros2_home_auto/install/led_control/share/led_control/package.dsv'
[2.356s] INFO:colcon.colcon_core.shell:Creating package script '/home/jan/dev/ros2_home_auto/install/led_control/share/led_control/package.sh'
[2.356s] INFO:colcon.colcon_core.shell:Creating package script '/home/jan/dev/ros2_home_auto/install/led_control/share/led_control/package.bash'
[2.357s] INFO:colcon.colcon_core.shell:Creating package script '/home/jan/dev/ros2_home_auto/install/led_control/share/led_control/package.zsh'
[2.357s] Level 1:colcon.colcon_core.environment:create_file_with_runtime_dependencies(/home/jan/dev/ros2_home_auto/install/led_control/share/colcon-core/packages/led_control)
[4.308s] DEBUG:colcon.colcon_core.event_handler.log_command:Invoked command in '/home/jan/dev/ros2_home_auto/build/custom_interfaces' returned '0': CMAKE_PREFIX_PATH=${CMAKE_PREFIX_PATH}:/home/jan/dev/ros2_home_auto/install/led_control:/opt/ros/humble /usr/bin/cmake --build /home/jan/dev/ros2_home_auto/build/custom_interfaces -- -j12 -l12
[4.372s] DEBUG:colcon.colcon_core.event_handler.log_command:Invoking command in '/home/jan/dev/ros2_home_auto/build/custom_interfaces': CMAKE_PREFIX_PATH=${CMAKE_PREFIX_PATH}:/home/jan/dev/ros2_home_auto/install/led_control:/opt/ros/humble /usr/bin/cmake --install /home/jan/dev/ros2_home_auto/build/custom_interfaces
[4.426s] Level 1:colcon.colcon_core.environment:create_environment_scripts_only(custom_interfaces)
[4.427s] DEBUG:colcon.colcon_core.event_handler.log_command:Invoked command in '/home/jan/dev/ros2_home_auto/build/custom_interfaces' returned '0': CMAKE_PREFIX_PATH=${CMAKE_PREFIX_PATH}:/home/jan/dev/ros2_home_auto/install/led_control:/opt/ros/humble /usr/bin/cmake --install /home/jan/dev/ros2_home_auto/build/custom_interfaces
[4.441s] Level 1:colcon.colcon_core.environment:checking '/home/jan/dev/ros2_home_auto/install/custom_interfaces' for CMake module files
[4.442s] Level 1:colcon.colcon_core.environment:checking '/home/jan/dev/ros2_home_auto/install/custom_interfaces' for CMake config files
[4.442s] Level 1:colcon.colcon_core.shell:create_environment_hook('custom_interfaces', 'cmake_prefix_path')
[4.456s] INFO:colcon.colcon_core.shell:Creating environment hook '/home/jan/dev/ros2_home_auto/install/custom_interfaces/share/custom_interfaces/hook/cmake_prefix_path.ps1'
[4.456s] INFO:colcon.colcon_core.shell:Creating environment descriptor '/home/jan/dev/ros2_home_auto/install/custom_interfaces/share/custom_interfaces/hook/cmake_prefix_path.dsv'
[4.456s] INFO:colcon.colcon_core.shell:Creating environment hook '/home/jan/dev/ros2_home_auto/install/custom_interfaces/share/custom_interfaces/hook/cmake_prefix_path.sh'
[4.457s] Level 1:colcon.colcon_core.environment:checking '/home/jan/dev/ros2_home_auto/install/custom_interfaces/lib'
[4.457s] Level 1:colcon.colcon_core.shell:create_environment_hook('custom_interfaces', 'ld_library_path_lib')
[4.471s] INFO:colcon.colcon_core.shell:Creating environment hook '/home/jan/dev/ros2_home_auto/install/custom_interfaces/share/custom_interfaces/hook/ld_library_path_lib.ps1'
[4.471s] INFO:colcon.colcon_core.shell:Creating environment descriptor '/home/jan/dev/ros2_home_auto/install/custom_interfaces/share/custom_interfaces/hook/ld_library_path_lib.dsv'
[4.471s] INFO:colcon.colcon_core.shell:Creating environment hook '/home/jan/dev/ros2_home_auto/install/custom_interfaces/share/custom_interfaces/hook/ld_library_path_lib.sh'
[4.472s] Level 1:colcon.colcon_core.environment:checking '/home/jan/dev/ros2_home_auto/install/custom_interfaces/bin'
[4.472s] Level 1:colcon.colcon_core.environment:checking '/home/jan/dev/ros2_home_auto/install/custom_interfaces/lib/pkgconfig/custom_interfaces.pc'
[4.472s] Level 1:colcon.colcon_core.environment:checking '/home/jan/dev/ros2_home_auto/install/custom_interfaces/lib/python3.10/site-packages'
[4.472s] Level 1:colcon.colcon_core.environment:checking '/home/jan/dev/ros2_home_auto/install/custom_interfaces/bin'
[4.486s] INFO:colcon.colcon_core.shell:Creating package script '/home/jan/dev/ros2_home_auto/install/custom_interfaces/share/custom_interfaces/package.ps1'
[4.487s] INFO:colcon.colcon_core.shell:Creating package descriptor '/home/jan/dev/ros2_home_auto/install/custom_interfaces/share/custom_interfaces/package.dsv'
[4.487s] INFO:colcon.colcon_core.shell:Creating package script '/home/jan/dev/ros2_home_auto/install/custom_interfaces/share/custom_interfaces/package.sh'
[4.487s] INFO:colcon.colcon_core.shell:Creating package script '/home/jan/dev/ros2_home_auto/install/custom_interfaces/share/custom_interfaces/package.bash'
[4.488s] INFO:colcon.colcon_core.shell:Creating package script '/home/jan/dev/ros2_home_auto/install/custom_interfaces/share/custom_interfaces/package.zsh'
[4.488s] Level 1:colcon.colcon_core.environment:create_file_with_runtime_dependencies(/home/jan/dev/ros2_home_auto/install/custom_interfaces/share/colcon-core/packages/custom_interfaces)
[4.575s] Level 1:colcon.colcon_core.environment:create_environment_scripts_only(custom_interfaces)
[4.594s] Level 1:colcon.colcon_core.environment:checking '/home/jan/dev/ros2_home_auto/install/custom_interfaces' for CMake module files
[4.594s] Level 1:colcon.colcon_core.environment:checking '/home/jan/dev/ros2_home_auto/install/custom_interfaces' for CMake config files
[4.595s] Level 1:colcon.colcon_core.shell:create_environment_hook('custom_interfaces', 'cmake_prefix_path')
[4.611s] INFO:colcon.colcon_core.shell:Creating environment hook '/home/jan/dev/ros2_home_auto/install/custom_interfaces/share/custom_interfaces/hook/cmake_prefix_path.ps1'
[4.612s] INFO:colcon.colcon_core.shell:Creating environment descriptor '/home/jan/dev/ros2_home_auto/install/custom_interfaces/share/custom_interfaces/hook/cmake_prefix_path.dsv'
[4.612s] INFO:colcon.colcon_core.shell:Creating environment hook '/home/jan/dev/ros2_home_auto/install/custom_interfaces/share/custom_interfaces/hook/cmake_prefix_path.sh'
[4.612s] Level 1:colcon.colcon_core.environment:checking '/home/jan/dev/ros2_home_auto/install/custom_interfaces/lib'
[4.613s] Level 1:colcon.colcon_core.shell:create_environment_hook('custom_interfaces', 'ld_library_path_lib')
[4.628s] INFO:colcon.colcon_core.shell:Creating environment hook '/home/jan/dev/ros2_home_auto/install/custom_interfaces/share/custom_interfaces/hook/ld_library_path_lib.ps1'
[4.628s] INFO:colcon.colcon_core.shell:Creating environment descriptor '/home/jan/dev/ros2_home_auto/install/custom_interfaces/share/custom_interfaces/hook/ld_library_path_lib.dsv'
[4.628s] INFO:colcon.colcon_core.shell:Creating environment hook '/home/jan/dev/ros2_home_auto/install/custom_interfaces/share/custom_interfaces/hook/ld_library_path_lib.sh'
[4.629s] Level 1:colcon.colcon_core.environment:checking '/home/jan/dev/ros2_home_auto/install/custom_interfaces/bin'
[4.629s] Level 1:colcon.colcon_core.environment:checking '/home/jan/dev/ros2_home_auto/install/custom_interfaces/lib/pkgconfig/custom_interfaces.pc'
[4.629s] Level 1:colcon.colcon_core.environment:checking '/home/jan/dev/ros2_home_auto/install/custom_interfaces/lib/python3.10/site-packages'
[4.629s] Level 1:colcon.colcon_core.environment:checking '/home/jan/dev/ros2_home_auto/install/custom_interfaces/bin'
[4.643s] INFO:colcon.colcon_core.shell:Creating package script '/home/jan/dev/ros2_home_auto/install/custom_interfaces/share/custom_interfaces/package.ps1'
[4.644s] INFO:colcon.colcon_core.shell:Creating package descriptor '/home/jan/dev/ros2_home_auto/install/custom_interfaces/share/custom_interfaces/package.dsv'
[4.644s] INFO:colcon.colcon_core.shell:Creating package script '/home/jan/dev/ros2_home_auto/install/custom_interfaces/share/custom_interfaces/package.sh'
[4.645s] INFO:colcon.colcon_core.shell:Creating package script '/home/jan/dev/ros2_home_auto/install/custom_interfaces/share/custom_interfaces/package.bash'
[4.645s] INFO:colcon.colcon_core.shell:Creating package script '/home/jan/dev/ros2_home_auto/install/custom_interfaces/share/custom_interfaces/package.zsh'
[4.645s] Level 1:colcon.colcon_core.environment:create_file_with_runtime_dependencies(/home/jan/dev/ros2_home_auto/install/custom_interfaces/share/colcon-core/packages/custom_interfaces)
[4.645s] DEBUG:colcon.colcon_parallel_executor.executor.parallel:closing loop
[4.646s] DEBUG:colcon.colcon_parallel_executor.executor.parallel:loop closed
[4.646s] DEBUG:colcon.colcon_parallel_executor.executor.parallel:run_until_complete finished with '0'
[4.646s] DEBUG:colcon.colcon_core.event_reactor:joining thread
[4.691s] INFO:colcon.colcon_core.plugin_system:Skipping extension 'colcon_notification.desktop_notification.terminal_notifier': Not used on non-Darwin systems
[4.691s] INFO:colcon.colcon_core.plugin_system:Skipping extension 'colcon_notification.desktop_notification.win32': Not used on non-Windows systems
[4.691s] INFO:colcon.colcon_notification.desktop_notification:Sending desktop notification using 'notify2'
[4.710s] DEBUG:colcon.colcon_core.event_reactor:joined thread
[4.729s] INFO:colcon.colcon_core.shell:Creating prefix script '/home/jan/dev/ros2_home_auto/install/local_setup.ps1'
[4.730s] INFO:colcon.colcon_core.shell:Creating prefix util module '/home/jan/dev/ros2_home_auto/install/_local_setup_util_ps1.py'
[4.731s] INFO:colcon.colcon_core.shell:Creating prefix chain script '/home/jan/dev/ros2_home_auto/install/setup.ps1'
[4.747s] INFO:colcon.colcon_core.shell:Creating prefix script '/home/jan/dev/ros2_home_auto/install/local_setup.sh'
[4.748s] INFO:colcon.colcon_core.shell:Creating prefix util module '/home/jan/dev/ros2_home_auto/install/_local_setup_util_sh.py'
[4.748s] INFO:colcon.colcon_core.shell:Creating prefix chain script '/home/jan/dev/ros2_home_auto/install/setup.sh'
[4.764s] INFO:colcon.colcon_core.shell:Creating prefix script '/home/jan/dev/ros2_home_auto/install/local_setup.bash'
[4.764s] INFO:colcon.colcon_core.shell:Creating prefix chain script '/home/jan/dev/ros2_home_auto/install/setup.bash'
[4.780s] INFO:colcon.colcon_core.shell:Creating prefix script '/home/jan/dev/ros2_home_auto/install/local_setup.zsh'
[4.781s] INFO:colcon.colcon_core.shell:Creating prefix chain script '/home/jan/dev/ros2_home_auto/install/setup.zsh'
