[0.254s] Invoking command in '/home/jan/dev/Ros2PoCLedControl/ros2_home_auto/build/custom_interfaces': CMAKE_PREFIX_PATH=${CMAKE_PREFIX_PATH}:/home/jan/dev/Ros2PoCLedControl/ros2_home_auto/install/video_capture:/home/jan/dev/Ros2PoCLedControl/ros2_home_auto/install/led_control:/opt/ros/humble /usr/bin/cmake /home/jan/dev/Ros2PoCLedControl/ros2_home_auto/src/custom_interfaces -DCMAKE_EXPORT_COMPILE_COMMANDS=ON -DCMAKE_INSTALL_PREFIX=/home/jan/dev/Ros2PoCLedControl/ros2_home_auto/install/custom_interfaces
[0.573s] -- Found ament_cmake: 1.3.8 (/opt/ros/humble/share/ament_cmake/cmake)
[0.573s] -- Found rosidl_default_generators: 1.2.0 (/opt/ros/humble/share/rosidl_default_generators/cmake)
[0.573s] -- Using all available rosidl_typesupport_c: rosidl_typesupport_fastrtps_c;rosidl_typesupport_introspection_c
[0.573s] -- Found rosidl_adapter: 3.1.5 (/opt/ros/humble/share/rosidl_adapter/cmake)
[0.573s] -- Using all available rosidl_typesupport_cpp: rosidl_typesupport_fastrtps_cpp;rosidl_typesupport_introspection_cpp
[0.775s] -- Found ament_cmake_ros: 0.10.0 (/opt/ros/humble/share/ament_cmake_ros/cmake)
[0.966s] -- Using all available rosidl_typesupport_c: rosidl_typesupport_fastrtps_c;rosidl_typesupport_introspection_c
[1.214s] -- Using all available rosidl_typesupport_cpp: rosidl_typesupport_fastrtps_cpp;rosidl_typesupport_introspection_cpp
[1.235s] -- Found python_cmake_module: 0.10.0 (/opt/ros/humble/share/python_cmake_module/cmake)
[1.258s] -- Using PYTHON_EXECUTABLE: /usr/bin/python3
[1.258s] -- Using PYTHON_INCLUDE_DIRS: /usr/include/python3.10
[1.259s] -- Using PYTHON_LIBRARIES: /usr/lib/x86_64-linux-gnu/libpython3.10.so
[1.277s] -- Found ament_lint_auto: 0.12.10 (/opt/ros/humble/share/ament_lint_auto/cmake)
[1.286s] -- Added test 'lint_cmake' to check CMake code style
[1.289s] -- Added test 'xmllint' to check XML markup files
[1.291s] -- Configuring done
[1.343s] -- Generating done
[1.346s] -- Build files have been written to: /home/jan/dev/Ros2PoCLedControl/ros2_home_auto/build/custom_interfaces
[1.354s] Invoked command in '/home/jan/dev/Ros2PoCLedControl/ros2_home_auto/build/custom_interfaces' returned '0': CMAKE_PREFIX_PATH=${CMAKE_PREFIX_PATH}:/home/jan/dev/Ros2PoCLedControl/ros2_home_auto/install/video_capture:/home/jan/dev/Ros2PoCLedControl/ros2_home_auto/install/led_control:/opt/ros/humble /usr/bin/cmake /home/jan/dev/Ros2PoCLedControl/ros2_home_auto/src/custom_interfaces -DCMAKE_EXPORT_COMPILE_COMMANDS=ON -DCMAKE_INSTALL_PREFIX=/home/jan/dev/Ros2PoCLedControl/ros2_home_auto/install/custom_interfaces
[1.355s] Invoking command in '/home/jan/dev/Ros2PoCLedControl/ros2_home_auto/build/custom_interfaces': CMAKE_PREFIX_PATH=${CMAKE_PREFIX_PATH}:/home/jan/dev/Ros2PoCLedControl/ros2_home_auto/install/video_capture:/home/jan/dev/Ros2PoCLedControl/ros2_home_auto/install/led_control:/opt/ros/humble /usr/bin/cmake --build /home/jan/dev/Ros2PoCLedControl/ros2_home_auto/build/custom_interfaces -- -j12 -l12
[1.391s] [35m[1mConsolidate compiler generated dependencies of target custom_interfaces__rosidl_generator_c[0m
[1.399s] [  1%] Built target custom_interfaces__cpp
[1.401s] [ 12%] Built target custom_interfaces__rosidl_generator_c
[1.411s] [ 12%] Built target ament_cmake_python_copy_custom_interfaces
[1.412s] [35m[1mConsolidate compiler generated dependencies of target custom_interfaces__rosidl_typesupport_cpp[0m
[1.412s] [35m[1mConsolidate compiler generated dependencies of target custom_interfaces__rosidl_typesupport_introspection_cpp[0m
[1.413s] [35m[1mConsolidate compiler generated dependencies of target custom_interfaces__rosidl_typesupport_fastrtps_cpp[0m
[1.414s] [35m[1mConsolidate compiler generated dependencies of target custom_interfaces__rosidl_typesupport_fastrtps_c[0m
[1.414s] [35m[1mConsolidate compiler generated dependencies of target custom_interfaces__rosidl_typesupport_c[0m
[1.415s] [35m[1mConsolidate compiler generated dependencies of target custom_interfaces__rosidl_typesupport_introspection_c[0m
[1.431s] [ 23%] Built target custom_interfaces__rosidl_typesupport_c
[1.432s] [ 34%] Built target custom_interfaces__rosidl_typesupport_introspection_c
[1.433s] [ 45%] Built target custom_interfaces__rosidl_typesupport_fastrtps_c
[1.436s] [ 78%] Built target custom_interfaces__rosidl_typesupport_fastrtps_cpp
[1.436s] [ 78%] Built target custom_interfaces__rosidl_typesupport_introspection_cpp
[1.436s] [ 78%] Built target custom_interfaces__rosidl_typesupport_cpp
[1.458s] [ 78%] Built target custom_interfaces
[1.479s] [ 80%] Built target custom_interfaces__py
[1.490s] [35m[1mConsolidate compiler generated dependencies of target custom_interfaces__rosidl_generator_py[0m
[1.504s] [ 89%] Built target custom_interfaces__rosidl_generator_py
[1.514s] [35m[1mConsolidate compiler generated dependencies of target custom_interfaces__rosidl_typesupport_c__pyext[0m
[1.514s] [35m[1mConsolidate compiler generated dependencies of target custom_interfaces__rosidl_typesupport_introspection_c__pyext[0m
[1.516s] [35m[1mConsolidate compiler generated dependencies of target custom_interfaces__rosidl_typesupport_fastrtps_c__pyext[0m
[1.527s] [ 92%] Built target custom_interfaces__rosidl_typesupport_introspection_c__pyext
[1.527s] [ 96%] Built target custom_interfaces__rosidl_typesupport_c__pyext
[1.533s] [100%] Built target custom_interfaces__rosidl_typesupport_fastrtps_c__pyext
[1.712s] running egg_info
[1.712s] writing custom_interfaces.egg-info/PKG-INFO
[1.713s] writing dependency_links to custom_interfaces.egg-info/dependency_links.txt
[1.713s] writing top-level names to custom_interfaces.egg-info/top_level.txt
[1.715s] reading manifest file 'custom_interfaces.egg-info/SOURCES.txt'
[1.716s] writing manifest file 'custom_interfaces.egg-info/SOURCES.txt'
[1.745s] [100%] Built target ament_cmake_python_build_custom_interfaces_egg
[1.755s] Invoked command in '/home/jan/dev/Ros2PoCLedControl/ros2_home_auto/build/custom_interfaces' returned '0': CMAKE_PREFIX_PATH=${CMAKE_PREFIX_PATH}:/home/jan/dev/Ros2PoCLedControl/ros2_home_auto/install/video_capture:/home/jan/dev/Ros2PoCLedControl/ros2_home_auto/install/led_control:/opt/ros/humble /usr/bin/cmake --build /home/jan/dev/Ros2PoCLedControl/ros2_home_auto/build/custom_interfaces -- -j12 -l12
[1.860s] Invoking command in '/home/jan/dev/Ros2PoCLedControl/ros2_home_auto/build/custom_interfaces': CMAKE_PREFIX_PATH=${CMAKE_PREFIX_PATH}:/home/jan/dev/Ros2PoCLedControl/ros2_home_auto/install/video_capture:/home/jan/dev/Ros2PoCLedControl/ros2_home_auto/install/led_control:/opt/ros/humble /usr/bin/cmake --install /home/jan/dev/Ros2PoCLedControl/ros2_home_auto/build/custom_interfaces
[1.869s] -- Install configuration: ""
[1.869s] -- Up-to-date: /home/jan/dev/Ros2PoCLedControl/ros2_home_auto/install/custom_interfaces/share/ament_index/resource_index/rosidl_interfaces/custom_interfaces
[1.870s] -- Up-to-date: /home/jan/dev/Ros2PoCLedControl/ros2_home_auto/install/custom_interfaces/include/custom_interfaces/custom_interfaces
[1.870s] -- Up-to-date: /home/jan/dev/Ros2PoCLedControl/ros2_home_auto/install/custom_interfaces/include/custom_interfaces/custom_interfaces/msg
[1.870s] -- Up-to-date: /home/jan/dev/Ros2PoCLedControl/ros2_home_auto/install/custom_interfaces/include/custom_interfaces/custom_interfaces/msg/color_array.h
[1.870s] -- Up-to-date: /home/jan/dev/Ros2PoCLedControl/ros2_home_auto/install/custom_interfaces/include/custom_interfaces/custom_interfaces/msg/detail
[1.870s] -- Up-to-date: /home/jan/dev/Ros2PoCLedControl/ros2_home_auto/install/custom_interfaces/include/custom_interfaces/custom_interfaces/msg/detail/color_array__type_support.h
[1.870s] -- Up-to-date: /home/jan/dev/Ros2PoCLedControl/ros2_home_auto/install/custom_interfaces/include/custom_interfaces/custom_interfaces/msg/detail/color__type_support.h
[1.870s] -- Up-to-date: /home/jan/dev/Ros2PoCLedControl/ros2_home_auto/install/custom_interfaces/include/custom_interfaces/custom_interfaces/msg/detail/color_array__functions.h
[1.871s] -- Up-to-date: /home/jan/dev/Ros2PoCLedControl/ros2_home_auto/install/custom_interfaces/include/custom_interfaces/custom_interfaces/msg/detail/color_array__functions.c
[1.871s] -- Up-to-date: /home/jan/dev/Ros2PoCLedControl/ros2_home_auto/install/custom_interfaces/include/custom_interfaces/custom_interfaces/msg/detail/color__functions.c
[1.871s] -- Up-to-date: /home/jan/dev/Ros2PoCLedControl/ros2_home_auto/install/custom_interfaces/include/custom_interfaces/custom_interfaces/msg/detail/color__struct.h
[1.871s] -- Up-to-date: /home/jan/dev/Ros2PoCLedControl/ros2_home_auto/install/custom_interfaces/include/custom_interfaces/custom_interfaces/msg/detail/color_array__struct.h
[1.871s] -- Up-to-date: /home/jan/dev/Ros2PoCLedControl/ros2_home_auto/install/custom_interfaces/include/custom_interfaces/custom_interfaces/msg/detail/color__functions.h
[1.871s] -- Up-to-date: /home/jan/dev/Ros2PoCLedControl/ros2_home_auto/install/custom_interfaces/include/custom_interfaces/custom_interfaces/msg/color.h
[1.872s] -- Up-to-date: /home/jan/dev/Ros2PoCLedControl/ros2_home_auto/install/custom_interfaces/include/custom_interfaces/custom_interfaces/msg/rosidl_generator_c__visibility_control.h
[1.872s] -- Up-to-date: /home/jan/dev/Ros2PoCLedControl/ros2_home_auto/install/custom_interfaces/include/custom_interfaces/custom_interfaces/action
[1.872s] -- Up-to-date: /home/jan/dev/Ros2PoCLedControl/ros2_home_auto/install/custom_interfaces/include/custom_interfaces/custom_interfaces/action/detail
[1.872s] -- Up-to-date: /home/jan/dev/Ros2PoCLedControl/ros2_home_auto/install/custom_interfaces/include/custom_interfaces/custom_interfaces/action/detail/set_color_action__type_support.h
[1.872s] -- Up-to-date: /home/jan/dev/Ros2PoCLedControl/ros2_home_auto/install/custom_interfaces/include/custom_interfaces/custom_interfaces/action/detail/set_color_action__functions.c
[1.872s] -- Up-to-date: /home/jan/dev/Ros2PoCLedControl/ros2_home_auto/install/custom_interfaces/include/custom_interfaces/custom_interfaces/action/detail/set_color_action__functions.h
[1.873s] -- Up-to-date: /home/jan/dev/Ros2PoCLedControl/ros2_home_auto/install/custom_interfaces/include/custom_interfaces/custom_interfaces/action/detail/set_color_action__struct.h
[1.873s] -- Up-to-date: /home/jan/dev/Ros2PoCLedControl/ros2_home_auto/install/custom_interfaces/include/custom_interfaces/custom_interfaces/action/set_color_action.h
[1.873s] -- Up-to-date: /home/jan/dev/Ros2PoCLedControl/ros2_home_auto/install/custom_interfaces/include/custom_interfaces/custom_interfaces/srv
[1.873s] -- Up-to-date: /home/jan/dev/Ros2PoCLedControl/ros2_home_auto/install/custom_interfaces/include/custom_interfaces/custom_interfaces/srv/set_colors.h
[1.873s] -- Up-to-date: /home/jan/dev/Ros2PoCLedControl/ros2_home_auto/install/custom_interfaces/include/custom_interfaces/custom_interfaces/srv/detail
[1.873s] -- Up-to-date: /home/jan/dev/Ros2PoCLedControl/ros2_home_auto/install/custom_interfaces/include/custom_interfaces/custom_interfaces/srv/detail/set_colors__type_support.h
[1.873s] -- Up-to-date: /home/jan/dev/Ros2PoCLedControl/ros2_home_auto/install/custom_interfaces/include/custom_interfaces/custom_interfaces/srv/detail/set_colors__functions.h
[1.874s] -- Up-to-date: /home/jan/dev/Ros2PoCLedControl/ros2_home_auto/install/custom_interfaces/include/custom_interfaces/custom_interfaces/srv/detail/set_colors__struct.h
[1.874s] -- Up-to-date: /home/jan/dev/Ros2PoCLedControl/ros2_home_auto/install/custom_interfaces/include/custom_interfaces/custom_interfaces/srv/detail/set_colors__functions.c
[1.874s] -- Up-to-date: /home/jan/dev/Ros2PoCLedControl/ros2_home_auto/install/custom_interfaces/share/custom_interfaces/environment/library_path.sh
[1.874s] -- Installing: /home/jan/dev/Ros2PoCLedControl/ros2_home_auto/install/custom_interfaces/share/custom_interfaces/environment/library_path.dsv
[1.874s] -- Up-to-date: /home/jan/dev/Ros2PoCLedControl/ros2_home_auto/install/custom_interfaces/lib/libcustom_interfaces__rosidl_generator_c.so
[1.875s] -- Up-to-date: /home/jan/dev/Ros2PoCLedControl/ros2_home_auto/install/custom_interfaces/include/custom_interfaces/custom_interfaces
[1.875s] -- Up-to-date: /home/jan/dev/Ros2PoCLedControl/ros2_home_auto/install/custom_interfaces/include/custom_interfaces/custom_interfaces/msg
[1.875s] -- Up-to-date: /home/jan/dev/Ros2PoCLedControl/ros2_home_auto/install/custom_interfaces/include/custom_interfaces/custom_interfaces/msg/detail
[1.875s] -- Up-to-date: /home/jan/dev/Ros2PoCLedControl/ros2_home_auto/install/custom_interfaces/include/custom_interfaces/custom_interfaces/msg/detail/color_array__rosidl_typesupport_fastrtps_c.h
[1.875s] -- Up-to-date: /home/jan/dev/Ros2PoCLedControl/ros2_home_auto/install/custom_interfaces/include/custom_interfaces/custom_interfaces/msg/detail/color__rosidl_typesupport_fastrtps_c.h
[1.875s] -- Up-to-date: /home/jan/dev/Ros2PoCLedControl/ros2_home_auto/install/custom_interfaces/include/custom_interfaces/custom_interfaces/msg/rosidl_typesupport_fastrtps_c__visibility_control.h
[1.875s] -- Up-to-date: /home/jan/dev/Ros2PoCLedControl/ros2_home_auto/install/custom_interfaces/include/custom_interfaces/custom_interfaces/action
[1.875s] -- Up-to-date: /home/jan/dev/Ros2PoCLedControl/ros2_home_auto/install/custom_interfaces/include/custom_interfaces/custom_interfaces/action/detail
[1.876s] -- Up-to-date: /home/jan/dev/Ros2PoCLedControl/ros2_home_auto/install/custom_interfaces/include/custom_interfaces/custom_interfaces/action/detail/set_color_action__rosidl_typesupport_fastrtps_c.h
[1.876s] -- Up-to-date: /home/jan/dev/Ros2PoCLedControl/ros2_home_auto/install/custom_interfaces/include/custom_interfaces/custom_interfaces/srv
[1.876s] -- Up-to-date: /home/jan/dev/Ros2PoCLedControl/ros2_home_auto/install/custom_interfaces/include/custom_interfaces/custom_interfaces/srv/detail
[1.876s] -- Up-to-date: /home/jan/dev/Ros2PoCLedControl/ros2_home_auto/install/custom_interfaces/include/custom_interfaces/custom_interfaces/srv/detail/set_colors__rosidl_typesupport_fastrtps_c.h
[1.876s] -- Up-to-date: /home/jan/dev/Ros2PoCLedControl/ros2_home_auto/install/custom_interfaces/lib/libcustom_interfaces__rosidl_typesupport_fastrtps_c.so
[1.876s] -- Up-to-date: /home/jan/dev/Ros2PoCLedControl/ros2_home_auto/install/custom_interfaces/include/custom_interfaces/custom_interfaces
[1.877s] -- Up-to-date: /home/jan/dev/Ros2PoCLedControl/ros2_home_auto/install/custom_interfaces/include/custom_interfaces/custom_interfaces/msg
[1.877s] -- Up-to-date: /home/jan/dev/Ros2PoCLedControl/ros2_home_auto/install/custom_interfaces/include/custom_interfaces/custom_interfaces/msg/rosidl_typesupport_introspection_c__visibility_control.h
[1.877s] -- Up-to-date: /home/jan/dev/Ros2PoCLedControl/ros2_home_auto/install/custom_interfaces/include/custom_interfaces/custom_interfaces/msg/detail
[1.877s] -- Up-to-date: /home/jan/dev/Ros2PoCLedControl/ros2_home_auto/install/custom_interfaces/include/custom_interfaces/custom_interfaces/msg/detail/color__rosidl_typesupport_introspection_c.h
[1.877s] -- Up-to-date: /home/jan/dev/Ros2PoCLedControl/ros2_home_auto/install/custom_interfaces/include/custom_interfaces/custom_interfaces/msg/detail/color_array__rosidl_typesupport_introspection_c.h
[1.877s] -- Up-to-date: /home/jan/dev/Ros2PoCLedControl/ros2_home_auto/install/custom_interfaces/include/custom_interfaces/custom_interfaces/msg/detail/color__type_support.c
[1.877s] -- Up-to-date: /home/jan/dev/Ros2PoCLedControl/ros2_home_auto/install/custom_interfaces/include/custom_interfaces/custom_interfaces/msg/detail/color_array__type_support.c
[1.878s] -- Up-to-date: /home/jan/dev/Ros2PoCLedControl/ros2_home_auto/install/custom_interfaces/include/custom_interfaces/custom_interfaces/action
[1.878s] -- Up-to-date: /home/jan/dev/Ros2PoCLedControl/ros2_home_auto/install/custom_interfaces/include/custom_interfaces/custom_interfaces/action/detail
[1.878s] -- Up-to-date: /home/jan/dev/Ros2PoCLedControl/ros2_home_auto/install/custom_interfaces/include/custom_interfaces/custom_interfaces/action/detail/set_color_action__type_support.c
[1.878s] -- Up-to-date: /home/jan/dev/Ros2PoCLedControl/ros2_home_auto/install/custom_interfaces/include/custom_interfaces/custom_interfaces/action/detail/set_color_action__rosidl_typesupport_introspection_c.h
[1.878s] -- Up-to-date: /home/jan/dev/Ros2PoCLedControl/ros2_home_auto/install/custom_interfaces/include/custom_interfaces/custom_interfaces/srv
[1.878s] -- Up-to-date: /home/jan/dev/Ros2PoCLedControl/ros2_home_auto/install/custom_interfaces/include/custom_interfaces/custom_interfaces/srv/detail
[1.878s] -- Up-to-date: /home/jan/dev/Ros2PoCLedControl/ros2_home_auto/install/custom_interfaces/include/custom_interfaces/custom_interfaces/srv/detail/set_colors__type_support.c
[1.878s] -- Up-to-date: /home/jan/dev/Ros2PoCLedControl/ros2_home_auto/install/custom_interfaces/include/custom_interfaces/custom_interfaces/srv/detail/set_colors__rosidl_typesupport_introspection_c.h
[1.879s] -- Up-to-date: /home/jan/dev/Ros2PoCLedControl/ros2_home_auto/install/custom_interfaces/lib/libcustom_interfaces__rosidl_typesupport_introspection_c.so
[1.879s] -- Up-to-date: /home/jan/dev/Ros2PoCLedControl/ros2_home_auto/install/custom_interfaces/lib/libcustom_interfaces__rosidl_typesupport_c.so
[1.879s] -- Up-to-date: /home/jan/dev/Ros2PoCLedControl/ros2_home_auto/install/custom_interfaces/include/custom_interfaces/custom_interfaces
[1.879s] -- Up-to-date: /home/jan/dev/Ros2PoCLedControl/ros2_home_auto/install/custom_interfaces/include/custom_interfaces/custom_interfaces/msg
[1.879s] -- Up-to-date: /home/jan/dev/Ros2PoCLedControl/ros2_home_auto/install/custom_interfaces/include/custom_interfaces/custom_interfaces/msg/color.hpp
[1.879s] -- Up-to-date: /home/jan/dev/Ros2PoCLedControl/ros2_home_auto/install/custom_interfaces/include/custom_interfaces/custom_interfaces/msg/detail
[1.879s] -- Up-to-date: /home/jan/dev/Ros2PoCLedControl/ros2_home_auto/install/custom_interfaces/include/custom_interfaces/custom_interfaces/msg/detail/color_array__traits.hpp
[1.879s] -- Up-to-date: /home/jan/dev/Ros2PoCLedControl/ros2_home_auto/install/custom_interfaces/include/custom_interfaces/custom_interfaces/msg/detail/color_array__builder.hpp
[1.880s] -- Up-to-date: /home/jan/dev/Ros2PoCLedControl/ros2_home_auto/install/custom_interfaces/include/custom_interfaces/custom_interfaces/msg/detail/color__traits.hpp
[1.880s] -- Up-to-date: /home/jan/dev/Ros2PoCLedControl/ros2_home_auto/install/custom_interfaces/include/custom_interfaces/custom_interfaces/msg/detail/color__struct.hpp
[1.880s] -- Up-to-date: /home/jan/dev/Ros2PoCLedControl/ros2_home_auto/install/custom_interfaces/include/custom_interfaces/custom_interfaces/msg/detail/color__builder.hpp
[1.880s] -- Up-to-date: /home/jan/dev/Ros2PoCLedControl/ros2_home_auto/install/custom_interfaces/include/custom_interfaces/custom_interfaces/msg/detail/color_array__struct.hpp
[1.880s] -- Up-to-date: /home/jan/dev/Ros2PoCLedControl/ros2_home_auto/install/custom_interfaces/include/custom_interfaces/custom_interfaces/msg/color_array.hpp
[1.880s] -- Up-to-date: /home/jan/dev/Ros2PoCLedControl/ros2_home_auto/install/custom_interfaces/include/custom_interfaces/custom_interfaces/action
[1.880s] -- Up-to-date: /home/jan/dev/Ros2PoCLedControl/ros2_home_auto/install/custom_interfaces/include/custom_interfaces/custom_interfaces/action/set_color_action.hpp
[1.880s] -- Up-to-date: /home/jan/dev/Ros2PoCLedControl/ros2_home_auto/install/custom_interfaces/include/custom_interfaces/custom_interfaces/action/detail
[1.881s] -- Up-to-date: /home/jan/dev/Ros2PoCLedControl/ros2_home_auto/install/custom_interfaces/include/custom_interfaces/custom_interfaces/action/detail/set_color_action__struct.hpp
[1.881s] -- Up-to-date: /home/jan/dev/Ros2PoCLedControl/ros2_home_auto/install/custom_interfaces/include/custom_interfaces/custom_interfaces/action/detail/set_color_action__builder.hpp
[1.881s] -- Up-to-date: /home/jan/dev/Ros2PoCLedControl/ros2_home_auto/install/custom_interfaces/include/custom_interfaces/custom_interfaces/action/detail/set_color_action__traits.hpp
[1.881s] -- Up-to-date: /home/jan/dev/Ros2PoCLedControl/ros2_home_auto/install/custom_interfaces/include/custom_interfaces/custom_interfaces/srv
[1.881s] -- Up-to-date: /home/jan/dev/Ros2PoCLedControl/ros2_home_auto/install/custom_interfaces/include/custom_interfaces/custom_interfaces/srv/detail
[1.881s] -- Up-to-date: /home/jan/dev/Ros2PoCLedControl/ros2_home_auto/install/custom_interfaces/include/custom_interfaces/custom_interfaces/srv/detail/set_colors__struct.hpp
[1.881s] -- Up-to-date: /home/jan/dev/Ros2PoCLedControl/ros2_home_auto/install/custom_interfaces/include/custom_interfaces/custom_interfaces/srv/detail/set_colors__traits.hpp
[1.881s] -- Up-to-date: /home/jan/dev/Ros2PoCLedControl/ros2_home_auto/install/custom_interfaces/include/custom_interfaces/custom_interfaces/srv/detail/set_colors__builder.hpp
[1.882s] -- Up-to-date: /home/jan/dev/Ros2PoCLedControl/ros2_home_auto/install/custom_interfaces/include/custom_interfaces/custom_interfaces/srv/set_colors.hpp
[1.882s] -- Up-to-date: /home/jan/dev/Ros2PoCLedControl/ros2_home_auto/install/custom_interfaces/include/custom_interfaces/custom_interfaces
[1.882s] -- Up-to-date: /home/jan/dev/Ros2PoCLedControl/ros2_home_auto/install/custom_interfaces/include/custom_interfaces/custom_interfaces/msg
[1.882s] -- Up-to-date: /home/jan/dev/Ros2PoCLedControl/ros2_home_auto/install/custom_interfaces/include/custom_interfaces/custom_interfaces/msg/rosidl_typesupport_fastrtps_cpp__visibility_control.h
[1.882s] -- Up-to-date: /home/jan/dev/Ros2PoCLedControl/ros2_home_auto/install/custom_interfaces/include/custom_interfaces/custom_interfaces/msg/detail
[1.882s] -- Up-to-date: /home/jan/dev/Ros2PoCLedControl/ros2_home_auto/install/custom_interfaces/include/custom_interfaces/custom_interfaces/msg/detail/color_array__rosidl_typesupport_fastrtps_cpp.hpp
[1.882s] -- Up-to-date: /home/jan/dev/Ros2PoCLedControl/ros2_home_auto/install/custom_interfaces/include/custom_interfaces/custom_interfaces/msg/detail/color__rosidl_typesupport_fastrtps_cpp.hpp
[1.882s] -- Up-to-date: /home/jan/dev/Ros2PoCLedControl/ros2_home_auto/install/custom_interfaces/include/custom_interfaces/custom_interfaces/msg/detail/dds_fastrtps
[1.883s] -- Up-to-date: /home/jan/dev/Ros2PoCLedControl/ros2_home_auto/install/custom_interfaces/include/custom_interfaces/custom_interfaces/action
[1.883s] -- Up-to-date: /home/jan/dev/Ros2PoCLedControl/ros2_home_auto/install/custom_interfaces/include/custom_interfaces/custom_interfaces/action/detail
[1.883s] -- Up-to-date: /home/jan/dev/Ros2PoCLedControl/ros2_home_auto/install/custom_interfaces/include/custom_interfaces/custom_interfaces/action/detail/set_color_action__rosidl_typesupport_fastrtps_cpp.hpp
[1.883s] -- Up-to-date: /home/jan/dev/Ros2PoCLedControl/ros2_home_auto/install/custom_interfaces/include/custom_interfaces/custom_interfaces/action/detail/dds_fastrtps
[1.883s] -- Up-to-date: /home/jan/dev/Ros2PoCLedControl/ros2_home_auto/install/custom_interfaces/include/custom_interfaces/custom_interfaces/srv
[1.883s] -- Up-to-date: /home/jan/dev/Ros2PoCLedControl/ros2_home_auto/install/custom_interfaces/include/custom_interfaces/custom_interfaces/srv/detail
[1.883s] -- Up-to-date: /home/jan/dev/Ros2PoCLedControl/ros2_home_auto/install/custom_interfaces/include/custom_interfaces/custom_interfaces/srv/detail/set_colors__rosidl_typesupport_fastrtps_cpp.hpp
[1.883s] -- Up-to-date: /home/jan/dev/Ros2PoCLedControl/ros2_home_auto/install/custom_interfaces/include/custom_interfaces/custom_interfaces/srv/detail/dds_fastrtps
[1.883s] -- Up-to-date: /home/jan/dev/Ros2PoCLedControl/ros2_home_auto/install/custom_interfaces/lib/libcustom_interfaces__rosidl_typesupport_fastrtps_cpp.so
[1.884s] -- Up-to-date: /home/jan/dev/Ros2PoCLedControl/ros2_home_auto/install/custom_interfaces/include/custom_interfaces/custom_interfaces
[1.884s] -- Up-to-date: /home/jan/dev/Ros2PoCLedControl/ros2_home_auto/install/custom_interfaces/include/custom_interfaces/custom_interfaces/msg
[1.884s] -- Up-to-date: /home/jan/dev/Ros2PoCLedControl/ros2_home_auto/install/custom_interfaces/include/custom_interfaces/custom_interfaces/msg/detail
[1.884s] -- Up-to-date: /home/jan/dev/Ros2PoCLedControl/ros2_home_auto/install/custom_interfaces/include/custom_interfaces/custom_interfaces/msg/detail/color_array__rosidl_typesupport_introspection_cpp.hpp
[1.884s] -- Up-to-date: /home/jan/dev/Ros2PoCLedControl/ros2_home_auto/install/custom_interfaces/include/custom_interfaces/custom_interfaces/msg/detail/color_array__type_support.cpp
[1.884s] -- Up-to-date: /home/jan/dev/Ros2PoCLedControl/ros2_home_auto/install/custom_interfaces/include/custom_interfaces/custom_interfaces/msg/detail/color__rosidl_typesupport_introspection_cpp.hpp
[1.884s] -- Up-to-date: /home/jan/dev/Ros2PoCLedControl/ros2_home_auto/install/custom_interfaces/include/custom_interfaces/custom_interfaces/msg/detail/color__type_support.cpp
[1.884s] -- Up-to-date: /home/jan/dev/Ros2PoCLedControl/ros2_home_auto/install/custom_interfaces/include/custom_interfaces/custom_interfaces/action
[1.885s] -- Up-to-date: /home/jan/dev/Ros2PoCLedControl/ros2_home_auto/install/custom_interfaces/include/custom_interfaces/custom_interfaces/action/detail
[1.885s] -- Up-to-date: /home/jan/dev/Ros2PoCLedControl/ros2_home_auto/install/custom_interfaces/include/custom_interfaces/custom_interfaces/action/detail/set_color_action__rosidl_typesupport_introspection_cpp.hpp
[1.885s] -- Up-to-date: /home/jan/dev/Ros2PoCLedControl/ros2_home_auto/install/custom_interfaces/include/custom_interfaces/custom_interfaces/action/detail/set_color_action__type_support.cpp
[1.885s] -- Up-to-date: /home/jan/dev/Ros2PoCLedControl/ros2_home_auto/install/custom_interfaces/include/custom_interfaces/custom_interfaces/srv
[1.885s] -- Up-to-date: /home/jan/dev/Ros2PoCLedControl/ros2_home_auto/install/custom_interfaces/include/custom_interfaces/custom_interfaces/srv/detail
[1.885s] -- Up-to-date: /home/jan/dev/Ros2PoCLedControl/ros2_home_auto/install/custom_interfaces/include/custom_interfaces/custom_interfaces/srv/detail/set_colors__rosidl_typesupport_introspection_cpp.hpp
[1.885s] -- Up-to-date: /home/jan/dev/Ros2PoCLedControl/ros2_home_auto/install/custom_interfaces/include/custom_interfaces/custom_interfaces/srv/detail/set_colors__type_support.cpp
[1.885s] -- Up-to-date: /home/jan/dev/Ros2PoCLedControl/ros2_home_auto/install/custom_interfaces/lib/libcustom_interfaces__rosidl_typesupport_introspection_cpp.so
[1.886s] -- Up-to-date: /home/jan/dev/Ros2PoCLedControl/ros2_home_auto/install/custom_interfaces/lib/libcustom_interfaces__rosidl_typesupport_cpp.so
[1.886s] -- Up-to-date: /home/jan/dev/Ros2PoCLedControl/ros2_home_auto/install/custom_interfaces/share/custom_interfaces/environment/pythonpath.sh
[1.886s] -- Installing: /home/jan/dev/Ros2PoCLedControl/ros2_home_auto/install/custom_interfaces/share/custom_interfaces/environment/pythonpath.dsv
[1.886s] -- Up-to-date: /home/jan/dev/Ros2PoCLedControl/ros2_home_auto/install/custom_interfaces/local/lib/python3.10/dist-packages/custom_interfaces-0.0.0-py3.10.egg-info
[1.886s] -- Installing: /home/jan/dev/Ros2PoCLedControl/ros2_home_auto/install/custom_interfaces/local/lib/python3.10/dist-packages/custom_interfaces-0.0.0-py3.10.egg-info/PKG-INFO
[1.886s] -- Installing: /home/jan/dev/Ros2PoCLedControl/ros2_home_auto/install/custom_interfaces/local/lib/python3.10/dist-packages/custom_interfaces-0.0.0-py3.10.egg-info/SOURCES.txt
[1.886s] -- Installing: /home/jan/dev/Ros2PoCLedControl/ros2_home_auto/install/custom_interfaces/local/lib/python3.10/dist-packages/custom_interfaces-0.0.0-py3.10.egg-info/top_level.txt
[1.886s] -- Installing: /home/jan/dev/Ros2PoCLedControl/ros2_home_auto/install/custom_interfaces/local/lib/python3.10/dist-packages/custom_interfaces-0.0.0-py3.10.egg-info/dependency_links.txt
[1.887s] -- Up-to-date: /home/jan/dev/Ros2PoCLedControl/ros2_home_auto/install/custom_interfaces/local/lib/python3.10/dist-packages/custom_interfaces
[1.887s] -- Up-to-date: /home/jan/dev/Ros2PoCLedControl/ros2_home_auto/install/custom_interfaces/local/lib/python3.10/dist-packages/custom_interfaces/_custom_interfaces_s.ep.rosidl_typesupport_c.c
[1.887s] -- Up-to-date: /home/jan/dev/Ros2PoCLedControl/ros2_home_auto/install/custom_interfaces/local/lib/python3.10/dist-packages/custom_interfaces/msg
[1.887s] -- Up-to-date: /home/jan/dev/Ros2PoCLedControl/ros2_home_auto/install/custom_interfaces/local/lib/python3.10/dist-packages/custom_interfaces/msg/_color.py
[1.887s] -- Up-to-date: /home/jan/dev/Ros2PoCLedControl/ros2_home_auto/install/custom_interfaces/local/lib/python3.10/dist-packages/custom_interfaces/msg/__init__.py
[1.887s] -- Up-to-date: /home/jan/dev/Ros2PoCLedControl/ros2_home_auto/install/custom_interfaces/local/lib/python3.10/dist-packages/custom_interfaces/msg/_color_s.c
[1.887s] -- Up-to-date: /home/jan/dev/Ros2PoCLedControl/ros2_home_auto/install/custom_interfaces/local/lib/python3.10/dist-packages/custom_interfaces/msg/_color_array.py
[1.887s] -- Up-to-date: /home/jan/dev/Ros2PoCLedControl/ros2_home_auto/install/custom_interfaces/local/lib/python3.10/dist-packages/custom_interfaces/msg/_color_array_s.c
[1.888s] -- Up-to-date: /home/jan/dev/Ros2PoCLedControl/ros2_home_auto/install/custom_interfaces/local/lib/python3.10/dist-packages/custom_interfaces/action
[1.888s] -- Up-to-date: /home/jan/dev/Ros2PoCLedControl/ros2_home_auto/install/custom_interfaces/local/lib/python3.10/dist-packages/custom_interfaces/action/_set_color_action.py
[1.888s] -- Up-to-date: /home/jan/dev/Ros2PoCLedControl/ros2_home_auto/install/custom_interfaces/local/lib/python3.10/dist-packages/custom_interfaces/action/__init__.py
[1.888s] -- Up-to-date: /home/jan/dev/Ros2PoCLedControl/ros2_home_auto/install/custom_interfaces/local/lib/python3.10/dist-packages/custom_interfaces/action/_set_color_action_s.c
[1.888s] -- Up-to-date: /home/jan/dev/Ros2PoCLedControl/ros2_home_auto/install/custom_interfaces/local/lib/python3.10/dist-packages/custom_interfaces/_custom_interfaces_s.ep.rosidl_typesupport_fastrtps_c.c
[1.888s] -- Installing: /home/jan/dev/Ros2PoCLedControl/ros2_home_auto/install/custom_interfaces/local/lib/python3.10/dist-packages/custom_interfaces/__init__.py
[1.888s] -- Up-to-date: /home/jan/dev/Ros2PoCLedControl/ros2_home_auto/install/custom_interfaces/local/lib/python3.10/dist-packages/custom_interfaces/libcustom_interfaces__rosidl_generator_py.so
[1.888s] -- Up-to-date: /home/jan/dev/Ros2PoCLedControl/ros2_home_auto/install/custom_interfaces/local/lib/python3.10/dist-packages/custom_interfaces/custom_interfaces_s__rosidl_typesupport_fastrtps_c.cpython-310-x86_64-linux-gnu.so
[1.888s] -- Up-to-date: /home/jan/dev/Ros2PoCLedControl/ros2_home_auto/install/custom_interfaces/local/lib/python3.10/dist-packages/custom_interfaces/srv
[1.889s] -- Up-to-date: /home/jan/dev/Ros2PoCLedControl/ros2_home_auto/install/custom_interfaces/local/lib/python3.10/dist-packages/custom_interfaces/srv/__init__.py
[1.889s] -- Up-to-date: /home/jan/dev/Ros2PoCLedControl/ros2_home_auto/install/custom_interfaces/local/lib/python3.10/dist-packages/custom_interfaces/srv/_set_colors_s.c
[1.889s] -- Up-to-date: /home/jan/dev/Ros2PoCLedControl/ros2_home_auto/install/custom_interfaces/local/lib/python3.10/dist-packages/custom_interfaces/srv/_set_colors.py
[1.889s] -- Up-to-date: /home/jan/dev/Ros2PoCLedControl/ros2_home_auto/install/custom_interfaces/local/lib/python3.10/dist-packages/custom_interfaces/custom_interfaces_s__rosidl_typesupport_introspection_c.cpython-310-x86_64-linux-gnu.so
[1.889s] -- Up-to-date: /home/jan/dev/Ros2PoCLedControl/ros2_home_auto/install/custom_interfaces/local/lib/python3.10/dist-packages/custom_interfaces/_custom_interfaces_s.ep.rosidl_typesupport_introspection_c.c
[1.889s] -- Up-to-date: /home/jan/dev/Ros2PoCLedControl/ros2_home_auto/install/custom_interfaces/local/lib/python3.10/dist-packages/custom_interfaces/custom_interfaces_s__rosidl_typesupport_c.cpython-310-x86_64-linux-gnu.so
[1.909s] Listing '/home/jan/dev/Ros2PoCLedControl/ros2_home_auto/install/custom_interfaces/local/lib/python3.10/dist-packages/custom_interfaces'...
[1.909s] Compiling '/home/jan/dev/Ros2PoCLedControl/ros2_home_auto/install/custom_interfaces/local/lib/python3.10/dist-packages/custom_interfaces/__init__.py'...
[1.909s] Listing '/home/jan/dev/Ros2PoCLedControl/ros2_home_auto/install/custom_interfaces/local/lib/python3.10/dist-packages/custom_interfaces/action'...
[1.910s] Listing '/home/jan/dev/Ros2PoCLedControl/ros2_home_auto/install/custom_interfaces/local/lib/python3.10/dist-packages/custom_interfaces/msg'...
[1.910s] Listing '/home/jan/dev/Ros2PoCLedControl/ros2_home_auto/install/custom_interfaces/local/lib/python3.10/dist-packages/custom_interfaces/srv'...
[1.913s] -- Up-to-date: /home/jan/dev/Ros2PoCLedControl/ros2_home_auto/install/custom_interfaces/local/lib/python3.10/dist-packages/custom_interfaces/custom_interfaces_s__rosidl_typesupport_fastrtps_c.cpython-310-x86_64-linux-gnu.so
[1.913s] -- Up-to-date: /home/jan/dev/Ros2PoCLedControl/ros2_home_auto/install/custom_interfaces/local/lib/python3.10/dist-packages/custom_interfaces/custom_interfaces_s__rosidl_typesupport_introspection_c.cpython-310-x86_64-linux-gnu.so
[1.914s] -- Up-to-date: /home/jan/dev/Ros2PoCLedControl/ros2_home_auto/install/custom_interfaces/local/lib/python3.10/dist-packages/custom_interfaces/custom_interfaces_s__rosidl_typesupport_c.cpython-310-x86_64-linux-gnu.so
[1.914s] -- Up-to-date: /home/jan/dev/Ros2PoCLedControl/ros2_home_auto/install/custom_interfaces/lib/libcustom_interfaces__rosidl_generator_py.so
[1.914s] -- Up-to-date: /home/jan/dev/Ros2PoCLedControl/ros2_home_auto/install/custom_interfaces/share/custom_interfaces/msg/Color.idl
[1.914s] -- Up-to-date: /home/jan/dev/Ros2PoCLedControl/ros2_home_auto/install/custom_interfaces/share/custom_interfaces/msg/ColorArray.idl
[1.915s] -- Up-to-date: /home/jan/dev/Ros2PoCLedControl/ros2_home_auto/install/custom_interfaces/share/custom_interfaces/srv/SetColors.idl
[1.915s] -- Up-to-date: /home/jan/dev/Ros2PoCLedControl/ros2_home_auto/install/custom_interfaces/share/custom_interfaces/action/SetColorAction.idl
[1.915s] -- Up-to-date: /home/jan/dev/Ros2PoCLedControl/ros2_home_auto/install/custom_interfaces/share/custom_interfaces/msg/Color.msg
[1.915s] -- Up-to-date: /home/jan/dev/Ros2PoCLedControl/ros2_home_auto/install/custom_interfaces/share/custom_interfaces/msg/ColorArray.msg
[1.915s] -- Up-to-date: /home/jan/dev/Ros2PoCLedControl/ros2_home_auto/install/custom_interfaces/share/custom_interfaces/srv/SetColors.srv
[1.915s] -- Up-to-date: /home/jan/dev/Ros2PoCLedControl/ros2_home_auto/install/custom_interfaces/share/custom_interfaces/srv/SetColors_Request.msg
[1.916s] -- Up-to-date: /home/jan/dev/Ros2PoCLedControl/ros2_home_auto/install/custom_interfaces/share/custom_interfaces/srv/SetColors_Response.msg
[1.916s] -- Up-to-date: /home/jan/dev/Ros2PoCLedControl/ros2_home_auto/install/custom_interfaces/share/custom_interfaces/action/SetColorAction.action
[1.916s] -- Up-to-date: /home/jan/dev/Ros2PoCLedControl/ros2_home_auto/install/custom_interfaces/share/ament_index/resource_index/package_run_dependencies/custom_interfaces
[1.916s] -- Up-to-date: /home/jan/dev/Ros2PoCLedControl/ros2_home_auto/install/custom_interfaces/share/ament_index/resource_index/parent_prefix_path/custom_interfaces
[1.916s] -- Up-to-date: /home/jan/dev/Ros2PoCLedControl/ros2_home_auto/install/custom_interfaces/share/custom_interfaces/environment/ament_prefix_path.sh
[1.916s] -- Installing: /home/jan/dev/Ros2PoCLedControl/ros2_home_auto/install/custom_interfaces/share/custom_interfaces/environment/ament_prefix_path.dsv
[1.916s] -- Up-to-date: /home/jan/dev/Ros2PoCLedControl/ros2_home_auto/install/custom_interfaces/share/custom_interfaces/environment/path.sh
[1.917s] -- Installing: /home/jan/dev/Ros2PoCLedControl/ros2_home_auto/install/custom_interfaces/share/custom_interfaces/environment/path.dsv
[1.917s] -- Up-to-date: /home/jan/dev/Ros2PoCLedControl/ros2_home_auto/install/custom_interfaces/share/custom_interfaces/local_setup.bash
[1.917s] -- Up-to-date: /home/jan/dev/Ros2PoCLedControl/ros2_home_auto/install/custom_interfaces/share/custom_interfaces/local_setup.sh
[1.917s] -- Up-to-date: /home/jan/dev/Ros2PoCLedControl/ros2_home_auto/install/custom_interfaces/share/custom_interfaces/local_setup.zsh
[1.917s] -- Installing: /home/jan/dev/Ros2PoCLedControl/ros2_home_auto/install/custom_interfaces/share/custom_interfaces/local_setup.dsv
[1.917s] -- Installing: /home/jan/dev/Ros2PoCLedControl/ros2_home_auto/install/custom_interfaces/share/custom_interfaces/package.dsv
[1.918s] -- Up-to-date: /home/jan/dev/Ros2PoCLedControl/ros2_home_auto/install/custom_interfaces/share/ament_index/resource_index/packages/custom_interfaces
[1.918s] -- Up-to-date: /home/jan/dev/Ros2PoCLedControl/ros2_home_auto/install/custom_interfaces/share/custom_interfaces/cmake/export_custom_interfaces__rosidl_generator_cExport.cmake
[1.918s] -- Up-to-date: /home/jan/dev/Ros2PoCLedControl/ros2_home_auto/install/custom_interfaces/share/custom_interfaces/cmake/export_custom_interfaces__rosidl_generator_cExport-noconfig.cmake
[1.918s] -- Up-to-date: /home/jan/dev/Ros2PoCLedControl/ros2_home_auto/install/custom_interfaces/share/custom_interfaces/cmake/export_custom_interfaces__rosidl_typesupport_fastrtps_cExport.cmake
[1.918s] -- Up-to-date: /home/jan/dev/Ros2PoCLedControl/ros2_home_auto/install/custom_interfaces/share/custom_interfaces/cmake/export_custom_interfaces__rosidl_typesupport_fastrtps_cExport-noconfig.cmake
[1.918s] -- Up-to-date: /home/jan/dev/Ros2PoCLedControl/ros2_home_auto/install/custom_interfaces/share/custom_interfaces/cmake/custom_interfaces__rosidl_typesupport_introspection_cExport.cmake
[1.918s] -- Up-to-date: /home/jan/dev/Ros2PoCLedControl/ros2_home_auto/install/custom_interfaces/share/custom_interfaces/cmake/custom_interfaces__rosidl_typesupport_introspection_cExport-noconfig.cmake
[1.918s] -- Up-to-date: /home/jan/dev/Ros2PoCLedControl/ros2_home_auto/install/custom_interfaces/share/custom_interfaces/cmake/custom_interfaces__rosidl_typesupport_cExport.cmake
[1.919s] -- Up-to-date: /home/jan/dev/Ros2PoCLedControl/ros2_home_auto/install/custom_interfaces/share/custom_interfaces/cmake/custom_interfaces__rosidl_typesupport_cExport-noconfig.cmake
[1.919s] -- Up-to-date: /home/jan/dev/Ros2PoCLedControl/ros2_home_auto/install/custom_interfaces/share/custom_interfaces/cmake/export_custom_interfaces__rosidl_generator_cppExport.cmake
[1.919s] -- Up-to-date: /home/jan/dev/Ros2PoCLedControl/ros2_home_auto/install/custom_interfaces/share/custom_interfaces/cmake/export_custom_interfaces__rosidl_typesupport_fastrtps_cppExport.cmake
[1.919s] -- Up-to-date: /home/jan/dev/Ros2PoCLedControl/ros2_home_auto/install/custom_interfaces/share/custom_interfaces/cmake/export_custom_interfaces__rosidl_typesupport_fastrtps_cppExport-noconfig.cmake
[1.920s] -- Up-to-date: /home/jan/dev/Ros2PoCLedControl/ros2_home_auto/install/custom_interfaces/share/custom_interfaces/cmake/custom_interfaces__rosidl_typesupport_introspection_cppExport.cmake
[1.920s] -- Up-to-date: /home/jan/dev/Ros2PoCLedControl/ros2_home_auto/install/custom_interfaces/share/custom_interfaces/cmake/custom_interfaces__rosidl_typesupport_introspection_cppExport-noconfig.cmake
[1.920s] -- Up-to-date: /home/jan/dev/Ros2PoCLedControl/ros2_home_auto/install/custom_interfaces/share/custom_interfaces/cmake/custom_interfaces__rosidl_typesupport_cppExport.cmake
[1.921s] -- Up-to-date: /home/jan/dev/Ros2PoCLedControl/ros2_home_auto/install/custom_interfaces/share/custom_interfaces/cmake/custom_interfaces__rosidl_typesupport_cppExport-noconfig.cmake
[1.921s] -- Up-to-date: /home/jan/dev/Ros2PoCLedControl/ros2_home_auto/install/custom_interfaces/share/custom_interfaces/cmake/export_custom_interfaces__rosidl_generator_pyExport.cmake
[1.921s] -- Up-to-date: /home/jan/dev/Ros2PoCLedControl/ros2_home_auto/install/custom_interfaces/share/custom_interfaces/cmake/export_custom_interfaces__rosidl_generator_pyExport-noconfig.cmake
[1.921s] -- Up-to-date: /home/jan/dev/Ros2PoCLedControl/ros2_home_auto/install/custom_interfaces/share/custom_interfaces/cmake/rosidl_cmake-extras.cmake
[1.922s] -- Up-to-date: /home/jan/dev/Ros2PoCLedControl/ros2_home_auto/install/custom_interfaces/share/custom_interfaces/cmake/ament_cmake_export_dependencies-extras.cmake
[1.922s] -- Up-to-date: /home/jan/dev/Ros2PoCLedControl/ros2_home_auto/install/custom_interfaces/share/custom_interfaces/cmake/ament_cmake_export_include_directories-extras.cmake
[1.922s] -- Up-to-date: /home/jan/dev/Ros2PoCLedControl/ros2_home_auto/install/custom_interfaces/share/custom_interfaces/cmake/ament_cmake_export_libraries-extras.cmake
[1.923s] -- Up-to-date: /home/jan/dev/Ros2PoCLedControl/ros2_home_auto/install/custom_interfaces/share/custom_interfaces/cmake/ament_cmake_export_targets-extras.cmake
[1.923s] -- Up-to-date: /home/jan/dev/Ros2PoCLedControl/ros2_home_auto/install/custom_interfaces/share/custom_interfaces/cmake/rosidl_cmake_export_typesupport_targets-extras.cmake
[1.923s] -- Up-to-date: /home/jan/dev/Ros2PoCLedControl/ros2_home_auto/install/custom_interfaces/share/custom_interfaces/cmake/rosidl_cmake_export_typesupport_libraries-extras.cmake
[1.923s] -- Up-to-date: /home/jan/dev/Ros2PoCLedControl/ros2_home_auto/install/custom_interfaces/share/custom_interfaces/cmake/custom_interfacesConfig.cmake
[1.924s] -- Up-to-date: /home/jan/dev/Ros2PoCLedControl/ros2_home_auto/install/custom_interfaces/share/custom_interfaces/cmake/custom_interfacesConfig-version.cmake
[1.924s] -- Up-to-date: /home/jan/dev/Ros2PoCLedControl/ros2_home_auto/install/custom_interfaces/share/custom_interfaces/package.xml
[1.924s] Invoked command in '/home/jan/dev/Ros2PoCLedControl/ros2_home_auto/build/custom_interfaces' returned '0': CMAKE_PREFIX_PATH=${CMAKE_PREFIX_PATH}:/home/jan/dev/Ros2PoCLedControl/ros2_home_auto/install/video_capture:/home/jan/dev/Ros2PoCLedControl/ros2_home_auto/install/led_control:/opt/ros/humble /usr/bin/cmake --install /home/jan/dev/Ros2PoCLedControl/ros2_home_auto/build/custom_interfaces
