[0.910s] Invoking command in '/home/jan/dev/ros2_home_auto/src/led_control': PYTHONPATH=/home/jan/dev/ros2_home_auto/build/led_control/prefix_override:/home/jan/dev/ros2_home_auto/install/led_control/lib/python3.10/site-packages:${PYTHONPATH} /usr/bin/python3 setup.py egg_info --egg-base ../../build/led_control build --build-base /home/jan/dev/ros2_home_auto/build/led_control/build install --record /home/jan/dev/ros2_home_auto/build/led_control/install.log --single-version-externally-managed
[1.141s] running egg_info
[1.142s] creating ../../build/led_control/led_control.egg-info
[1.142s] writing ../../build/led_control/led_control.egg-info/PKG-INFO
[1.142s] writing dependency_links to ../../build/led_control/led_control.egg-info/dependency_links.txt
[1.143s] writing entry points to ../../build/led_control/led_control.egg-info/entry_points.txt
[1.143s] writing requirements to ../../build/led_control/led_control.egg-info/requires.txt
[1.143s] writing top-level names to ../../build/led_control/led_control.egg-info/top_level.txt
[1.143s] writing manifest file '../../build/led_control/led_control.egg-info/SOURCES.txt'
[1.144s] reading manifest file '../../build/led_control/led_control.egg-info/SOURCES.txt'
[1.144s] adding license file 'LICENSE'
[1.144s] writing manifest file '../../build/led_control/led_control.egg-info/SOURCES.txt'
[1.145s] running build
[1.145s] running build_py
[1.145s] creating /home/jan/dev/ros2_home_auto/build/led_control/build
[1.145s] creating /home/jan/dev/ros2_home_auto/build/led_control/build/lib
[1.145s] creating /home/jan/dev/ros2_home_auto/build/led_control/build/lib/led_control
[1.146s] copying led_control/__init__.py -> /home/jan/dev/ros2_home_auto/build/led_control/build/lib/led_control
[1.146s] running install
[1.159s] /usr/lib/python3/dist-packages/setuptools/command/install.py:34: SetuptoolsDeprecationWarning: setup.py install is deprecated. Use build and pip and other standards-based tools.
[1.159s]   warnings.warn(
[1.159s] running install_lib
[1.159s] creating /home/jan/dev/ros2_home_auto/install/led_control/lib/python3.10/site-packages/led_control
[1.160s] copying /home/jan/dev/ros2_home_auto/build/led_control/build/lib/led_control/__init__.py -> /home/jan/dev/ros2_home_auto/install/led_control/lib/python3.10/site-packages/led_control
[1.160s] byte-compiling /home/jan/dev/ros2_home_auto/install/led_control/lib/python3.10/site-packages/led_control/__init__.py to __init__.cpython-310.pyc
[1.160s] running install_data
[1.161s] creating /home/jan/dev/ros2_home_auto/install/led_control/share/ament_index
[1.161s] creating /home/jan/dev/ros2_home_auto/install/led_control/share/ament_index/resource_index
[1.161s] creating /home/jan/dev/ros2_home_auto/install/led_control/share/ament_index/resource_index/packages
[1.161s] copying resource/led_control -> /home/jan/dev/ros2_home_auto/install/led_control/share/ament_index/resource_index/packages
[1.161s] copying package.xml -> /home/jan/dev/ros2_home_auto/install/led_control/share/led_control
[1.161s] running install_egg_info
[1.162s] Copying ../../build/led_control/led_control.egg-info to /home/jan/dev/ros2_home_auto/install/led_control/lib/python3.10/site-packages/led_control-0.0.0-py3.10.egg-info
[1.163s] running install_scripts
[1.179s] writing list of installed files to '/home/jan/dev/ros2_home_auto/build/led_control/install.log'
[1.197s] Invoked command in '/home/jan/dev/ros2_home_auto/src/led_control' returned '0': PYTHONPATH=/home/jan/dev/ros2_home_auto/build/led_control/prefix_override:/home/jan/dev/ros2_home_auto/install/led_control/lib/python3.10/site-packages:${PYTHONPATH} /usr/bin/python3 setup.py egg_info --egg-base ../../build/led_control build --build-base /home/jan/dev/ros2_home_auto/build/led_control/build install --record /home/jan/dev/ros2_home_auto/build/led_control/install.log --single-version-externally-managed
