[0.674s] Invoking command in '/home/jan/dev/Ros2PoCLedControl/ros2_home_auto/build/custom_interfaces': CMAKE_PREFIX_PATH=${CMAKE_PREFIX_PATH}:/home/jan/dev/Ros2PoCLedControl/ros2_home_auto/install/video_capture:/home/jan/dev/Ros2PoCLedControl/ros2_home_auto/install/led_control:/opt/ros/humble /usr/bin/cmake /home/jan/dev/Ros2PoCLedControl/ros2_home_auto/src/custom_interfaces -DCMAKE_EXPORT_COMPILE_COMMANDS=ON -DCMAKE_INSTALL_PREFIX=/home/jan/dev/Ros2PoCLedControl/ros2_home_auto/install/custom_interfaces
[1.062s] -- Found ament_cmake: 1.3.8 (/opt/ros/humble/share/ament_cmake/cmake)
[1.062s] -- Found rosidl_default_generators: 1.2.0 (/opt/ros/humble/share/rosidl_default_generators/cmake)
[1.062s] -- Using all available rosidl_typesupport_c: rosidl_typesupport_fastrtps_c;rosidl_typesupport_introspection_c
[1.062s] -- Found rosidl_adapter: 3.1.5 (/opt/ros/humble/share/rosidl_adapter/cmake)
[1.063s] -- Using all available rosidl_typesupport_cpp: rosidl_typesupport_fastrtps_cpp;rosidl_typesupport_introspection_cpp
[1.484s] -- Found ament_cmake_ros: 0.10.0 (/opt/ros/humble/share/ament_cmake_ros/cmake)
[1.671s] -- Using all available rosidl_typesupport_c: rosidl_typesupport_fastrtps_c;rosidl_typesupport_introspection_c
[1.928s] -- Using all available rosidl_typesupport_cpp: rosidl_typesupport_fastrtps_cpp;rosidl_typesupport_introspection_cpp
[1.948s] -- Found python_cmake_module: 0.10.0 (/opt/ros/humble/share/python_cmake_module/cmake)
[1.968s] -- Using PYTHON_EXECUTABLE: /usr/bin/python3
[1.969s] -- Using PYTHON_INCLUDE_DIRS: /usr/include/python3.10
[1.969s] -- Using PYTHON_LIBRARIES: /usr/lib/x86_64-linux-gnu/libpython3.10.so
[1.986s] -- Found ament_lint_auto: 0.12.10 (/opt/ros/humble/share/ament_lint_auto/cmake)
[1.995s] -- Added test 'lint_cmake' to check CMake code style
[1.996s] -- Added test 'xmllint' to check XML markup files
[1.998s] -- Configuring done
[2.035s] -- Generating done
[2.253s] -- Build files have been written to: /home/jan/dev/Ros2PoCLedControl/ros2_home_auto/build/custom_interfaces
[2.280s] Invoked command in '/home/jan/dev/Ros2PoCLedControl/ros2_home_auto/build/custom_interfaces' returned '0': CMAKE_PREFIX_PATH=${CMAKE_PREFIX_PATH}:/home/jan/dev/Ros2PoCLedControl/ros2_home_auto/install/video_capture:/home/jan/dev/Ros2PoCLedControl/ros2_home_auto/install/led_control:/opt/ros/humble /usr/bin/cmake /home/jan/dev/Ros2PoCLedControl/ros2_home_auto/src/custom_interfaces -DCMAKE_EXPORT_COMPILE_COMMANDS=ON -DCMAKE_INSTALL_PREFIX=/home/jan/dev/Ros2PoCLedControl/ros2_home_auto/install/custom_interfaces
[2.281s] Invoking command in '/home/jan/dev/Ros2PoCLedControl/ros2_home_auto/build/custom_interfaces': CMAKE_PREFIX_PATH=${CMAKE_PREFIX_PATH}:/home/jan/dev/Ros2PoCLedControl/ros2_home_auto/install/video_capture:/home/jan/dev/Ros2PoCLedControl/ros2_home_auto/install/led_control:/opt/ros/humble /usr/bin/cmake --build /home/jan/dev/Ros2PoCLedControl/ros2_home_auto/build/custom_interfaces -- -j12 -l12
[2.316s] [35m[1mConsolidate compiler generated dependencies of target custom_interfaces__rosidl_generator_c[0m
[2.325s] [  1%] Built target custom_interfaces__cpp
[2.327s] [ 12%] Built target custom_interfaces__rosidl_generator_c
[2.336s] [ 12%] Built target ament_cmake_python_copy_custom_interfaces
[2.337s] [35m[1mConsolidate compiler generated dependencies of target custom_interfaces__rosidl_typesupport_introspection_cpp[0m
[2.339s] [35m[1mConsolidate compiler generated dependencies of target custom_interfaces__rosidl_typesupport_cpp[0m
[2.339s] [35m[1mConsolidate compiler generated dependencies of target custom_interfaces__rosidl_typesupport_fastrtps_cpp[0m
[2.341s] [35m[1mConsolidate compiler generated dependencies of target custom_interfaces__rosidl_typesupport_fastrtps_c[0m
[2.347s] [35m[1mConsolidate compiler generated dependencies of target custom_interfaces__rosidl_typesupport_introspection_c[0m
[2.355s] [35m[1mConsolidate compiler generated dependencies of target custom_interfaces__rosidl_typesupport_c[0m
[2.360s] [ 23%] Built target custom_interfaces__rosidl_typesupport_introspection_cpp
[2.367s] [ 45%] Built target custom_interfaces__rosidl_typesupport_fastrtps_c
[2.367s] [ 45%] Built target custom_interfaces__rosidl_typesupport_fastrtps_cpp
[2.367s] [ 56%] Built target custom_interfaces__rosidl_typesupport_cpp
[2.371s] [ 67%] Built target custom_interfaces__rosidl_typesupport_c
[2.371s] [ 78%] Built target custom_interfaces__rosidl_typesupport_introspection_c
[2.390s] [ 78%] Built target custom_interfaces
[2.410s] [ 80%] Built target custom_interfaces__py
[2.422s] [35m[1mConsolidate compiler generated dependencies of target custom_interfaces__rosidl_generator_py[0m
[2.437s] [ 89%] Built target custom_interfaces__rosidl_generator_py
[2.446s] [35m[1mConsolidate compiler generated dependencies of target custom_interfaces__rosidl_typesupport_introspection_c__pyext[0m
[2.446s] [35m[1mConsolidate compiler generated dependencies of target custom_interfaces__rosidl_typesupport_fastrtps_c__pyext[0m
[2.448s] [35m[1mConsolidate compiler generated dependencies of target custom_interfaces__rosidl_typesupport_c__pyext[0m
[2.458s] [ 96%] Built target custom_interfaces__rosidl_typesupport_introspection_c__pyext
[2.459s] [ 96%] Built target custom_interfaces__rosidl_typesupport_fastrtps_c__pyext
[2.461s] [100%] Built target custom_interfaces__rosidl_typesupport_c__pyext
[2.638s] running egg_info
[2.638s] writing custom_interfaces.egg-info/PKG-INFO
[2.639s] writing dependency_links to custom_interfaces.egg-info/dependency_links.txt
[2.639s] writing top-level names to custom_interfaces.egg-info/top_level.txt
[2.641s] reading manifest file 'custom_interfaces.egg-info/SOURCES.txt'
[2.641s] writing manifest file 'custom_interfaces.egg-info/SOURCES.txt'
[2.667s] [100%] Built target ament_cmake_python_build_custom_interfaces_egg
[2.690s] Invoked command in '/home/jan/dev/Ros2PoCLedControl/ros2_home_auto/build/custom_interfaces' returned '0': CMAKE_PREFIX_PATH=${CMAKE_PREFIX_PATH}:/home/jan/dev/Ros2PoCLedControl/ros2_home_auto/install/video_capture:/home/jan/dev/Ros2PoCLedControl/ros2_home_auto/install/led_control:/opt/ros/humble /usr/bin/cmake --build /home/jan/dev/Ros2PoCLedControl/ros2_home_auto/build/custom_interfaces -- -j12 -l12
[2.783s] Invoking command in '/home/jan/dev/Ros2PoCLedControl/ros2_home_auto/build/custom_interfaces': CMAKE_PREFIX_PATH=${CMAKE_PREFIX_PATH}:/home/jan/dev/Ros2PoCLedControl/ros2_home_auto/install/video_capture:/home/jan/dev/Ros2PoCLedControl/ros2_home_auto/install/led_control:/opt/ros/humble /usr/bin/cmake --install /home/jan/dev/Ros2PoCLedControl/ros2_home_auto/build/custom_interfaces
[2.790s] -- Install configuration: ""
[2.791s] -- Up-to-date: /home/jan/dev/Ros2PoCLedControl/ros2_home_auto/install/custom_interfaces/share/ament_index/resource_index/rosidl_interfaces/custom_interfaces
[2.791s] -- Up-to-date: /home/jan/dev/Ros2PoCLedControl/ros2_home_auto/install/custom_interfaces/include/custom_interfaces/custom_interfaces
[2.791s] -- Up-to-date: /home/jan/dev/Ros2PoCLedControl/ros2_home_auto/install/custom_interfaces/include/custom_interfaces/custom_interfaces/msg
[2.791s] -- Up-to-date: /home/jan/dev/Ros2PoCLedControl/ros2_home_auto/install/custom_interfaces/include/custom_interfaces/custom_interfaces/msg/color_array.h
[2.791s] -- Up-to-date: /home/jan/dev/Ros2PoCLedControl/ros2_home_auto/install/custom_interfaces/include/custom_interfaces/custom_interfaces/msg/detail
[2.791s] -- Up-to-date: /home/jan/dev/Ros2PoCLedControl/ros2_home_auto/install/custom_interfaces/include/custom_interfaces/custom_interfaces/msg/detail/color_array__type_support.h
[2.791s] -- Up-to-date: /home/jan/dev/Ros2PoCLedControl/ros2_home_auto/install/custom_interfaces/include/custom_interfaces/custom_interfaces/msg/detail/color__type_support.h
[2.791s] -- Up-to-date: /home/jan/dev/Ros2PoCLedControl/ros2_home_auto/install/custom_interfaces/include/custom_interfaces/custom_interfaces/msg/detail/color_array__functions.h
[2.792s] -- Up-to-date: /home/jan/dev/Ros2PoCLedControl/ros2_home_auto/install/custom_interfaces/include/custom_interfaces/custom_interfaces/msg/detail/color_array__functions.c
[2.792s] -- Up-to-date: /home/jan/dev/Ros2PoCLedControl/ros2_home_auto/install/custom_interfaces/include/custom_interfaces/custom_interfaces/msg/detail/color__functions.c
[2.792s] -- Up-to-date: /home/jan/dev/Ros2PoCLedControl/ros2_home_auto/install/custom_interfaces/include/custom_interfaces/custom_interfaces/msg/detail/color__struct.h
[2.792s] -- Up-to-date: /home/jan/dev/Ros2PoCLedControl/ros2_home_auto/install/custom_interfaces/include/custom_interfaces/custom_interfaces/msg/detail/color_array__struct.h
[2.792s] -- Up-to-date: /home/jan/dev/Ros2PoCLedControl/ros2_home_auto/install/custom_interfaces/include/custom_interfaces/custom_interfaces/msg/detail/color__functions.h
[2.792s] -- Up-to-date: /home/jan/dev/Ros2PoCLedControl/ros2_home_auto/install/custom_interfaces/include/custom_interfaces/custom_interfaces/msg/color.h
[2.792s] -- Up-to-date: /home/jan/dev/Ros2PoCLedControl/ros2_home_auto/install/custom_interfaces/include/custom_interfaces/custom_interfaces/msg/rosidl_generator_c__visibility_control.h
[2.792s] -- Up-to-date: /home/jan/dev/Ros2PoCLedControl/ros2_home_auto/install/custom_interfaces/include/custom_interfaces/custom_interfaces/action
[2.793s] -- Up-to-date: /home/jan/dev/Ros2PoCLedControl/ros2_home_auto/install/custom_interfaces/include/custom_interfaces/custom_interfaces/action/detail
[2.793s] -- Up-to-date: /home/jan/dev/Ros2PoCLedControl/ros2_home_auto/install/custom_interfaces/include/custom_interfaces/custom_interfaces/action/detail/set_color_action__type_support.h
[2.793s] -- Up-to-date: /home/jan/dev/Ros2PoCLedControl/ros2_home_auto/install/custom_interfaces/include/custom_interfaces/custom_interfaces/action/detail/set_color_action__functions.c
[2.793s] -- Up-to-date: /home/jan/dev/Ros2PoCLedControl/ros2_home_auto/install/custom_interfaces/include/custom_interfaces/custom_interfaces/action/detail/set_color_action__functions.h
[2.793s] -- Up-to-date: /home/jan/dev/Ros2PoCLedControl/ros2_home_auto/install/custom_interfaces/include/custom_interfaces/custom_interfaces/action/detail/set_color_action__struct.h
[2.793s] -- Up-to-date: /home/jan/dev/Ros2PoCLedControl/ros2_home_auto/install/custom_interfaces/include/custom_interfaces/custom_interfaces/action/set_color_action.h
[2.793s] -- Up-to-date: /home/jan/dev/Ros2PoCLedControl/ros2_home_auto/install/custom_interfaces/include/custom_interfaces/custom_interfaces/srv
[2.793s] -- Up-to-date: /home/jan/dev/Ros2PoCLedControl/ros2_home_auto/install/custom_interfaces/include/custom_interfaces/custom_interfaces/srv/set_colors.h
[2.794s] -- Up-to-date: /home/jan/dev/Ros2PoCLedControl/ros2_home_auto/install/custom_interfaces/include/custom_interfaces/custom_interfaces/srv/detail
[2.794s] -- Up-to-date: /home/jan/dev/Ros2PoCLedControl/ros2_home_auto/install/custom_interfaces/include/custom_interfaces/custom_interfaces/srv/detail/set_colors__type_support.h
[2.794s] -- Up-to-date: /home/jan/dev/Ros2PoCLedControl/ros2_home_auto/install/custom_interfaces/include/custom_interfaces/custom_interfaces/srv/detail/set_colors__functions.h
[2.794s] -- Up-to-date: /home/jan/dev/Ros2PoCLedControl/ros2_home_auto/install/custom_interfaces/include/custom_interfaces/custom_interfaces/srv/detail/set_colors__struct.h
[2.794s] -- Up-to-date: /home/jan/dev/Ros2PoCLedControl/ros2_home_auto/install/custom_interfaces/include/custom_interfaces/custom_interfaces/srv/detail/set_colors__functions.c
[2.794s] -- Up-to-date: /home/jan/dev/Ros2PoCLedControl/ros2_home_auto/install/custom_interfaces/share/custom_interfaces/environment/library_path.sh
[2.794s] -- Installing: /home/jan/dev/Ros2PoCLedControl/ros2_home_auto/install/custom_interfaces/share/custom_interfaces/environment/library_path.dsv
[2.795s] -- Up-to-date: /home/jan/dev/Ros2PoCLedControl/ros2_home_auto/install/custom_interfaces/lib/libcustom_interfaces__rosidl_generator_c.so
[2.795s] -- Up-to-date: /home/jan/dev/Ros2PoCLedControl/ros2_home_auto/install/custom_interfaces/include/custom_interfaces/custom_interfaces
[2.795s] -- Up-to-date: /home/jan/dev/Ros2PoCLedControl/ros2_home_auto/install/custom_interfaces/include/custom_interfaces/custom_interfaces/msg
[2.795s] -- Up-to-date: /home/jan/dev/Ros2PoCLedControl/ros2_home_auto/install/custom_interfaces/include/custom_interfaces/custom_interfaces/msg/detail
[2.795s] -- Up-to-date: /home/jan/dev/Ros2PoCLedControl/ros2_home_auto/install/custom_interfaces/include/custom_interfaces/custom_interfaces/msg/detail/color_array__rosidl_typesupport_fastrtps_c.h
[2.795s] -- Up-to-date: /home/jan/dev/Ros2PoCLedControl/ros2_home_auto/install/custom_interfaces/include/custom_interfaces/custom_interfaces/msg/detail/color__rosidl_typesupport_fastrtps_c.h
[2.796s] -- Up-to-date: /home/jan/dev/Ros2PoCLedControl/ros2_home_auto/install/custom_interfaces/include/custom_interfaces/custom_interfaces/msg/rosidl_typesupport_fastrtps_c__visibility_control.h
[2.796s] -- Up-to-date: /home/jan/dev/Ros2PoCLedControl/ros2_home_auto/install/custom_interfaces/include/custom_interfaces/custom_interfaces/action
[2.796s] -- Up-to-date: /home/jan/dev/Ros2PoCLedControl/ros2_home_auto/install/custom_interfaces/include/custom_interfaces/custom_interfaces/action/detail
[2.796s] -- Up-to-date: /home/jan/dev/Ros2PoCLedControl/ros2_home_auto/install/custom_interfaces/include/custom_interfaces/custom_interfaces/action/detail/set_color_action__rosidl_typesupport_fastrtps_c.h
[2.796s] -- Up-to-date: /home/jan/dev/Ros2PoCLedControl/ros2_home_auto/install/custom_interfaces/include/custom_interfaces/custom_interfaces/srv
[2.796s] -- Up-to-date: /home/jan/dev/Ros2PoCLedControl/ros2_home_auto/install/custom_interfaces/include/custom_interfaces/custom_interfaces/srv/detail
[2.796s] -- Up-to-date: /home/jan/dev/Ros2PoCLedControl/ros2_home_auto/install/custom_interfaces/include/custom_interfaces/custom_interfaces/srv/detail/set_colors__rosidl_typesupport_fastrtps_c.h
[2.796s] -- Up-to-date: /home/jan/dev/Ros2PoCLedControl/ros2_home_auto/install/custom_interfaces/lib/libcustom_interfaces__rosidl_typesupport_fastrtps_c.so
[2.796s] -- Up-to-date: /home/jan/dev/Ros2PoCLedControl/ros2_home_auto/install/custom_interfaces/include/custom_interfaces/custom_interfaces
[2.796s] -- Up-to-date: /home/jan/dev/Ros2PoCLedControl/ros2_home_auto/install/custom_interfaces/include/custom_interfaces/custom_interfaces/msg
[2.797s] -- Up-to-date: /home/jan/dev/Ros2PoCLedControl/ros2_home_auto/install/custom_interfaces/include/custom_interfaces/custom_interfaces/msg/rosidl_typesupport_introspection_c__visibility_control.h
[2.797s] -- Up-to-date: /home/jan/dev/Ros2PoCLedControl/ros2_home_auto/install/custom_interfaces/include/custom_interfaces/custom_interfaces/msg/detail
[2.797s] -- Up-to-date: /home/jan/dev/Ros2PoCLedControl/ros2_home_auto/install/custom_interfaces/include/custom_interfaces/custom_interfaces/msg/detail/color__rosidl_typesupport_introspection_c.h
[2.797s] -- Up-to-date: /home/jan/dev/Ros2PoCLedControl/ros2_home_auto/install/custom_interfaces/include/custom_interfaces/custom_interfaces/msg/detail/color_array__rosidl_typesupport_introspection_c.h
[2.797s] -- Up-to-date: /home/jan/dev/Ros2PoCLedControl/ros2_home_auto/install/custom_interfaces/include/custom_interfaces/custom_interfaces/msg/detail/color__type_support.c
[2.797s] -- Up-to-date: /home/jan/dev/Ros2PoCLedControl/ros2_home_auto/install/custom_interfaces/include/custom_interfaces/custom_interfaces/msg/detail/color_array__type_support.c
[2.797s] -- Up-to-date: /home/jan/dev/Ros2PoCLedControl/ros2_home_auto/install/custom_interfaces/include/custom_interfaces/custom_interfaces/action
[2.797s] -- Up-to-date: /home/jan/dev/Ros2PoCLedControl/ros2_home_auto/install/custom_interfaces/include/custom_interfaces/custom_interfaces/action/detail
[2.797s] -- Up-to-date: /home/jan/dev/Ros2PoCLedControl/ros2_home_auto/install/custom_interfaces/include/custom_interfaces/custom_interfaces/action/detail/set_color_action__type_support.c
[2.797s] -- Up-to-date: /home/jan/dev/Ros2PoCLedControl/ros2_home_auto/install/custom_interfaces/include/custom_interfaces/custom_interfaces/action/detail/set_color_action__rosidl_typesupport_introspection_c.h
[2.797s] -- Up-to-date: /home/jan/dev/Ros2PoCLedControl/ros2_home_auto/install/custom_interfaces/include/custom_interfaces/custom_interfaces/srv
[2.797s] -- Up-to-date: /home/jan/dev/Ros2PoCLedControl/ros2_home_auto/install/custom_interfaces/include/custom_interfaces/custom_interfaces/srv/detail
[2.797s] -- Up-to-date: /home/jan/dev/Ros2PoCLedControl/ros2_home_auto/install/custom_interfaces/include/custom_interfaces/custom_interfaces/srv/detail/set_colors__type_support.c
[2.797s] -- Up-to-date: /home/jan/dev/Ros2PoCLedControl/ros2_home_auto/install/custom_interfaces/include/custom_interfaces/custom_interfaces/srv/detail/set_colors__rosidl_typesupport_introspection_c.h
[2.798s] -- Up-to-date: /home/jan/dev/Ros2PoCLedControl/ros2_home_auto/install/custom_interfaces/lib/libcustom_interfaces__rosidl_typesupport_introspection_c.so
[2.798s] -- Up-to-date: /home/jan/dev/Ros2PoCLedControl/ros2_home_auto/install/custom_interfaces/lib/libcustom_interfaces__rosidl_typesupport_c.so
[2.798s] -- Up-to-date: /home/jan/dev/Ros2PoCLedControl/ros2_home_auto/install/custom_interfaces/include/custom_interfaces/custom_interfaces
[2.798s] -- Up-to-date: /home/jan/dev/Ros2PoCLedControl/ros2_home_auto/install/custom_interfaces/include/custom_interfaces/custom_interfaces/msg
[2.798s] -- Up-to-date: /home/jan/dev/Ros2PoCLedControl/ros2_home_auto/install/custom_interfaces/include/custom_interfaces/custom_interfaces/msg/color.hpp
[2.798s] -- Up-to-date: /home/jan/dev/Ros2PoCLedControl/ros2_home_auto/install/custom_interfaces/include/custom_interfaces/custom_interfaces/msg/detail
[2.798s] -- Up-to-date: /home/jan/dev/Ros2PoCLedControl/ros2_home_auto/install/custom_interfaces/include/custom_interfaces/custom_interfaces/msg/detail/color_array__traits.hpp
[2.798s] -- Up-to-date: /home/jan/dev/Ros2PoCLedControl/ros2_home_auto/install/custom_interfaces/include/custom_interfaces/custom_interfaces/msg/detail/color_array__builder.hpp
[2.798s] -- Up-to-date: /home/jan/dev/Ros2PoCLedControl/ros2_home_auto/install/custom_interfaces/include/custom_interfaces/custom_interfaces/msg/detail/color__traits.hpp
[2.798s] -- Up-to-date: /home/jan/dev/Ros2PoCLedControl/ros2_home_auto/install/custom_interfaces/include/custom_interfaces/custom_interfaces/msg/detail/color__struct.hpp
[2.798s] -- Up-to-date: /home/jan/dev/Ros2PoCLedControl/ros2_home_auto/install/custom_interfaces/include/custom_interfaces/custom_interfaces/msg/detail/color__builder.hpp
[2.798s] -- Up-to-date: /home/jan/dev/Ros2PoCLedControl/ros2_home_auto/install/custom_interfaces/include/custom_interfaces/custom_interfaces/msg/detail/color_array__struct.hpp
[2.798s] -- Up-to-date: /home/jan/dev/Ros2PoCLedControl/ros2_home_auto/install/custom_interfaces/include/custom_interfaces/custom_interfaces/msg/color_array.hpp
[2.799s] -- Up-to-date: /home/jan/dev/Ros2PoCLedControl/ros2_home_auto/install/custom_interfaces/include/custom_interfaces/custom_interfaces/action
[2.799s] -- Up-to-date: /home/jan/dev/Ros2PoCLedControl/ros2_home_auto/install/custom_interfaces/include/custom_interfaces/custom_interfaces/action/set_color_action.hpp
[2.799s] -- Up-to-date: /home/jan/dev/Ros2PoCLedControl/ros2_home_auto/install/custom_interfaces/include/custom_interfaces/custom_interfaces/action/detail
[2.799s] -- Up-to-date: /home/jan/dev/Ros2PoCLedControl/ros2_home_auto/install/custom_interfaces/include/custom_interfaces/custom_interfaces/action/detail/set_color_action__struct.hpp
[2.799s] -- Up-to-date: /home/jan/dev/Ros2PoCLedControl/ros2_home_auto/install/custom_interfaces/include/custom_interfaces/custom_interfaces/action/detail/set_color_action__builder.hpp
[2.799s] -- Up-to-date: /home/jan/dev/Ros2PoCLedControl/ros2_home_auto/install/custom_interfaces/include/custom_interfaces/custom_interfaces/action/detail/set_color_action__traits.hpp
[2.799s] -- Up-to-date: /home/jan/dev/Ros2PoCLedControl/ros2_home_auto/install/custom_interfaces/include/custom_interfaces/custom_interfaces/srv
[2.799s] -- Up-to-date: /home/jan/dev/Ros2PoCLedControl/ros2_home_auto/install/custom_interfaces/include/custom_interfaces/custom_interfaces/srv/detail
[2.799s] -- Up-to-date: /home/jan/dev/Ros2PoCLedControl/ros2_home_auto/install/custom_interfaces/include/custom_interfaces/custom_interfaces/srv/detail/set_colors__struct.hpp
[2.799s] -- Up-to-date: /home/jan/dev/Ros2PoCLedControl/ros2_home_auto/install/custom_interfaces/include/custom_interfaces/custom_interfaces/srv/detail/set_colors__traits.hpp
[2.799s] -- Up-to-date: /home/jan/dev/Ros2PoCLedControl/ros2_home_auto/install/custom_interfaces/include/custom_interfaces/custom_interfaces/srv/detail/set_colors__builder.hpp
[2.799s] -- Up-to-date: /home/jan/dev/Ros2PoCLedControl/ros2_home_auto/install/custom_interfaces/include/custom_interfaces/custom_interfaces/srv/set_colors.hpp
[2.800s] -- Up-to-date: /home/jan/dev/Ros2PoCLedControl/ros2_home_auto/install/custom_interfaces/include/custom_interfaces/custom_interfaces
[2.800s] -- Up-to-date: /home/jan/dev/Ros2PoCLedControl/ros2_home_auto/install/custom_interfaces/include/custom_interfaces/custom_interfaces/msg
[2.800s] -- Up-to-date: /home/jan/dev/Ros2PoCLedControl/ros2_home_auto/install/custom_interfaces/include/custom_interfaces/custom_interfaces/msg/rosidl_typesupport_fastrtps_cpp__visibility_control.h
[2.800s] -- Up-to-date: /home/jan/dev/Ros2PoCLedControl/ros2_home_auto/install/custom_interfaces/include/custom_interfaces/custom_interfaces/msg/detail
[2.800s] -- Up-to-date: /home/jan/dev/Ros2PoCLedControl/ros2_home_auto/install/custom_interfaces/include/custom_interfaces/custom_interfaces/msg/detail/color_array__rosidl_typesupport_fastrtps_cpp.hpp
[2.800s] -- Up-to-date: /home/jan/dev/Ros2PoCLedControl/ros2_home_auto/install/custom_interfaces/include/custom_interfaces/custom_interfaces/msg/detail/color__rosidl_typesupport_fastrtps_cpp.hpp
[2.800s] -- Up-to-date: /home/jan/dev/Ros2PoCLedControl/ros2_home_auto/install/custom_interfaces/include/custom_interfaces/custom_interfaces/msg/detail/dds_fastrtps
[2.800s] -- Up-to-date: /home/jan/dev/Ros2PoCLedControl/ros2_home_auto/install/custom_interfaces/include/custom_interfaces/custom_interfaces/action
[2.800s] -- Up-to-date: /home/jan/dev/Ros2PoCLedControl/ros2_home_auto/install/custom_interfaces/include/custom_interfaces/custom_interfaces/action/detail
[2.800s] -- Up-to-date: /home/jan/dev/Ros2PoCLedControl/ros2_home_auto/install/custom_interfaces/include/custom_interfaces/custom_interfaces/action/detail/set_color_action__rosidl_typesupport_fastrtps_cpp.hpp
[2.800s] -- Up-to-date: /home/jan/dev/Ros2PoCLedControl/ros2_home_auto/install/custom_interfaces/include/custom_interfaces/custom_interfaces/action/detail/dds_fastrtps
[2.800s] -- Up-to-date: /home/jan/dev/Ros2PoCLedControl/ros2_home_auto/install/custom_interfaces/include/custom_interfaces/custom_interfaces/srv
[2.801s] -- Up-to-date: /home/jan/dev/Ros2PoCLedControl/ros2_home_auto/install/custom_interfaces/include/custom_interfaces/custom_interfaces/srv/detail
[2.801s] -- Up-to-date: /home/jan/dev/Ros2PoCLedControl/ros2_home_auto/install/custom_interfaces/include/custom_interfaces/custom_interfaces/srv/detail/set_colors__rosidl_typesupport_fastrtps_cpp.hpp
[2.801s] -- Up-to-date: /home/jan/dev/Ros2PoCLedControl/ros2_home_auto/install/custom_interfaces/include/custom_interfaces/custom_interfaces/srv/detail/dds_fastrtps
[2.801s] -- Up-to-date: /home/jan/dev/Ros2PoCLedControl/ros2_home_auto/install/custom_interfaces/lib/libcustom_interfaces__rosidl_typesupport_fastrtps_cpp.so
[2.801s] -- Up-to-date: /home/jan/dev/Ros2PoCLedControl/ros2_home_auto/install/custom_interfaces/include/custom_interfaces/custom_interfaces
[2.801s] -- Up-to-date: /home/jan/dev/Ros2PoCLedControl/ros2_home_auto/install/custom_interfaces/include/custom_interfaces/custom_interfaces/msg
[2.801s] -- Up-to-date: /home/jan/dev/Ros2PoCLedControl/ros2_home_auto/install/custom_interfaces/include/custom_interfaces/custom_interfaces/msg/detail
[2.801s] -- Up-to-date: /home/jan/dev/Ros2PoCLedControl/ros2_home_auto/install/custom_interfaces/include/custom_interfaces/custom_interfaces/msg/detail/color_array__rosidl_typesupport_introspection_cpp.hpp
[2.801s] -- Up-to-date: /home/jan/dev/Ros2PoCLedControl/ros2_home_auto/install/custom_interfaces/include/custom_interfaces/custom_interfaces/msg/detail/color_array__type_support.cpp
[2.801s] -- Up-to-date: /home/jan/dev/Ros2PoCLedControl/ros2_home_auto/install/custom_interfaces/include/custom_interfaces/custom_interfaces/msg/detail/color__rosidl_typesupport_introspection_cpp.hpp
[2.801s] -- Up-to-date: /home/jan/dev/Ros2PoCLedControl/ros2_home_auto/install/custom_interfaces/include/custom_interfaces/custom_interfaces/msg/detail/color__type_support.cpp
[2.801s] -- Up-to-date: /home/jan/dev/Ros2PoCLedControl/ros2_home_auto/install/custom_interfaces/include/custom_interfaces/custom_interfaces/action
[2.801s] -- Up-to-date: /home/jan/dev/Ros2PoCLedControl/ros2_home_auto/install/custom_interfaces/include/custom_interfaces/custom_interfaces/action/detail
[2.801s] -- Up-to-date: /home/jan/dev/Ros2PoCLedControl/ros2_home_auto/install/custom_interfaces/include/custom_interfaces/custom_interfaces/action/detail/set_color_action__rosidl_typesupport_introspection_cpp.hpp
[2.801s] -- Up-to-date: /home/jan/dev/Ros2PoCLedControl/ros2_home_auto/install/custom_interfaces/include/custom_interfaces/custom_interfaces/action/detail/set_color_action__type_support.cpp
[2.802s] -- Up-to-date: /home/jan/dev/Ros2PoCLedControl/ros2_home_auto/install/custom_interfaces/include/custom_interfaces/custom_interfaces/srv
[2.802s] -- Up-to-date: /home/jan/dev/Ros2PoCLedControl/ros2_home_auto/install/custom_interfaces/include/custom_interfaces/custom_interfaces/srv/detail
[2.802s] -- Up-to-date: /home/jan/dev/Ros2PoCLedControl/ros2_home_auto/install/custom_interfaces/include/custom_interfaces/custom_interfaces/srv/detail/set_colors__rosidl_typesupport_introspection_cpp.hpp
[2.802s] -- Up-to-date: /home/jan/dev/Ros2PoCLedControl/ros2_home_auto/install/custom_interfaces/include/custom_interfaces/custom_interfaces/srv/detail/set_colors__type_support.cpp
[2.802s] -- Up-to-date: /home/jan/dev/Ros2PoCLedControl/ros2_home_auto/install/custom_interfaces/lib/libcustom_interfaces__rosidl_typesupport_introspection_cpp.so
[2.802s] -- Up-to-date: /home/jan/dev/Ros2PoCLedControl/ros2_home_auto/install/custom_interfaces/lib/libcustom_interfaces__rosidl_typesupport_cpp.so
[2.802s] -- Up-to-date: /home/jan/dev/Ros2PoCLedControl/ros2_home_auto/install/custom_interfaces/share/custom_interfaces/environment/pythonpath.sh
[2.802s] -- Installing: /home/jan/dev/Ros2PoCLedControl/ros2_home_auto/install/custom_interfaces/share/custom_interfaces/environment/pythonpath.dsv
[2.802s] -- Up-to-date: /home/jan/dev/Ros2PoCLedControl/ros2_home_auto/install/custom_interfaces/local/lib/python3.10/dist-packages/custom_interfaces-0.0.0-py3.10.egg-info
[2.802s] -- Installing: /home/jan/dev/Ros2PoCLedControl/ros2_home_auto/install/custom_interfaces/local/lib/python3.10/dist-packages/custom_interfaces-0.0.0-py3.10.egg-info/PKG-INFO
[2.802s] -- Installing: /home/jan/dev/Ros2PoCLedControl/ros2_home_auto/install/custom_interfaces/local/lib/python3.10/dist-packages/custom_interfaces-0.0.0-py3.10.egg-info/SOURCES.txt
[2.802s] -- Installing: /home/jan/dev/Ros2PoCLedControl/ros2_home_auto/install/custom_interfaces/local/lib/python3.10/dist-packages/custom_interfaces-0.0.0-py3.10.egg-info/top_level.txt
[2.802s] -- Installing: /home/jan/dev/Ros2PoCLedControl/ros2_home_auto/install/custom_interfaces/local/lib/python3.10/dist-packages/custom_interfaces-0.0.0-py3.10.egg-info/dependency_links.txt
[2.802s] -- Up-to-date: /home/jan/dev/Ros2PoCLedControl/ros2_home_auto/install/custom_interfaces/local/lib/python3.10/dist-packages/custom_interfaces
[2.803s] -- Up-to-date: /home/jan/dev/Ros2PoCLedControl/ros2_home_auto/install/custom_interfaces/local/lib/python3.10/dist-packages/custom_interfaces/_custom_interfaces_s.ep.rosidl_typesupport_c.c
[2.803s] -- Up-to-date: /home/jan/dev/Ros2PoCLedControl/ros2_home_auto/install/custom_interfaces/local/lib/python3.10/dist-packages/custom_interfaces/msg
[2.803s] -- Up-to-date: /home/jan/dev/Ros2PoCLedControl/ros2_home_auto/install/custom_interfaces/local/lib/python3.10/dist-packages/custom_interfaces/msg/_color.py
[2.803s] -- Up-to-date: /home/jan/dev/Ros2PoCLedControl/ros2_home_auto/install/custom_interfaces/local/lib/python3.10/dist-packages/custom_interfaces/msg/__init__.py
[2.803s] -- Up-to-date: /home/jan/dev/Ros2PoCLedControl/ros2_home_auto/install/custom_interfaces/local/lib/python3.10/dist-packages/custom_interfaces/msg/_color_s.c
[2.803s] -- Up-to-date: /home/jan/dev/Ros2PoCLedControl/ros2_home_auto/install/custom_interfaces/local/lib/python3.10/dist-packages/custom_interfaces/msg/_color_array.py
[2.803s] -- Up-to-date: /home/jan/dev/Ros2PoCLedControl/ros2_home_auto/install/custom_interfaces/local/lib/python3.10/dist-packages/custom_interfaces/msg/_color_array_s.c
[2.803s] -- Up-to-date: /home/jan/dev/Ros2PoCLedControl/ros2_home_auto/install/custom_interfaces/local/lib/python3.10/dist-packages/custom_interfaces/action
[2.803s] -- Up-to-date: /home/jan/dev/Ros2PoCLedControl/ros2_home_auto/install/custom_interfaces/local/lib/python3.10/dist-packages/custom_interfaces/action/_set_color_action.py
[2.803s] -- Up-to-date: /home/jan/dev/Ros2PoCLedControl/ros2_home_auto/install/custom_interfaces/local/lib/python3.10/dist-packages/custom_interfaces/action/__init__.py
[2.803s] -- Up-to-date: /home/jan/dev/Ros2PoCLedControl/ros2_home_auto/install/custom_interfaces/local/lib/python3.10/dist-packages/custom_interfaces/action/_set_color_action_s.c
[2.804s] -- Up-to-date: /home/jan/dev/Ros2PoCLedControl/ros2_home_auto/install/custom_interfaces/local/lib/python3.10/dist-packages/custom_interfaces/_custom_interfaces_s.ep.rosidl_typesupport_fastrtps_c.c
[2.804s] -- Installing: /home/jan/dev/Ros2PoCLedControl/ros2_home_auto/install/custom_interfaces/local/lib/python3.10/dist-packages/custom_interfaces/__init__.py
[2.804s] -- Up-to-date: /home/jan/dev/Ros2PoCLedControl/ros2_home_auto/install/custom_interfaces/local/lib/python3.10/dist-packages/custom_interfaces/libcustom_interfaces__rosidl_generator_py.so
[2.804s] -- Up-to-date: /home/jan/dev/Ros2PoCLedControl/ros2_home_auto/install/custom_interfaces/local/lib/python3.10/dist-packages/custom_interfaces/custom_interfaces_s__rosidl_typesupport_fastrtps_c.cpython-310-x86_64-linux-gnu.so
[2.804s] -- Up-to-date: /home/jan/dev/Ros2PoCLedControl/ros2_home_auto/install/custom_interfaces/local/lib/python3.10/dist-packages/custom_interfaces/srv
[2.804s] -- Up-to-date: /home/jan/dev/Ros2PoCLedControl/ros2_home_auto/install/custom_interfaces/local/lib/python3.10/dist-packages/custom_interfaces/srv/__init__.py
[2.804s] -- Up-to-date: /home/jan/dev/Ros2PoCLedControl/ros2_home_auto/install/custom_interfaces/local/lib/python3.10/dist-packages/custom_interfaces/srv/_set_colors_s.c
[2.804s] -- Up-to-date: /home/jan/dev/Ros2PoCLedControl/ros2_home_auto/install/custom_interfaces/local/lib/python3.10/dist-packages/custom_interfaces/srv/_set_colors.py
[2.804s] -- Up-to-date: /home/jan/dev/Ros2PoCLedControl/ros2_home_auto/install/custom_interfaces/local/lib/python3.10/dist-packages/custom_interfaces/custom_interfaces_s__rosidl_typesupport_introspection_c.cpython-310-x86_64-linux-gnu.so
[2.804s] -- Up-to-date: /home/jan/dev/Ros2PoCLedControl/ros2_home_auto/install/custom_interfaces/local/lib/python3.10/dist-packages/custom_interfaces/_custom_interfaces_s.ep.rosidl_typesupport_introspection_c.c
[2.804s] -- Up-to-date: /home/jan/dev/Ros2PoCLedControl/ros2_home_auto/install/custom_interfaces/local/lib/python3.10/dist-packages/custom_interfaces/custom_interfaces_s__rosidl_typesupport_c.cpython-310-x86_64-linux-gnu.so
[2.835s] Listing '/home/jan/dev/Ros2PoCLedControl/ros2_home_auto/install/custom_interfaces/local/lib/python3.10/dist-packages/custom_interfaces'...
[2.835s] Compiling '/home/jan/dev/Ros2PoCLedControl/ros2_home_auto/install/custom_interfaces/local/lib/python3.10/dist-packages/custom_interfaces/__init__.py'...
[2.836s] Listing '/home/jan/dev/Ros2PoCLedControl/ros2_home_auto/install/custom_interfaces/local/lib/python3.10/dist-packages/custom_interfaces/action'...
[2.836s] Listing '/home/jan/dev/Ros2PoCLedControl/ros2_home_auto/install/custom_interfaces/local/lib/python3.10/dist-packages/custom_interfaces/msg'...
[2.836s] Listing '/home/jan/dev/Ros2PoCLedControl/ros2_home_auto/install/custom_interfaces/local/lib/python3.10/dist-packages/custom_interfaces/srv'...
[2.840s] -- Up-to-date: /home/jan/dev/Ros2PoCLedControl/ros2_home_auto/install/custom_interfaces/local/lib/python3.10/dist-packages/custom_interfaces/custom_interfaces_s__rosidl_typesupport_fastrtps_c.cpython-310-x86_64-linux-gnu.so
[2.840s] -- Up-to-date: /home/jan/dev/Ros2PoCLedControl/ros2_home_auto/install/custom_interfaces/local/lib/python3.10/dist-packages/custom_interfaces/custom_interfaces_s__rosidl_typesupport_introspection_c.cpython-310-x86_64-linux-gnu.so
[2.840s] -- Up-to-date: /home/jan/dev/Ros2PoCLedControl/ros2_home_auto/install/custom_interfaces/local/lib/python3.10/dist-packages/custom_interfaces/custom_interfaces_s__rosidl_typesupport_c.cpython-310-x86_64-linux-gnu.so
[2.841s] -- Up-to-date: /home/jan/dev/Ros2PoCLedControl/ros2_home_auto/install/custom_interfaces/lib/libcustom_interfaces__rosidl_generator_py.so
[2.841s] -- Up-to-date: /home/jan/dev/Ros2PoCLedControl/ros2_home_auto/install/custom_interfaces/share/custom_interfaces/msg/Color.idl
[2.841s] -- Up-to-date: /home/jan/dev/Ros2PoCLedControl/ros2_home_auto/install/custom_interfaces/share/custom_interfaces/msg/ColorArray.idl
[2.841s] -- Up-to-date: /home/jan/dev/Ros2PoCLedControl/ros2_home_auto/install/custom_interfaces/share/custom_interfaces/srv/SetColors.idl
[2.841s] -- Up-to-date: /home/jan/dev/Ros2PoCLedControl/ros2_home_auto/install/custom_interfaces/share/custom_interfaces/action/SetColorAction.idl
[2.841s] -- Up-to-date: /home/jan/dev/Ros2PoCLedControl/ros2_home_auto/install/custom_interfaces/share/custom_interfaces/msg/Color.msg
[2.842s] -- Up-to-date: /home/jan/dev/Ros2PoCLedControl/ros2_home_auto/install/custom_interfaces/share/custom_interfaces/msg/ColorArray.msg
[2.842s] -- Up-to-date: /home/jan/dev/Ros2PoCLedControl/ros2_home_auto/install/custom_interfaces/share/custom_interfaces/srv/SetColors.srv
[2.842s] -- Up-to-date: /home/jan/dev/Ros2PoCLedControl/ros2_home_auto/install/custom_interfaces/share/custom_interfaces/srv/SetColors_Request.msg
[2.842s] -- Up-to-date: /home/jan/dev/Ros2PoCLedControl/ros2_home_auto/install/custom_interfaces/share/custom_interfaces/srv/SetColors_Response.msg
[2.842s] -- Up-to-date: /home/jan/dev/Ros2PoCLedControl/ros2_home_auto/install/custom_interfaces/share/custom_interfaces/action/SetColorAction.action
[2.842s] -- Up-to-date: /home/jan/dev/Ros2PoCLedControl/ros2_home_auto/install/custom_interfaces/share/ament_index/resource_index/package_run_dependencies/custom_interfaces
[2.842s] -- Up-to-date: /home/jan/dev/Ros2PoCLedControl/ros2_home_auto/install/custom_interfaces/share/ament_index/resource_index/parent_prefix_path/custom_interfaces
[2.842s] -- Up-to-date: /home/jan/dev/Ros2PoCLedControl/ros2_home_auto/install/custom_interfaces/share/custom_interfaces/environment/ament_prefix_path.sh
[2.842s] -- Installing: /home/jan/dev/Ros2PoCLedControl/ros2_home_auto/install/custom_interfaces/share/custom_interfaces/environment/ament_prefix_path.dsv
[2.843s] -- Up-to-date: /home/jan/dev/Ros2PoCLedControl/ros2_home_auto/install/custom_interfaces/share/custom_interfaces/environment/path.sh
[2.843s] -- Installing: /home/jan/dev/Ros2PoCLedControl/ros2_home_auto/install/custom_interfaces/share/custom_interfaces/environment/path.dsv
[2.843s] -- Up-to-date: /home/jan/dev/Ros2PoCLedControl/ros2_home_auto/install/custom_interfaces/share/custom_interfaces/local_setup.bash
[2.843s] -- Up-to-date: /home/jan/dev/Ros2PoCLedControl/ros2_home_auto/install/custom_interfaces/share/custom_interfaces/local_setup.sh
[2.843s] -- Up-to-date: /home/jan/dev/Ros2PoCLedControl/ros2_home_auto/install/custom_interfaces/share/custom_interfaces/local_setup.zsh
[2.843s] -- Installing: /home/jan/dev/Ros2PoCLedControl/ros2_home_auto/install/custom_interfaces/share/custom_interfaces/local_setup.dsv
[2.843s] -- Installing: /home/jan/dev/Ros2PoCLedControl/ros2_home_auto/install/custom_interfaces/share/custom_interfaces/package.dsv
[2.843s] -- Up-to-date: /home/jan/dev/Ros2PoCLedControl/ros2_home_auto/install/custom_interfaces/share/ament_index/resource_index/packages/custom_interfaces
[2.843s] -- Up-to-date: /home/jan/dev/Ros2PoCLedControl/ros2_home_auto/install/custom_interfaces/share/custom_interfaces/cmake/export_custom_interfaces__rosidl_generator_cExport.cmake
[2.843s] -- Up-to-date: /home/jan/dev/Ros2PoCLedControl/ros2_home_auto/install/custom_interfaces/share/custom_interfaces/cmake/export_custom_interfaces__rosidl_generator_cExport-noconfig.cmake
[2.844s] -- Up-to-date: /home/jan/dev/Ros2PoCLedControl/ros2_home_auto/install/custom_interfaces/share/custom_interfaces/cmake/export_custom_interfaces__rosidl_typesupport_fastrtps_cExport.cmake
[2.844s] -- Up-to-date: /home/jan/dev/Ros2PoCLedControl/ros2_home_auto/install/custom_interfaces/share/custom_interfaces/cmake/export_custom_interfaces__rosidl_typesupport_fastrtps_cExport-noconfig.cmake
[2.844s] -- Up-to-date: /home/jan/dev/Ros2PoCLedControl/ros2_home_auto/install/custom_interfaces/share/custom_interfaces/cmake/custom_interfaces__rosidl_typesupport_introspection_cExport.cmake
[2.844s] -- Up-to-date: /home/jan/dev/Ros2PoCLedControl/ros2_home_auto/install/custom_interfaces/share/custom_interfaces/cmake/custom_interfaces__rosidl_typesupport_introspection_cExport-noconfig.cmake
[2.844s] -- Up-to-date: /home/jan/dev/Ros2PoCLedControl/ros2_home_auto/install/custom_interfaces/share/custom_interfaces/cmake/custom_interfaces__rosidl_typesupport_cExport.cmake
[2.844s] -- Up-to-date: /home/jan/dev/Ros2PoCLedControl/ros2_home_auto/install/custom_interfaces/share/custom_interfaces/cmake/custom_interfaces__rosidl_typesupport_cExport-noconfig.cmake
[2.844s] -- Up-to-date: /home/jan/dev/Ros2PoCLedControl/ros2_home_auto/install/custom_interfaces/share/custom_interfaces/cmake/export_custom_interfaces__rosidl_generator_cppExport.cmake
[2.844s] -- Up-to-date: /home/jan/dev/Ros2PoCLedControl/ros2_home_auto/install/custom_interfaces/share/custom_interfaces/cmake/export_custom_interfaces__rosidl_typesupport_fastrtps_cppExport.cmake
[2.845s] -- Up-to-date: /home/jan/dev/Ros2PoCLedControl/ros2_home_auto/install/custom_interfaces/share/custom_interfaces/cmake/export_custom_interfaces__rosidl_typesupport_fastrtps_cppExport-noconfig.cmake
[2.845s] -- Up-to-date: /home/jan/dev/Ros2PoCLedControl/ros2_home_auto/install/custom_interfaces/share/custom_interfaces/cmake/custom_interfaces__rosidl_typesupport_introspection_cppExport.cmake
[2.845s] -- Up-to-date: /home/jan/dev/Ros2PoCLedControl/ros2_home_auto/install/custom_interfaces/share/custom_interfaces/cmake/custom_interfaces__rosidl_typesupport_introspection_cppExport-noconfig.cmake
[2.845s] -- Up-to-date: /home/jan/dev/Ros2PoCLedControl/ros2_home_auto/install/custom_interfaces/share/custom_interfaces/cmake/custom_interfaces__rosidl_typesupport_cppExport.cmake
[2.845s] -- Up-to-date: /home/jan/dev/Ros2PoCLedControl/ros2_home_auto/install/custom_interfaces/share/custom_interfaces/cmake/custom_interfaces__rosidl_typesupport_cppExport-noconfig.cmake
[2.845s] -- Up-to-date: /home/jan/dev/Ros2PoCLedControl/ros2_home_auto/install/custom_interfaces/share/custom_interfaces/cmake/export_custom_interfaces__rosidl_generator_pyExport.cmake
[2.845s] -- Up-to-date: /home/jan/dev/Ros2PoCLedControl/ros2_home_auto/install/custom_interfaces/share/custom_interfaces/cmake/export_custom_interfaces__rosidl_generator_pyExport-noconfig.cmake
[2.845s] -- Up-to-date: /home/jan/dev/Ros2PoCLedControl/ros2_home_auto/install/custom_interfaces/share/custom_interfaces/cmake/rosidl_cmake-extras.cmake
[2.845s] -- Up-to-date: /home/jan/dev/Ros2PoCLedControl/ros2_home_auto/install/custom_interfaces/share/custom_interfaces/cmake/ament_cmake_export_dependencies-extras.cmake
[2.846s] -- Up-to-date: /home/jan/dev/Ros2PoCLedControl/ros2_home_auto/install/custom_interfaces/share/custom_interfaces/cmake/ament_cmake_export_include_directories-extras.cmake
[2.846s] -- Up-to-date: /home/jan/dev/Ros2PoCLedControl/ros2_home_auto/install/custom_interfaces/share/custom_interfaces/cmake/ament_cmake_export_libraries-extras.cmake
[2.846s] -- Up-to-date: /home/jan/dev/Ros2PoCLedControl/ros2_home_auto/install/custom_interfaces/share/custom_interfaces/cmake/ament_cmake_export_targets-extras.cmake
[2.846s] -- Up-to-date: /home/jan/dev/Ros2PoCLedControl/ros2_home_auto/install/custom_interfaces/share/custom_interfaces/cmake/rosidl_cmake_export_typesupport_targets-extras.cmake
[2.846s] -- Up-to-date: /home/jan/dev/Ros2PoCLedControl/ros2_home_auto/install/custom_interfaces/share/custom_interfaces/cmake/rosidl_cmake_export_typesupport_libraries-extras.cmake
[2.846s] -- Up-to-date: /home/jan/dev/Ros2PoCLedControl/ros2_home_auto/install/custom_interfaces/share/custom_interfaces/cmake/custom_interfacesConfig.cmake
[2.846s] -- Up-to-date: /home/jan/dev/Ros2PoCLedControl/ros2_home_auto/install/custom_interfaces/share/custom_interfaces/cmake/custom_interfacesConfig-version.cmake
[2.846s] -- Up-to-date: /home/jan/dev/Ros2PoCLedControl/ros2_home_auto/install/custom_interfaces/share/custom_interfaces/package.xml
[2.847s] Invoked command in '/home/jan/dev/Ros2PoCLedControl/ros2_home_auto/build/custom_interfaces' returned '0': CMAKE_PREFIX_PATH=${CMAKE_PREFIX_PATH}:/home/jan/dev/Ros2PoCLedControl/ros2_home_auto/install/video_capture:/home/jan/dev/Ros2PoCLedControl/ros2_home_auto/install/led_control:/opt/ros/humble /usr/bin/cmake --install /home/jan/dev/Ros2PoCLedControl/ros2_home_auto/build/custom_interfaces
