[1.124s] Invoking command in '/home/jan/dev/Ros2PoCLedControl/ros2_home_auto/build/led_control': PYTHONPATH=/home/jan/dev/Ros2PoCLedControl/ros2_home_auto/build/led_control/prefix_override:/home/jan/dev/Ros2PoCLedControl/ros2_home_auto/install/led_control/lib/python3.10/site-packages:${PYTHONPATH} /usr/bin/python3 setup.py develop --editable --build-directory /home/jan/dev/Ros2PoCLedControl/ros2_home_auto/build/led_control/build --no-deps install_data
[1.366s] running develop
[1.378s] /usr/lib/python3/dist-packages/setuptools/command/easy_install.py:158: EasyInstallDeprecationWarning: easy_install command is deprecated. Use build and pip and other standards-based tools.
[1.379s]   warnings.warn(
[1.380s] /usr/lib/python3/dist-packages/setuptools/command/install.py:34: SetuptoolsDeprecationWarning: setup.py install is deprecated. Use build and pip and other standards-based tools.
[1.380s]   warnings.warn(
[1.569s] running egg_info
[1.570s] writing led_control.egg-info/PKG-INFO
[1.570s] writing dependency_links to led_control.egg-info/dependency_links.txt
[1.570s] writing entry points to led_control.egg-info/entry_points.txt
[1.570s] writing requirements to led_control.egg-info/requires.txt
[1.570s] writing top-level names to led_control.egg-info/top_level.txt
[1.572s] reading manifest file 'led_control.egg-info/SOURCES.txt'
[1.572s] writing manifest file 'led_control.egg-info/SOURCES.txt'
[1.573s] running build_ext
[1.574s] Creating /home/jan/dev/Ros2PoCLedControl/ros2_home_auto/install/led_control/lib/python3.10/site-packages/led-control.egg-link (link to .)
[1.574s] Installing led_control_server script to /home/jan/dev/Ros2PoCLedControl/ros2_home_auto/install/led_control/lib/led_control
[1.575s] 
[1.575s] Installed /home/jan/dev/Ros2PoCLedControl/ros2_home_auto/build/led_control
[1.575s] running install_data
