[0.225s] Invoking command in '/home/jan/dev/Ros2PoCLedControl/ros2_home_auto/build/custom_interfaces': CMAKE_PREFIX_PATH=${CMAKE_PREFIX_PATH}:/home/jan/dev/Ros2PoCLedControl/ros2_home_auto/install/video_capture:/home/jan/dev/Ros2PoCLedControl/ros2_home_auto/install/led_control:/opt/ros/humble /usr/bin/cmake /home/jan/dev/Ros2PoCLedControl/ros2_home_auto/src/custom_interfaces -DCMAKE_INSTALL_PREFIX=/home/jan/dev/Ros2PoCLedControl/ros2_home_auto/install/custom_interfaces
[0.578s] -- Found ament_cmake: 1.3.8 (/opt/ros/humble/share/ament_cmake/cmake)
[0.578s] -- Found rosidl_default_generators: 1.2.0 (/opt/ros/humble/share/rosidl_default_generators/cmake)
[0.578s] -- Using all available rosidl_typesupport_c: rosidl_typesupport_fastrtps_c;rosidl_typesupport_introspection_c
[0.578s] -- Found rosidl_adapter: 3.1.5 (/opt/ros/humble/share/rosidl_adapter/cmake)
[0.579s] -- Using all available rosidl_typesupport_cpp: rosidl_typesupport_fastrtps_cpp;rosidl_typesupport_introspection_cpp
[0.793s] -- Found ament_cmake_ros: 0.10.0 (/opt/ros/humble/share/ament_cmake_ros/cmake)
[0.999s] -- Using all available rosidl_typesupport_c: rosidl_typesupport_fastrtps_c;rosidl_typesupport_introspection_c
[1.303s] -- Using all available rosidl_typesupport_cpp: rosidl_typesupport_fastrtps_cpp;rosidl_typesupport_introspection_cpp
[1.330s] -- Found python_cmake_module: 0.10.0 (/opt/ros/humble/share/python_cmake_module/cmake)
[1.353s] -- Using PYTHON_EXECUTABLE: /usr/bin/python3
[1.353s] -- Using PYTHON_INCLUDE_DIRS: /usr/include/python3.10
[1.353s] -- Using PYTHON_LIBRARIES: /usr/lib/x86_64-linux-gnu/libpython3.10.so
[1.374s] -- Found ament_lint_auto: 0.12.10 (/opt/ros/humble/share/ament_lint_auto/cmake)
[1.384s] -- Added test 'lint_cmake' to check CMake code style
[1.386s] -- Added test 'xmllint' to check XML markup files
[1.388s] -- Configuring done
[1.436s] -- Generating done
[1.440s] -- Build files have been written to: /home/jan/dev/Ros2PoCLedControl/ros2_home_auto/build/custom_interfaces
[1.450s] Invoked command in '/home/jan/dev/Ros2PoCLedControl/ros2_home_auto/build/custom_interfaces' returned '0': CMAKE_PREFIX_PATH=${CMAKE_PREFIX_PATH}:/home/jan/dev/Ros2PoCLedControl/ros2_home_auto/install/video_capture:/home/jan/dev/Ros2PoCLedControl/ros2_home_auto/install/led_control:/opt/ros/humble /usr/bin/cmake /home/jan/dev/Ros2PoCLedControl/ros2_home_auto/src/custom_interfaces -DCMAKE_INSTALL_PREFIX=/home/jan/dev/Ros2PoCLedControl/ros2_home_auto/install/custom_interfaces
[1.453s] Invoking command in '/home/jan/dev/Ros2PoCLedControl/ros2_home_auto/build/custom_interfaces': CMAKE_PREFIX_PATH=${CMAKE_PREFIX_PATH}:/home/jan/dev/Ros2PoCLedControl/ros2_home_auto/install/video_capture:/home/jan/dev/Ros2PoCLedControl/ros2_home_auto/install/led_control:/opt/ros/humble /usr/bin/cmake --build /home/jan/dev/Ros2PoCLedControl/ros2_home_auto/build/custom_interfaces -- -j12 -l12
[1.500s] [35m[1mConsolidate compiler generated dependencies of target custom_interfaces__rosidl_generator_c[0m
[1.509s] [  1%] Built target custom_interfaces__cpp
[1.517s] [ 12%] Built target custom_interfaces__rosidl_generator_c
[1.523s] [35m[1mConsolidate compiler generated dependencies of target custom_interfaces__rosidl_typesupport_cpp[0m
[1.523s] [35m[1mConsolidate compiler generated dependencies of target custom_interfaces__rosidl_typesupport_fastrtps_cpp[0m
[1.526s] [35m[1mConsolidate compiler generated dependencies of target custom_interfaces__rosidl_typesupport_introspection_cpp[0m
[1.528s] [ 12%] Built target ament_cmake_python_copy_custom_interfaces
[1.536s] [35m[1mConsolidate compiler generated dependencies of target custom_interfaces__rosidl_typesupport_c[0m
[1.541s] [35m[1mConsolidate compiler generated dependencies of target custom_interfaces__rosidl_typesupport_fastrtps_c[0m
[1.549s] [35m[1mConsolidate compiler generated dependencies of target custom_interfaces__rosidl_typesupport_introspection_c[0m
[1.553s] [ 23%] Built target custom_interfaces__rosidl_typesupport_fastrtps_cpp
[1.556s] [ 34%] Built target custom_interfaces__rosidl_typesupport_introspection_cpp
[1.558s] [ 45%] Built target custom_interfaces__rosidl_typesupport_cpp
[1.561s] [ 56%] Built target custom_interfaces__rosidl_typesupport_c
[1.573s] [ 67%] Built target custom_interfaces__rosidl_typesupport_introspection_c
[1.581s] [ 78%] Built target custom_interfaces__rosidl_typesupport_fastrtps_c
[1.605s] [ 78%] Built target custom_interfaces
[1.632s] [ 80%] Built target custom_interfaces__py
[1.642s] [35m[1mConsolidate compiler generated dependencies of target custom_interfaces__rosidl_generator_py[0m
[1.661s] [ 89%] Built target custom_interfaces__rosidl_generator_py
[1.675s] [35m[1mConsolidate compiler generated dependencies of target custom_interfaces__rosidl_typesupport_c__pyext[0m
[1.675s] [35m[1mConsolidate compiler generated dependencies of target custom_interfaces__rosidl_typesupport_fastrtps_c__pyext[0m
[1.676s] [35m[1mConsolidate compiler generated dependencies of target custom_interfaces__rosidl_typesupport_introspection_c__pyext[0m
[1.693s] [ 96%] Built target custom_interfaces__rosidl_typesupport_c__pyext
[1.693s] [ 96%] Built target custom_interfaces__rosidl_typesupport_fastrtps_c__pyext
[1.694s] [100%] Built target custom_interfaces__rosidl_typesupport_introspection_c__pyext
[1.873s] running egg_info
[1.874s] writing custom_interfaces.egg-info/PKG-INFO
[1.874s] writing dependency_links to custom_interfaces.egg-info/dependency_links.txt
[1.875s] writing top-level names to custom_interfaces.egg-info/top_level.txt
[1.878s] reading manifest file 'custom_interfaces.egg-info/SOURCES.txt'
[1.879s] writing manifest file 'custom_interfaces.egg-info/SOURCES.txt'
[1.909s] [100%] Built target ament_cmake_python_build_custom_interfaces_egg
[1.920s] Invoked command in '/home/jan/dev/Ros2PoCLedControl/ros2_home_auto/build/custom_interfaces' returned '0': CMAKE_PREFIX_PATH=${CMAKE_PREFIX_PATH}:/home/jan/dev/Ros2PoCLedControl/ros2_home_auto/install/video_capture:/home/jan/dev/Ros2PoCLedControl/ros2_home_auto/install/led_control:/opt/ros/humble /usr/bin/cmake --build /home/jan/dev/Ros2PoCLedControl/ros2_home_auto/build/custom_interfaces -- -j12 -l12
[2.022s] Invoking command in '/home/jan/dev/Ros2PoCLedControl/ros2_home_auto/build/custom_interfaces': CMAKE_PREFIX_PATH=${CMAKE_PREFIX_PATH}:/home/jan/dev/Ros2PoCLedControl/ros2_home_auto/install/video_capture:/home/jan/dev/Ros2PoCLedControl/ros2_home_auto/install/led_control:/opt/ros/humble /usr/bin/cmake --install /home/jan/dev/Ros2PoCLedControl/ros2_home_auto/build/custom_interfaces
[2.029s] -- Install configuration: ""
[2.029s] -- Up-to-date: /home/jan/dev/Ros2PoCLedControl/ros2_home_auto/install/custom_interfaces/share/ament_index/resource_index/rosidl_interfaces/custom_interfaces
[2.029s] -- Up-to-date: /home/jan/dev/Ros2PoCLedControl/ros2_home_auto/install/custom_interfaces/include/custom_interfaces/custom_interfaces
[2.030s] -- Up-to-date: /home/jan/dev/Ros2PoCLedControl/ros2_home_auto/install/custom_interfaces/include/custom_interfaces/custom_interfaces/msg
[2.030s] -- Up-to-date: /home/jan/dev/Ros2PoCLedControl/ros2_home_auto/install/custom_interfaces/include/custom_interfaces/custom_interfaces/msg/color_array.h
[2.030s] -- Up-to-date: /home/jan/dev/Ros2PoCLedControl/ros2_home_auto/install/custom_interfaces/include/custom_interfaces/custom_interfaces/msg/detail
[2.030s] -- Up-to-date: /home/jan/dev/Ros2PoCLedControl/ros2_home_auto/install/custom_interfaces/include/custom_interfaces/custom_interfaces/msg/detail/color_array__type_support.h
[2.030s] -- Up-to-date: /home/jan/dev/Ros2PoCLedControl/ros2_home_auto/install/custom_interfaces/include/custom_interfaces/custom_interfaces/msg/detail/color__type_support.h
[2.030s] -- Up-to-date: /home/jan/dev/Ros2PoCLedControl/ros2_home_auto/install/custom_interfaces/include/custom_interfaces/custom_interfaces/msg/detail/color_array__functions.h
[2.030s] -- Up-to-date: /home/jan/dev/Ros2PoCLedControl/ros2_home_auto/install/custom_interfaces/include/custom_interfaces/custom_interfaces/msg/detail/color_array__functions.c
[2.031s] -- Up-to-date: /home/jan/dev/Ros2PoCLedControl/ros2_home_auto/install/custom_interfaces/include/custom_interfaces/custom_interfaces/msg/detail/color__functions.c
[2.031s] -- Up-to-date: /home/jan/dev/Ros2PoCLedControl/ros2_home_auto/install/custom_interfaces/include/custom_interfaces/custom_interfaces/msg/detail/color__struct.h
[2.031s] -- Up-to-date: /home/jan/dev/Ros2PoCLedControl/ros2_home_auto/install/custom_interfaces/include/custom_interfaces/custom_interfaces/msg/detail/color_array__struct.h
[2.031s] -- Up-to-date: /home/jan/dev/Ros2PoCLedControl/ros2_home_auto/install/custom_interfaces/include/custom_interfaces/custom_interfaces/msg/detail/color__functions.h
[2.031s] -- Up-to-date: /home/jan/dev/Ros2PoCLedControl/ros2_home_auto/install/custom_interfaces/include/custom_interfaces/custom_interfaces/msg/color.h
[2.031s] -- Up-to-date: /home/jan/dev/Ros2PoCLedControl/ros2_home_auto/install/custom_interfaces/include/custom_interfaces/custom_interfaces/msg/rosidl_generator_c__visibility_control.h
[2.031s] -- Up-to-date: /home/jan/dev/Ros2PoCLedControl/ros2_home_auto/install/custom_interfaces/include/custom_interfaces/custom_interfaces/action
[2.031s] -- Up-to-date: /home/jan/dev/Ros2PoCLedControl/ros2_home_auto/install/custom_interfaces/include/custom_interfaces/custom_interfaces/action/detail
[2.031s] -- Up-to-date: /home/jan/dev/Ros2PoCLedControl/ros2_home_auto/install/custom_interfaces/include/custom_interfaces/custom_interfaces/action/detail/set_color_action__type_support.h
[2.031s] -- Up-to-date: /home/jan/dev/Ros2PoCLedControl/ros2_home_auto/install/custom_interfaces/include/custom_interfaces/custom_interfaces/action/detail/set_color_action__functions.c
[2.032s] -- Up-to-date: /home/jan/dev/Ros2PoCLedControl/ros2_home_auto/install/custom_interfaces/include/custom_interfaces/custom_interfaces/action/detail/set_color_action__functions.h
[2.032s] -- Up-to-date: /home/jan/dev/Ros2PoCLedControl/ros2_home_auto/install/custom_interfaces/include/custom_interfaces/custom_interfaces/action/detail/set_color_action__struct.h
[2.032s] -- Up-to-date: /home/jan/dev/Ros2PoCLedControl/ros2_home_auto/install/custom_interfaces/include/custom_interfaces/custom_interfaces/action/set_color_action.h
[2.032s] -- Up-to-date: /home/jan/dev/Ros2PoCLedControl/ros2_home_auto/install/custom_interfaces/include/custom_interfaces/custom_interfaces/srv
[2.032s] -- Up-to-date: /home/jan/dev/Ros2PoCLedControl/ros2_home_auto/install/custom_interfaces/include/custom_interfaces/custom_interfaces/srv/set_colors.h
[2.032s] -- Up-to-date: /home/jan/dev/Ros2PoCLedControl/ros2_home_auto/install/custom_interfaces/include/custom_interfaces/custom_interfaces/srv/detail
[2.032s] -- Up-to-date: /home/jan/dev/Ros2PoCLedControl/ros2_home_auto/install/custom_interfaces/include/custom_interfaces/custom_interfaces/srv/detail/set_colors__type_support.h
[2.032s] -- Up-to-date: /home/jan/dev/Ros2PoCLedControl/ros2_home_auto/install/custom_interfaces/include/custom_interfaces/custom_interfaces/srv/detail/set_colors__functions.h
[2.032s] -- Up-to-date: /home/jan/dev/Ros2PoCLedControl/ros2_home_auto/install/custom_interfaces/include/custom_interfaces/custom_interfaces/srv/detail/set_colors__struct.h
[2.032s] -- Up-to-date: /home/jan/dev/Ros2PoCLedControl/ros2_home_auto/install/custom_interfaces/include/custom_interfaces/custom_interfaces/srv/detail/set_colors__functions.c
[2.032s] -- Up-to-date: /home/jan/dev/Ros2PoCLedControl/ros2_home_auto/install/custom_interfaces/share/custom_interfaces/environment/library_path.sh
[2.033s] -- Installing: /home/jan/dev/Ros2PoCLedControl/ros2_home_auto/install/custom_interfaces/share/custom_interfaces/environment/library_path.dsv
[2.033s] -- Up-to-date: /home/jan/dev/Ros2PoCLedControl/ros2_home_auto/install/custom_interfaces/lib/libcustom_interfaces__rosidl_generator_c.so
[2.033s] -- Up-to-date: /home/jan/dev/Ros2PoCLedControl/ros2_home_auto/install/custom_interfaces/include/custom_interfaces/custom_interfaces
[2.033s] -- Up-to-date: /home/jan/dev/Ros2PoCLedControl/ros2_home_auto/install/custom_interfaces/include/custom_interfaces/custom_interfaces/msg
[2.033s] -- Up-to-date: /home/jan/dev/Ros2PoCLedControl/ros2_home_auto/install/custom_interfaces/include/custom_interfaces/custom_interfaces/msg/detail
[2.033s] -- Up-to-date: /home/jan/dev/Ros2PoCLedControl/ros2_home_auto/install/custom_interfaces/include/custom_interfaces/custom_interfaces/msg/detail/color_array__rosidl_typesupport_fastrtps_c.h
[2.033s] -- Up-to-date: /home/jan/dev/Ros2PoCLedControl/ros2_home_auto/install/custom_interfaces/include/custom_interfaces/custom_interfaces/msg/detail/color__rosidl_typesupport_fastrtps_c.h
[2.033s] -- Up-to-date: /home/jan/dev/Ros2PoCLedControl/ros2_home_auto/install/custom_interfaces/include/custom_interfaces/custom_interfaces/msg/rosidl_typesupport_fastrtps_c__visibility_control.h
[2.033s] -- Up-to-date: /home/jan/dev/Ros2PoCLedControl/ros2_home_auto/install/custom_interfaces/include/custom_interfaces/custom_interfaces/action
[2.033s] -- Up-to-date: /home/jan/dev/Ros2PoCLedControl/ros2_home_auto/install/custom_interfaces/include/custom_interfaces/custom_interfaces/action/detail
[2.034s] -- Up-to-date: /home/jan/dev/Ros2PoCLedControl/ros2_home_auto/install/custom_interfaces/include/custom_interfaces/custom_interfaces/action/detail/set_color_action__rosidl_typesupport_fastrtps_c.h
[2.034s] -- Up-to-date: /home/jan/dev/Ros2PoCLedControl/ros2_home_auto/install/custom_interfaces/include/custom_interfaces/custom_interfaces/srv
[2.034s] -- Up-to-date: /home/jan/dev/Ros2PoCLedControl/ros2_home_auto/install/custom_interfaces/include/custom_interfaces/custom_interfaces/srv/detail
[2.034s] -- Up-to-date: /home/jan/dev/Ros2PoCLedControl/ros2_home_auto/install/custom_interfaces/include/custom_interfaces/custom_interfaces/srv/detail/set_colors__rosidl_typesupport_fastrtps_c.h
[2.034s] -- Up-to-date: /home/jan/dev/Ros2PoCLedControl/ros2_home_auto/install/custom_interfaces/lib/libcustom_interfaces__rosidl_typesupport_fastrtps_c.so
[2.034s] -- Up-to-date: /home/jan/dev/Ros2PoCLedControl/ros2_home_auto/install/custom_interfaces/include/custom_interfaces/custom_interfaces
[2.034s] -- Up-to-date: /home/jan/dev/Ros2PoCLedControl/ros2_home_auto/install/custom_interfaces/include/custom_interfaces/custom_interfaces/msg
[2.034s] -- Up-to-date: /home/jan/dev/Ros2PoCLedControl/ros2_home_auto/install/custom_interfaces/include/custom_interfaces/custom_interfaces/msg/rosidl_typesupport_introspection_c__visibility_control.h
[2.034s] -- Up-to-date: /home/jan/dev/Ros2PoCLedControl/ros2_home_auto/install/custom_interfaces/include/custom_interfaces/custom_interfaces/msg/detail
[2.034s] -- Up-to-date: /home/jan/dev/Ros2PoCLedControl/ros2_home_auto/install/custom_interfaces/include/custom_interfaces/custom_interfaces/msg/detail/color__rosidl_typesupport_introspection_c.h
[2.034s] -- Up-to-date: /home/jan/dev/Ros2PoCLedControl/ros2_home_auto/install/custom_interfaces/include/custom_interfaces/custom_interfaces/msg/detail/color_array__rosidl_typesupport_introspection_c.h
[2.034s] -- Up-to-date: /home/jan/dev/Ros2PoCLedControl/ros2_home_auto/install/custom_interfaces/include/custom_interfaces/custom_interfaces/msg/detail/color__type_support.c
[2.035s] -- Up-to-date: /home/jan/dev/Ros2PoCLedControl/ros2_home_auto/install/custom_interfaces/include/custom_interfaces/custom_interfaces/msg/detail/color_array__type_support.c
[2.035s] -- Up-to-date: /home/jan/dev/Ros2PoCLedControl/ros2_home_auto/install/custom_interfaces/include/custom_interfaces/custom_interfaces/action
[2.035s] -- Up-to-date: /home/jan/dev/Ros2PoCLedControl/ros2_home_auto/install/custom_interfaces/include/custom_interfaces/custom_interfaces/action/detail
[2.035s] -- Up-to-date: /home/jan/dev/Ros2PoCLedControl/ros2_home_auto/install/custom_interfaces/include/custom_interfaces/custom_interfaces/action/detail/set_color_action__type_support.c
[2.035s] -- Up-to-date: /home/jan/dev/Ros2PoCLedControl/ros2_home_auto/install/custom_interfaces/include/custom_interfaces/custom_interfaces/action/detail/set_color_action__rosidl_typesupport_introspection_c.h
[2.035s] -- Up-to-date: /home/jan/dev/Ros2PoCLedControl/ros2_home_auto/install/custom_interfaces/include/custom_interfaces/custom_interfaces/srv
[2.035s] -- Up-to-date: /home/jan/dev/Ros2PoCLedControl/ros2_home_auto/install/custom_interfaces/include/custom_interfaces/custom_interfaces/srv/detail
[2.035s] -- Up-to-date: /home/jan/dev/Ros2PoCLedControl/ros2_home_auto/install/custom_interfaces/include/custom_interfaces/custom_interfaces/srv/detail/set_colors__type_support.c
[2.035s] -- Up-to-date: /home/jan/dev/Ros2PoCLedControl/ros2_home_auto/install/custom_interfaces/include/custom_interfaces/custom_interfaces/srv/detail/set_colors__rosidl_typesupport_introspection_c.h
[2.035s] -- Up-to-date: /home/jan/dev/Ros2PoCLedControl/ros2_home_auto/install/custom_interfaces/lib/libcustom_interfaces__rosidl_typesupport_introspection_c.so
[2.035s] -- Up-to-date: /home/jan/dev/Ros2PoCLedControl/ros2_home_auto/install/custom_interfaces/lib/libcustom_interfaces__rosidl_typesupport_c.so
[2.035s] -- Up-to-date: /home/jan/dev/Ros2PoCLedControl/ros2_home_auto/install/custom_interfaces/include/custom_interfaces/custom_interfaces
[2.036s] -- Up-to-date: /home/jan/dev/Ros2PoCLedControl/ros2_home_auto/install/custom_interfaces/include/custom_interfaces/custom_interfaces/msg
[2.036s] -- Up-to-date: /home/jan/dev/Ros2PoCLedControl/ros2_home_auto/install/custom_interfaces/include/custom_interfaces/custom_interfaces/msg/color.hpp
[2.036s] -- Up-to-date: /home/jan/dev/Ros2PoCLedControl/ros2_home_auto/install/custom_interfaces/include/custom_interfaces/custom_interfaces/msg/detail
[2.036s] -- Up-to-date: /home/jan/dev/Ros2PoCLedControl/ros2_home_auto/install/custom_interfaces/include/custom_interfaces/custom_interfaces/msg/detail/color_array__traits.hpp
[2.036s] -- Up-to-date: /home/jan/dev/Ros2PoCLedControl/ros2_home_auto/install/custom_interfaces/include/custom_interfaces/custom_interfaces/msg/detail/color_array__builder.hpp
[2.036s] -- Up-to-date: /home/jan/dev/Ros2PoCLedControl/ros2_home_auto/install/custom_interfaces/include/custom_interfaces/custom_interfaces/msg/detail/color__traits.hpp
[2.036s] -- Up-to-date: /home/jan/dev/Ros2PoCLedControl/ros2_home_auto/install/custom_interfaces/include/custom_interfaces/custom_interfaces/msg/detail/color__struct.hpp
[2.036s] -- Up-to-date: /home/jan/dev/Ros2PoCLedControl/ros2_home_auto/install/custom_interfaces/include/custom_interfaces/custom_interfaces/msg/detail/color__builder.hpp
[2.036s] -- Up-to-date: /home/jan/dev/Ros2PoCLedControl/ros2_home_auto/install/custom_interfaces/include/custom_interfaces/custom_interfaces/msg/detail/color_array__struct.hpp
[2.037s] -- Up-to-date: /home/jan/dev/Ros2PoCLedControl/ros2_home_auto/install/custom_interfaces/include/custom_interfaces/custom_interfaces/msg/color_array.hpp
[2.037s] -- Up-to-date: /home/jan/dev/Ros2PoCLedControl/ros2_home_auto/install/custom_interfaces/include/custom_interfaces/custom_interfaces/action
[2.037s] -- Up-to-date: /home/jan/dev/Ros2PoCLedControl/ros2_home_auto/install/custom_interfaces/include/custom_interfaces/custom_interfaces/action/set_color_action.hpp
[2.037s] -- Up-to-date: /home/jan/dev/Ros2PoCLedControl/ros2_home_auto/install/custom_interfaces/include/custom_interfaces/custom_interfaces/action/detail
[2.037s] -- Up-to-date: /home/jan/dev/Ros2PoCLedControl/ros2_home_auto/install/custom_interfaces/include/custom_interfaces/custom_interfaces/action/detail/set_color_action__struct.hpp
[2.037s] -- Up-to-date: /home/jan/dev/Ros2PoCLedControl/ros2_home_auto/install/custom_interfaces/include/custom_interfaces/custom_interfaces/action/detail/set_color_action__builder.hpp
[2.037s] -- Up-to-date: /home/jan/dev/Ros2PoCLedControl/ros2_home_auto/install/custom_interfaces/include/custom_interfaces/custom_interfaces/action/detail/set_color_action__traits.hpp
[2.037s] -- Up-to-date: /home/jan/dev/Ros2PoCLedControl/ros2_home_auto/install/custom_interfaces/include/custom_interfaces/custom_interfaces/srv
[2.037s] -- Up-to-date: /home/jan/dev/Ros2PoCLedControl/ros2_home_auto/install/custom_interfaces/include/custom_interfaces/custom_interfaces/srv/detail
[2.037s] -- Up-to-date: /home/jan/dev/Ros2PoCLedControl/ros2_home_auto/install/custom_interfaces/include/custom_interfaces/custom_interfaces/srv/detail/set_colors__struct.hpp
[2.037s] -- Up-to-date: /home/jan/dev/Ros2PoCLedControl/ros2_home_auto/install/custom_interfaces/include/custom_interfaces/custom_interfaces/srv/detail/set_colors__traits.hpp
[2.038s] -- Up-to-date: /home/jan/dev/Ros2PoCLedControl/ros2_home_auto/install/custom_interfaces/include/custom_interfaces/custom_interfaces/srv/detail/set_colors__builder.hpp
[2.038s] -- Up-to-date: /home/jan/dev/Ros2PoCLedControl/ros2_home_auto/install/custom_interfaces/include/custom_interfaces/custom_interfaces/srv/set_colors.hpp
[2.038s] -- Up-to-date: /home/jan/dev/Ros2PoCLedControl/ros2_home_auto/install/custom_interfaces/include/custom_interfaces/custom_interfaces
[2.038s] -- Up-to-date: /home/jan/dev/Ros2PoCLedControl/ros2_home_auto/install/custom_interfaces/include/custom_interfaces/custom_interfaces/msg
[2.038s] -- Up-to-date: /home/jan/dev/Ros2PoCLedControl/ros2_home_auto/install/custom_interfaces/include/custom_interfaces/custom_interfaces/msg/rosidl_typesupport_fastrtps_cpp__visibility_control.h
[2.038s] -- Up-to-date: /home/jan/dev/Ros2PoCLedControl/ros2_home_auto/install/custom_interfaces/include/custom_interfaces/custom_interfaces/msg/detail
[2.038s] -- Up-to-date: /home/jan/dev/Ros2PoCLedControl/ros2_home_auto/install/custom_interfaces/include/custom_interfaces/custom_interfaces/msg/detail/color_array__rosidl_typesupport_fastrtps_cpp.hpp
[2.038s] -- Up-to-date: /home/jan/dev/Ros2PoCLedControl/ros2_home_auto/install/custom_interfaces/include/custom_interfaces/custom_interfaces/msg/detail/color__rosidl_typesupport_fastrtps_cpp.hpp
[2.038s] -- Up-to-date: /home/jan/dev/Ros2PoCLedControl/ros2_home_auto/install/custom_interfaces/include/custom_interfaces/custom_interfaces/msg/detail/dds_fastrtps
[2.038s] -- Up-to-date: /home/jan/dev/Ros2PoCLedControl/ros2_home_auto/install/custom_interfaces/include/custom_interfaces/custom_interfaces/action
[2.038s] -- Up-to-date: /home/jan/dev/Ros2PoCLedControl/ros2_home_auto/install/custom_interfaces/include/custom_interfaces/custom_interfaces/action/detail
[2.038s] -- Up-to-date: /home/jan/dev/Ros2PoCLedControl/ros2_home_auto/install/custom_interfaces/include/custom_interfaces/custom_interfaces/action/detail/set_color_action__rosidl_typesupport_fastrtps_cpp.hpp
[2.038s] -- Up-to-date: /home/jan/dev/Ros2PoCLedControl/ros2_home_auto/install/custom_interfaces/include/custom_interfaces/custom_interfaces/action/detail/dds_fastrtps
[2.038s] -- Up-to-date: /home/jan/dev/Ros2PoCLedControl/ros2_home_auto/install/custom_interfaces/include/custom_interfaces/custom_interfaces/srv
[2.038s] -- Up-to-date: /home/jan/dev/Ros2PoCLedControl/ros2_home_auto/install/custom_interfaces/include/custom_interfaces/custom_interfaces/srv/detail
[2.038s] -- Up-to-date: /home/jan/dev/Ros2PoCLedControl/ros2_home_auto/install/custom_interfaces/include/custom_interfaces/custom_interfaces/srv/detail/set_colors__rosidl_typesupport_fastrtps_cpp.hpp
[2.039s] -- Up-to-date: /home/jan/dev/Ros2PoCLedControl/ros2_home_auto/install/custom_interfaces/include/custom_interfaces/custom_interfaces/srv/detail/dds_fastrtps
[2.039s] -- Up-to-date: /home/jan/dev/Ros2PoCLedControl/ros2_home_auto/install/custom_interfaces/lib/libcustom_interfaces__rosidl_typesupport_fastrtps_cpp.so
[2.039s] -- Up-to-date: /home/jan/dev/Ros2PoCLedControl/ros2_home_auto/install/custom_interfaces/include/custom_interfaces/custom_interfaces
[2.039s] -- Up-to-date: /home/jan/dev/Ros2PoCLedControl/ros2_home_auto/install/custom_interfaces/include/custom_interfaces/custom_interfaces/msg
[2.039s] -- Up-to-date: /home/jan/dev/Ros2PoCLedControl/ros2_home_auto/install/custom_interfaces/include/custom_interfaces/custom_interfaces/msg/detail
[2.039s] -- Up-to-date: /home/jan/dev/Ros2PoCLedControl/ros2_home_auto/install/custom_interfaces/include/custom_interfaces/custom_interfaces/msg/detail/color_array__rosidl_typesupport_introspection_cpp.hpp
[2.039s] -- Up-to-date: /home/jan/dev/Ros2PoCLedControl/ros2_home_auto/install/custom_interfaces/include/custom_interfaces/custom_interfaces/msg/detail/color_array__type_support.cpp
[2.039s] -- Up-to-date: /home/jan/dev/Ros2PoCLedControl/ros2_home_auto/install/custom_interfaces/include/custom_interfaces/custom_interfaces/msg/detail/color__rosidl_typesupport_introspection_cpp.hpp
[2.039s] -- Up-to-date: /home/jan/dev/Ros2PoCLedControl/ros2_home_auto/install/custom_interfaces/include/custom_interfaces/custom_interfaces/msg/detail/color__type_support.cpp
[2.039s] -- Up-to-date: /home/jan/dev/Ros2PoCLedControl/ros2_home_auto/install/custom_interfaces/include/custom_interfaces/custom_interfaces/action
[2.039s] -- Up-to-date: /home/jan/dev/Ros2PoCLedControl/ros2_home_auto/install/custom_interfaces/include/custom_interfaces/custom_interfaces/action/detail
[2.039s] -- Up-to-date: /home/jan/dev/Ros2PoCLedControl/ros2_home_auto/install/custom_interfaces/include/custom_interfaces/custom_interfaces/action/detail/set_color_action__rosidl_typesupport_introspection_cpp.hpp
[2.039s] -- Up-to-date: /home/jan/dev/Ros2PoCLedControl/ros2_home_auto/install/custom_interfaces/include/custom_interfaces/custom_interfaces/action/detail/set_color_action__type_support.cpp
[2.039s] -- Up-to-date: /home/jan/dev/Ros2PoCLedControl/ros2_home_auto/install/custom_interfaces/include/custom_interfaces/custom_interfaces/srv
[2.039s] -- Up-to-date: /home/jan/dev/Ros2PoCLedControl/ros2_home_auto/install/custom_interfaces/include/custom_interfaces/custom_interfaces/srv/detail
[2.039s] -- Up-to-date: /home/jan/dev/Ros2PoCLedControl/ros2_home_auto/install/custom_interfaces/include/custom_interfaces/custom_interfaces/srv/detail/set_colors__rosidl_typesupport_introspection_cpp.hpp
[2.039s] -- Up-to-date: /home/jan/dev/Ros2PoCLedControl/ros2_home_auto/install/custom_interfaces/include/custom_interfaces/custom_interfaces/srv/detail/set_colors__type_support.cpp
[2.040s] -- Up-to-date: /home/jan/dev/Ros2PoCLedControl/ros2_home_auto/install/custom_interfaces/lib/libcustom_interfaces__rosidl_typesupport_introspection_cpp.so
[2.040s] -- Up-to-date: /home/jan/dev/Ros2PoCLedControl/ros2_home_auto/install/custom_interfaces/lib/libcustom_interfaces__rosidl_typesupport_cpp.so
[2.040s] -- Up-to-date: /home/jan/dev/Ros2PoCLedControl/ros2_home_auto/install/custom_interfaces/share/custom_interfaces/environment/pythonpath.sh
[2.040s] -- Installing: /home/jan/dev/Ros2PoCLedControl/ros2_home_auto/install/custom_interfaces/share/custom_interfaces/environment/pythonpath.dsv
[2.040s] -- Up-to-date: /home/jan/dev/Ros2PoCLedControl/ros2_home_auto/install/custom_interfaces/local/lib/python3.10/dist-packages/custom_interfaces-0.0.0-py3.10.egg-info
[2.040s] -- Installing: /home/jan/dev/Ros2PoCLedControl/ros2_home_auto/install/custom_interfaces/local/lib/python3.10/dist-packages/custom_interfaces-0.0.0-py3.10.egg-info/PKG-INFO
[2.040s] -- Installing: /home/jan/dev/Ros2PoCLedControl/ros2_home_auto/install/custom_interfaces/local/lib/python3.10/dist-packages/custom_interfaces-0.0.0-py3.10.egg-info/SOURCES.txt
[2.040s] -- Installing: /home/jan/dev/Ros2PoCLedControl/ros2_home_auto/install/custom_interfaces/local/lib/python3.10/dist-packages/custom_interfaces-0.0.0-py3.10.egg-info/top_level.txt
[2.040s] -- Installing: /home/jan/dev/Ros2PoCLedControl/ros2_home_auto/install/custom_interfaces/local/lib/python3.10/dist-packages/custom_interfaces-0.0.0-py3.10.egg-info/dependency_links.txt
[2.040s] -- Up-to-date: /home/jan/dev/Ros2PoCLedControl/ros2_home_auto/install/custom_interfaces/local/lib/python3.10/dist-packages/custom_interfaces
[2.040s] -- Up-to-date: /home/jan/dev/Ros2PoCLedControl/ros2_home_auto/install/custom_interfaces/local/lib/python3.10/dist-packages/custom_interfaces/_custom_interfaces_s.ep.rosidl_typesupport_c.c
[2.040s] -- Up-to-date: /home/jan/dev/Ros2PoCLedControl/ros2_home_auto/install/custom_interfaces/local/lib/python3.10/dist-packages/custom_interfaces/msg
[2.040s] -- Up-to-date: /home/jan/dev/Ros2PoCLedControl/ros2_home_auto/install/custom_interfaces/local/lib/python3.10/dist-packages/custom_interfaces/msg/_color.py
[2.041s] -- Up-to-date: /home/jan/dev/Ros2PoCLedControl/ros2_home_auto/install/custom_interfaces/local/lib/python3.10/dist-packages/custom_interfaces/msg/__init__.py
[2.041s] -- Up-to-date: /home/jan/dev/Ros2PoCLedControl/ros2_home_auto/install/custom_interfaces/local/lib/python3.10/dist-packages/custom_interfaces/msg/_color_s.c
[2.041s] -- Up-to-date: /home/jan/dev/Ros2PoCLedControl/ros2_home_auto/install/custom_interfaces/local/lib/python3.10/dist-packages/custom_interfaces/msg/_color_array.py
[2.041s] -- Up-to-date: /home/jan/dev/Ros2PoCLedControl/ros2_home_auto/install/custom_interfaces/local/lib/python3.10/dist-packages/custom_interfaces/msg/_color_array_s.c
[2.041s] -- Up-to-date: /home/jan/dev/Ros2PoCLedControl/ros2_home_auto/install/custom_interfaces/local/lib/python3.10/dist-packages/custom_interfaces/action
[2.041s] -- Up-to-date: /home/jan/dev/Ros2PoCLedControl/ros2_home_auto/install/custom_interfaces/local/lib/python3.10/dist-packages/custom_interfaces/action/_set_color_action.py
[2.041s] -- Up-to-date: /home/jan/dev/Ros2PoCLedControl/ros2_home_auto/install/custom_interfaces/local/lib/python3.10/dist-packages/custom_interfaces/action/__init__.py
[2.041s] -- Up-to-date: /home/jan/dev/Ros2PoCLedControl/ros2_home_auto/install/custom_interfaces/local/lib/python3.10/dist-packages/custom_interfaces/action/_set_color_action_s.c
[2.041s] -- Up-to-date: /home/jan/dev/Ros2PoCLedControl/ros2_home_auto/install/custom_interfaces/local/lib/python3.10/dist-packages/custom_interfaces/_custom_interfaces_s.ep.rosidl_typesupport_fastrtps_c.c
[2.041s] -- Installing: /home/jan/dev/Ros2PoCLedControl/ros2_home_auto/install/custom_interfaces/local/lib/python3.10/dist-packages/custom_interfaces/__init__.py
[2.041s] -- Up-to-date: /home/jan/dev/Ros2PoCLedControl/ros2_home_auto/install/custom_interfaces/local/lib/python3.10/dist-packages/custom_interfaces/libcustom_interfaces__rosidl_generator_py.so
[2.041s] -- Up-to-date: /home/jan/dev/Ros2PoCLedControl/ros2_home_auto/install/custom_interfaces/local/lib/python3.10/dist-packages/custom_interfaces/custom_interfaces_s__rosidl_typesupport_fastrtps_c.cpython-310-x86_64-linux-gnu.so
[2.042s] -- Up-to-date: /home/jan/dev/Ros2PoCLedControl/ros2_home_auto/install/custom_interfaces/local/lib/python3.10/dist-packages/custom_interfaces/srv
[2.042s] -- Up-to-date: /home/jan/dev/Ros2PoCLedControl/ros2_home_auto/install/custom_interfaces/local/lib/python3.10/dist-packages/custom_interfaces/srv/__init__.py
[2.042s] -- Up-to-date: /home/jan/dev/Ros2PoCLedControl/ros2_home_auto/install/custom_interfaces/local/lib/python3.10/dist-packages/custom_interfaces/srv/_set_colors_s.c
[2.042s] -- Up-to-date: /home/jan/dev/Ros2PoCLedControl/ros2_home_auto/install/custom_interfaces/local/lib/python3.10/dist-packages/custom_interfaces/srv/_set_colors.py
[2.042s] -- Up-to-date: /home/jan/dev/Ros2PoCLedControl/ros2_home_auto/install/custom_interfaces/local/lib/python3.10/dist-packages/custom_interfaces/custom_interfaces_s__rosidl_typesupport_introspection_c.cpython-310-x86_64-linux-gnu.so
[2.042s] -- Up-to-date: /home/jan/dev/Ros2PoCLedControl/ros2_home_auto/install/custom_interfaces/local/lib/python3.10/dist-packages/custom_interfaces/_custom_interfaces_s.ep.rosidl_typesupport_introspection_c.c
[2.042s] -- Up-to-date: /home/jan/dev/Ros2PoCLedControl/ros2_home_auto/install/custom_interfaces/local/lib/python3.10/dist-packages/custom_interfaces/custom_interfaces_s__rosidl_typesupport_c.cpython-310-x86_64-linux-gnu.so
[2.070s] Listing '/home/jan/dev/Ros2PoCLedControl/ros2_home_auto/install/custom_interfaces/local/lib/python3.10/dist-packages/custom_interfaces'...
[2.070s] Compiling '/home/jan/dev/Ros2PoCLedControl/ros2_home_auto/install/custom_interfaces/local/lib/python3.10/dist-packages/custom_interfaces/__init__.py'...
[2.070s] Listing '/home/jan/dev/Ros2PoCLedControl/ros2_home_auto/install/custom_interfaces/local/lib/python3.10/dist-packages/custom_interfaces/action'...
[2.070s] Listing '/home/jan/dev/Ros2PoCLedControl/ros2_home_auto/install/custom_interfaces/local/lib/python3.10/dist-packages/custom_interfaces/msg'...
[2.070s] Listing '/home/jan/dev/Ros2PoCLedControl/ros2_home_auto/install/custom_interfaces/local/lib/python3.10/dist-packages/custom_interfaces/srv'...
[2.074s] -- Up-to-date: /home/jan/dev/Ros2PoCLedControl/ros2_home_auto/install/custom_interfaces/local/lib/python3.10/dist-packages/custom_interfaces/custom_interfaces_s__rosidl_typesupport_fastrtps_c.cpython-310-x86_64-linux-gnu.so
[2.074s] -- Up-to-date: /home/jan/dev/Ros2PoCLedControl/ros2_home_auto/install/custom_interfaces/local/lib/python3.10/dist-packages/custom_interfaces/custom_interfaces_s__rosidl_typesupport_introspection_c.cpython-310-x86_64-linux-gnu.so
[2.074s] -- Up-to-date: /home/jan/dev/Ros2PoCLedControl/ros2_home_auto/install/custom_interfaces/local/lib/python3.10/dist-packages/custom_interfaces/custom_interfaces_s__rosidl_typesupport_c.cpython-310-x86_64-linux-gnu.so
[2.075s] -- Up-to-date: /home/jan/dev/Ros2PoCLedControl/ros2_home_auto/install/custom_interfaces/lib/libcustom_interfaces__rosidl_generator_py.so
[2.075s] -- Up-to-date: /home/jan/dev/Ros2PoCLedControl/ros2_home_auto/install/custom_interfaces/share/custom_interfaces/msg/Color.idl
[2.075s] -- Up-to-date: /home/jan/dev/Ros2PoCLedControl/ros2_home_auto/install/custom_interfaces/share/custom_interfaces/msg/ColorArray.idl
[2.075s] -- Up-to-date: /home/jan/dev/Ros2PoCLedControl/ros2_home_auto/install/custom_interfaces/share/custom_interfaces/srv/SetColors.idl
[2.075s] -- Up-to-date: /home/jan/dev/Ros2PoCLedControl/ros2_home_auto/install/custom_interfaces/share/custom_interfaces/action/SetColorAction.idl
[2.075s] -- Up-to-date: /home/jan/dev/Ros2PoCLedControl/ros2_home_auto/install/custom_interfaces/share/custom_interfaces/msg/Color.msg
[2.075s] -- Up-to-date: /home/jan/dev/Ros2PoCLedControl/ros2_home_auto/install/custom_interfaces/share/custom_interfaces/msg/ColorArray.msg
[2.076s] -- Up-to-date: /home/jan/dev/Ros2PoCLedControl/ros2_home_auto/install/custom_interfaces/share/custom_interfaces/srv/SetColors.srv
[2.076s] -- Up-to-date: /home/jan/dev/Ros2PoCLedControl/ros2_home_auto/install/custom_interfaces/share/custom_interfaces/srv/SetColors_Request.msg
[2.076s] -- Up-to-date: /home/jan/dev/Ros2PoCLedControl/ros2_home_auto/install/custom_interfaces/share/custom_interfaces/srv/SetColors_Response.msg
[2.076s] -- Up-to-date: /home/jan/dev/Ros2PoCLedControl/ros2_home_auto/install/custom_interfaces/share/custom_interfaces/action/SetColorAction.action
[2.076s] -- Up-to-date: /home/jan/dev/Ros2PoCLedControl/ros2_home_auto/install/custom_interfaces/share/ament_index/resource_index/package_run_dependencies/custom_interfaces
[2.076s] -- Up-to-date: /home/jan/dev/Ros2PoCLedControl/ros2_home_auto/install/custom_interfaces/share/ament_index/resource_index/parent_prefix_path/custom_interfaces
[2.076s] -- Up-to-date: /home/jan/dev/Ros2PoCLedControl/ros2_home_auto/install/custom_interfaces/share/custom_interfaces/environment/ament_prefix_path.sh
[2.076s] -- Installing: /home/jan/dev/Ros2PoCLedControl/ros2_home_auto/install/custom_interfaces/share/custom_interfaces/environment/ament_prefix_path.dsv
[2.076s] -- Up-to-date: /home/jan/dev/Ros2PoCLedControl/ros2_home_auto/install/custom_interfaces/share/custom_interfaces/environment/path.sh
[2.076s] -- Installing: /home/jan/dev/Ros2PoCLedControl/ros2_home_auto/install/custom_interfaces/share/custom_interfaces/environment/path.dsv
[2.076s] -- Up-to-date: /home/jan/dev/Ros2PoCLedControl/ros2_home_auto/install/custom_interfaces/share/custom_interfaces/local_setup.bash
[2.077s] -- Up-to-date: /home/jan/dev/Ros2PoCLedControl/ros2_home_auto/install/custom_interfaces/share/custom_interfaces/local_setup.sh
[2.077s] -- Up-to-date: /home/jan/dev/Ros2PoCLedControl/ros2_home_auto/install/custom_interfaces/share/custom_interfaces/local_setup.zsh
[2.077s] -- Installing: /home/jan/dev/Ros2PoCLedControl/ros2_home_auto/install/custom_interfaces/share/custom_interfaces/local_setup.dsv
[2.077s] -- Installing: /home/jan/dev/Ros2PoCLedControl/ros2_home_auto/install/custom_interfaces/share/custom_interfaces/package.dsv
[2.077s] -- Up-to-date: /home/jan/dev/Ros2PoCLedControl/ros2_home_auto/install/custom_interfaces/share/ament_index/resource_index/packages/custom_interfaces
[2.077s] -- Up-to-date: /home/jan/dev/Ros2PoCLedControl/ros2_home_auto/install/custom_interfaces/share/custom_interfaces/cmake/export_custom_interfaces__rosidl_generator_cExport.cmake
[2.077s] -- Up-to-date: /home/jan/dev/Ros2PoCLedControl/ros2_home_auto/install/custom_interfaces/share/custom_interfaces/cmake/export_custom_interfaces__rosidl_generator_cExport-noconfig.cmake
[2.077s] -- Up-to-date: /home/jan/dev/Ros2PoCLedControl/ros2_home_auto/install/custom_interfaces/share/custom_interfaces/cmake/export_custom_interfaces__rosidl_typesupport_fastrtps_cExport.cmake
[2.078s] -- Up-to-date: /home/jan/dev/Ros2PoCLedControl/ros2_home_auto/install/custom_interfaces/share/custom_interfaces/cmake/export_custom_interfaces__rosidl_typesupport_fastrtps_cExport-noconfig.cmake
[2.078s] -- Up-to-date: /home/jan/dev/Ros2PoCLedControl/ros2_home_auto/install/custom_interfaces/share/custom_interfaces/cmake/custom_interfaces__rosidl_typesupport_introspection_cExport.cmake
[2.078s] -- Up-to-date: /home/jan/dev/Ros2PoCLedControl/ros2_home_auto/install/custom_interfaces/share/custom_interfaces/cmake/custom_interfaces__rosidl_typesupport_introspection_cExport-noconfig.cmake
[2.078s] -- Up-to-date: /home/jan/dev/Ros2PoCLedControl/ros2_home_auto/install/custom_interfaces/share/custom_interfaces/cmake/custom_interfaces__rosidl_typesupport_cExport.cmake
[2.078s] -- Up-to-date: /home/jan/dev/Ros2PoCLedControl/ros2_home_auto/install/custom_interfaces/share/custom_interfaces/cmake/custom_interfaces__rosidl_typesupport_cExport-noconfig.cmake
[2.078s] -- Up-to-date: /home/jan/dev/Ros2PoCLedControl/ros2_home_auto/install/custom_interfaces/share/custom_interfaces/cmake/export_custom_interfaces__rosidl_generator_cppExport.cmake
[2.078s] -- Up-to-date: /home/jan/dev/Ros2PoCLedControl/ros2_home_auto/install/custom_interfaces/share/custom_interfaces/cmake/export_custom_interfaces__rosidl_typesupport_fastrtps_cppExport.cmake
[2.078s] -- Up-to-date: /home/jan/dev/Ros2PoCLedControl/ros2_home_auto/install/custom_interfaces/share/custom_interfaces/cmake/export_custom_interfaces__rosidl_typesupport_fastrtps_cppExport-noconfig.cmake
[2.078s] -- Up-to-date: /home/jan/dev/Ros2PoCLedControl/ros2_home_auto/install/custom_interfaces/share/custom_interfaces/cmake/custom_interfaces__rosidl_typesupport_introspection_cppExport.cmake
[2.079s] -- Up-to-date: /home/jan/dev/Ros2PoCLedControl/ros2_home_auto/install/custom_interfaces/share/custom_interfaces/cmake/custom_interfaces__rosidl_typesupport_introspection_cppExport-noconfig.cmake
[2.079s] -- Up-to-date: /home/jan/dev/Ros2PoCLedControl/ros2_home_auto/install/custom_interfaces/share/custom_interfaces/cmake/custom_interfaces__rosidl_typesupport_cppExport.cmake
[2.079s] -- Up-to-date: /home/jan/dev/Ros2PoCLedControl/ros2_home_auto/install/custom_interfaces/share/custom_interfaces/cmake/custom_interfaces__rosidl_typesupport_cppExport-noconfig.cmake
[2.079s] -- Up-to-date: /home/jan/dev/Ros2PoCLedControl/ros2_home_auto/install/custom_interfaces/share/custom_interfaces/cmake/export_custom_interfaces__rosidl_generator_pyExport.cmake
[2.079s] -- Up-to-date: /home/jan/dev/Ros2PoCLedControl/ros2_home_auto/install/custom_interfaces/share/custom_interfaces/cmake/export_custom_interfaces__rosidl_generator_pyExport-noconfig.cmake
[2.079s] -- Up-to-date: /home/jan/dev/Ros2PoCLedControl/ros2_home_auto/install/custom_interfaces/share/custom_interfaces/cmake/rosidl_cmake-extras.cmake
[2.079s] -- Up-to-date: /home/jan/dev/Ros2PoCLedControl/ros2_home_auto/install/custom_interfaces/share/custom_interfaces/cmake/ament_cmake_export_dependencies-extras.cmake
[2.079s] -- Up-to-date: /home/jan/dev/Ros2PoCLedControl/ros2_home_auto/install/custom_interfaces/share/custom_interfaces/cmake/ament_cmake_export_include_directories-extras.cmake
[2.079s] -- Up-to-date: /home/jan/dev/Ros2PoCLedControl/ros2_home_auto/install/custom_interfaces/share/custom_interfaces/cmake/ament_cmake_export_libraries-extras.cmake
[2.079s] -- Up-to-date: /home/jan/dev/Ros2PoCLedControl/ros2_home_auto/install/custom_interfaces/share/custom_interfaces/cmake/ament_cmake_export_targets-extras.cmake
[2.079s] -- Up-to-date: /home/jan/dev/Ros2PoCLedControl/ros2_home_auto/install/custom_interfaces/share/custom_interfaces/cmake/rosidl_cmake_export_typesupport_targets-extras.cmake
[2.079s] -- Up-to-date: /home/jan/dev/Ros2PoCLedControl/ros2_home_auto/install/custom_interfaces/share/custom_interfaces/cmake/rosidl_cmake_export_typesupport_libraries-extras.cmake
[2.080s] -- Up-to-date: /home/jan/dev/Ros2PoCLedControl/ros2_home_auto/install/custom_interfaces/share/custom_interfaces/cmake/custom_interfacesConfig.cmake
[2.080s] -- Up-to-date: /home/jan/dev/Ros2PoCLedControl/ros2_home_auto/install/custom_interfaces/share/custom_interfaces/cmake/custom_interfacesConfig-version.cmake
[2.080s] -- Up-to-date: /home/jan/dev/Ros2PoCLedControl/ros2_home_auto/install/custom_interfaces/share/custom_interfaces/package.xml
[2.082s] Invoked command in '/home/jan/dev/Ros2PoCLedControl/ros2_home_auto/build/custom_interfaces' returned '0': CMAKE_PREFIX_PATH=${CMAKE_PREFIX_PATH}:/home/jan/dev/Ros2PoCLedControl/ros2_home_auto/install/video_capture:/home/jan/dev/Ros2PoCLedControl/ros2_home_auto/install/led_control:/opt/ros/humble /usr/bin/cmake --install /home/jan/dev/Ros2PoCLedControl/ros2_home_auto/build/custom_interfaces
