[0.150s] Invoking command in '/home/jan/dev/ros2_home_auto/build/custom_interfaces': CMAKE_PREFIX_PATH=${CMAKE_PREFIX_PATH}:/home/jan/dev/ros2_home_auto/install/led_control:/opt/ros/humble /usr/bin/cmake --build /home/jan/dev/ros2_home_auto/build/custom_interfaces -- -j12 -l12
[0.174s] -- Found ament_cmake: 1.3.8 (/opt/ros/humble/share/ament_cmake/cmake)
[0.289s] -- Found rosidl_default_generators: 1.2.0 (/opt/ros/humble/share/rosidl_default_generators/cmake)
[0.291s] -- Using all available rosidl_typesupport_c: rosidl_typesupport_fastrtps_c;rosidl_typesupport_introspection_c
[0.294s] -- Found rosidl_adapter: 3.1.5 (/opt/ros/humble/share/rosidl_adapter/cmake)
[0.329s] -- Using all available rosidl_typesupport_cpp: rosidl_typesupport_fastrtps_cpp;rosidl_typesupport_introspection_cpp
[0.594s] -- Found ament_cmake_ros: 0.10.0 (/opt/ros/humble/share/ament_cmake_ros/cmake)
[0.758s] -- Using all available rosidl_typesupport_c: rosidl_typesupport_fastrtps_c;rosidl_typesupport_introspection_c
[0.969s] -- Using all available rosidl_typesupport_cpp: rosidl_typesupport_fastrtps_cpp;rosidl_typesupport_introspection_cpp
[0.988s] -- Found python_cmake_module: 0.10.0 (/opt/ros/humble/share/python_cmake_module/cmake)
[1.018s] -- Using PYTHON_EXECUTABLE: /usr/bin/python3
[1.019s] -- Using PYTHON_INCLUDE_DIRS: /usr/include/python3.10
[1.019s] -- Using PYTHON_LIBRARIES: /usr/lib/x86_64-linux-gnu/libpython3.10.so
[1.049s] -- Found ament_lint_auto: 0.12.10 (/opt/ros/humble/share/ament_lint_auto/cmake)
[1.067s] -- Added test 'lint_cmake' to check CMake code style
[1.069s] -- Added test 'xmllint' to check XML markup files
[1.071s] -- Configuring done
[1.117s] -- Generating done
[1.120s] -- Build files have been written to: /home/jan/dev/ros2_home_auto/build/custom_interfaces
[1.142s] [35m[1mConsolidate compiler generated dependencies of target custom_interfaces__rosidl_generator_c[0m
[1.150s] [  2%] Built target custom_interfaces__cpp
[1.155s] [ 12%] Built target custom_interfaces__rosidl_generator_c
[1.158s] [ 12%] Built target ament_cmake_python_copy_custom_interfaces
[1.158s] [35m[1mConsolidate compiler generated dependencies of target custom_interfaces__rosidl_typesupport_cpp[0m
[1.159s] [35m[1mConsolidate compiler generated dependencies of target custom_interfaces__rosidl_typesupport_fastrtps_cpp[0m
[1.159s] [35m[1mConsolidate compiler generated dependencies of target custom_interfaces__rosidl_typesupport_introspection_cpp[0m
[1.165s] [35m[1mConsolidate compiler generated dependencies of target custom_interfaces__rosidl_typesupport_fastrtps_c[0m
[1.168s] [35m[1mConsolidate compiler generated dependencies of target custom_interfaces__rosidl_typesupport_c[0m
[1.168s] [35m[1mConsolidate compiler generated dependencies of target custom_interfaces__rosidl_typesupport_introspection_c[0m
[1.170s] [ 34%] Built target custom_interfaces__rosidl_typesupport_introspection_cpp
[1.170s] [ 34%] Built target custom_interfaces__rosidl_typesupport_cpp
[1.171s] [ 44%] Built target custom_interfaces__rosidl_typesupport_fastrtps_cpp
[1.177s] [ 55%] Built target custom_interfaces__rosidl_typesupport_fastrtps_c
[1.178s] [ 65%] Built target custom_interfaces__rosidl_typesupport_introspection_c
[1.178s] [ 76%] Built target custom_interfaces__rosidl_typesupport_c
[1.195s] [ 76%] Built target custom_interfaces
[1.211s] [ 78%] Built target custom_interfaces__py
[1.220s] [35m[1mConsolidate compiler generated dependencies of target custom_interfaces__rosidl_generator_py[0m
[1.232s] [ 87%] Built target custom_interfaces__rosidl_generator_py
[1.240s] [35m[1mConsolidate compiler generated dependencies of target custom_interfaces__rosidl_typesupport_c__pyext[0m
[1.240s] [35m[1mConsolidate compiler generated dependencies of target custom_interfaces__rosidl_typesupport_fastrtps_c__pyext[0m
[1.240s] [35m[1mConsolidate compiler generated dependencies of target custom_interfaces__rosidl_typesupport_introspection_c__pyext[0m
[1.251s] [100%] Built target custom_interfaces__rosidl_typesupport_c__pyext
[1.251s] [100%] Built target custom_interfaces__rosidl_typesupport_fastrtps_c__pyext
[1.251s] [100%] Built target custom_interfaces__rosidl_typesupport_introspection_c__pyext
[1.389s] running egg_info
[1.389s] writing custom_interfaces.egg-info/PKG-INFO
[1.389s] writing dependency_links to custom_interfaces.egg-info/dependency_links.txt
[1.390s] writing top-level names to custom_interfaces.egg-info/top_level.txt
[1.391s] reading manifest file 'custom_interfaces.egg-info/SOURCES.txt'
[1.392s] writing manifest file 'custom_interfaces.egg-info/SOURCES.txt'
[1.417s] [100%] Built target ament_cmake_python_build_custom_interfaces_egg
[1.430s] Invoked command in '/home/jan/dev/ros2_home_auto/build/custom_interfaces' returned '0': CMAKE_PREFIX_PATH=${CMAKE_PREFIX_PATH}:/home/jan/dev/ros2_home_auto/install/led_control:/opt/ros/humble /usr/bin/cmake --build /home/jan/dev/ros2_home_auto/build/custom_interfaces -- -j12 -l12
[1.519s] Invoking command in '/home/jan/dev/ros2_home_auto/build/custom_interfaces': CMAKE_PREFIX_PATH=${CMAKE_PREFIX_PATH}:/home/jan/dev/ros2_home_auto/install/led_control:/opt/ros/humble /usr/bin/cmake --install /home/jan/dev/ros2_home_auto/build/custom_interfaces
[1.527s] -- Install configuration: ""
[1.528s] -- Up-to-date: /home/jan/dev/ros2_home_auto/install/custom_interfaces/share/ament_index/resource_index/rosidl_interfaces/custom_interfaces
[1.528s] -- Up-to-date: /home/jan/dev/ros2_home_auto/install/custom_interfaces/include/custom_interfaces/custom_interfaces
[1.528s] -- Up-to-date: /home/jan/dev/ros2_home_auto/install/custom_interfaces/include/custom_interfaces/custom_interfaces/msg
[1.528s] -- Up-to-date: /home/jan/dev/ros2_home_auto/install/custom_interfaces/include/custom_interfaces/custom_interfaces/msg/color_array.h
[1.528s] -- Up-to-date: /home/jan/dev/ros2_home_auto/install/custom_interfaces/include/custom_interfaces/custom_interfaces/msg/detail
[1.528s] -- Up-to-date: /home/jan/dev/ros2_home_auto/install/custom_interfaces/include/custom_interfaces/custom_interfaces/msg/detail/color_array__type_support.h
[1.528s] -- Up-to-date: /home/jan/dev/ros2_home_auto/install/custom_interfaces/include/custom_interfaces/custom_interfaces/msg/detail/color__type_support.h
[1.528s] -- Up-to-date: /home/jan/dev/ros2_home_auto/install/custom_interfaces/include/custom_interfaces/custom_interfaces/msg/detail/color_array__functions.h
[1.529s] -- Up-to-date: /home/jan/dev/ros2_home_auto/install/custom_interfaces/include/custom_interfaces/custom_interfaces/msg/detail/color_array__functions.c
[1.529s] -- Up-to-date: /home/jan/dev/ros2_home_auto/install/custom_interfaces/include/custom_interfaces/custom_interfaces/msg/detail/color__functions.c
[1.529s] -- Up-to-date: /home/jan/dev/ros2_home_auto/install/custom_interfaces/include/custom_interfaces/custom_interfaces/msg/detail/color__struct.h
[1.529s] -- Up-to-date: /home/jan/dev/ros2_home_auto/install/custom_interfaces/include/custom_interfaces/custom_interfaces/msg/detail/color_array__struct.h
[1.529s] -- Up-to-date: /home/jan/dev/ros2_home_auto/install/custom_interfaces/include/custom_interfaces/custom_interfaces/msg/detail/color__functions.h
[1.529s] -- Up-to-date: /home/jan/dev/ros2_home_auto/install/custom_interfaces/include/custom_interfaces/custom_interfaces/msg/color.h
[1.529s] -- Up-to-date: /home/jan/dev/ros2_home_auto/install/custom_interfaces/include/custom_interfaces/custom_interfaces/msg/rosidl_generator_c__visibility_control.h
[1.529s] -- Up-to-date: /home/jan/dev/ros2_home_auto/install/custom_interfaces/include/custom_interfaces/custom_interfaces/srv
[1.529s] -- Up-to-date: /home/jan/dev/ros2_home_auto/install/custom_interfaces/include/custom_interfaces/custom_interfaces/srv/set_color.h
[1.529s] -- Up-to-date: /home/jan/dev/ros2_home_auto/install/custom_interfaces/include/custom_interfaces/custom_interfaces/srv/detail
[1.529s] -- Up-to-date: /home/jan/dev/ros2_home_auto/install/custom_interfaces/include/custom_interfaces/custom_interfaces/srv/detail/set_color__struct.h
[1.530s] -- Up-to-date: /home/jan/dev/ros2_home_auto/install/custom_interfaces/include/custom_interfaces/custom_interfaces/srv/detail/set_color__type_support.h
[1.530s] -- Up-to-date: /home/jan/dev/ros2_home_auto/install/custom_interfaces/include/custom_interfaces/custom_interfaces/srv/detail/set_color__functions.h
[1.530s] -- Up-to-date: /home/jan/dev/ros2_home_auto/install/custom_interfaces/include/custom_interfaces/custom_interfaces/srv/detail/set_color__functions.c
[1.530s] -- Up-to-date: /home/jan/dev/ros2_home_auto/install/custom_interfaces/share/custom_interfaces/environment/library_path.sh
[1.530s] -- Installing: /home/jan/dev/ros2_home_auto/install/custom_interfaces/share/custom_interfaces/environment/library_path.dsv
[1.530s] -- Up-to-date: /home/jan/dev/ros2_home_auto/install/custom_interfaces/lib/libcustom_interfaces__rosidl_generator_c.so
[1.530s] -- Up-to-date: /home/jan/dev/ros2_home_auto/install/custom_interfaces/include/custom_interfaces/custom_interfaces
[1.530s] -- Up-to-date: /home/jan/dev/ros2_home_auto/install/custom_interfaces/include/custom_interfaces/custom_interfaces/msg
[1.530s] -- Up-to-date: /home/jan/dev/ros2_home_auto/install/custom_interfaces/include/custom_interfaces/custom_interfaces/msg/detail
[1.530s] -- Up-to-date: /home/jan/dev/ros2_home_auto/install/custom_interfaces/include/custom_interfaces/custom_interfaces/msg/detail/color_array__rosidl_typesupport_fastrtps_c.h
[1.530s] -- Up-to-date: /home/jan/dev/ros2_home_auto/install/custom_interfaces/include/custom_interfaces/custom_interfaces/msg/detail/color__rosidl_typesupport_fastrtps_c.h
[1.530s] -- Up-to-date: /home/jan/dev/ros2_home_auto/install/custom_interfaces/include/custom_interfaces/custom_interfaces/msg/rosidl_typesupport_fastrtps_c__visibility_control.h
[1.531s] -- Up-to-date: /home/jan/dev/ros2_home_auto/install/custom_interfaces/include/custom_interfaces/custom_interfaces/srv
[1.531s] -- Up-to-date: /home/jan/dev/ros2_home_auto/install/custom_interfaces/include/custom_interfaces/custom_interfaces/srv/detail
[1.531s] -- Up-to-date: /home/jan/dev/ros2_home_auto/install/custom_interfaces/include/custom_interfaces/custom_interfaces/srv/detail/set_color__rosidl_typesupport_fastrtps_c.h
[1.531s] -- Up-to-date: /home/jan/dev/ros2_home_auto/install/custom_interfaces/lib/libcustom_interfaces__rosidl_typesupport_fastrtps_c.so
[1.531s] -- Up-to-date: /home/jan/dev/ros2_home_auto/install/custom_interfaces/include/custom_interfaces/custom_interfaces
[1.531s] -- Up-to-date: /home/jan/dev/ros2_home_auto/install/custom_interfaces/include/custom_interfaces/custom_interfaces/msg
[1.531s] -- Up-to-date: /home/jan/dev/ros2_home_auto/install/custom_interfaces/include/custom_interfaces/custom_interfaces/msg/rosidl_typesupport_introspection_c__visibility_control.h
[1.531s] -- Up-to-date: /home/jan/dev/ros2_home_auto/install/custom_interfaces/include/custom_interfaces/custom_interfaces/msg/detail
[1.532s] -- Up-to-date: /home/jan/dev/ros2_home_auto/install/custom_interfaces/include/custom_interfaces/custom_interfaces/msg/detail/color__rosidl_typesupport_introspection_c.h
[1.532s] -- Up-to-date: /home/jan/dev/ros2_home_auto/install/custom_interfaces/include/custom_interfaces/custom_interfaces/msg/detail/color_array__rosidl_typesupport_introspection_c.h
[1.532s] -- Up-to-date: /home/jan/dev/ros2_home_auto/install/custom_interfaces/include/custom_interfaces/custom_interfaces/msg/detail/color__type_support.c
[1.532s] -- Up-to-date: /home/jan/dev/ros2_home_auto/install/custom_interfaces/include/custom_interfaces/custom_interfaces/msg/detail/color_array__type_support.c
[1.532s] -- Up-to-date: /home/jan/dev/ros2_home_auto/install/custom_interfaces/include/custom_interfaces/custom_interfaces/srv
[1.532s] -- Up-to-date: /home/jan/dev/ros2_home_auto/install/custom_interfaces/include/custom_interfaces/custom_interfaces/srv/detail
[1.532s] -- Up-to-date: /home/jan/dev/ros2_home_auto/install/custom_interfaces/include/custom_interfaces/custom_interfaces/srv/detail/set_color__type_support.c
[1.532s] -- Up-to-date: /home/jan/dev/ros2_home_auto/install/custom_interfaces/include/custom_interfaces/custom_interfaces/srv/detail/set_color__rosidl_typesupport_introspection_c.h
[1.532s] -- Up-to-date: /home/jan/dev/ros2_home_auto/install/custom_interfaces/lib/libcustom_interfaces__rosidl_typesupport_introspection_c.so
[1.532s] -- Up-to-date: /home/jan/dev/ros2_home_auto/install/custom_interfaces/lib/libcustom_interfaces__rosidl_typesupport_c.so
[1.532s] -- Up-to-date: /home/jan/dev/ros2_home_auto/install/custom_interfaces/include/custom_interfaces/custom_interfaces
[1.532s] -- Up-to-date: /home/jan/dev/ros2_home_auto/install/custom_interfaces/include/custom_interfaces/custom_interfaces/msg
[1.532s] -- Up-to-date: /home/jan/dev/ros2_home_auto/install/custom_interfaces/include/custom_interfaces/custom_interfaces/msg/color.hpp
[1.533s] -- Up-to-date: /home/jan/dev/ros2_home_auto/install/custom_interfaces/include/custom_interfaces/custom_interfaces/msg/detail
[1.533s] -- Up-to-date: /home/jan/dev/ros2_home_auto/install/custom_interfaces/include/custom_interfaces/custom_interfaces/msg/detail/color_array__traits.hpp
[1.533s] -- Up-to-date: /home/jan/dev/ros2_home_auto/install/custom_interfaces/include/custom_interfaces/custom_interfaces/msg/detail/color_array__builder.hpp
[1.533s] -- Up-to-date: /home/jan/dev/ros2_home_auto/install/custom_interfaces/include/custom_interfaces/custom_interfaces/msg/detail/color__traits.hpp
[1.533s] -- Up-to-date: /home/jan/dev/ros2_home_auto/install/custom_interfaces/include/custom_interfaces/custom_interfaces/msg/detail/color__struct.hpp
[1.533s] -- Up-to-date: /home/jan/dev/ros2_home_auto/install/custom_interfaces/include/custom_interfaces/custom_interfaces/msg/detail/color__builder.hpp
[1.533s] -- Up-to-date: /home/jan/dev/ros2_home_auto/install/custom_interfaces/include/custom_interfaces/custom_interfaces/msg/detail/color_array__struct.hpp
[1.533s] -- Up-to-date: /home/jan/dev/ros2_home_auto/install/custom_interfaces/include/custom_interfaces/custom_interfaces/msg/color_array.hpp
[1.533s] -- Up-to-date: /home/jan/dev/ros2_home_auto/install/custom_interfaces/include/custom_interfaces/custom_interfaces/srv
[1.533s] -- Up-to-date: /home/jan/dev/ros2_home_auto/install/custom_interfaces/include/custom_interfaces/custom_interfaces/srv/set_color.hpp
[1.533s] -- Up-to-date: /home/jan/dev/ros2_home_auto/install/custom_interfaces/include/custom_interfaces/custom_interfaces/srv/detail
[1.533s] -- Up-to-date: /home/jan/dev/ros2_home_auto/install/custom_interfaces/include/custom_interfaces/custom_interfaces/srv/detail/set_color__builder.hpp
[1.533s] -- Up-to-date: /home/jan/dev/ros2_home_auto/install/custom_interfaces/include/custom_interfaces/custom_interfaces/srv/detail/set_color__traits.hpp
[1.533s] -- Up-to-date: /home/jan/dev/ros2_home_auto/install/custom_interfaces/include/custom_interfaces/custom_interfaces/srv/detail/set_color__struct.hpp
[1.534s] -- Up-to-date: /home/jan/dev/ros2_home_auto/install/custom_interfaces/include/custom_interfaces/custom_interfaces
[1.534s] -- Up-to-date: /home/jan/dev/ros2_home_auto/install/custom_interfaces/include/custom_interfaces/custom_interfaces/msg
[1.534s] -- Up-to-date: /home/jan/dev/ros2_home_auto/install/custom_interfaces/include/custom_interfaces/custom_interfaces/msg/rosidl_typesupport_fastrtps_cpp__visibility_control.h
[1.534s] -- Up-to-date: /home/jan/dev/ros2_home_auto/install/custom_interfaces/include/custom_interfaces/custom_interfaces/msg/detail
[1.534s] -- Up-to-date: /home/jan/dev/ros2_home_auto/install/custom_interfaces/include/custom_interfaces/custom_interfaces/msg/detail/color_array__rosidl_typesupport_fastrtps_cpp.hpp
[1.534s] -- Up-to-date: /home/jan/dev/ros2_home_auto/install/custom_interfaces/include/custom_interfaces/custom_interfaces/msg/detail/color__rosidl_typesupport_fastrtps_cpp.hpp
[1.534s] -- Up-to-date: /home/jan/dev/ros2_home_auto/install/custom_interfaces/include/custom_interfaces/custom_interfaces/msg/detail/dds_fastrtps
[1.534s] -- Up-to-date: /home/jan/dev/ros2_home_auto/install/custom_interfaces/include/custom_interfaces/custom_interfaces/srv
[1.534s] -- Up-to-date: /home/jan/dev/ros2_home_auto/install/custom_interfaces/include/custom_interfaces/custom_interfaces/srv/detail
[1.534s] -- Up-to-date: /home/jan/dev/ros2_home_auto/install/custom_interfaces/include/custom_interfaces/custom_interfaces/srv/detail/set_color__rosidl_typesupport_fastrtps_cpp.hpp
[1.534s] -- Up-to-date: /home/jan/dev/ros2_home_auto/install/custom_interfaces/include/custom_interfaces/custom_interfaces/srv/detail/dds_fastrtps
[1.534s] -- Up-to-date: /home/jan/dev/ros2_home_auto/install/custom_interfaces/lib/libcustom_interfaces__rosidl_typesupport_fastrtps_cpp.so
[1.534s] -- Up-to-date: /home/jan/dev/ros2_home_auto/install/custom_interfaces/include/custom_interfaces/custom_interfaces
[1.534s] -- Up-to-date: /home/jan/dev/ros2_home_auto/install/custom_interfaces/include/custom_interfaces/custom_interfaces/msg
[1.535s] -- Up-to-date: /home/jan/dev/ros2_home_auto/install/custom_interfaces/include/custom_interfaces/custom_interfaces/msg/detail
[1.535s] -- Up-to-date: /home/jan/dev/ros2_home_auto/install/custom_interfaces/include/custom_interfaces/custom_interfaces/msg/detail/color_array__rosidl_typesupport_introspection_cpp.hpp
[1.535s] -- Up-to-date: /home/jan/dev/ros2_home_auto/install/custom_interfaces/include/custom_interfaces/custom_interfaces/msg/detail/color_array__type_support.cpp
[1.535s] -- Up-to-date: /home/jan/dev/ros2_home_auto/install/custom_interfaces/include/custom_interfaces/custom_interfaces/msg/detail/color__rosidl_typesupport_introspection_cpp.hpp
[1.535s] -- Up-to-date: /home/jan/dev/ros2_home_auto/install/custom_interfaces/include/custom_interfaces/custom_interfaces/msg/detail/color__type_support.cpp
[1.535s] -- Up-to-date: /home/jan/dev/ros2_home_auto/install/custom_interfaces/include/custom_interfaces/custom_interfaces/srv
[1.535s] -- Up-to-date: /home/jan/dev/ros2_home_auto/install/custom_interfaces/include/custom_interfaces/custom_interfaces/srv/detail
[1.535s] -- Up-to-date: /home/jan/dev/ros2_home_auto/install/custom_interfaces/include/custom_interfaces/custom_interfaces/srv/detail/set_color__rosidl_typesupport_introspection_cpp.hpp
[1.535s] -- Up-to-date: /home/jan/dev/ros2_home_auto/install/custom_interfaces/include/custom_interfaces/custom_interfaces/srv/detail/set_color__type_support.cpp
[1.535s] -- Up-to-date: /home/jan/dev/ros2_home_auto/install/custom_interfaces/lib/libcustom_interfaces__rosidl_typesupport_introspection_cpp.so
[1.535s] -- Up-to-date: /home/jan/dev/ros2_home_auto/install/custom_interfaces/lib/libcustom_interfaces__rosidl_typesupport_cpp.so
[1.535s] -- Up-to-date: /home/jan/dev/ros2_home_auto/install/custom_interfaces/share/custom_interfaces/environment/pythonpath.sh
[1.535s] -- Installing: /home/jan/dev/ros2_home_auto/install/custom_interfaces/share/custom_interfaces/environment/pythonpath.dsv
[1.535s] -- Up-to-date: /home/jan/dev/ros2_home_auto/install/custom_interfaces/local/lib/python3.10/dist-packages/custom_interfaces-0.0.0-py3.10.egg-info
[1.535s] -- Installing: /home/jan/dev/ros2_home_auto/install/custom_interfaces/local/lib/python3.10/dist-packages/custom_interfaces-0.0.0-py3.10.egg-info/PKG-INFO
[1.535s] -- Installing: /home/jan/dev/ros2_home_auto/install/custom_interfaces/local/lib/python3.10/dist-packages/custom_interfaces-0.0.0-py3.10.egg-info/SOURCES.txt
[1.536s] -- Installing: /home/jan/dev/ros2_home_auto/install/custom_interfaces/local/lib/python3.10/dist-packages/custom_interfaces-0.0.0-py3.10.egg-info/top_level.txt
[1.536s] -- Installing: /home/jan/dev/ros2_home_auto/install/custom_interfaces/local/lib/python3.10/dist-packages/custom_interfaces-0.0.0-py3.10.egg-info/dependency_links.txt
[1.536s] -- Up-to-date: /home/jan/dev/ros2_home_auto/install/custom_interfaces/local/lib/python3.10/dist-packages/custom_interfaces
[1.536s] -- Up-to-date: /home/jan/dev/ros2_home_auto/install/custom_interfaces/local/lib/python3.10/dist-packages/custom_interfaces/_custom_interfaces_s.ep.rosidl_typesupport_c.c
[1.536s] -- Up-to-date: /home/jan/dev/ros2_home_auto/install/custom_interfaces/local/lib/python3.10/dist-packages/custom_interfaces/msg
[1.536s] -- Up-to-date: /home/jan/dev/ros2_home_auto/install/custom_interfaces/local/lib/python3.10/dist-packages/custom_interfaces/msg/_color.py
[1.536s] -- Up-to-date: /home/jan/dev/ros2_home_auto/install/custom_interfaces/local/lib/python3.10/dist-packages/custom_interfaces/msg/__init__.py
[1.536s] -- Up-to-date: /home/jan/dev/ros2_home_auto/install/custom_interfaces/local/lib/python3.10/dist-packages/custom_interfaces/msg/_color_s.c
[1.536s] -- Up-to-date: /home/jan/dev/ros2_home_auto/install/custom_interfaces/local/lib/python3.10/dist-packages/custom_interfaces/msg/_color_array.py
[1.536s] -- Up-to-date: /home/jan/dev/ros2_home_auto/install/custom_interfaces/local/lib/python3.10/dist-packages/custom_interfaces/msg/_color_array_s.c
[1.536s] -- Up-to-date: /home/jan/dev/ros2_home_auto/install/custom_interfaces/local/lib/python3.10/dist-packages/custom_interfaces/_custom_interfaces_s.ep.rosidl_typesupport_fastrtps_c.c
[1.536s] -- Installing: /home/jan/dev/ros2_home_auto/install/custom_interfaces/local/lib/python3.10/dist-packages/custom_interfaces/__init__.py
[1.536s] -- Up-to-date: /home/jan/dev/ros2_home_auto/install/custom_interfaces/local/lib/python3.10/dist-packages/custom_interfaces/libcustom_interfaces__rosidl_generator_py.so
[1.536s] -- Up-to-date: /home/jan/dev/ros2_home_auto/install/custom_interfaces/local/lib/python3.10/dist-packages/custom_interfaces/custom_interfaces_s__rosidl_typesupport_fastrtps_c.cpython-310-x86_64-linux-gnu.so
[1.536s] -- Up-to-date: /home/jan/dev/ros2_home_auto/install/custom_interfaces/local/lib/python3.10/dist-packages/custom_interfaces/srv
[1.536s] -- Up-to-date: /home/jan/dev/ros2_home_auto/install/custom_interfaces/local/lib/python3.10/dist-packages/custom_interfaces/srv/_set_color.py
[1.536s] -- Up-to-date: /home/jan/dev/ros2_home_auto/install/custom_interfaces/local/lib/python3.10/dist-packages/custom_interfaces/srv/__init__.py
[1.536s] -- Up-to-date: /home/jan/dev/ros2_home_auto/install/custom_interfaces/local/lib/python3.10/dist-packages/custom_interfaces/srv/_set_color_s.c
[1.537s] -- Up-to-date: /home/jan/dev/ros2_home_auto/install/custom_interfaces/local/lib/python3.10/dist-packages/custom_interfaces/custom_interfaces_s__rosidl_typesupport_introspection_c.cpython-310-x86_64-linux-gnu.so
[1.537s] -- Up-to-date: /home/jan/dev/ros2_home_auto/install/custom_interfaces/local/lib/python3.10/dist-packages/custom_interfaces/_custom_interfaces_s.ep.rosidl_typesupport_introspection_c.c
[1.537s] -- Up-to-date: /home/jan/dev/ros2_home_auto/install/custom_interfaces/local/lib/python3.10/dist-packages/custom_interfaces/custom_interfaces_s__rosidl_typesupport_c.cpython-310-x86_64-linux-gnu.so
[1.563s] Listing '/home/jan/dev/ros2_home_auto/install/custom_interfaces/local/lib/python3.10/dist-packages/custom_interfaces'...
[1.563s] Compiling '/home/jan/dev/ros2_home_auto/install/custom_interfaces/local/lib/python3.10/dist-packages/custom_interfaces/__init__.py'...
[1.563s] Listing '/home/jan/dev/ros2_home_auto/install/custom_interfaces/local/lib/python3.10/dist-packages/custom_interfaces/msg'...
[1.563s] Listing '/home/jan/dev/ros2_home_auto/install/custom_interfaces/local/lib/python3.10/dist-packages/custom_interfaces/srv'...
[1.567s] -- Up-to-date: /home/jan/dev/ros2_home_auto/install/custom_interfaces/local/lib/python3.10/dist-packages/custom_interfaces/custom_interfaces_s__rosidl_typesupport_fastrtps_c.cpython-310-x86_64-linux-gnu.so
[1.567s] -- Up-to-date: /home/jan/dev/ros2_home_auto/install/custom_interfaces/local/lib/python3.10/dist-packages/custom_interfaces/custom_interfaces_s__rosidl_typesupport_introspection_c.cpython-310-x86_64-linux-gnu.so
[1.568s] -- Up-to-date: /home/jan/dev/ros2_home_auto/install/custom_interfaces/local/lib/python3.10/dist-packages/custom_interfaces/custom_interfaces_s__rosidl_typesupport_c.cpython-310-x86_64-linux-gnu.so
[1.568s] -- Up-to-date: /home/jan/dev/ros2_home_auto/install/custom_interfaces/lib/libcustom_interfaces__rosidl_generator_py.so
[1.569s] -- Up-to-date: /home/jan/dev/ros2_home_auto/install/custom_interfaces/share/custom_interfaces/msg/Color.idl
[1.569s] -- Up-to-date: /home/jan/dev/ros2_home_auto/install/custom_interfaces/share/custom_interfaces/msg/ColorArray.idl
[1.569s] -- Up-to-date: /home/jan/dev/ros2_home_auto/install/custom_interfaces/share/custom_interfaces/srv/SetColor.idl
[1.569s] -- Up-to-date: /home/jan/dev/ros2_home_auto/install/custom_interfaces/share/custom_interfaces/msg/Color.msg
[1.569s] -- Up-to-date: /home/jan/dev/ros2_home_auto/install/custom_interfaces/share/custom_interfaces/msg/ColorArray.msg
[1.569s] -- Up-to-date: /home/jan/dev/ros2_home_auto/install/custom_interfaces/share/custom_interfaces/srv/SetColor.srv
[1.569s] -- Up-to-date: /home/jan/dev/ros2_home_auto/install/custom_interfaces/share/custom_interfaces/srv/SetColor_Request.msg
[1.569s] -- Up-to-date: /home/jan/dev/ros2_home_auto/install/custom_interfaces/share/custom_interfaces/srv/SetColor_Response.msg
[1.569s] -- Up-to-date: /home/jan/dev/ros2_home_auto/install/custom_interfaces/share/ament_index/resource_index/package_run_dependencies/custom_interfaces
[1.569s] -- Up-to-date: /home/jan/dev/ros2_home_auto/install/custom_interfaces/share/ament_index/resource_index/parent_prefix_path/custom_interfaces
[1.570s] -- Up-to-date: /home/jan/dev/ros2_home_auto/install/custom_interfaces/share/custom_interfaces/environment/ament_prefix_path.sh
[1.570s] -- Installing: /home/jan/dev/ros2_home_auto/install/custom_interfaces/share/custom_interfaces/environment/ament_prefix_path.dsv
[1.570s] -- Up-to-date: /home/jan/dev/ros2_home_auto/install/custom_interfaces/share/custom_interfaces/environment/path.sh
[1.570s] -- Installing: /home/jan/dev/ros2_home_auto/install/custom_interfaces/share/custom_interfaces/environment/path.dsv
[1.570s] -- Up-to-date: /home/jan/dev/ros2_home_auto/install/custom_interfaces/share/custom_interfaces/local_setup.bash
[1.570s] -- Up-to-date: /home/jan/dev/ros2_home_auto/install/custom_interfaces/share/custom_interfaces/local_setup.sh
[1.570s] -- Up-to-date: /home/jan/dev/ros2_home_auto/install/custom_interfaces/share/custom_interfaces/local_setup.zsh
[1.570s] -- Installing: /home/jan/dev/ros2_home_auto/install/custom_interfaces/share/custom_interfaces/local_setup.dsv
[1.570s] -- Installing: /home/jan/dev/ros2_home_auto/install/custom_interfaces/share/custom_interfaces/package.dsv
[1.570s] -- Up-to-date: /home/jan/dev/ros2_home_auto/install/custom_interfaces/share/ament_index/resource_index/packages/custom_interfaces
[1.570s] -- Up-to-date: /home/jan/dev/ros2_home_auto/install/custom_interfaces/share/custom_interfaces/cmake/export_custom_interfaces__rosidl_generator_cExport.cmake
[1.570s] -- Up-to-date: /home/jan/dev/ros2_home_auto/install/custom_interfaces/share/custom_interfaces/cmake/export_custom_interfaces__rosidl_generator_cExport-noconfig.cmake
[1.571s] -- Up-to-date: /home/jan/dev/ros2_home_auto/install/custom_interfaces/share/custom_interfaces/cmake/export_custom_interfaces__rosidl_typesupport_fastrtps_cExport.cmake
[1.571s] -- Up-to-date: /home/jan/dev/ros2_home_auto/install/custom_interfaces/share/custom_interfaces/cmake/export_custom_interfaces__rosidl_typesupport_fastrtps_cExport-noconfig.cmake
[1.571s] -- Up-to-date: /home/jan/dev/ros2_home_auto/install/custom_interfaces/share/custom_interfaces/cmake/custom_interfaces__rosidl_typesupport_introspection_cExport.cmake
[1.571s] -- Up-to-date: /home/jan/dev/ros2_home_auto/install/custom_interfaces/share/custom_interfaces/cmake/custom_interfaces__rosidl_typesupport_introspection_cExport-noconfig.cmake
[1.571s] -- Up-to-date: /home/jan/dev/ros2_home_auto/install/custom_interfaces/share/custom_interfaces/cmake/custom_interfaces__rosidl_typesupport_cExport.cmake
[1.571s] -- Up-to-date: /home/jan/dev/ros2_home_auto/install/custom_interfaces/share/custom_interfaces/cmake/custom_interfaces__rosidl_typesupport_cExport-noconfig.cmake
[1.571s] -- Up-to-date: /home/jan/dev/ros2_home_auto/install/custom_interfaces/share/custom_interfaces/cmake/export_custom_interfaces__rosidl_generator_cppExport.cmake
[1.571s] -- Up-to-date: /home/jan/dev/ros2_home_auto/install/custom_interfaces/share/custom_interfaces/cmake/export_custom_interfaces__rosidl_typesupport_fastrtps_cppExport.cmake
[1.571s] -- Up-to-date: /home/jan/dev/ros2_home_auto/install/custom_interfaces/share/custom_interfaces/cmake/export_custom_interfaces__rosidl_typesupport_fastrtps_cppExport-noconfig.cmake
[1.572s] -- Up-to-date: /home/jan/dev/ros2_home_auto/install/custom_interfaces/share/custom_interfaces/cmake/custom_interfaces__rosidl_typesupport_introspection_cppExport.cmake
[1.572s] -- Up-to-date: /home/jan/dev/ros2_home_auto/install/custom_interfaces/share/custom_interfaces/cmake/custom_interfaces__rosidl_typesupport_introspection_cppExport-noconfig.cmake
[1.572s] -- Up-to-date: /home/jan/dev/ros2_home_auto/install/custom_interfaces/share/custom_interfaces/cmake/custom_interfaces__rosidl_typesupport_cppExport.cmake
[1.572s] -- Up-to-date: /home/jan/dev/ros2_home_auto/install/custom_interfaces/share/custom_interfaces/cmake/custom_interfaces__rosidl_typesupport_cppExport-noconfig.cmake
[1.572s] -- Up-to-date: /home/jan/dev/ros2_home_auto/install/custom_interfaces/share/custom_interfaces/cmake/export_custom_interfaces__rosidl_generator_pyExport.cmake
[1.572s] -- Up-to-date: /home/jan/dev/ros2_home_auto/install/custom_interfaces/share/custom_interfaces/cmake/export_custom_interfaces__rosidl_generator_pyExport-noconfig.cmake
[1.572s] -- Up-to-date: /home/jan/dev/ros2_home_auto/install/custom_interfaces/share/custom_interfaces/cmake/rosidl_cmake-extras.cmake
[1.572s] -- Up-to-date: /home/jan/dev/ros2_home_auto/install/custom_interfaces/share/custom_interfaces/cmake/ament_cmake_export_include_directories-extras.cmake
[1.572s] -- Up-to-date: /home/jan/dev/ros2_home_auto/install/custom_interfaces/share/custom_interfaces/cmake/ament_cmake_export_libraries-extras.cmake
[1.572s] -- Up-to-date: /home/jan/dev/ros2_home_auto/install/custom_interfaces/share/custom_interfaces/cmake/ament_cmake_export_targets-extras.cmake
[1.572s] -- Up-to-date: /home/jan/dev/ros2_home_auto/install/custom_interfaces/share/custom_interfaces/cmake/rosidl_cmake_export_typesupport_targets-extras.cmake
[1.572s] -- Up-to-date: /home/jan/dev/ros2_home_auto/install/custom_interfaces/share/custom_interfaces/cmake/ament_cmake_export_dependencies-extras.cmake
[1.572s] -- Up-to-date: /home/jan/dev/ros2_home_auto/install/custom_interfaces/share/custom_interfaces/cmake/rosidl_cmake_export_typesupport_libraries-extras.cmake
[1.572s] -- Up-to-date: /home/jan/dev/ros2_home_auto/install/custom_interfaces/share/custom_interfaces/cmake/custom_interfacesConfig.cmake
[1.572s] -- Up-to-date: /home/jan/dev/ros2_home_auto/install/custom_interfaces/share/custom_interfaces/cmake/custom_interfacesConfig-version.cmake
[1.572s] -- Up-to-date: /home/jan/dev/ros2_home_auto/install/custom_interfaces/share/custom_interfaces/package.xml
[1.574s] Invoked command in '/home/jan/dev/ros2_home_auto/build/custom_interfaces' returned '0': CMAKE_PREFIX_PATH=${CMAKE_PREFIX_PATH}:/home/jan/dev/ros2_home_auto/install/led_control:/opt/ros/humble /usr/bin/cmake --install /home/jan/dev/ros2_home_auto/build/custom_interfaces
