[1.088s] Invoking command in '/home/jan/dev/Ros2PoCLedControl/ros2_home_auto/src/video_capture': PYTHONPATH=/home/jan/dev/Ros2PoCLedControl/ros2_home_auto/build/video_capture/prefix_override:/home/jan/dev/Ros2PoCLedControl/ros2_home_auto/install/video_capture/lib/python3.10/site-packages:${PYTHONPATH} /usr/bin/python3 setup.py egg_info --egg-base ../../build/video_capture build --build-base /home/jan/dev/Ros2PoCLedControl/ros2_home_auto/build/video_capture/build install --record /home/jan/dev/Ros2PoCLedControl/ros2_home_auto/build/video_capture/install.log --single-version-externally-managed
[1.341s] running egg_info
[1.341s] creating ../../build/video_capture/video_capture.egg-info
[1.341s] writing ../../build/video_capture/video_capture.egg-info/PKG-INFO
[1.341s] writing dependency_links to ../../build/video_capture/video_capture.egg-info/dependency_links.txt
[1.342s] writing entry points to ../../build/video_capture/video_capture.egg-info/entry_points.txt
[1.342s] writing requirements to ../../build/video_capture/video_capture.egg-info/requires.txt
[1.342s] writing top-level names to ../../build/video_capture/video_capture.egg-info/top_level.txt
[1.342s] writing manifest file '../../build/video_capture/video_capture.egg-info/SOURCES.txt'
[1.343s] reading manifest file '../../build/video_capture/video_capture.egg-info/SOURCES.txt'
[1.344s] adding license file 'LICENSE'
[1.344s] writing manifest file '../../build/video_capture/video_capture.egg-info/SOURCES.txt'
[1.344s] running build
[1.344s] running build_py
[1.345s] creating /home/jan/dev/Ros2PoCLedControl/ros2_home_auto/build/video_capture/build
[1.345s] creating /home/jan/dev/Ros2PoCLedControl/ros2_home_auto/build/video_capture/build/lib
[1.345s] creating /home/jan/dev/Ros2PoCLedControl/ros2_home_auto/build/video_capture/build/lib/video_capture
[1.345s] copying video_capture/__init__.py -> /home/jan/dev/Ros2PoCLedControl/ros2_home_auto/build/video_capture/build/lib/video_capture
[1.345s] copying video_capture/video_subscriber.py -> /home/jan/dev/Ros2PoCLedControl/ros2_home_auto/build/video_capture/build/lib/video_capture
[1.345s] copying video_capture/video_publisher.py -> /home/jan/dev/Ros2PoCLedControl/ros2_home_auto/build/video_capture/build/lib/video_capture
[1.345s] running install
[1.345s] /usr/lib/python3/dist-packages/setuptools/command/install.py:34: SetuptoolsDeprecationWarning: setup.py install is deprecated. Use build and pip and other standards-based tools.
[1.345s]   warnings.warn(
[1.345s] running install_lib
[1.346s] copying /home/jan/dev/Ros2PoCLedControl/ros2_home_auto/build/video_capture/build/lib/video_capture/__init__.py -> /home/jan/dev/Ros2PoCLedControl/ros2_home_auto/install/video_capture/lib/python3.10/site-packages/video_capture
[1.346s] copying /home/jan/dev/Ros2PoCLedControl/ros2_home_auto/build/video_capture/build/lib/video_capture/video_subscriber.py -> /home/jan/dev/Ros2PoCLedControl/ros2_home_auto/install/video_capture/lib/python3.10/site-packages/video_capture
[1.346s] copying /home/jan/dev/Ros2PoCLedControl/ros2_home_auto/build/video_capture/build/lib/video_capture/video_publisher.py -> /home/jan/dev/Ros2PoCLedControl/ros2_home_auto/install/video_capture/lib/python3.10/site-packages/video_capture
[1.347s] byte-compiling /home/jan/dev/Ros2PoCLedControl/ros2_home_auto/install/video_capture/lib/python3.10/site-packages/video_capture/__init__.py to __init__.cpython-310.pyc
[1.347s] byte-compiling /home/jan/dev/Ros2PoCLedControl/ros2_home_auto/install/video_capture/lib/python3.10/site-packages/video_capture/video_subscriber.py to video_subscriber.cpython-310.pyc
[1.347s] byte-compiling /home/jan/dev/Ros2PoCLedControl/ros2_home_auto/install/video_capture/lib/python3.10/site-packages/video_capture/video_publisher.py to video_publisher.cpython-310.pyc
[1.348s] running install_data
[1.348s] running install_egg_info
[1.350s] Copying ../../build/video_capture/video_capture.egg-info to /home/jan/dev/Ros2PoCLedControl/ros2_home_auto/install/video_capture/lib/python3.10/site-packages/video_capture-0.0.0-py3.10.egg-info
[1.351s] running install_scripts
[1.370s] Installing video_publisher script to /home/jan/dev/Ros2PoCLedControl/ros2_home_auto/install/video_capture/lib/video_capture
[1.370s] Installing video_subscriber script to /home/jan/dev/Ros2PoCLedControl/ros2_home_auto/install/video_capture/lib/video_capture
[1.370s] writing list of installed files to '/home/jan/dev/Ros2PoCLedControl/ros2_home_auto/build/video_capture/install.log'
[1.430s] Invoked command in '/home/jan/dev/Ros2PoCLedControl/ros2_home_auto/src/video_capture' returned '0': PYTHONPATH=/home/jan/dev/Ros2PoCLedControl/ros2_home_auto/build/video_capture/prefix_override:/home/jan/dev/Ros2PoCLedControl/ros2_home_auto/install/video_capture/lib/python3.10/site-packages:${PYTHONPATH} /usr/bin/python3 setup.py egg_info --egg-base ../../build/video_capture build --build-base /home/jan/dev/Ros2PoCLedControl/ros2_home_auto/build/video_capture/build install --record /home/jan/dev/Ros2PoCLedControl/ros2_home_auto/build/video_capture/install.log --single-version-externally-managed
