[0.650s] Invoking command in '/home/jan/dev/ros2_home_auto/src/led_control': PYTHONPATH=/home/jan/dev/ros2_home_auto/build/led_control/prefix_override:/home/jan/dev/ros2_home_auto/install/led_control/lib/python3.10/site-packages:${PYTHONPATH} /usr/bin/python3 setup.py egg_info --egg-base ../../build/led_control build --build-base /home/jan/dev/ros2_home_auto/build/led_control/build install --record /home/jan/dev/ros2_home_auto/build/led_control/install.log --single-version-externally-managed
[0.859s] running egg_info
[0.859s] writing ../../build/led_control/led_control.egg-info/PKG-INFO
[0.859s] writing dependency_links to ../../build/led_control/led_control.egg-info/dependency_links.txt
[0.860s] writing entry points to ../../build/led_control/led_control.egg-info/entry_points.txt
[0.860s] writing requirements to ../../build/led_control/led_control.egg-info/requires.txt
[0.860s] writing top-level names to ../../build/led_control/led_control.egg-info/top_level.txt
[0.861s] reading manifest file '../../build/led_control/led_control.egg-info/SOURCES.txt'
[0.861s] adding license file 'LICENSE'
[0.862s] writing manifest file '../../build/led_control/led_control.egg-info/SOURCES.txt'
[0.862s] running build
[0.862s] running build_py
[0.862s] copying led_control/led_control_server.py -> /home/jan/dev/ros2_home_auto/build/led_control/build/lib/led_control
[0.863s] copying led_control/__init__.py -> /home/jan/dev/ros2_home_auto/build/led_control/build/lib/led_control
[0.863s] running install
[0.863s] /usr/lib/python3/dist-packages/setuptools/command/install.py:34: SetuptoolsDeprecationWarning: setup.py install is deprecated. Use build and pip and other standards-based tools.
[0.863s]   warnings.warn(
[0.863s] running install_lib
[0.864s] copying /home/jan/dev/ros2_home_auto/build/led_control/build/lib/led_control/led_control_server.py -> /home/jan/dev/ros2_home_auto/install/led_control/lib/python3.10/site-packages/led_control
[0.864s] copying /home/jan/dev/ros2_home_auto/build/led_control/build/lib/led_control/__init__.py -> /home/jan/dev/ros2_home_auto/install/led_control/lib/python3.10/site-packages/led_control
[0.864s] byte-compiling /home/jan/dev/ros2_home_auto/install/led_control/lib/python3.10/site-packages/led_control/led_control_server.py to led_control_server.cpython-310.pyc
[0.864s] byte-compiling /home/jan/dev/ros2_home_auto/install/led_control/lib/python3.10/site-packages/led_control/__init__.py to __init__.cpython-310.pyc
[0.864s] running install_data
[0.864s] copying resource/led_control -> /home/jan/dev/ros2_home_auto/install/led_control/share/ament_index/resource_index/packages
[0.865s] copying package.xml -> /home/jan/dev/ros2_home_auto/install/led_control/share/led_control
[0.865s] running install_egg_info
[0.866s] removing '/home/jan/dev/ros2_home_auto/install/led_control/lib/python3.10/site-packages/led_control-0.0.0-py3.10.egg-info' (and everything under it)
[0.866s] Copying ../../build/led_control/led_control.egg-info to /home/jan/dev/ros2_home_auto/install/led_control/lib/python3.10/site-packages/led_control-0.0.0-py3.10.egg-info
[0.867s] running install_scripts
[0.883s] Installing led_control_server script to /home/jan/dev/ros2_home_auto/install/led_control/lib/led_control
[0.884s] writing list of installed files to '/home/jan/dev/ros2_home_auto/build/led_control/install.log'
[0.901s] Invoked command in '/home/jan/dev/ros2_home_auto/src/led_control' returned '0': PYTHONPATH=/home/jan/dev/ros2_home_auto/build/led_control/prefix_override:/home/jan/dev/ros2_home_auto/install/led_control/lib/python3.10/site-packages:${PYTHONPATH} /usr/bin/python3 setup.py egg_info --egg-base ../../build/led_control build --build-base /home/jan/dev/ros2_home_auto/build/led_control/build install --record /home/jan/dev/ros2_home_auto/build/led_control/install.log --single-version-externally-managed
